This file contains any messages produced by compilers while
running configure, to aid debugging if configure makes a mistake.

It was created by configure, which was
generated by GNU Autoconf 2.60.  Invocation command line was

  $ ./configure 

## --------- ##
## Platform. ##
## --------- ##

hostname = jeff
uname -m = i686
uname -r = 3.5.0-45-generic
uname -s = Linux
uname -v = #68~precise1-Ubuntu SMP Wed Dec 4 16:19:28 UTC 2013

/usr/bin/uname -p = unknown
/bin/uname -X     = unknown

/bin/arch              = unknown
/usr/bin/arch -k       = unknown
/usr/convex/getsysinfo = unknown
/usr/bin/hostinfo      = unknown
/bin/machine           = unknown
/usr/bin/oslevel       = unknown
/bin/universe          = unknown

PATH: /usr/lib/lightdm/lightdm
PATH: /usr/local/sbin
PATH: /usr/local/bin
PATH: /usr/sbin
PATH: /usr/bin
PATH: /sbin
PATH: /bin
PATH: /usr/games


## ----------- ##
## Core tests. ##
## ----------- ##

configure:1737: checking for a BSD-compatible install
configure:1793: result: /usr/bin/install -c
configure:1804: checking whether build environment is sane
configure:1847: result: yes
configure:1912: checking for gawk
configure:1928: found /usr/bin/gawk
configure:1939: result: gawk
configure:1950: checking whether make sets $(MAKE)
configure:1971: result: yes
configure:2155: checking whether to enable maintainer-specific portions of Makefiles
configure:2164: result: no
configure:2198: checking for gawk
configure:2225: result: gawk
configure:2249: checking for a BSD-compatible install
configure:2305: result: /usr/bin/install -c
configure:2316: checking whether ln -s works
configure:2320: result: yes
configure:2327: checking whether make sets $(MAKE)
configure:2348: result: yes
configure:2405: checking for gcc
configure:2421: found /usr/bin/gcc
configure:2432: result: gcc
configure:2670: checking for C compiler version
configure:2677: gcc --version >&5
gcc (Ubuntu/Linaro 4.6.3-1ubuntu5) 4.6.3
Copyright (C) 2011 Free Software Foundation, Inc.
This is free software; see the source for copying conditions.  There is NO
warranty; not even for MERCHANTABILITY or FITNESS FOR A PARTICULAR PURPOSE.

configure:2680: $? = 0
configure:2687: gcc -v >&5
Using built-in specs.
COLLECT_GCC=gcc
COLLECT_LTO_WRAPPER=/usr/lib/gcc/i686-linux-gnu/4.6/lto-wrapper
Target: i686-linux-gnu
Configured with: ../src/configure -v --with-pkgversion='Ubuntu/Linaro 4.6.3-1ubuntu5' --with-bugurl=file:///usr/share/doc/gcc-4.6/README.Bugs --enable-languages=c,c++,fortran,objc,obj-c++ --prefix=/usr --program-suffix=-4.6 --enable-shared --enable-linker-build-id --with-system-zlib --libexecdir=/usr/lib --without-included-gettext --enable-threads=posix --with-gxx-include-dir=/usr/include/c++/4.6 --libdir=/usr/lib --enable-nls --with-sysroot=/ --enable-clocale=gnu --enable-libstdcxx-debug --enable-libstdcxx-time=yes --enable-gnu-unique-object --enable-plugin --enable-objc-gc --enable-targets=all --disable-werror --with-arch-32=i686 --with-tune=generic --enable-checking=release --build=i686-linux-gnu --host=i686-linux-gnu --target=i686-linux-gnu
Thread model: posix
gcc version 4.6.3 (Ubuntu/Linaro 4.6.3-1ubuntu5) 
configure:2690: $? = 0
configure:2697: gcc -V >&5
gcc: error: unrecognized option '-V'
gcc: fatal error: no input files
compilation terminated.
configure:2700: $? = 4
configure:2723: checking for C compiler default output file name
configure:2750: gcc    conftest.c  >&5
configure:2753: $? = 0
configure:2799: result: a.out
configure:2804: checking whether the C compiler works
configure:2814: ./a.out
configure:2817: $? = 0
configure:2834: result: yes
configure:2841: checking whether we are cross compiling
configure:2843: result: no
configure:2846: checking for suffix of executables
configure:2853: gcc -o conftest    conftest.c  >&5
configure:2856: $? = 0
configure:2880: result: 
configure:2886: checking for suffix of object files
configure:2912: gcc -c   conftest.c >&5
configure:2915: $? = 0
configure:2938: result: o
configure:2942: checking whether we are using the GNU C compiler
configure:2971: gcc -c   conftest.c >&5
configure:2977: $? = 0
configure:2984: test -z "$ac_c_werror_flag" || test ! -s conftest.err
configure:2987: $? = 0
configure:2994: test -s conftest.o
configure:2997: $? = 0
configure:3011: result: yes
configure:3016: checking whether gcc accepts -g
configure:3046: gcc -c -g  conftest.c >&5
configure:3052: $? = 0
configure:3059: test -z "$ac_c_werror_flag" || test ! -s conftest.err
configure:3062: $? = 0
configure:3069: test -s conftest.o
configure:3072: $? = 0
configure:3202: result: yes
configure:3219: checking for gcc option to accept ISO C89
configure:3293: gcc  -c -g -O2  conftest.c >&5
configure:3299: $? = 0
configure:3306: test -z "$ac_c_werror_flag" || test ! -s conftest.err
configure:3309: $? = 0
configure:3316: test -s conftest.o
configure:3319: $? = 0
configure:3339: result: none needed
configure:3368: checking for style of include used by make
configure:3396: result: GNU
configure:3424: checking dependency style of gcc
configure:3514: result: none
configure:3533: checking for cygpath
configure:3566: result: no
configure:3574: checking for treecc
configure:3593: found /usr/local/bin/treecc
configure:3605: result: /usr/local/bin/treecc
configure:3645: checking for ilrun
configure:3664: found /usr/local/bin/ilrun
configure:3676: result: /usr/local/bin/ilrun
configure:3717: checking for mono source tree
configure:3785: result: /home/jeff/dev/dev_apps/sand/qca_designer/lib/ml-pnet-0.8.1/mcs-sources
configure:3824: checking for csant
configure:3843: found /usr/local/bin/csant
configure:3855: result: /usr/local/bin/csant
configure:3873: checking for ilgac
configure:3892: found /usr/local/bin/ilgac
configure:3904: result: /usr/local/bin/ilgac
configure:3922: checking for ildd
configure:3941: found /usr/local/bin/ildd
configure:3953: result: /usr/local/bin/ildd
configure:3971: checking for pnetlib assembly versions
configure:4015: result: 0.0.0.0, 0.0.0.0
configure:4020: checking for cscc
configure:4039: found /usr/local/bin/cscc
configure:4051: result: /usr/local/bin/cscc
configure:4069: checking for cscc-cs
configure:4103: result: no
configure:4281: creating ./config.status

## ---------------------- ##
## Running config.status. ##
## ---------------------- ##

This file was extended by config.status, which was
generated by GNU Autoconf 2.60.  Invocation command line was

  CONFIG_FILES    = 
  CONFIG_HEADERS  = 
  CONFIG_LINKS    = 
  CONFIG_COMMANDS = 
  $ ./config.status 

on jeff

config.status:669: creating Makefile
config.status:669: creating class/Makefile
config.status:669: creating class/ByteFX.Data/Makefile
config.status:669: creating class/Custommarshalers/Makefile
config.status:669: creating class/IBM.Data.DB2/Makefile
config.status:669: creating class/System.Management/Makefile
config.status:669: creating class/System.Messaging/Makefile
config.status:669: creating class/System.ServiceProcess/Makefile
config.status:669: creating class/System.Runtime.Serialization.Formatters.Soap/Makefile
config.status:669: creating class/PEAPI/Makefile
config.status:669: creating class/Mono.Data.Tds/Makefile
config.status:669: creating class/System.Data/Makefile
config.status:669: creating class/Npgsql/Makefile
config.status:669: creating class/Mono.Data.SqliteClient/Makefile
config.status:669: creating class/Mono.Data.SybaseClient/Makefile
config.status:669: creating class/Mono.Data.TdsClient/Makefile
config.status:669: creating class/System.Data.OracleClient/Makefile
config.status:669: creating class/Mono.GetOptions/Makefile
config.status:669: creating class/Mono.Posix/Makefile
config.status:669: creating class/Mono.Cairo/Makefile
config.status:669: creating class/Novell.Directory.Ldap/Makefile
config.status:669: creating class/System.DirectoryServices/Makefile
config.status:669: creating class/System.Web/Makefile
config.status:669: creating class/System.Web.Services/Makefile
config.status:669: creating class/System.Runtime.Remoting/Makefile
config.status:669: creating class/Mono.Security/Makefile
config.status:669: creating class/Mono.Security.Win32/Makefile
config.status:669: creating class/System.Security/Makefile
config.status:669: creating class/Mono.Http/Makefile
config.status:669: creating nunit20/Makefile
config.status:669: creating nunit20/framework/Makefile
config.status:669: creating nunit20/core/Makefile
config.status:669: creating nunit20/util/Makefile
config.status:669: creating nunit20/nunit-console/Makefile
config.status:669: creating tools/run_test.sh
config.status:669: creating tools/Makefile
config.status:669: creating tools/SqlSharp/Makefile
config.status:669: creating tools/wsdl/Makefile
config.status:669: creating jay/Makefile
config.status:669: creating tests/Makefile
config.status:669: creating ml-pnet.spec
config.status:854: executing depfiles commands

## ---------------- ##
## Cache variables. ##
## ---------------- ##

ac_cv_c_compiler_gnu=yes
ac_cv_env_CC_set=
ac_cv_env_CC_value=
ac_cv_env_CFLAGS_set=
ac_cv_env_CFLAGS_value=
ac_cv_env_CPPFLAGS_set=
ac_cv_env_CPPFLAGS_value=
ac_cv_env_LDFLAGS_set=
ac_cv_env_LDFLAGS_value=
ac_cv_env_build_alias_set=
ac_cv_env_build_alias_value=
ac_cv_env_host_alias_set=
ac_cv_env_host_alias_value=
ac_cv_env_target_alias_set=
ac_cv_env_target_alias_value=
ac_cv_objext=o
ac_cv_path_CSANT=/usr/local/bin/csant
ac_cv_path_CSHARP_COMPILER=/usr/local/bin/cscc
ac_cv_path_ILDD=/usr/local/bin/ildd
ac_cv_path_ILGAC=/usr/local/bin/ilgac
ac_cv_path_ILRUN=/usr/local/bin/ilrun
ac_cv_path_TREECC=/usr/local/bin/treecc
ac_cv_path_install='/usr/bin/install -c'
ac_cv_prog_AWK=gawk
ac_cv_prog_ac_ct_CC=gcc
ac_cv_prog_cc_c89=
ac_cv_prog_cc_g=yes
ac_cv_prog_make_make_set=yes
am_cv_CC_dependencies_compiler_type=none

## ----------------- ##
## Output variables. ##
## ----------------- ##

ACLOCAL='${SHELL} /home/jeff/dev/dev_apps/sand/qca_designer/lib/ml-pnet-0.8.1/missing --run aclocal-1.9'
AMDEPBACKSLASH='\'
AMDEP_FALSE='#'
AMDEP_TRUE=''
AMTAR='${SHELL} /home/jeff/dev/dev_apps/sand/qca_designer/lib/ml-pnet-0.8.1/missing --run tar'
AUTOCONF='${SHELL} /home/jeff/dev/dev_apps/sand/qca_designer/lib/ml-pnet-0.8.1/missing --run autoconf'
AUTOHEADER='${SHELL} /home/jeff/dev/dev_apps/sand/qca_designer/lib/ml-pnet-0.8.1/missing --run autoheader'
AUTOMAKE='${SHELL} /home/jeff/dev/dev_apps/sand/qca_designer/lib/ml-pnet-0.8.1/missing --run automake-1.9'
AWK='gawk'
CC='gcc'
CCDEPMODE='depmode=none'
CFLAGS='-g -O2'
CPPFLAGS=''
CSANT='/usr/local/bin/csant'
CSANT_FLAGS='--compiler cscc -Dcscc="$(CSHARP_COMPILER)" -Dcscc.plugins.cs="$(CSHARP_PLUGIN)" --profile "$(top_srcdir)/profiles/$(PROFILE_NAME)" -Ddebug.flag="$(DEBUG_FLAG)" -Dilgac="$(CYG_ILGAC)" --assembly-cache "$(DESTDIR)$(CYG_CACHE)" -DFRAMEWORK_VERSION="$(FRAMEWORK_VERSION)" -DSECONDARY_VERSION="$(SECONDARY_VERSION)"'
CSCC_FLAGS=''
CSHARP_COMPILER='/usr/local/bin/cscc'
CSHARP_COMPILER_CYGWIN='/usr/local/bin/cscc'
CSHARP_PLUGIN=''
CYGPATH=''
CYGPATH_W='echo'
CYG_CACHE='${exec_prefix}/lib/cscc/lib'
CYG_ILGAC='/usr/local/bin/ilgac'
DEBUG_FLAG='true'
DEFS='-DPACKAGE_NAME=\"\" -DPACKAGE_TARNAME=\"\" -DPACKAGE_VERSION=\"\" -DPACKAGE_STRING=\"\" -DPACKAGE_BUGREPORT=\"\" -DPACKAGE=\"ml-pnet\" -DVERSION=\"0.8.1\"'
DEPDIR='.deps'
ECHO_C=''
ECHO_N='-n'
ECHO_T=''
EXEEXT=''
FRAMEWORK_VERSION='0.0.0.0'
ILDD='/usr/local/bin/ildd'
ILGAC='/usr/local/bin/ilgac'
ILRUN='/usr/local/bin/ilrun'
INSTALL_DATA='${INSTALL} -m 644'
INSTALL_PROGRAM='${INSTALL}'
INSTALL_SCRIPT='${INSTALL}'
INSTALL_STRIP_PROGRAM='${SHELL} $(install_sh) -c -s'
LDFLAGS=''
LIBOBJS=''
LIBS=''
LN_S='ln -s'
LTLIBOBJS=''
MAINT='#'
MAINTAINER_MODE_FALSE=''
MAINTAINER_MODE_TRUE='#'
MAKEINFO='${SHELL} /home/jeff/dev/dev_apps/sand/qca_designer/lib/ml-pnet-0.8.1/missing --run makeinfo'
ML_PNET_PATH='/home/jeff/dev/dev_apps/sand/qca_designer/lib/ml-pnet-0.8.1'
MONO_SOURCE_PATH='/home/jeff/dev/dev_apps/sand/qca_designer/lib/ml-pnet-0.8.1/mcs-sources'
OBJEXT='o'
PACKAGE='ml-pnet'
PACKAGE_BUGREPORT=''
PACKAGE_NAME=''
PACKAGE_STRING=''
PACKAGE_TARNAME=''
PACKAGE_VERSION=''
PATH_SEPARATOR=':'
PNETLIB_PATH='/home/jeff/dev/dev_apps/sand/qca_designer/lib/ml-pnet-0.8.1/../pnetlib'
PNET_PATH='/home/jeff/dev/dev_apps/sand/qca_designer/lib/ml-pnet-0.8.1/../pnet'
PROFILE_NAME='framework1.1'
SECONDARY_VERSION='0.0.0.0'
SET_MAKE=''
SHELL='/bin/bash'
STRIP=''
TREECC='/usr/local/bin/treecc'
TREECC_VERSION='0.3.4'
VERSION='0.8.1'
ac_ct_CC='gcc'
am__fastdepCC_FALSE=''
am__fastdepCC_TRUE='#'
am__include='include'
am__leading_dot='.'
am__quote=''
am__tar='${AMTAR} chof - "$$tardir"'
am__untar='${AMTAR} xf -'
bindir='${exec_prefix}/bin'
build_alias=''
datadir='${datarootdir}'
datarootdir='${prefix}/share'
docdir='${datarootdir}/doc/${PACKAGE}'
dvidir='${docdir}'
exec_prefix='${prefix}'
host_alias=''
htmldir='${docdir}'
includedir='${prefix}/include'
infodir='${datarootdir}/info'
install_sh='/home/jeff/dev/dev_apps/sand/qca_designer/lib/ml-pnet-0.8.1/install-sh'
libdir='${exec_prefix}/lib'
libexecdir='${exec_prefix}/libexec'
localedir='${datarootdir}/locale'
localstatedir='${prefix}/var'
mandir='${datarootdir}/man'
mkdir_p='mkdir -p --'
oldincludedir='/usr/include'
pdfdir='${docdir}'
prefix='/usr/local'
program_transform_name='s,x,x,'
psdir='${docdir}'
sbindir='${exec_prefix}/sbin'
sharedstatedir='${prefix}/com'
sysconfdir='${prefix}/etc'
target_alias=''

## ----------- ##
## confdefs.h. ##
## ----------- ##

#define PACKAGE_NAME ""
#define PACKAGE_TARNAME ""
#define PACKAGE_VERSION ""
#define PACKAGE_STRING ""
#define PACKAGE_BUGREPORT ""
#define PACKAGE "ml-pnet"
#define VERSION "0.8.1"

configure: exit 0
