This file contains any messages produced by compilers while
running configure, to aid debugging if configure makes a mistake.

It was created by configure, which was
generated by GNU Autoconf 2.59.  Invocation command line was

  $ ./configure --prefix=/usr/local --cache-file=/dev/null --srcdir=.

## --------- ##
## Platform. ##
## --------- ##

hostname = jeff
uname -m = i686
uname -r = 3.5.0-45-generic
uname -s = Linux
uname -v = #68~precise1-Ubuntu SMP Wed Dec 4 16:19:28 UTC 2013

/usr/bin/uname -p = unknown
/bin/uname -X     = unknown

/bin/arch              = unknown
/usr/bin/arch -k       = unknown
/usr/convex/getsysinfo = unknown
hostinfo               = unknown
/bin/machine           = unknown
/usr/bin/oslevel       = unknown
/bin/universe          = unknown

PATH: /usr/lib/lightdm/lightdm
PATH: /usr/local/sbin
PATH: /usr/local/bin
PATH: /usr/sbin
PATH: /usr/bin
PATH: /sbin
PATH: /bin
PATH: /usr/games


## ----------- ##
## Core tests. ##
## ----------- ##

configure:1550: checking for a BSD-compatible install
configure:1605: result: /usr/bin/install -c
configure:1616: checking whether build environment is sane
configure:1659: result: yes
configure:1716: checking for gawk
configure:1732: found /usr/bin/gawk
configure:1742: result: gawk
configure:1752: checking whether make sets $(MAKE)
configure:1772: result: yes
configure:1989: checking for gcc
configure:2005: found /usr/bin/gcc
configure:2015: result: gcc
configure:2259: checking for C compiler version
configure:2262: gcc --version </dev/null >&5
gcc (Ubuntu/Linaro 4.6.3-1ubuntu5) 4.6.3
Copyright (C) 2011 Free Software Foundation, Inc.
This is free software; see the source for copying conditions.  There is NO
warranty; not even for MERCHANTABILITY or FITNESS FOR A PARTICULAR PURPOSE.

configure:2265: $? = 0
configure:2267: gcc -v </dev/null >&5
Using built-in specs.
COLLECT_GCC=gcc
COLLECT_LTO_WRAPPER=/usr/lib/gcc/i686-linux-gnu/4.6/lto-wrapper
Target: i686-linux-gnu
Configured with: ../src/configure -v --with-pkgversion='Ubuntu/Linaro 4.6.3-1ubuntu5' --with-bugurl=file:///usr/share/doc/gcc-4.6/README.Bugs --enable-languages=c,c++,fortran,objc,obj-c++ --prefix=/usr --program-suffix=-4.6 --enable-shared --enable-linker-build-id --with-system-zlib --libexecdir=/usr/lib --without-included-gettext --enable-threads=posix --with-gxx-include-dir=/usr/include/c++/4.6 --libdir=/usr/lib --enable-nls --with-sysroot=/ --enable-clocale=gnu --enable-libstdcxx-debug --enable-libstdcxx-time=yes --enable-gnu-unique-object --enable-plugin --enable-objc-gc --enable-targets=all --disable-werror --with-arch-32=i686 --with-tune=generic --enable-checking=release --build=i686-linux-gnu --host=i686-linux-gnu --target=i686-linux-gnu
Thread model: posix
gcc version 4.6.3 (Ubuntu/Linaro 4.6.3-1ubuntu5) 
configure:2270: $? = 0
configure:2272: gcc -V </dev/null >&5
gcc: error: unrecognized option '-V'
gcc: fatal error: no input files
compilation terminated.
configure:2275: $? = 4
configure:2298: checking for C compiler default output file name
configure:2301: gcc    conftest.c  >&5
configure:2304: $? = 0
configure:2350: result: a.out
configure:2355: checking whether the C compiler works
configure:2361: ./a.out
configure:2364: $? = 0
configure:2381: result: yes
configure:2388: checking whether we are cross compiling
configure:2390: result: no
configure:2393: checking for suffix of executables
configure:2395: gcc -o conftest    conftest.c  >&5
configure:2398: $? = 0
configure:2423: result: 
configure:2429: checking for suffix of object files
configure:2450: gcc -c   conftest.c >&5
configure:2453: $? = 0
configure:2475: result: o
configure:2479: checking whether we are using the GNU C compiler
configure:2503: gcc -c   conftest.c >&5
configure:2509: $? = 0
configure:2513: test -z 
			 || test ! -s conftest.err
configure:2516: $? = 0
configure:2519: test -s conftest.o
configure:2522: $? = 0
configure:2535: result: yes
configure:2541: checking whether gcc accepts -g
configure:2562: gcc -c -g  conftest.c >&5
configure:2568: $? = 0
configure:2572: test -z 
			 || test ! -s conftest.err
configure:2575: $? = 0
configure:2578: test -s conftest.o
configure:2581: $? = 0
configure:2592: result: yes
configure:2609: checking for gcc option to accept ANSI C
configure:2679: gcc  -c -g -O2  conftest.c >&5
configure:2685: $? = 0
configure:2689: test -z 
			 || test ! -s conftest.err
configure:2692: $? = 0
configure:2695: test -s conftest.o
configure:2698: $? = 0
configure:2716: result: none needed
configure:2734: gcc -c -g -O2  conftest.c >&5
conftest.c:2:3: error: unknown type name 'choke'
conftest.c:2:3: error: expected '=', ',', ';', 'asm' or '__attribute__' at end of input
configure:2740: $? = 1
configure: failed program was:
| #ifndef __cplusplus
|   choke me
| #endif
configure:2884: checking for style of include used by make
configure:2912: result: GNU
configure:2940: checking dependency style of gcc
configure:3023: result: none
configure:3053: checking for a BSD-compatible install
configure:3108: result: /usr/bin/install -c
configure:3123: checking for bison
configure:3139: found /usr/bin/bison
configure:3149: result: bison -y
configure:3167: checking how to run the C preprocessor
configure:3202: gcc -E  conftest.c
configure:3208: $? = 0
configure:3240: gcc -E  conftest.c
conftest.c:11:28: fatal error: ac_nonexistent.h: No such file or directory
compilation terminated.
configure:3246: $? = 1
configure: failed program was:
| /* confdefs.h.  */
| 
| #define PACKAGE_NAME ""
| #define PACKAGE_TARNAME ""
| #define PACKAGE_VERSION ""
| #define PACKAGE_STRING ""
| #define PACKAGE_BUGREPORT ""
| #define PACKAGE "gettext-runtime"
| #define VERSION "0.14"
| /* end confdefs.h.  */
| #include <ac_nonexistent.h>
configure:3285: result: gcc -E
configure:3309: gcc -E  conftest.c
configure:3315: $? = 0
configure:3347: gcc -E  conftest.c
conftest.c:11:28: fatal error: ac_nonexistent.h: No such file or directory
compilation terminated.
configure:3353: $? = 1
configure: failed program was:
| /* confdefs.h.  */
| 
| #define PACKAGE_NAME ""
| #define PACKAGE_TARNAME ""
| #define PACKAGE_VERSION ""
| #define PACKAGE_STRING ""
| #define PACKAGE_BUGREPORT ""
| #define PACKAGE "gettext-runtime"
| #define VERSION "0.14"
| /* end confdefs.h.  */
| #include <ac_nonexistent.h>
configure:3397: checking for egrep
configure:3407: result: grep -E
configure:3413: checking for Java compiler
configure:3488: found /usr/bin/javac
configure:3593: result: javac
configure:3604: checking for jar
configure:3620: found /usr/bin/jar
configure:3630: result: jar
configure:3645: checking for preferred C# implementation
configure:3655: result: any
configure:3676: checking for C# compiler
configure:3696: found /usr/local/bin/cscc
configure:3808: result: cscc
configure:3827: checking build system type
configure:3845: result: i686-pc-linux-gnu
configure:3853: checking host system type
configure:3867: result: i686-pc-linux-gnu
configure:3876: checking for library containing strerror
configure:3906: gcc -o conftest -g -O2   conftest.c  >&5
configure:3912: $? = 0
configure:3916: test -z 
			 || test ! -s conftest.err
configure:3919: $? = 0
configure:3922: test -s conftest
configure:3925: $? = 0
configure:3995: result: none required
configure:4096: checking for a sed that does not truncate output
configure:4150: result: /bin/sed
configure:4164: checking for ld used by gcc
configure:4231: result: /usr/bin/ld
configure:4240: checking if the linker (/usr/bin/ld) is GNU ld
configure:4255: result: yes
configure:4260: checking for /usr/bin/ld option to reload object files
configure:4267: result: -r
configure:4276: checking for BSD-compatible nm
configure:4318: result: /usr/bin/nm -B
configure:4322: checking whether ln -s works
configure:4326: result: yes
configure:4333: checking how to recognise dependent libraries
configure:4533: result: pass_all
configure:4981: checking for ANSI C header files
configure:5006: gcc -c -g -O2  conftest.c >&5
configure:5012: $? = 0
configure:5016: test -z 
			 || test ! -s conftest.err
configure:5019: $? = 0
configure:5022: test -s conftest.o
configure:5025: $? = 0
configure:5114: gcc -o conftest -g -O2   conftest.c  >&5
conftest.c: In function 'main':
conftest.c:30:7: warning: incompatible implicit declaration of built-in function 'exit' [enabled by default]
configure:5117: $? = 0
configure:5119: ./conftest
configure:5122: $? = 0
configure:5137: result: yes
configure:5161: checking for sys/types.h
configure:5177: gcc -c -g -O2  conftest.c >&5
configure:5183: $? = 0
configure:5187: test -z 
			 || test ! -s conftest.err
configure:5190: $? = 0
configure:5193: test -s conftest.o
configure:5196: $? = 0
configure:5207: result: yes
configure:5161: checking for sys/stat.h
configure:5177: gcc -c -g -O2  conftest.c >&5
configure:5183: $? = 0
configure:5187: test -z 
			 || test ! -s conftest.err
configure:5190: $? = 0
configure:5193: test -s conftest.o
configure:5196: $? = 0
configure:5207: result: yes
configure:5161: checking for stdlib.h
configure:5177: gcc -c -g -O2  conftest.c >&5
configure:5183: $? = 0
configure:5187: test -z 
			 || test ! -s conftest.err
configure:5190: $? = 0
configure:5193: test -s conftest.o
configure:5196: $? = 0
configure:5207: result: yes
configure:5161: checking for string.h
configure:5177: gcc -c -g -O2  conftest.c >&5
configure:5183: $? = 0
configure:5187: test -z 
			 || test ! -s conftest.err
configure:5190: $? = 0
configure:5193: test -s conftest.o
configure:5196: $? = 0
configure:5207: result: yes
configure:5161: checking for memory.h
configure:5177: gcc -c -g -O2  conftest.c >&5
configure:5183: $? = 0
configure:5187: test -z 
			 || test ! -s conftest.err
configure:5190: $? = 0
configure:5193: test -s conftest.o
configure:5196: $? = 0
configure:5207: result: yes
configure:5161: checking for strings.h
configure:5177: gcc -c -g -O2  conftest.c >&5
configure:5183: $? = 0
configure:5187: test -z 
			 || test ! -s conftest.err
configure:5190: $? = 0
configure:5193: test -s conftest.o
configure:5196: $? = 0
configure:5207: result: yes
configure:5161: checking for inttypes.h
configure:5177: gcc -c -g -O2  conftest.c >&5
configure:5183: $? = 0
configure:5187: test -z 
			 || test ! -s conftest.err
configure:5190: $? = 0
configure:5193: test -s conftest.o
configure:5196: $? = 0
configure:5207: result: yes
configure:5161: checking for stdint.h
configure:5177: gcc -c -g -O2  conftest.c >&5
configure:5183: $? = 0
configure:5187: test -z 
			 || test ! -s conftest.err
configure:5190: $? = 0
configure:5193: test -s conftest.o
configure:5196: $? = 0
configure:5207: result: yes
configure:5161: checking for unistd.h
configure:5177: gcc -c -g -O2  conftest.c >&5
configure:5183: $? = 0
configure:5187: test -z 
			 || test ! -s conftest.err
configure:5190: $? = 0
configure:5193: test -s conftest.o
configure:5196: $? = 0
configure:5207: result: yes
configure:5233: checking dlfcn.h usability
configure:5245: gcc -c -g -O2  conftest.c >&5
configure:5251: $? = 0
configure:5255: test -z 
			 || test ! -s conftest.err
configure:5258: $? = 0
configure:5261: test -s conftest.o
configure:5264: $? = 0
configure:5274: result: yes
configure:5278: checking dlfcn.h presence
configure:5288: gcc -E  conftest.c
configure:5294: $? = 0
configure:5314: result: yes
configure:5349: checking for dlfcn.h
configure:5356: result: yes
configure:5421: checking for g++
configure:5437: found /usr/bin/g++
configure:5447: result: g++
configure:5463: checking for C++ compiler version
configure:5466: g++ --version </dev/null >&5
g++ (Ubuntu/Linaro 4.6.3-1ubuntu5) 4.6.3
Copyright (C) 2011 Free Software Foundation, Inc.
This is free software; see the source for copying conditions.  There is NO
warranty; not even for MERCHANTABILITY or FITNESS FOR A PARTICULAR PURPOSE.

configure:5469: $? = 0
configure:5471: g++ -v </dev/null >&5
Using built-in specs.
COLLECT_GCC=g++
COLLECT_LTO_WRAPPER=/usr/lib/gcc/i686-linux-gnu/4.6/lto-wrapper
Target: i686-linux-gnu
Configured with: ../src/configure -v --with-pkgversion='Ubuntu/Linaro 4.6.3-1ubuntu5' --with-bugurl=file:///usr/share/doc/gcc-4.6/README.Bugs --enable-languages=c,c++,fortran,objc,obj-c++ --prefix=/usr --program-suffix=-4.6 --enable-shared --enable-linker-build-id --with-system-zlib --libexecdir=/usr/lib --without-included-gettext --enable-threads=posix --with-gxx-include-dir=/usr/include/c++/4.6 --libdir=/usr/lib --enable-nls --with-sysroot=/ --enable-clocale=gnu --enable-libstdcxx-debug --enable-libstdcxx-time=yes --enable-gnu-unique-object --enable-plugin --enable-objc-gc --enable-targets=all --disable-werror --with-arch-32=i686 --with-tune=generic --enable-checking=release --build=i686-linux-gnu --host=i686-linux-gnu --target=i686-linux-gnu
Thread model: posix
gcc version 4.6.3 (Ubuntu/Linaro 4.6.3-1ubuntu5) 
configure:5474: $? = 0
configure:5476: g++ -V </dev/null >&5
g++: error: unrecognized option '-V'
g++: fatal error: no input files
compilation terminated.
configure:5479: $? = 4
configure:5482: checking whether we are using the GNU C++ compiler
configure:5506: g++ -c   conftest.cc >&5
configure:5512: $? = 0
configure:5516: test -z 
			 || test ! -s conftest.err
configure:5519: $? = 0
configure:5522: test -s conftest.o
configure:5525: $? = 0
configure:5538: result: yes
configure:5544: checking whether g++ accepts -g
configure:5565: g++ -c -g  conftest.cc >&5
configure:5571: $? = 0
configure:5575: test -z 
			 || test ! -s conftest.err
configure:5578: $? = 0
configure:5581: test -s conftest.o
configure:5584: $? = 0
configure:5595: result: yes
configure:5637: g++ -c -g -O2  conftest.cc >&5
configure:5643: $? = 0
configure:5647: test -z 
			 || test ! -s conftest.err
configure:5650: $? = 0
configure:5653: test -s conftest.o
configure:5656: $? = 0
configure:5682: g++ -c -g -O2  conftest.cc >&5
conftest.cc: In function 'int main()':
conftest.cc:28:9: error: 'exit' was not declared in this scope
configure:5688: $? = 1
configure: failed program was:
| /* confdefs.h.  */
| 
| #define PACKAGE_NAME ""
| #define PACKAGE_TARNAME ""
| #define PACKAGE_VERSION ""
| #define PACKAGE_STRING ""
| #define PACKAGE_BUGREPORT ""
| #define PACKAGE "gettext-runtime"
| #define VERSION "0.14"
| #define _GNU_SOURCE 1
| #define __EXTENSIONS__ 1
| #define STDC_HEADERS 1
| #define HAVE_SYS_TYPES_H 1
| #define HAVE_SYS_STAT_H 1
| #define HAVE_STDLIB_H 1
| #define HAVE_STRING_H 1
| #define HAVE_MEMORY_H 1
| #define HAVE_STRINGS_H 1
| #define HAVE_INTTYPES_H 1
| #define HAVE_STDINT_H 1
| #define HAVE_UNISTD_H 1
| #define HAVE_DLFCN_H 1
| /* end confdefs.h.  */
| 
| int
| main ()
| {
| exit (42);
|   ;
|   return 0;
| }
configure:5637: g++ -c -g -O2  conftest.cc >&5
conftest.cc:24:40: error: 'void std::exit(int)' should have been declared inside 'std'
configure:5643: $? = 1
configure: failed program was:
| /* confdefs.h.  */
| 
| #define PACKAGE_NAME ""
| #define PACKAGE_TARNAME ""
| #define PACKAGE_VERSION ""
| #define PACKAGE_STRING ""
| #define PACKAGE_BUGREPORT ""
| #define PACKAGE "gettext-runtime"
| #define VERSION "0.14"
| #define _GNU_SOURCE 1
| #define __EXTENSIONS__ 1
| #define STDC_HEADERS 1
| #define HAVE_SYS_TYPES_H 1
| #define HAVE_SYS_STAT_H 1
| #define HAVE_STDLIB_H 1
| #define HAVE_STRING_H 1
| #define HAVE_MEMORY_H 1
| #define HAVE_STRINGS_H 1
| #define HAVE_INTTYPES_H 1
| #define HAVE_STDINT_H 1
| #define HAVE_UNISTD_H 1
| #define HAVE_DLFCN_H 1
| /* end confdefs.h.  */
| extern "C" void std::exit (int) throw (); using std::exit;
| #include <stdlib.h>
| int
| main ()
| {
| exit (42);
|   ;
|   return 0;
| }
configure:5637: g++ -c -g -O2  conftest.cc >&5
conftest.cc:24:31: error: 'void std::exit(int)' should have been declared inside 'std'
In file included from conftest.cc:25:0:
/usr/include/stdlib.h:544:70: error: declaration of 'void std::exit(int) throw ()' has a different exception specifier
conftest.cc:24:17: error: from previous declaration 'void std::exit(int)'
configure:5643: $? = 1
configure: failed program was:
| /* confdefs.h.  */
| 
| #define PACKAGE_NAME ""
| #define PACKAGE_TARNAME ""
| #define PACKAGE_VERSION ""
| #define PACKAGE_STRING ""
| #define PACKAGE_BUGREPORT ""
| #define PACKAGE "gettext-runtime"
| #define VERSION "0.14"
| #define _GNU_SOURCE 1
| #define __EXTENSIONS__ 1
| #define STDC_HEADERS 1
| #define HAVE_SYS_TYPES_H 1
| #define HAVE_SYS_STAT_H 1
| #define HAVE_STDLIB_H 1
| #define HAVE_STRING_H 1
| #define HAVE_MEMORY_H 1
| #define HAVE_STRINGS_H 1
| #define HAVE_INTTYPES_H 1
| #define HAVE_STDINT_H 1
| #define HAVE_UNISTD_H 1
| #define HAVE_DLFCN_H 1
| /* end confdefs.h.  */
| extern "C" void std::exit (int); using std::exit;
| #include <stdlib.h>
| int
| main ()
| {
| exit (42);
|   ;
|   return 0;
| }
configure:5637: g++ -c -g -O2  conftest.cc >&5
configure:5643: $? = 0
configure:5647: test -z 
			 || test ! -s conftest.err
configure:5650: $? = 0
configure:5653: test -s conftest.o
configure:5656: $? = 0
configure:5682: g++ -c -g -O2  conftest.cc >&5
configure:5688: $? = 0
configure:5692: test -z 
			 || test ! -s conftest.err
configure:5695: $? = 0
configure:5698: test -s conftest.o
configure:5701: $? = 0
configure:5726: checking dependency style of g++
configure:5809: result: none
configure:5831: checking how to run the C++ preprocessor
configure:5862: g++ -E  conftest.cc
configure:5868: $? = 0
configure:5900: g++ -E  conftest.cc
conftest.cc:27:28: fatal error: ac_nonexistent.h: No such file or directory
compilation terminated.
configure:5906: $? = 1
configure: failed program was:
| /* confdefs.h.  */
| 
| #define PACKAGE_NAME ""
| #define PACKAGE_TARNAME ""
| #define PACKAGE_VERSION ""
| #define PACKAGE_STRING ""
| #define PACKAGE_BUGREPORT ""
| #define PACKAGE "gettext-runtime"
| #define VERSION "0.14"
| #define _GNU_SOURCE 1
| #define __EXTENSIONS__ 1
| #define STDC_HEADERS 1
| #define HAVE_SYS_TYPES_H 1
| #define HAVE_SYS_STAT_H 1
| #define HAVE_STDLIB_H 1
| #define HAVE_STRING_H 1
| #define HAVE_MEMORY_H 1
| #define HAVE_STRINGS_H 1
| #define HAVE_INTTYPES_H 1
| #define HAVE_STDINT_H 1
| #define HAVE_UNISTD_H 1
| #define HAVE_DLFCN_H 1
| #ifdef __cplusplus
| extern "C" void exit (int) throw ();
| #endif
| /* end confdefs.h.  */
| #include <ac_nonexistent.h>
configure:5945: result: g++ -E
configure:5969: g++ -E  conftest.cc
configure:5975: $? = 0
configure:6007: g++ -E  conftest.cc
conftest.cc:27:28: fatal error: ac_nonexistent.h: No such file or directory
compilation terminated.
configure:6013: $? = 1
configure: failed program was:
| /* confdefs.h.  */
| 
| #define PACKAGE_NAME ""
| #define PACKAGE_TARNAME ""
| #define PACKAGE_VERSION ""
| #define PACKAGE_STRING ""
| #define PACKAGE_BUGREPORT ""
| #define PACKAGE "gettext-runtime"
| #define VERSION "0.14"
| #define _GNU_SOURCE 1
| #define __EXTENSIONS__ 1
| #define STDC_HEADERS 1
| #define HAVE_SYS_TYPES_H 1
| #define HAVE_SYS_STAT_H 1
| #define HAVE_STDLIB_H 1
| #define HAVE_STRING_H 1
| #define HAVE_MEMORY_H 1
| #define HAVE_STRINGS_H 1
| #define HAVE_INTTYPES_H 1
| #define HAVE_STDINT_H 1
| #define HAVE_UNISTD_H 1
| #define HAVE_DLFCN_H 1
| #ifdef __cplusplus
| extern "C" void exit (int) throw ();
| #endif
| /* end confdefs.h.  */
| #include <ac_nonexistent.h>
configure:6108: checking for g77
configure:6137: result: no
configure:6108: checking for f77
configure:6137: result: no
configure:6108: checking for xlf
configure:6137: result: no
configure:6108: checking for frt
configure:6137: result: no
configure:6108: checking for pgf77
configure:6137: result: no
configure:6108: checking for fort77
configure:6137: result: no
configure:6108: checking for fl32
configure:6137: result: no
configure:6108: checking for af77
configure:6137: result: no
configure:6108: checking for f90
configure:6137: result: no
configure:6108: checking for xlf90
configure:6137: result: no
configure:6108: checking for pgf90
configure:6137: result: no
configure:6108: checking for epcf90
configure:6137: result: no
configure:6108: checking for f95
configure:6137: result: no
configure:6108: checking for fort
configure:6137: result: no
configure:6108: checking for xlf95
configure:6137: result: no
configure:6108: checking for ifc
configure:6137: result: no
configure:6108: checking for efc
configure:6137: result: no
configure:6108: checking for pgf95
configure:6137: result: no
configure:6108: checking for lf95
configure:6137: result: no
configure:6108: checking for gfortran
configure:6137: result: no
configure:6149: checking for Fortran 77 compiler version
configure:6152:  --version </dev/null >&5
./configure: line 6153: --version: command not found
configure:6155: $? = 127
configure:6157:  -v </dev/null >&5
./configure: line 6158: -v: command not found
configure:6160: $? = 127
configure:6162:  -V </dev/null >&5
./configure: line 6163: -V: command not found
configure:6165: $? = 127
configure:6173: checking whether we are using the GNU Fortran 77 compiler
configure:6187:  -c  conftest.F >&5
./configure: line 6188: -c: command not found
configure:6193: $? = 127
configure: failed program was:
|       program main
| #ifndef __GNUC__
|        choke me
| #endif
| 
|       end
configure:6219: result: no
configure:6225: checking whether  accepts -g
configure:6237:  -c -g conftest.f >&5
./configure: line 6238: -c: command not found
configure:6243: $? = 127
configure: failed program was:
|       program main
| 
|       end
configure:6268: result: no
configure:6298: checking the maximum length of command line arguments
configure:6357: result: 32768
configure:6368: checking command to parse /usr/bin/nm -B output from gcc object
configure:6457: gcc -c -g -O2  conftest.c >&5
configure:6460: $? = 0
configure:6464: /usr/bin/nm -B conftest.o \| sed -n -e 's/^.*[ 	]\([ABCDGISTW][ABCDGISTW]*\)[ 	][ 	]*\(\)\([_A-Za-z][_A-Za-z0-9]*\)$/\1 \2\3 \3/p' \> conftest.nm
configure:6467: $? = 0
configure:6519: gcc -o conftest -g -O2   conftest.c conftstm.o >&5
configure:6522: $? = 0
configure:6560: result: ok
configure:6564: checking for objdir
configure:6579: result: .libs
configure:6669: checking for ar
configure:6685: found /usr/bin/ar
configure:6696: result: ar
configure:6749: checking for ranlib
configure:6765: found /usr/bin/ranlib
configure:6776: result: ranlib
configure:6829: checking for strip
configure:6845: found /usr/bin/strip
configure:6856: result: strip
configure:7118: checking if gcc static flag  works
configure:7141: result: yes
configure:7162: checking if gcc supports -fno-rtti -fno-exceptions
configure:7180: gcc -c -g -O2  -fno-rtti -fno-exceptions conftest.c >&5
cc1: warning: command line option '-fno-rtti' is valid for C++/ObjC++ but not for C [enabled by default]
configure:7184: $? = 0
configure:7195: result: no
configure:7210: checking for gcc option to produce PIC
configure:7387: result: -fPIC
configure:7394: checking if gcc PIC flag -fPIC works
configure:7412: gcc -c -g -O2  -fPIC -DPIC conftest.c >&5
configure:7416: $? = 0
configure:7427: result: yes
configure:7451: checking if gcc supports -c -o file.o
configure:7479: gcc -c -g -O2  -o out/conftest2.o conftest.c >&5
configure:7483: $? = 0
configure:7500: result: yes
configure:7526: checking whether the gcc linker (/usr/bin/ld) supports shared libraries
configure:8340: result: yes
configure:8366: checking whether -lc should be explicitly linked in
configure:8371: gcc -c -g -O2  conftest.c >&5
configure:8374: $? = 0
configure:8388: gcc -shared conftest.o  -v -Wl,-soname -Wl,conftest -o conftest 2\>\&1 \| grep  -lc  \>/dev/null 2\>\&1
configure:8391: $? = 0
configure:8403: result: no
configure:8411: checking how to hardcode library paths into programs
configure:8436: result: immediate
configure:8450: checking whether stripping libraries is possible
configure:8455: result: yes
configure:8477: checking dynamic linker characteristics
configure:9000: result: GNU/Linux ld.so
configure:9812: checking if libtool supports shared libraries
configure:9814: result: yes
configure:9817: checking whether to build shared libraries
configure:9866: result: yes
configure:9869: checking whether to build static libraries
configure:9873: result: yes
configure:9964: creating libtool
configure:10508: checking for ld used by g++
configure:10575: result: /usr/bin/ld
configure:10584: checking if the linker (/usr/bin/ld) is GNU ld
configure:10599: result: yes
configure:10650: checking whether the g++ linker (/usr/bin/ld) supports shared libraries
configure:11465: result: yes
configure:11487: g++ -c -g -O2  conftest.cc >&5
configure:11490: $? = 0
configure:11586: checking for g++ option to produce PIC
configure:11838: result: -fPIC
configure:11845: checking if g++ PIC flag -fPIC works
configure:11863: g++ -c -g -O2  -fPIC -DPIC conftest.cc >&5
configure:11867: $? = 0
configure:11878: result: yes
configure:11902: checking if g++ supports -c -o file.o
configure:11930: g++ -c -g -O2  -o out/conftest2.o conftest.cc >&5
configure:11934: $? = 0
configure:11951: result: yes
configure:11977: checking whether the g++ linker (/usr/bin/ld) supports shared libraries
configure:12002: result: yes
configure:12073: checking how to hardcode library paths into programs
configure:12098: result: immediate
configure:12112: checking whether stripping libraries is possible
configure:12117: result: yes
configure:12139: checking dynamic linker characteristics
configure:12662: result: GNU/Linux ld.so
configure:19794: checking for ld used by GCC
configure:19858: result: /usr/bin/ld
configure:19867: checking if the linker (/usr/bin/ld) is GNU ld
configure:19880: result: yes
configure:19886: checking for shared library path variable
configure:19899: result: LD_LIBRARY_PATH
configure:19904: checking whether to activate relocatable installation
configure:19919: result: no
configure:19995: checking for string.h
configure:20000: result: yes
configure:20140: checking for stdbool.h that conforms to C99
configure:20193: gcc -c -g -O2  conftest.c >&5
conftest.c:55:2: warning: variably modified 'd' at file scope [enabled by default]
conftest.c:57:2: warning: variably modified 'f' at file scope [enabled by default]
configure:20199: $? = 0
configure:20203: test -z 
			 || test ! -s conftest.err
configure:20206: $? = 0
configure:20209: test -s conftest.o
configure:20212: $? = 0
configure:20223: result: yes
configure:20225: checking for _Bool
configure:20249: gcc -c -g -O2  conftest.c >&5
configure:20255: $? = 0
configure:20259: test -z 
			 || test ! -s conftest.err
configure:20262: $? = 0
configure:20265: test -s conftest.o
configure:20268: $? = 0
configure:20279: result: yes
configure:20318: checking for size_t
configure:20342: gcc -c -g -O2  conftest.c >&5
configure:20348: $? = 0
configure:20352: test -z 
			 || test ! -s conftest.err
configure:20355: $? = 0
configure:20358: test -s conftest.o
configure:20361: $? = 0
configure:20372: result: yes
configure:20387: checking for working alloca.h
configure:20408: gcc -o conftest -g -O2   conftest.c  >&5
configure:20414: $? = 0
configure:20418: test -z 
			 || test ! -s conftest.err
configure:20421: $? = 0
configure:20424: test -s conftest
configure:20427: $? = 0
configure:20439: result: yes
configure:20449: checking for alloca
configure:20490: gcc -o conftest -g -O2   conftest.c  >&5
configure:20496: $? = 0
configure:20500: test -z 
			 || test ! -s conftest.err
configure:20503: $? = 0
configure:20506: test -s conftest
configure:20509: $? = 0
configure:20521: result: yes
configure:20750: checking for stdlib.h
configure:20755: result: yes
configure:20902: checking for string.h
configure:20907: result: yes
configure:21098: checking for stdlib.h
configure:21103: result: yes
configure:21243: checking for GNU libc compatible malloc
configure:21272: gcc -o conftest -g -O2   conftest.c  >&5
configure:21275: $? = 0
configure:21277: ./conftest
configure:21280: $? = 0
configure:21294: result: yes
configure:21317: checking for vprintf
configure:21374: gcc -o conftest -g -O2   conftest.c  >&5
conftest.c:61:6: warning: conflicting types for built-in function 'vprintf' [enabled by default]
configure:21380: $? = 0
configure:21384: test -z 
			 || test ! -s conftest.err
configure:21387: $? = 0
configure:21390: test -s conftest
configure:21393: $? = 0
configure:21405: result: yes
configure:21412: checking for _doprnt
configure:21469: gcc -o conftest -g -O2   conftest.c  >&5
/tmp/ccOafY13.o:(.data+0x0): undefined reference to `_doprnt'
/tmp/ccOafY13.o: In function `main':
/home/jeff/dev/dev_apps/sand/qca_designer/lib/gettext-0.14/gettext-runtime/conftest.c:78: undefined reference to `_doprnt'
collect2: ld returned 1 exit status
configure:21475: $? = 1
configure: failed program was:
| /* confdefs.h.  */
| 
| #define PACKAGE_NAME ""
| #define PACKAGE_TARNAME ""
| #define PACKAGE_VERSION ""
| #define PACKAGE_STRING ""
| #define PACKAGE_BUGREPORT ""
| #define PACKAGE "gettext-runtime"
| #define VERSION "0.14"
| #define _GNU_SOURCE 1
| #define __EXTENSIONS__ 1
| #define STDC_HEADERS 1
| #define HAVE_SYS_TYPES_H 1
| #define HAVE_SYS_STAT_H 1
| #define HAVE_STDLIB_H 1
| #define HAVE_STRING_H 1
| #define HAVE_MEMORY_H 1
| #define HAVE_STRINGS_H 1
| #define HAVE_INTTYPES_H 1
| #define HAVE_STDINT_H 1
| #define HAVE_UNISTD_H 1
| #define HAVE_DLFCN_H 1
| #ifdef __cplusplus
| extern "C" void exit (int) throw ();
| #endif
| #define INSTALLPREFIX "/usr/local"
| #define HAVE_STRING_H 1
| #define HAVE__BOOL 1
| #define HAVE_STDBOOL_H 1
| #define HAVE_ALLOCA_H 1
| #define HAVE_ALLOCA 1
| #define HAVE_STDLIB_H 1
| #define HAVE_STRING_H 1
| #define HAVE_STDLIB_H 1
| #define MALLOC_0_IS_NONNULL 1
| #define HAVE_VPRINTF 1
| /* end confdefs.h.  */
| /* Define _doprnt to an innocuous variant, in case <limits.h> declares _doprnt.
|    For example, HP-UX 11i <limits.h> declares gettimeofday.  */
| #define _doprnt innocuous__doprnt
| 
| /* System header to define __stub macros and hopefully few prototypes,
|     which can conflict with char _doprnt (); below.
|     Prefer <limits.h> to <assert.h> if __STDC__ is defined, since
|     <limits.h> exists even on freestanding compilers.  */
| 
| #ifdef __STDC__
| # include <limits.h>
| #else
| # include <assert.h>
| #endif
| 
| #undef _doprnt
| 
| /* Override any gcc2 internal prototype to avoid an error.  */
| #ifdef __cplusplus
| extern "C"
| {
| #endif
| /* We use char because int might match the return type of a gcc2
|    builtin and then its argument prototype would still apply.  */
| char _doprnt ();
| /* The GNU C library defines this for functions which it implements
|     to always fail with ENOSYS.  Some functions are actually named
|     something starting with __ and the normal name is an alias.  */
| #if defined (__stub__doprnt) || defined (__stub____doprnt)
| choke me
| #else
| char (*f) () = _doprnt;
| #endif
| #ifdef __cplusplus
| }
| #endif
| 
| int
| main ()
| {
| return f != _doprnt;
|   ;
|   return 0;
| }
configure:21500: result: no
configure:21520: checking for setlocale
configure:21577: gcc -o conftest -g -O2   conftest.c  >&5
configure:21583: $? = 0
configure:21587: test -z 
			 || test ! -s conftest.err
configure:21590: $? = 0
configure:21593: test -s conftest
configure:21596: $? = 0
configure:21608: result: yes
configure:21520: checking for strerror
configure:21577: gcc -o conftest -g -O2   conftest.c  >&5
configure:21583: $? = 0
configure:21587: test -z 
			 || test ! -s conftest.err
configure:21590: $? = 0
configure:21593: test -s conftest
configure:21596: $? = 0
configure:21608: result: yes
configure:21520: checking for strtoul
configure:21577: gcc -o conftest -g -O2   conftest.c  >&5
configure:21583: $? = 0
configure:21587: test -z 
			 || test ! -s conftest.err
configure:21590: $? = 0
configure:21593: test -s conftest
configure:21596: $? = 0
configure:21608: result: yes
configure:21623: checking for atexit
configure:21680: gcc -o conftest -g -O2   conftest.c  >&5
configure:21686: $? = 0
configure:21690: test -z 
			 || test ! -s conftest.err
configure:21693: $? = 0
configure:21696: test -s conftest
configure:21699: $? = 0
configure:21711: result: yes
configure:21623: checking for memmove
configure:21680: gcc -o conftest -g -O2   conftest.c  >&5
conftest.c:66:6: warning: conflicting types for built-in function 'memmove' [enabled by default]
configure:21686: $? = 0
configure:21690: test -z 
			 || test ! -s conftest.err
configure:21693: $? = 0
configure:21696: test -s conftest
configure:21699: $? = 0
configure:21711: result: yes
configure:21737: checking for unistd.h
configure:21742: result: yes
configure:21889: checking for setenv
configure:21946: gcc -o conftest -g -O2   conftest.c  >&5
configure:21952: $? = 0
configure:21956: test -z 
			 || test ! -s conftest.err
configure:21959: $? = 0
configure:21962: test -s conftest
configure:21965: $? = 0
configure:21977: result: yes
configure:21889: checking for unsetenv
configure:21946: gcc -o conftest -g -O2   conftest.c  >&5
configure:21952: $? = 0
configure:21956: test -z 
			 || test ! -s conftest.err
configure:21959: $? = 0
configure:21962: test -s conftest
configure:21965: $? = 0
configure:21977: result: yes
configure:22554: checking for strerror
configure:22642: result: yes
configure:22669: checking whether clearerr_unlocked is declared
configure:22693: gcc -c -g -O2  conftest.c >&5
configure:22699: $? = 0
configure:22703: test -z 
			 || test ! -s conftest.err
configure:22706: $? = 0
configure:22709: test -s conftest.o
configure:22712: $? = 0
configure:22723: result: yes
configure:22743: checking whether feof_unlocked is declared
configure:22767: gcc -c -g -O2  conftest.c >&5
configure:22773: $? = 0
configure:22777: test -z 
			 || test ! -s conftest.err
configure:22780: $? = 0
configure:22783: test -s conftest.o
configure:22786: $? = 0
configure:22797: result: yes
configure:22817: checking whether ferror_unlocked is declared
configure:22841: gcc -c -g -O2  conftest.c >&5
configure:22847: $? = 0
configure:22851: test -z 
			 || test ! -s conftest.err
configure:22854: $? = 0
configure:22857: test -s conftest.o
configure:22860: $? = 0
configure:22871: result: yes
configure:22891: checking whether fflush_unlocked is declared
configure:22915: gcc -c -g -O2  conftest.c >&5
configure:22921: $? = 0
configure:22925: test -z 
			 || test ! -s conftest.err
configure:22928: $? = 0
configure:22931: test -s conftest.o
configure:22934: $? = 0
configure:22945: result: yes
configure:22965: checking whether fgets_unlocked is declared
configure:22989: gcc -c -g -O2  conftest.c >&5
configure:22995: $? = 0
configure:22999: test -z 
			 || test ! -s conftest.err
configure:23002: $? = 0
configure:23005: test -s conftest.o
configure:23008: $? = 0
configure:23019: result: yes
configure:23039: checking whether fputc_unlocked is declared
configure:23063: gcc -c -g -O2  conftest.c >&5
configure:23069: $? = 0
configure:23073: test -z 
			 || test ! -s conftest.err
configure:23076: $? = 0
configure:23079: test -s conftest.o
configure:23082: $? = 0
configure:23093: result: yes
configure:23113: checking whether fputs_unlocked is declared
configure:23137: gcc -c -g -O2  conftest.c >&5
configure:23143: $? = 0
configure:23147: test -z 
			 || test ! -s conftest.err
configure:23150: $? = 0
configure:23153: test -s conftest.o
configure:23156: $? = 0
configure:23167: result: yes
configure:23187: checking whether fread_unlocked is declared
configure:23211: gcc -c -g -O2  conftest.c >&5
configure:23217: $? = 0
configure:23221: test -z 
			 || test ! -s conftest.err
configure:23224: $? = 0
configure:23227: test -s conftest.o
configure:23230: $? = 0
configure:23241: result: yes
configure:23261: checking whether fwrite_unlocked is declared
configure:23285: gcc -c -g -O2  conftest.c >&5
configure:23291: $? = 0
configure:23295: test -z 
			 || test ! -s conftest.err
configure:23298: $? = 0
configure:23301: test -s conftest.o
configure:23304: $? = 0
configure:23315: result: yes
configure:23335: checking whether getc_unlocked is declared
configure:23359: gcc -c -g -O2  conftest.c >&5
configure:23365: $? = 0
configure:23369: test -z 
			 || test ! -s conftest.err
configure:23372: $? = 0
configure:23375: test -s conftest.o
configure:23378: $? = 0
configure:23389: result: yes
configure:23409: checking whether getchar_unlocked is declared
configure:23433: gcc -c -g -O2  conftest.c >&5
configure:23439: $? = 0
configure:23443: test -z 
			 || test ! -s conftest.err
configure:23446: $? = 0
configure:23449: test -s conftest.o
configure:23452: $? = 0
configure:23463: result: yes
configure:23483: checking whether putc_unlocked is declared
configure:23507: gcc -c -g -O2  conftest.c >&5
configure:23513: $? = 0
configure:23517: test -z 
			 || test ! -s conftest.err
configure:23520: $? = 0
configure:23523: test -s conftest.o
configure:23526: $? = 0
configure:23537: result: yes
configure:23557: checking whether putchar_unlocked is declared
configure:23581: gcc -c -g -O2  conftest.c >&5
configure:23587: $? = 0
configure:23591: test -z 
			 || test ! -s conftest.err
configure:23594: $? = 0
configure:23597: test -s conftest.o
configure:23600: $? = 0
configure:23611: result: yes
configure:23678: checking for error_at_line
configure:23699: gcc -o conftest -g -O2   conftest.c  >&5
configure:23705: $? = 0
configure:23709: test -z 
			 || test ! -s conftest.err
configure:23712: $? = 0
configure:23715: test -s conftest
configure:23718: $? = 0
configure:23730: result: yes
configure:24225: checking sys/param.h usability
configure:24237: gcc -c -g -O2  conftest.c >&5
configure:24243: $? = 0
configure:24247: test -z 
			 || test ! -s conftest.err
configure:24250: $? = 0
configure:24253: test -s conftest.o
configure:24256: $? = 0
configure:24266: result: yes
configure:24270: checking sys/param.h presence
configure:24280: gcc -E  conftest.c
configure:24286: $? = 0
configure:24306: result: yes
configure:24341: checking for sys/param.h
configure:24348: result: yes
configure:24379: checking for readlink
configure:24436: gcc -o conftest -g -O2   conftest.c  >&5
configure:24442: $? = 0
configure:24446: test -z 
			 || test ! -s conftest.err
configure:24449: $? = 0
configure:24452: test -s conftest
configure:24455: $? = 0
configure:24467: result: yes
configure:24492: checking for ssize_t
configure:24513: gcc -c -g -O2  conftest.c >&5
configure:24519: $? = 0
configure:24523: test -z 
			 || test ! -s conftest.err
configure:24526: $? = 0
configure:24529: test -s conftest.o
configure:24532: $? = 0
configure:24543: result: yes
configure:24571: checking for canonicalize_file_name
configure:24628: gcc -o conftest -g -O2   conftest.c  >&5
configure:24634: $? = 0
configure:24638: test -z 
			 || test ! -s conftest.err
configure:24641: $? = 0
configure:24644: test -s conftest
configure:24647: $? = 0
configure:24659: result: yes
configure:24815: checking whether NLS is requested
configure:24824: result: yes
configure:24862: checking for msgfmt
configure:24893: result: /usr/bin/msgfmt
configure:24902: checking for gmsgfmt
configure:24933: result: /usr/bin/msgfmt
configure:24972: checking for xgettext
configure:25003: result: /usr/bin/xgettext
configure:25043: checking for msgmerge
configure:25073: result: /usr/bin/msgmerge
configure:25149: checking for ranlib
configure:25176: result: ranlib
configure:25188: checking for an ANSI C-conforming const
configure:25255: gcc -c -g -O2  conftest.c >&5
configure:25261: $? = 0
configure:25265: test -z 
			 || test ! -s conftest.err
configure:25268: $? = 0
configure:25271: test -s conftest.o
configure:25274: $? = 0
configure:25285: result: yes
configure:25296: checking for signed
configure:25317: gcc -c -g -O2  conftest.c >&5
configure:25323: $? = 0
configure:25327: test -z 
			 || test ! -s conftest.err
configure:25330: $? = 0
configure:25333: test -s conftest.o
configure:25336: $? = 0
configure:25347: result: yes
configure:25357: checking for inline
configure:25378: gcc -c -g -O2  conftest.c >&5
configure:25384: $? = 0
configure:25388: test -z 
			 || test ! -s conftest.err
configure:25391: $? = 0
configure:25394: test -s conftest.o
configure:25397: $? = 0
configure:25409: result: inline
configure:25428: checking for off_t
configure:25452: gcc -c -g -O2  conftest.c >&5
configure:25458: $? = 0
configure:25462: test -z 
			 || test ! -s conftest.err
configure:25465: $? = 0
configure:25468: test -s conftest.o
configure:25471: $? = 0
configure:25482: result: yes
configure:25495: checking for long long
configure:25517: gcc -o conftest -g -O2   conftest.c  >&5
configure:25523: $? = 0
configure:25527: test -z 
			 || test ! -s conftest.err
configure:25530: $? = 0
configure:25533: test -s conftest
configure:25536: $? = 0
configure:25548: result: yes
configure:25559: checking for long double
configure:25619: result: yes
configure:25630: checking for wchar_t
configure:25652: gcc -c -g -O2  conftest.c >&5
configure:25658: $? = 0
configure:25662: test -z 
			 || test ! -s conftest.err
configure:25665: $? = 0
configure:25668: test -s conftest.o
configure:25671: $? = 0
configure:25682: result: yes
configure:25693: checking for wint_t
configure:25715: gcc -c -g -O2  conftest.c >&5
configure:25721: $? = 0
configure:25725: test -z 
			 || test ! -s conftest.err
configure:25728: $? = 0
configure:25731: test -s conftest.o
configure:25734: $? = 0
configure:25745: result: yes
configure:25756: checking for inttypes.h
configure:25778: gcc -c -g -O2  conftest.c >&5
configure:25784: $? = 0
configure:25788: test -z 
			 || test ! -s conftest.err
configure:25791: $? = 0
configure:25794: test -s conftest.o
configure:25797: $? = 0
configure:25808: result: yes
configure:25819: checking for stdint.h
configure:25841: gcc -c -g -O2  conftest.c >&5
configure:25847: $? = 0
configure:25851: test -z 
			 || test ! -s conftest.err
configure:25854: $? = 0
configure:25857: test -s conftest.o
configure:25860: $? = 0
configure:25871: result: yes
configure:25884: checking for intmax_t
configure:25914: gcc -c -g -O2  conftest.c >&5
configure:25920: $? = 0
configure:25924: test -z 
			 || test ! -s conftest.err
configure:25927: $? = 0
configure:25930: test -s conftest.o
configure:25933: $? = 0
configure:25944: result: yes
configure:25956: checking whether printf() supports POSIX/XSI format strings
configure:26006: gcc -o conftest -g -O2   conftest.c  >&5
configure:26009: $? = 0
configure:26011: ./conftest
configure:26014: $? = 0
configure:26029: result: yes
configure:26047: checking for stdlib.h
configure:26052: result: yes
configure:26047: checking for unistd.h
configure:26052: result: yes
configure:26196: checking for getpagesize
configure:26253: gcc -o conftest -g -O2   conftest.c  >&5
configure:26259: $? = 0
configure:26263: test -z 
			 || test ! -s conftest.err
configure:26266: $? = 0
configure:26269: test -s conftest
configure:26272: $? = 0
configure:26284: result: yes
configure:26294: checking for working mmap
configure:26436: gcc -o conftest -g -O2   conftest.c  >&5
configure:26439: $? = 0
configure:26441: ./conftest
configure:26444: $? = 0
configure:26458: result: yes
configure:26470: checking whether we are using the GNU C Library 2.1 or newer
configure:26501: result: yes
configure:26509: checking whether integer division by zero raises SIGFPE
configure:26571: gcc -o conftest -g -O2   conftest.c  >&5
conftest.c:94:5: warning: built-in function 'nan' declared as non-function [enabled by default]
configure:26574: $? = 0
configure:26576: ./conftest
configure:26579: $? = 0
configure:26594: result: yes
configure:26607: checking for unsigned long long
configure:26629: gcc -o conftest -g -O2   conftest.c  >&5
configure:26635: $? = 0
configure:26639: test -z 
			 || test ! -s conftest.err
configure:26642: $? = 0
configure:26645: test -s conftest
configure:26648: $? = 0
configure:26660: result: yes
configure:26692: checking for inttypes.h
configure:26715: gcc -c -g -O2  conftest.c >&5
configure:26721: $? = 0
configure:26725: test -z 
			 || test ! -s conftest.err
configure:26728: $? = 0
configure:26731: test -s conftest.o
configure:26734: $? = 0
configure:26746: result: yes
configure:26759: checking whether the inttypes.h PRIxNN macros are broken
configure:26785: gcc -c -g -O2  conftest.c >&5
configure:26791: $? = 0
configure:26795: test -z 
			 || test ! -s conftest.err
configure:26798: $? = 0
configure:26801: test -s conftest.o
configure:26804: $? = 0
configure:26816: result: no
configure:26833: checking for stdint.h
configure:26838: result: yes
configure:26978: checking for SIZE_MAX
configure:28047: result: yes
configure:28064: checking for stdint.h
configure:28069: result: yes
configure:28227: checking for shared library run path origin
configure:28240: result: done
configure:28646: checking for ptrdiff_t
configure:28670: gcc -c -g -O2  conftest.c >&5
configure:28676: $? = 0
configure:28680: test -z 
			 || test ! -s conftest.err
configure:28683: $? = 0
configure:28686: test -s conftest.o
configure:28689: $? = 0
configure:28700: result: yes
configure:28737: checking argz.h usability
configure:28749: gcc -c -g -O2  conftest.c >&5
configure:28755: $? = 0
configure:28759: test -z 
			 || test ! -s conftest.err
configure:28762: $? = 0
configure:28765: test -s conftest.o
configure:28768: $? = 0
configure:28778: result: yes
configure:28782: checking argz.h presence
configure:28792: gcc -E  conftest.c
configure:28798: $? = 0
configure:28818: result: yes
configure:28853: checking for argz.h
configure:28860: result: yes
configure:28737: checking limits.h usability
configure:28749: gcc -c -g -O2  conftest.c >&5
configure:28755: $? = 0
configure:28759: test -z 
			 || test ! -s conftest.err
configure:28762: $? = 0
configure:28765: test -s conftest.o
configure:28768: $? = 0
configure:28778: result: yes
configure:28782: checking limits.h presence
configure:28792: gcc -E  conftest.c
configure:28798: $? = 0
configure:28818: result: yes
configure:28853: checking for limits.h
configure:28860: result: yes
configure:28737: checking locale.h usability
configure:28749: gcc -c -g -O2  conftest.c >&5
configure:28755: $? = 0
configure:28759: test -z 
			 || test ! -s conftest.err
configure:28762: $? = 0
configure:28765: test -s conftest.o
configure:28768: $? = 0
configure:28778: result: yes
configure:28782: checking locale.h presence
configure:28792: gcc -E  conftest.c
configure:28798: $? = 0
configure:28818: result: yes
configure:28853: checking for locale.h
configure:28860: result: yes
configure:28737: checking nl_types.h usability
configure:28749: gcc -c -g -O2  conftest.c >&5
configure:28755: $? = 0
configure:28759: test -z 
			 || test ! -s conftest.err
configure:28762: $? = 0
configure:28765: test -s conftest.o
configure:28768: $? = 0
configure:28778: result: yes
configure:28782: checking nl_types.h presence
configure:28792: gcc -E  conftest.c
configure:28798: $? = 0
configure:28818: result: yes
configure:28853: checking for nl_types.h
configure:28860: result: yes
configure:28737: checking malloc.h usability
configure:28749: gcc -c -g -O2  conftest.c >&5
configure:28755: $? = 0
configure:28759: test -z 
			 || test ! -s conftest.err
configure:28762: $? = 0
configure:28765: test -s conftest.o
configure:28768: $? = 0
configure:28778: result: yes
configure:28782: checking malloc.h presence
configure:28792: gcc -E  conftest.c
configure:28798: $? = 0
configure:28818: result: yes
configure:28853: checking for malloc.h
configure:28860: result: yes
configure:28737: checking stddef.h usability
configure:28749: gcc -c -g -O2  conftest.c >&5
configure:28755: $? = 0
configure:28759: test -z 
			 || test ! -s conftest.err
configure:28762: $? = 0
configure:28765: test -s conftest.o
configure:28768: $? = 0
configure:28778: result: yes
configure:28782: checking stddef.h presence
configure:28792: gcc -E  conftest.c
configure:28798: $? = 0
configure:28818: result: yes
configure:28853: checking for stddef.h
configure:28860: result: yes
configure:28728: checking for stdlib.h
configure:28733: result: yes
configure:28728: checking for string.h
configure:28733: result: yes
configure:28728: checking for unistd.h
configure:28733: result: yes
configure:28728: checking for sys/param.h
configure:28733: result: yes
configure:28902: checking for asprintf
configure:28959: gcc -o conftest -g -O2   conftest.c  >&5
configure:28965: $? = 0
configure:28969: test -z 
			 || test ! -s conftest.err
configure:28972: $? = 0
configure:28975: test -s conftest
configure:28978: $? = 0
configure:28990: result: yes
configure:28902: checking for fwprintf
configure:28959: gcc -o conftest -g -O2   conftest.c  >&5
configure:28965: $? = 0
configure:28969: test -z 
			 || test ! -s conftest.err
configure:28972: $? = 0
configure:28975: test -s conftest
configure:28978: $? = 0
configure:28990: result: yes
configure:28902: checking for getcwd
configure:28959: gcc -o conftest -g -O2   conftest.c  >&5
configure:28965: $? = 0
configure:28969: test -z 
			 || test ! -s conftest.err
configure:28972: $? = 0
configure:28975: test -s conftest
configure:28978: $? = 0
configure:28990: result: yes
configure:28902: checking for getegid
configure:28959: gcc -o conftest -g -O2   conftest.c  >&5
configure:28965: $? = 0
configure:28969: test -z 
			 || test ! -s conftest.err
configure:28972: $? = 0
configure:28975: test -s conftest
configure:28978: $? = 0
configure:28990: result: yes
configure:28902: checking for geteuid
configure:28959: gcc -o conftest -g -O2   conftest.c  >&5
configure:28965: $? = 0
configure:28969: test -z 
			 || test ! -s conftest.err
configure:28972: $? = 0
configure:28975: test -s conftest
configure:28978: $? = 0
configure:28990: result: yes
configure:28902: checking for getgid
configure:28959: gcc -o conftest -g -O2   conftest.c  >&5
configure:28965: $? = 0
configure:28969: test -z 
			 || test ! -s conftest.err
configure:28972: $? = 0
configure:28975: test -s conftest
configure:28978: $? = 0
configure:28990: result: yes
configure:28902: checking for getuid
configure:28959: gcc -o conftest -g -O2   conftest.c  >&5
configure:28965: $? = 0
configure:28969: test -z 
			 || test ! -s conftest.err
configure:28972: $? = 0
configure:28975: test -s conftest
configure:28978: $? = 0
configure:28990: result: yes
configure:28902: checking for mempcpy
configure:28959: gcc -o conftest -g -O2   conftest.c  >&5
conftest.c:123:6: warning: conflicting types for built-in function 'mempcpy' [enabled by default]
configure:28965: $? = 0
configure:28969: test -z 
			 || test ! -s conftest.err
configure:28972: $? = 0
configure:28975: test -s conftest
configure:28978: $? = 0
configure:28990: result: yes
configure:28902: checking for munmap
configure:28959: gcc -o conftest -g -O2   conftest.c  >&5
configure:28965: $? = 0
configure:28969: test -z 
			 || test ! -s conftest.err
configure:28972: $? = 0
configure:28975: test -s conftest
configure:28978: $? = 0
configure:28990: result: yes
configure:28902: checking for putenv
configure:28959: gcc -o conftest -g -O2   conftest.c  >&5
configure:28965: $? = 0
configure:28969: test -z 
			 || test ! -s conftest.err
configure:28972: $? = 0
configure:28975: test -s conftest
configure:28978: $? = 0
configure:28990: result: yes
configure:28902: checking for setenv
configure:28990: result: yes
configure:28902: checking for setlocale
configure:28990: result: yes
configure:28902: checking for snprintf
configure:28959: gcc -o conftest -g -O2   conftest.c  >&5
conftest.c:128:6: warning: conflicting types for built-in function 'snprintf' [enabled by default]
configure:28965: $? = 0
configure:28969: test -z 
			 || test ! -s conftest.err
configure:28972: $? = 0
configure:28975: test -s conftest
configure:28978: $? = 0
configure:28990: result: yes
configure:28902: checking for stpcpy
configure:28959: gcc -o conftest -g -O2   conftest.c  >&5
conftest.c:129:6: warning: conflicting types for built-in function 'stpcpy' [enabled by default]
configure:28965: $? = 0
configure:28969: test -z 
			 || test ! -s conftest.err
configure:28972: $? = 0
configure:28975: test -s conftest
configure:28978: $? = 0
configure:28990: result: yes
configure:28902: checking for strcasecmp
configure:28959: gcc -o conftest -g -O2   conftest.c  >&5
conftest.c:130:6: warning: conflicting types for built-in function 'strcasecmp' [enabled by default]
configure:28965: $? = 0
configure:28969: test -z 
			 || test ! -s conftest.err
configure:28972: $? = 0
configure:28975: test -s conftest
configure:28978: $? = 0
configure:28990: result: yes
configure:28902: checking for strdup
configure:28959: gcc -o conftest -g -O2   conftest.c  >&5
conftest.c:131:6: warning: conflicting types for built-in function 'strdup' [enabled by default]
configure:28965: $? = 0
configure:28969: test -z 
			 || test ! -s conftest.err
configure:28972: $? = 0
configure:28975: test -s conftest
configure:28978: $? = 0
configure:28990: result: yes
configure:28902: checking for strtoul
configure:28990: result: yes
configure:28902: checking for tsearch
configure:28959: gcc -o conftest -g -O2   conftest.c  >&5
configure:28965: $? = 0
configure:28969: test -z 
			 || test ! -s conftest.err
configure:28972: $? = 0
configure:28975: test -s conftest
configure:28978: $? = 0
configure:28990: result: yes
configure:28902: checking for wcslen
configure:28959: gcc -o conftest -g -O2   conftest.c  >&5
configure:28965: $? = 0
configure:28969: test -z 
			 || test ! -s conftest.err
configure:28972: $? = 0
configure:28975: test -s conftest
configure:28978: $? = 0
configure:28990: result: yes
configure:28902: checking for __argz_count
configure:28959: gcc -o conftest -g -O2   conftest.c  >&5
configure:28965: $? = 0
configure:28969: test -z 
			 || test ! -s conftest.err
configure:28972: $? = 0
configure:28975: test -s conftest
configure:28978: $? = 0
configure:28990: result: yes
configure:28902: checking for __argz_stringify
configure:28959: gcc -o conftest -g -O2   conftest.c  >&5
configure:28965: $? = 0
configure:28969: test -z 
			 || test ! -s conftest.err
configure:28972: $? = 0
configure:28975: test -s conftest
configure:28978: $? = 0
configure:28990: result: yes
configure:28902: checking for __argz_next
configure:28959: gcc -o conftest -g -O2   conftest.c  >&5
configure:28965: $? = 0
configure:28969: test -z 
			 || test ! -s conftest.err
configure:28972: $? = 0
configure:28975: test -s conftest
configure:28978: $? = 0
configure:28990: result: yes
configure:28902: checking for __fsetlocking
configure:28959: gcc -o conftest -g -O2   conftest.c  >&5
configure:28965: $? = 0
configure:28969: test -z 
			 || test ! -s conftest.err
configure:28972: $? = 0
configure:28975: test -s conftest
configure:28978: $? = 0
configure:28990: result: yes
configure:29002: checking whether _snprintf is declared
configure:29027: gcc -c -g -O2  conftest.c >&5
conftest.c: In function 'main':
conftest.c:121:22: error: '_snprintf' undeclared (first use in this function)
conftest.c:121:22: note: each undeclared identifier is reported only once for each function it appears in
configure:29033: $? = 1
configure: failed program was:
| /* confdefs.h.  */
| 
| #define PACKAGE_NAME ""
| #define PACKAGE_TARNAME ""
| #define PACKAGE_VERSION ""
| #define PACKAGE_STRING ""
| #define PACKAGE_BUGREPORT ""
| #define PACKAGE "gettext-runtime"
| #define VERSION "0.14"
| #define _GNU_SOURCE 1
| #define __EXTENSIONS__ 1
| #define STDC_HEADERS 1
| #define HAVE_SYS_TYPES_H 1
| #define HAVE_SYS_STAT_H 1
| #define HAVE_STDLIB_H 1
| #define HAVE_STRING_H 1
| #define HAVE_MEMORY_H 1
| #define HAVE_STRINGS_H 1
| #define HAVE_INTTYPES_H 1
| #define HAVE_STDINT_H 1
| #define HAVE_UNISTD_H 1
| #define HAVE_DLFCN_H 1
| #ifdef __cplusplus
| extern "C" void exit (int) throw ();
| #endif
| #define INSTALLPREFIX "/usr/local"
| #define HAVE_STRING_H 1
| #define HAVE__BOOL 1
| #define HAVE_STDBOOL_H 1
| #define HAVE_ALLOCA_H 1
| #define HAVE_ALLOCA 1
| #define HAVE_STDLIB_H 1
| #define HAVE_STRING_H 1
| #define HAVE_STDLIB_H 1
| #define MALLOC_0_IS_NONNULL 1
| #define HAVE_VPRINTF 1
| #define HAVE_SETLOCALE 1
| #define HAVE_STRERROR 1
| #define HAVE_STRTOUL 1
| #define HAVE_ATEXIT 1
| #define HAVE_MEMMOVE 1
| #define HAVE_UNISTD_H 1
| #define HAVE_SETENV 1
| #define HAVE_UNSETENV 1
| #define HAVE_STRERROR 1
| #define HAVE_DECL_CLEARERR_UNLOCKED 1
| #define HAVE_DECL_FEOF_UNLOCKED 1
| #define HAVE_DECL_FERROR_UNLOCKED 1
| #define HAVE_DECL_FFLUSH_UNLOCKED 1
| #define HAVE_DECL_FGETS_UNLOCKED 1
| #define HAVE_DECL_FPUTC_UNLOCKED 1
| #define HAVE_DECL_FPUTS_UNLOCKED 1
| #define HAVE_DECL_FREAD_UNLOCKED 1
| #define HAVE_DECL_FWRITE_UNLOCKED 1
| #define HAVE_DECL_GETC_UNLOCKED 1
| #define HAVE_DECL_GETCHAR_UNLOCKED 1
| #define HAVE_DECL_PUTC_UNLOCKED 1
| #define HAVE_DECL_PUTCHAR_UNLOCKED 1
| #define HAVE_ERROR_AT_LINE 1
| #define HAVE_SYS_PARAM_H 1
| #define HAVE_READLINK 1
| #define HAVE_CANONICALIZE_FILE_NAME 1
| #define HAVE_LONG_LONG 1
| #define HAVE_LONG_DOUBLE 1
| #define HAVE_WCHAR_T 1
| #define HAVE_WINT_T 1
| #define HAVE_INTTYPES_H_WITH_UINTMAX 1
| #define HAVE_STDINT_H_WITH_UINTMAX 1
| #define HAVE_INTMAX_T 1
| #define HAVE_POSIX_PRINTF 1
| #define HAVE_STDLIB_H 1
| #define HAVE_UNISTD_H 1
| #define HAVE_GETPAGESIZE 1
| #define HAVE_MMAP 1
| #define INTDIV0_RAISES_SIGFPE 1
| #define HAVE_UNSIGNED_LONG_LONG 1
| #define HAVE_UINTMAX_T 1
| #define HAVE_INTTYPES_H 1
| #define HAVE_STDINT_H 1
| #define HAVE_STDINT_H 1
| #define HAVE_ARGZ_H 1
| #define HAVE_LIMITS_H 1
| #define HAVE_LOCALE_H 1
| #define HAVE_NL_TYPES_H 1
| #define HAVE_MALLOC_H 1
| #define HAVE_STDDEF_H 1
| #define HAVE_STDLIB_H 1
| #define HAVE_STRING_H 1
| #define HAVE_UNISTD_H 1
| #define HAVE_SYS_PARAM_H 1
| #define HAVE_ASPRINTF 1
| #define HAVE_FWPRINTF 1
| #define HAVE_GETCWD 1
| #define HAVE_GETEGID 1
| #define HAVE_GETEUID 1
| #define HAVE_GETGID 1
| #define HAVE_GETUID 1
| #define HAVE_MEMPCPY 1
| #define HAVE_MUNMAP 1
| #define HAVE_PUTENV 1
| #define HAVE_SETENV 1
| #define HAVE_SETLOCALE 1
| #define HAVE_SNPRINTF 1
| #define HAVE_STPCPY 1
| #define HAVE_STRCASECMP 1
| #define HAVE_STRDUP 1
| #define HAVE_STRTOUL 1
| #define HAVE_TSEARCH 1
| #define HAVE_WCSLEN 1
| #define HAVE___ARGZ_COUNT 1
| #define HAVE___ARGZ_STRINGIFY 1
| #define HAVE___ARGZ_NEXT 1
| #define HAVE___FSETLOCKING 1
| /* end confdefs.h.  */
| #include <stdio.h>
| int
| main ()
| {
| 
| #ifndef _snprintf
|   char *p = (char *) _snprintf;
| #endif
| 
|   ;
|   return 0;
| }
configure:29057: result: no
configure:29071: checking whether _snwprintf is declared
configure:29096: gcc -c -g -O2  conftest.c >&5
conftest.c: In function 'main':
conftest.c:122:22: error: '_snwprintf' undeclared (first use in this function)
conftest.c:122:22: note: each undeclared identifier is reported only once for each function it appears in
configure:29102: $? = 1
configure: failed program was:
| /* confdefs.h.  */
| 
| #define PACKAGE_NAME ""
| #define PACKAGE_TARNAME ""
| #define PACKAGE_VERSION ""
| #define PACKAGE_STRING ""
| #define PACKAGE_BUGREPORT ""
| #define PACKAGE "gettext-runtime"
| #define VERSION "0.14"
| #define _GNU_SOURCE 1
| #define __EXTENSIONS__ 1
| #define STDC_HEADERS 1
| #define HAVE_SYS_TYPES_H 1
| #define HAVE_SYS_STAT_H 1
| #define HAVE_STDLIB_H 1
| #define HAVE_STRING_H 1
| #define HAVE_MEMORY_H 1
| #define HAVE_STRINGS_H 1
| #define HAVE_INTTYPES_H 1
| #define HAVE_STDINT_H 1
| #define HAVE_UNISTD_H 1
| #define HAVE_DLFCN_H 1
| #ifdef __cplusplus
| extern "C" void exit (int) throw ();
| #endif
| #define INSTALLPREFIX "/usr/local"
| #define HAVE_STRING_H 1
| #define HAVE__BOOL 1
| #define HAVE_STDBOOL_H 1
| #define HAVE_ALLOCA_H 1
| #define HAVE_ALLOCA 1
| #define HAVE_STDLIB_H 1
| #define HAVE_STRING_H 1
| #define HAVE_STDLIB_H 1
| #define MALLOC_0_IS_NONNULL 1
| #define HAVE_VPRINTF 1
| #define HAVE_SETLOCALE 1
| #define HAVE_STRERROR 1
| #define HAVE_STRTOUL 1
| #define HAVE_ATEXIT 1
| #define HAVE_MEMMOVE 1
| #define HAVE_UNISTD_H 1
| #define HAVE_SETENV 1
| #define HAVE_UNSETENV 1
| #define HAVE_STRERROR 1
| #define HAVE_DECL_CLEARERR_UNLOCKED 1
| #define HAVE_DECL_FEOF_UNLOCKED 1
| #define HAVE_DECL_FERROR_UNLOCKED 1
| #define HAVE_DECL_FFLUSH_UNLOCKED 1
| #define HAVE_DECL_FGETS_UNLOCKED 1
| #define HAVE_DECL_FPUTC_UNLOCKED 1
| #define HAVE_DECL_FPUTS_UNLOCKED 1
| #define HAVE_DECL_FREAD_UNLOCKED 1
| #define HAVE_DECL_FWRITE_UNLOCKED 1
| #define HAVE_DECL_GETC_UNLOCKED 1
| #define HAVE_DECL_GETCHAR_UNLOCKED 1
| #define HAVE_DECL_PUTC_UNLOCKED 1
| #define HAVE_DECL_PUTCHAR_UNLOCKED 1
| #define HAVE_ERROR_AT_LINE 1
| #define HAVE_SYS_PARAM_H 1
| #define HAVE_READLINK 1
| #define HAVE_CANONICALIZE_FILE_NAME 1
| #define HAVE_LONG_LONG 1
| #define HAVE_LONG_DOUBLE 1
| #define HAVE_WCHAR_T 1
| #define HAVE_WINT_T 1
| #define HAVE_INTTYPES_H_WITH_UINTMAX 1
| #define HAVE_STDINT_H_WITH_UINTMAX 1
| #define HAVE_INTMAX_T 1
| #define HAVE_POSIX_PRINTF 1
| #define HAVE_STDLIB_H 1
| #define HAVE_UNISTD_H 1
| #define HAVE_GETPAGESIZE 1
| #define HAVE_MMAP 1
| #define INTDIV0_RAISES_SIGFPE 1
| #define HAVE_UNSIGNED_LONG_LONG 1
| #define HAVE_UINTMAX_T 1
| #define HAVE_INTTYPES_H 1
| #define HAVE_STDINT_H 1
| #define HAVE_STDINT_H 1
| #define HAVE_ARGZ_H 1
| #define HAVE_LIMITS_H 1
| #define HAVE_LOCALE_H 1
| #define HAVE_NL_TYPES_H 1
| #define HAVE_MALLOC_H 1
| #define HAVE_STDDEF_H 1
| #define HAVE_STDLIB_H 1
| #define HAVE_STRING_H 1
| #define HAVE_UNISTD_H 1
| #define HAVE_SYS_PARAM_H 1
| #define HAVE_ASPRINTF 1
| #define HAVE_FWPRINTF 1
| #define HAVE_GETCWD 1
| #define HAVE_GETEGID 1
| #define HAVE_GETEUID 1
| #define HAVE_GETGID 1
| #define HAVE_GETUID 1
| #define HAVE_MEMPCPY 1
| #define HAVE_MUNMAP 1
| #define HAVE_PUTENV 1
| #define HAVE_SETENV 1
| #define HAVE_SETLOCALE 1
| #define HAVE_SNPRINTF 1
| #define HAVE_STPCPY 1
| #define HAVE_STRCASECMP 1
| #define HAVE_STRDUP 1
| #define HAVE_STRTOUL 1
| #define HAVE_TSEARCH 1
| #define HAVE_WCSLEN 1
| #define HAVE___ARGZ_COUNT 1
| #define HAVE___ARGZ_STRINGIFY 1
| #define HAVE___ARGZ_NEXT 1
| #define HAVE___FSETLOCKING 1
| #define HAVE_DECL__SNPRINTF 0
| /* end confdefs.h.  */
| #include <stdio.h>
| int
| main ()
| {
| 
| #ifndef _snwprintf
|   char *p = (char *) _snwprintf;
| #endif
| 
|   ;
|   return 0;
| }
configure:29126: result: no
configure:29141: checking whether feof_unlocked is declared
configure:29196: result: yes
configure:29210: checking whether fgets_unlocked is declared
configure:29265: result: yes
configure:29279: checking whether getc_unlocked is declared
configure:29334: result: yes
configure:29402: checking for iconv
configure:29429: gcc -o conftest -g -O2   conftest.c  >&5
configure:29435: $? = 0
configure:29439: test -z 
			 || test ! -s conftest.err
configure:29442: $? = 0
configure:29445: test -s conftest
configure:29448: $? = 0
configure:29514: result: yes
configure:29537: checking for iconv declaration
configure:29571: gcc -c -g -O2  conftest.c >&5
configure:29577: $? = 0
configure:29581: test -z 
			 || test ! -s conftest.err
configure:29584: $? = 0
configure:29587: test -s conftest.o
configure:29590: $? = 0
configure:29605: result: 
         extern size_t iconv (iconv_t cd, char * *inbuf, size_t *inbytesleft, char * *outbuf, size_t *outbytesleft);
configure:29616: checking for nl_langinfo and CODESET
configure:29637: gcc -o conftest -g -O2   conftest.c  >&5
configure:29643: $? = 0
configure:29647: test -z 
			 || test ! -s conftest.err
configure:29650: $? = 0
configure:29653: test -s conftest
configure:29656: $? = 0
configure:29669: result: yes
configure:29681: checking for LC_MESSAGES
configure:29702: gcc -o conftest -g -O2   conftest.c  >&5
configure:29708: $? = 0
configure:29712: test -z 
			 || test ! -s conftest.err
configure:29715: $? = 0
configure:29718: test -s conftest
configure:29721: $? = 0
configure:29733: result: yes
configure:29749: checking for bison
configure:29765: found /usr/bin/bison
configure:29775: result: bison
configure:29788: checking version of bison
configure:29797: result: 2.5, ok
configure:29819: checking whether NLS is requested
configure:29828: result: yes
configure:29844: checking whether included gettext is requested
configure:29854: result: no
configure:29865: checking for GNU gettext in libc
configure:29889: gcc -o conftest -g -O2   conftest.c  >&5
configure:29895: $? = 0
configure:29899: test -z 
			 || test ! -s conftest.err
configure:29902: $? = 0
configure:29905: test -s conftest
configure:29908: $? = 0
configure:29920: result: yes
configure:30473: checking whether to use NLS
configure:30475: result: yes
configure:30478: checking where the gettext function comes from
configure:30489: result: libc
configure:30585: checking for perl
configure:30603: found /usr/bin/perl
configure:30616: result: /usr/bin/perl
configure:30632: checking for g++
configure:30658: result: g++
configure:30670: checking whether the C++ compiler (g++ -g -O2 ) works
configure:30681: g++ -o conftest -g -O2   conftest.cc  >&5
configure:30684: $? = 0
configure:30702: result: yes
configure:30707: checking whether the C++ compiler supports namespaces
configure:30721: g++ -o conftest -g -O2   conftest.cc  >&5
configure:30724: $? = 0
configure:30737: result: yes
configure:30927: creating ./config.status

## ---------------------- ##
## Running config.status. ##
## ---------------------- ##

This file was extended by config.status, which was
generated by GNU Autoconf 2.59.  Invocation command line was

  CONFIG_FILES    = 
  CONFIG_HEADERS  = 
  CONFIG_LINKS    = 
  CONFIG_COMMANDS = 
  $ ./config.status 

on jeff

config.status:797: creating Makefile
config.status:797: creating doc/Makefile
config.status:797: creating intl/Makefile
config.status:797: creating intl-java/Makefile
config.status:797: creating intl-csharp/Makefile
config.status:797: creating lib/Makefile
config.status:797: creating lib/javacomp.sh
config.status:797: creating lib/csharpcomp.sh
config.status:797: creating src/Makefile
config.status:797: creating po/Makefile.in
config.status:797: creating man/Makefile
config.status:797: creating man/x-to-1
config.status:797: creating m4/Makefile
config.status:916: creating config.h
config.status:1280: config.h is unchanged
config.status:1460: executing depfiles commands
config.status:1460: executing default-1 commands
configure:32496: configuring in libasprintf
configure:32613: running /bin/bash './configure' --prefix=/usr/local  '--prefix=/usr/local' '--cache-file=/dev/null' '--srcdir=.' --cache-file=/dev/null --srcdir=.

## ---------------- ##
## Cache variables. ##
## ---------------- ##

ac_cv_build=i686-pc-linux-gnu
ac_cv_build_alias=i686-pc-linux-gnu
ac_cv_c_compiler_gnu=yes
ac_cv_c_const=yes
ac_cv_c_inline=inline
ac_cv_cxx_compiler_gnu=yes
ac_cv_env_CC_set=
ac_cv_env_CC_value=
ac_cv_env_CFLAGS_set=
ac_cv_env_CFLAGS_value=
ac_cv_env_CPPFLAGS_set=
ac_cv_env_CPPFLAGS_value=
ac_cv_env_CPP_set=
ac_cv_env_CPP_value=
ac_cv_env_CXXCPP_set=
ac_cv_env_CXXCPP_value=
ac_cv_env_CXXFLAGS_set=
ac_cv_env_CXXFLAGS_value=
ac_cv_env_CXX_set=
ac_cv_env_CXX_value=
ac_cv_env_F77_set=
ac_cv_env_F77_value=
ac_cv_env_FFLAGS_set=
ac_cv_env_FFLAGS_value=
ac_cv_env_LDFLAGS_set=
ac_cv_env_LDFLAGS_value=
ac_cv_env_build_alias_set=
ac_cv_env_build_alias_value=
ac_cv_env_host_alias_set=
ac_cv_env_host_alias_value=
ac_cv_env_target_alias_set=
ac_cv_env_target_alias_value=
ac_cv_exeext=
ac_cv_f77_compiler_gnu=no
ac_cv_func___argz_count=yes
ac_cv_func___argz_next=yes
ac_cv_func___argz_stringify=yes
ac_cv_func___fsetlocking=yes
ac_cv_func__doprnt=no
ac_cv_func_alloca_works=yes
ac_cv_func_asprintf=yes
ac_cv_func_atexit=yes
ac_cv_func_canonicalize_file_name=yes
ac_cv_func_fwprintf=yes
ac_cv_func_getcwd=yes
ac_cv_func_getegid=yes
ac_cv_func_geteuid=yes
ac_cv_func_getgid=yes
ac_cv_func_getpagesize=yes
ac_cv_func_getuid=yes
ac_cv_func_malloc_0_nonnull=yes
ac_cv_func_memmove=yes
ac_cv_func_mempcpy=yes
ac_cv_func_mmap_fixed_mapped=yes
ac_cv_func_munmap=yes
ac_cv_func_putenv=yes
ac_cv_func_readlink=yes
ac_cv_func_setenv=yes
ac_cv_func_setlocale=yes
ac_cv_func_snprintf=yes
ac_cv_func_stpcpy=yes
ac_cv_func_strcasecmp=yes
ac_cv_func_strdup=yes
ac_cv_func_strerror=yes
ac_cv_func_strtoul=yes
ac_cv_func_tsearch=yes
ac_cv_func_unsetenv=yes
ac_cv_func_vprintf=yes
ac_cv_func_wcslen=yes
ac_cv_gnu_library_2_1=yes
ac_cv_have_decl__snprintf=no
ac_cv_have_decl__snwprintf=no
ac_cv_have_decl_clearerr_unlocked=yes
ac_cv_have_decl_feof_unlocked=yes
ac_cv_have_decl_ferror_unlocked=yes
ac_cv_have_decl_fflush_unlocked=yes
ac_cv_have_decl_fgets_unlocked=yes
ac_cv_have_decl_fputc_unlocked=yes
ac_cv_have_decl_fputs_unlocked=yes
ac_cv_have_decl_fread_unlocked=yes
ac_cv_have_decl_fwrite_unlocked=yes
ac_cv_have_decl_getc_unlocked=yes
ac_cv_have_decl_getchar_unlocked=yes
ac_cv_have_decl_putc_unlocked=yes
ac_cv_have_decl_putchar_unlocked=yes
ac_cv_header_argz_h=yes
ac_cv_header_dlfcn_h=yes
ac_cv_header_inttypes_h=yes
ac_cv_header_limits_h=yes
ac_cv_header_locale_h=yes
ac_cv_header_malloc_h=yes
ac_cv_header_memory_h=yes
ac_cv_header_nl_types_h=yes
ac_cv_header_stdbool_h=yes
ac_cv_header_stdc=yes
ac_cv_header_stddef_h=yes
ac_cv_header_stdint_h=yes
ac_cv_header_stdlib_h=yes
ac_cv_header_string_h=yes
ac_cv_header_strings_h=yes
ac_cv_header_sys_param_h=yes
ac_cv_header_sys_stat_h=yes
ac_cv_header_sys_types_h=yes
ac_cv_header_unistd_h=yes
ac_cv_host=i686-pc-linux-gnu
ac_cv_host_alias=i686-pc-linux-gnu
ac_cv_objext=o
ac_cv_path_GMSGFMT=/usr/bin/msgfmt
ac_cv_path_MSGFMT=/usr/bin/msgfmt
ac_cv_path_MSGMERGE=/usr/bin/msgmerge
ac_cv_path_PERL=/usr/bin/perl
ac_cv_path_XGETTEXT=/usr/bin/xgettext
ac_cv_path_install='/usr/bin/install -c'
ac_cv_prog_AWK=gawk
ac_cv_prog_CPP='gcc -E'
ac_cv_prog_CXX=g++
ac_cv_prog_CXXCPP='g++ -E'
ac_cv_prog_HAVE_CSCC_IN_PATH=yes
ac_cv_prog_HAVE_JAVAC_IN_PATH=yes
ac_cv_prog_INTLBISON=bison
ac_cv_prog_JAR=jar
ac_cv_prog_YACC='bison -y'
ac_cv_prog_ac_ct_AR=ar
ac_cv_prog_ac_ct_CC=gcc
ac_cv_prog_ac_ct_CXX=g++
ac_cv_prog_ac_ct_RANLIB=ranlib
ac_cv_prog_ac_ct_STRIP=strip
ac_cv_prog_cc_g=yes
ac_cv_prog_cc_stdc=
ac_cv_prog_cxx_cross=no
ac_cv_prog_cxx_g=yes
ac_cv_prog_cxx_works=yes
ac_cv_prog_egrep='grep -E'
ac_cv_prog_f77_g=no
ac_cv_prog_make_make_set=yes
ac_cv_search_strerror='none required'
ac_cv_type__Bool=yes
ac_cv_type_long_long=yes
ac_cv_type_off_t=yes
ac_cv_type_ptrdiff_t=yes
ac_cv_type_size_t=yes
ac_cv_type_unsigned_long_long=yes
ac_cv_working_alloca_h=yes
acl_cv_hardcode_direct=no
acl_cv_hardcode_libdir_flag_spec='${wl}-rpath ${wl}$libdir'
acl_cv_hardcode_libdir_separator=
acl_cv_hardcode_minus_L=no
acl_cv_libext=a
acl_cv_libpath=LD_LIBRARY_PATH
acl_cv_path_LD=/usr/bin/ld
acl_cv_prog_gnu_ld=yes
acl_cv_rpath=done
acl_cv_shlibext=so
acl_cv_shlibpath_var=LD_LIBRARY_PATH
acl_cv_wl=-Wl,
am_cv_CC_dependencies_compiler_type=none
am_cv_CXX_dependencies_compiler_type=none
am_cv_func_iconv=yes
am_cv_langinfo_codeset=yes
am_cv_lib_error_at_line=yes
am_cv_lib_iconv=no
am_cv_proto_iconv='extern size_t iconv (iconv_t cd, char * *inbuf, size_t *inbytesleft, char * *outbuf, size_t *outbytesleft);'
am_cv_proto_iconv_arg1=
am_cv_val_LC_MESSAGES=yes
bh_cv_c_signed=yes
gl_cv_func_malloc_0_nonnull=1
gt_cv_c_intmax_t=yes
gt_cv_c_long_double=yes
gt_cv_c_wchar_t=yes
gt_cv_c_wint_t=yes
gt_cv_func_gnugettext2_libc=yes
gt_cv_func_printf_posix=yes
gt_cv_header_inttypes_h=yes
gt_cv_int_divbyzero_sigfpe=yes
gt_cv_inttypes_pri_broken=no
gt_cv_prog_cxx_namespaces=yes
gt_cv_ssize_t=yes
jm_ac_cv_header_inttypes_h=yes
jm_ac_cv_header_stdint_h=yes
lt_cv_deplibs_check_method=pass_all
lt_cv_file_magic_cmd='$MAGIC_CMD'
lt_cv_file_magic_test_file='/lib/libc.so* /lib/libc-*.so'
lt_cv_ld_reload_flag=-r
lt_cv_objdir=.libs
lt_cv_path_LD=/usr/bin/ld
lt_cv_path_LDCXX=/usr/bin/ld
lt_cv_path_NM='/usr/bin/nm -B'
lt_cv_path_SED=/bin/sed
lt_cv_prog_compiler_c_o=yes
lt_cv_prog_compiler_c_o_CXX=yes
lt_cv_prog_compiler_rtti_exceptions=no
lt_cv_prog_gnu_ld=yes
lt_cv_prog_gnu_ldcxx=yes
lt_cv_sys_global_symbol_pipe='sed -n -e '\''s/^.*[ 	]\([ABCDGISTW][ABCDGISTW]*\)[ 	][ 	]*\(\)\([_A-Za-z][_A-Za-z0-9]*\)$/\1 \2\3 \3/p'\'''
lt_cv_sys_global_symbol_to_c_name_address='sed -n -e '\''s/^: \([^ ]*\) $/  {\"\1\", (lt_ptr) 0},/p'\'' -e '\''s/^[BCDEGRST] \([^ ]*\) \([^ ]*\)$/  {"\2", (lt_ptr) \&\2},/p'\'''
lt_cv_sys_global_symbol_to_cdecl='sed -n -e '\''s/^. .* \(.*\)$/extern int \1;/p'\'''
lt_cv_sys_max_cmd_len=32768
lt_lt_cv_prog_compiler_c_o='"yes"'
lt_lt_cv_prog_compiler_c_o_CXX='"yes"'
lt_lt_cv_sys_global_symbol_pipe='"sed -n -e '\''s/^.*[ 	]\\([ABCDGISTW][ABCDGISTW]*\\)[ 	][ 	]*\\(\\)\\([_A-Za-z][_A-Za-z0-9]*\\)\$/\\1 \\2\\3 \\3/p'\''"'
lt_lt_cv_sys_global_symbol_to_c_name_address='"sed -n -e '\''s/^: \\([^ ]*\\) \$/  {\\\"\\1\\\", (lt_ptr) 0},/p'\'' -e '\''s/^[BCDEGRST] \\([^ ]*\\) \\([^ ]*\\)\$/  {\"\\2\", (lt_ptr) \\&\\2},/p'\''"'
lt_lt_cv_sys_global_symbol_to_cdecl='"sed -n -e '\''s/^. .* \\(.*\\)\$/extern int \\1;/p'\''"'
nls_cv_force_use_gnu_gettext=no
nls_cv_header_intl=
nls_cv_header_libgt=
nls_cv_use_gnu_gettext=no

## ----------------- ##
## Output variables. ##
## ----------------- ##

ACLOCAL='${SHELL} /home/jeff/dev/dev_apps/sand/qca_designer/lib/gettext-0.14/config/missing --run aclocal-1.8'
ALLOCA=''
ALLOCA_H='alloca.h'
AMDEPBACKSLASH='\'
AMDEP_FALSE='#'
AMDEP_TRUE=''
AMTAR='${SHELL} /home/jeff/dev/dev_apps/sand/qca_designer/lib/gettext-0.14/config/missing --run tar'
AR='ar'
AS='as'
AUTOCONF='${SHELL} /home/jeff/dev/dev_apps/sand/qca_designer/lib/gettext-0.14/config/missing --run autoconf'
AUTOHEADER='${SHELL} /home/jeff/dev/dev_apps/sand/qca_designer/lib/gettext-0.14/config/missing --run autoheader'
AUTOMAKE='${SHELL} /home/jeff/dev/dev_apps/sand/qca_designer/lib/gettext-0.14/config/missing --run automake-1.8'
AWK='gawk'
BUILDCSHARP='yes'
BUILDJAVA='yes'
BUILD_INCLUDED_LIBINTL='yes'
CATOBJEXT='.gmo'
CC='gcc'
CCDEPMODE='depmode=none'
CFLAGS='-g -O2'
CLASSPATH=''
CLASSPATH_SEPARATOR=':'
CPP='gcc -E'
CPPFLAGS=''
CROSS_COMPILING='no'
CSHARP_CHOICE='any'
CXX='g++'
CXXCPP='g++ -E'
CXXDEPMODE='depmode=none'
CXXFLAGS='-g -O2'
CYGPATH_W='echo'
DATADIRNAME='share'
DEFS='-DHAVE_CONFIG_H'
DEPDIR='.deps'
DLLTOOL='dlltool'
ECHO='echo'
ECHO_C=''
ECHO_N='-n'
ECHO_T=''
EGREP='grep -E'
EXEEXT=''
F77=''
FFLAGS=''
GENCAT='gencat'
GLIBC21='yes'
GMSGFMT='/usr/bin/msgfmt'
HAVE_ASPRINTF='1'
HAVE_CSC=''
HAVE_CSCC='1'
HAVE_CSCC_IN_PATH='yes'
HAVE_CSC_IN_PATH=''
HAVE_GCJ_C=''
HAVE_GCJ_IN_PATH=''
HAVE_JAVAC='1'
HAVE_JAVAC_IN_PATH='yes'
HAVE_JIKES=''
HAVE_JIKES_IN_PATH=''
HAVE_MCS=''
HAVE_MCS_IN_PATH=''
HAVE_POSIX_PRINTF='1'
HAVE_SNPRINTF='1'
HAVE_WPRINTF='0'
HAVE__BOOL='1'
INSTALL_DATA='${INSTALL} -m 644'
INSTALL_PROGRAM='${INSTALL}'
INSTALL_SCRIPT='${INSTALL}'
INSTALL_STRIP_PROGRAM='${SHELL} $(install_sh) -c -s'
INSTOBJEXT='.mo'
INTLBISON='bison'
INTLLIBS=''
INTLOBJS=''
INTL_LIBTOOL_SUFFIX_PREFIX='l'
JAR='jar'
JAVAC=''
LDFLAGS=''
LIBICONV=''
LIBINTL=''
LIBOBJS=''
LIBS=''
LIBTOOL='$(SHELL) $(top_builddir)/libtool'
LN_S='ln -s'
LTLIBICONV=''
LTLIBINTL=''
LTLIBOBJS=''
MAKEINFO='${SHELL} /home/jeff/dev/dev_apps/sand/qca_designer/lib/gettext-0.14/config/missing --run makeinfo'
MKINSTALLDIRS='$(top_builddir)/../config/mkinstalldirs'
MSGFMT='/usr/bin/msgfmt'
MSGMERGE='/usr/bin/msgmerge'
OBJDUMP='objdump'
OBJEXT='o'
PACKAGE='gettext-runtime'
PACKAGE_BUGREPORT=''
PACKAGE_NAME=''
PACKAGE_STRING=''
PACKAGE_TARNAME=''
PACKAGE_VERSION=''
PATH_SEPARATOR=':'
PERL='/usr/bin/perl'
POSUB='po'
RANLIB='ranlib'
RELOCATABLE='no'
RELOCATABLE_VIA_LD_FALSE=''
RELOCATABLE_VIA_LD_TRUE='#'
SET_MAKE=''
SET_RELOCATABLE=''
SHELL='/bin/bash'
STDBOOL_H=''
STRIP='strip'
SUBDIR_libasprintf='libasprintf'
USE_INCLUDED_LIBINTL='no'
USE_NLS='yes'
VERSION='0.14'
XGETTEXT='/usr/bin/xgettext'
YACC='bison -y'
ac_ct_AR='ar'
ac_ct_AS=''
ac_ct_CC='gcc'
ac_ct_CXX='g++'
ac_ct_DLLTOOL=''
ac_ct_F77=''
ac_ct_OBJDUMP=''
ac_ct_RANLIB='ranlib'
ac_ct_STRIP='strip'
am__fastdepCC_FALSE=''
am__fastdepCC_TRUE='#'
am__fastdepCXX_FALSE=''
am__fastdepCXX_TRUE='#'
am__include='include'
am__leading_dot='.'
am__quote=''
bindir='${exec_prefix}/bin'
build='i686-pc-linux-gnu'
build_alias=''
build_cpu='i686'
build_os='linux-gnu'
build_vendor='pc'
datadir='${prefix}/share'
docdir='${datadir}/doc/gettext'
exec_prefix='${prefix}'
host='i686-pc-linux-gnu'
host_alias=''
host_cpu='i686'
host_os='linux-gnu'
host_vendor='pc'
includedir='${prefix}/include'
infodir='${prefix}/info'
install_sh='/home/jeff/dev/dev_apps/sand/qca_designer/lib/gettext-0.14/config/install-sh'
libdir='${exec_prefix}/lib'
libexecdir='${exec_prefix}/libexec'
localstatedir='${prefix}/var'
mandir='${datadir}/man'
mkdir_p='mkdir -p -- .'
oldincludedir='/usr/include'
prefix='/usr/local'
program_transform_name='s,x,x,'
sbindir='${exec_prefix}/sbin'
sharedstatedir='${prefix}/com'
subdirs=' libasprintf'
sysconfdir='${prefix}/etc'
target_alias=''

## ----------- ##
## confdefs.h. ##
## ----------- ##

#define ENABLE_NLS 1
#define HAVE_ALLOCA 1
#define HAVE_ALLOCA_H 1
#define HAVE_ARGZ_H 1
#define HAVE_ASPRINTF 1
#define HAVE_ATEXIT 1
#define HAVE_CANONICALIZE_FILE_NAME 1
#define HAVE_DCGETTEXT 1
#define HAVE_DECL_CLEARERR_UNLOCKED 1
#define HAVE_DECL_FEOF_UNLOCKED 1
#define HAVE_DECL_FEOF_UNLOCKED 1
#define HAVE_DECL_FERROR_UNLOCKED 1
#define HAVE_DECL_FFLUSH_UNLOCKED 1
#define HAVE_DECL_FGETS_UNLOCKED 1
#define HAVE_DECL_FGETS_UNLOCKED 1
#define HAVE_DECL_FPUTC_UNLOCKED 1
#define HAVE_DECL_FPUTS_UNLOCKED 1
#define HAVE_DECL_FREAD_UNLOCKED 1
#define HAVE_DECL_FWRITE_UNLOCKED 1
#define HAVE_DECL_GETCHAR_UNLOCKED 1
#define HAVE_DECL_GETC_UNLOCKED 1
#define HAVE_DECL_GETC_UNLOCKED 1
#define HAVE_DECL_PUTCHAR_UNLOCKED 1
#define HAVE_DECL_PUTC_UNLOCKED 1
#define HAVE_DECL__SNPRINTF 0
#define HAVE_DECL__SNWPRINTF 0
#define HAVE_DLFCN_H 1
#define HAVE_ERROR_AT_LINE 1
#define HAVE_FWPRINTF 1
#define HAVE_GETCWD 1
#define HAVE_GETEGID 1
#define HAVE_GETEUID 1
#define HAVE_GETGID 1
#define HAVE_GETPAGESIZE 1
#define HAVE_GETTEXT 1
#define HAVE_GETUID 1
#define HAVE_ICONV 1
#define HAVE_INTMAX_T 1
#define HAVE_INTTYPES_H 1
#define HAVE_INTTYPES_H 1
#define HAVE_INTTYPES_H_WITH_UINTMAX 1
#define HAVE_LANGINFO_CODESET 1
#define HAVE_LC_MESSAGES 1
#define HAVE_LIMITS_H 1
#define HAVE_LOCALE_H 1
#define HAVE_LONG_DOUBLE 1
#define HAVE_LONG_LONG 1
#define HAVE_MALLOC_H 1
#define HAVE_MEMMOVE 1
#define HAVE_MEMORY_H 1
#define HAVE_MEMPCPY 1
#define HAVE_MMAP 1
#define HAVE_MUNMAP 1
#define HAVE_NL_TYPES_H 1
#define HAVE_POSIX_PRINTF 1
#define HAVE_PUTENV 1
#define HAVE_READLINK 1
#define HAVE_SETENV 1
#define HAVE_SETENV 1
#define HAVE_SETLOCALE 1
#define HAVE_SETLOCALE 1
#define HAVE_SNPRINTF 1
#define HAVE_STDBOOL_H 1
#define HAVE_STDDEF_H 1
#define HAVE_STDINT_H 1
#define HAVE_STDINT_H 1
#define HAVE_STDINT_H 1
#define HAVE_STDINT_H_WITH_UINTMAX 1
#define HAVE_STDLIB_H 1
#define HAVE_STDLIB_H 1
#define HAVE_STDLIB_H 1
#define HAVE_STDLIB_H 1
#define HAVE_STDLIB_H 1
#define HAVE_STPCPY 1
#define HAVE_STRCASECMP 1
#define HAVE_STRDUP 1
#define HAVE_STRERROR 1
#define HAVE_STRERROR 1
#define HAVE_STRINGS_H 1
#define HAVE_STRING_H 1
#define HAVE_STRING_H 1
#define HAVE_STRING_H 1
#define HAVE_STRING_H 1
#define HAVE_STRTOUL 1
#define HAVE_STRTOUL 1
#define HAVE_SYS_PARAM_H 1
#define HAVE_SYS_PARAM_H 1
#define HAVE_SYS_STAT_H 1
#define HAVE_SYS_TYPES_H 1
#define HAVE_TSEARCH 1
#define HAVE_UINTMAX_T 1
#define HAVE_UNISTD_H 1
#define HAVE_UNISTD_H 1
#define HAVE_UNISTD_H 1
#define HAVE_UNISTD_H 1
#define HAVE_UNSETENV 1
#define HAVE_UNSIGNED_LONG_LONG 1
#define HAVE_VPRINTF 1
#define HAVE_WCHAR_T 1
#define HAVE_WCSLEN 1
#define HAVE_WINT_T 1
#define HAVE__BOOL 1
#define HAVE___ARGZ_COUNT 1
#define HAVE___ARGZ_NEXT 1
#define HAVE___ARGZ_STRINGIFY 1
#define HAVE___FSETLOCKING 1
#define ICONV_CONST 
#define INSTALLPREFIX "/usr/local"
#define INTDIV0_RAISES_SIGFPE 1
#define MALLOC_0_IS_NONNULL 1
#define PACKAGE "gettext-runtime"
#define PACKAGE_BUGREPORT ""
#define PACKAGE_NAME ""
#define PACKAGE_STRING ""
#define PACKAGE_TARNAME ""
#define PACKAGE_VERSION ""
#define STDC_HEADERS 1
#define VERSION "0.14"
#define _GNU_SOURCE 1
#define __EXTENSIONS__ 1
#endif
#ifdef __cplusplus
extern "C" void exit (int) throw ();

configure: exit 0
