This file contains any messages produced by compilers while
running configure, to aid debugging if configure makes a mistake.

It was created by gc configure 6.8, which was
generated by GNU Autoconf 2.60.  Invocation command line was

  $ ./configure --prefix=/usr/local --cache-file=/dev/null --srcdir=.

## --------- ##
## Platform. ##
## --------- ##

hostname = jeff
uname -m = i686
uname -r = 3.5.0-45-generic
uname -s = Linux
uname -v = #68~precise1-Ubuntu SMP Wed Dec 4 16:19:28 UTC 2013

/usr/bin/uname -p = unknown
/bin/uname -X     = unknown

/bin/arch              = unknown
/usr/bin/arch -k       = unknown
/usr/convex/getsysinfo = unknown
/usr/bin/hostinfo      = unknown
/bin/machine           = unknown
/usr/bin/oslevel       = unknown
/bin/universe          = unknown

PATH: /usr/lib/lightdm/lightdm
PATH: /usr/local/sbin
PATH: /usr/local/bin
PATH: /usr/sbin
PATH: /usr/bin
PATH: /sbin
PATH: /bin
PATH: /usr/games


## ----------- ##
## Core tests. ##
## ----------- ##

configure:2001: checking build system type
configure:2019: result: i686-pc-linux-gnu
configure:2041: checking host system type
configure:2056: result: i686-pc-linux-gnu
configure:2078: checking target system type
configure:2093: result: i686-pc-linux-gnu
configure:2124: checking GC version numbers
configure:2162: result: major=6 minor=8 
configure:2180: checking for a BSD-compatible install
configure:2236: result: /usr/bin/install -c
configure:2247: checking whether build environment is sane
configure:2290: result: yes
configure:2355: checking for gawk
configure:2371: found /usr/bin/gawk
configure:2382: result: gawk
configure:2393: checking whether make sets $(MAKE)
configure:2414: result: yes
configure:2650: checking for gcc
configure:2666: found /usr/bin/gcc
configure:2677: result: gcc
configure:2915: checking for C compiler version
configure:2922: gcc --version >&5
gcc (Ubuntu/Linaro 4.6.3-1ubuntu5) 4.6.3
Copyright (C) 2011 Free Software Foundation, Inc.
This is free software; see the source for copying conditions.  There is NO
warranty; not even for MERCHANTABILITY or FITNESS FOR A PARTICULAR PURPOSE.

configure:2925: $? = 0
configure:2932: gcc -v >&5
Using built-in specs.
COLLECT_GCC=gcc
COLLECT_LTO_WRAPPER=/usr/lib/gcc/i686-linux-gnu/4.6/lto-wrapper
Target: i686-linux-gnu
Configured with: ../src/configure -v --with-pkgversion='Ubuntu/Linaro 4.6.3-1ubuntu5' --with-bugurl=file:///usr/share/doc/gcc-4.6/README.Bugs --enable-languages=c,c++,fortran,objc,obj-c++ --prefix=/usr --program-suffix=-4.6 --enable-shared --enable-linker-build-id --with-system-zlib --libexecdir=/usr/lib --without-included-gettext --enable-threads=posix --with-gxx-include-dir=/usr/include/c++/4.6 --libdir=/usr/lib --enable-nls --with-sysroot=/ --enable-clocale=gnu --enable-libstdcxx-debug --enable-libstdcxx-time=yes --enable-gnu-unique-object --enable-plugin --enable-objc-gc --enable-targets=all --disable-werror --with-arch-32=i686 --with-tune=generic --enable-checking=release --build=i686-linux-gnu --host=i686-linux-gnu --target=i686-linux-gnu
Thread model: posix
gcc version 4.6.3 (Ubuntu/Linaro 4.6.3-1ubuntu5) 
configure:2935: $? = 0
configure:2942: gcc -V >&5
gcc: error: unrecognized option '-V'
gcc: fatal error: no input files
compilation terminated.
configure:2945: $? = 4
configure:2968: checking for C compiler default output file name
configure:2995: gcc    conftest.c  >&5
configure:2998: $? = 0
configure:3044: result: a.out
configure:3049: checking whether the C compiler works
configure:3059: ./a.out
configure:3062: $? = 0
configure:3079: result: yes
configure:3086: checking whether we are cross compiling
configure:3088: result: no
configure:3091: checking for suffix of executables
configure:3098: gcc -o conftest    conftest.c  >&5
configure:3101: $? = 0
configure:3125: result: 
configure:3131: checking for suffix of object files
configure:3157: gcc -c   conftest.c >&5
configure:3160: $? = 0
configure:3183: result: o
configure:3187: checking whether we are using the GNU C compiler
configure:3216: gcc -c   conftest.c >&5
configure:3222: $? = 0
configure:3229: test -z "$ac_c_werror_flag" || test ! -s conftest.err
configure:3232: $? = 0
configure:3239: test -s conftest.o
configure:3242: $? = 0
configure:3256: result: yes
configure:3261: checking whether gcc accepts -g
configure:3291: gcc -c -g  conftest.c >&5
configure:3297: $? = 0
configure:3304: test -z "$ac_c_werror_flag" || test ! -s conftest.err
configure:3307: $? = 0
configure:3314: test -s conftest.o
configure:3317: $? = 0
configure:3447: result: yes
configure:3464: checking for gcc option to accept ISO C89
configure:3538: gcc  -c -g -O2  conftest.c >&5
configure:3544: $? = 0
configure:3551: test -z "$ac_c_werror_flag" || test ! -s conftest.err
configure:3554: $? = 0
configure:3561: test -s conftest.o
configure:3564: $? = 0
configure:3584: result: none needed
configure:3613: checking for style of include used by make
configure:3641: result: GNU
configure:3669: checking dependency style of gcc
configure:3759: result: gcc3
configure:3834: checking for g++
configure:3850: found /usr/bin/g++
configure:3861: result: g++
configure:3892: checking for C++ compiler version
configure:3899: g++ --version >&5
g++ (Ubuntu/Linaro 4.6.3-1ubuntu5) 4.6.3
Copyright (C) 2011 Free Software Foundation, Inc.
This is free software; see the source for copying conditions.  There is NO
warranty; not even for MERCHANTABILITY or FITNESS FOR A PARTICULAR PURPOSE.

configure:3902: $? = 0
configure:3909: g++ -v >&5
Using built-in specs.
COLLECT_GCC=g++
COLLECT_LTO_WRAPPER=/usr/lib/gcc/i686-linux-gnu/4.6/lto-wrapper
Target: i686-linux-gnu
Configured with: ../src/configure -v --with-pkgversion='Ubuntu/Linaro 4.6.3-1ubuntu5' --with-bugurl=file:///usr/share/doc/gcc-4.6/README.Bugs --enable-languages=c,c++,fortran,objc,obj-c++ --prefix=/usr --program-suffix=-4.6 --enable-shared --enable-linker-build-id --with-system-zlib --libexecdir=/usr/lib --without-included-gettext --enable-threads=posix --with-gxx-include-dir=/usr/include/c++/4.6 --libdir=/usr/lib --enable-nls --with-sysroot=/ --enable-clocale=gnu --enable-libstdcxx-debug --enable-libstdcxx-time=yes --enable-gnu-unique-object --enable-plugin --enable-objc-gc --enable-targets=all --disable-werror --with-arch-32=i686 --with-tune=generic --enable-checking=release --build=i686-linux-gnu --host=i686-linux-gnu --target=i686-linux-gnu
Thread model: posix
gcc version 4.6.3 (Ubuntu/Linaro 4.6.3-1ubuntu5) 
configure:3912: $? = 0
configure:3919: g++ -V >&5
g++: error: unrecognized option '-V'
g++: fatal error: no input files
compilation terminated.
configure:3922: $? = 4
configure:3925: checking whether we are using the GNU C++ compiler
configure:3954: g++ -c   conftest.cpp >&5
configure:3960: $? = 0
configure:3967: test -z "$ac_cxx_werror_flag" || test ! -s conftest.err
configure:3970: $? = 0
configure:3977: test -s conftest.o
configure:3980: $? = 0
configure:3994: result: yes
configure:3999: checking whether g++ accepts -g
configure:4029: g++ -c -g  conftest.cpp >&5
configure:4035: $? = 0
configure:4042: test -z "$ac_cxx_werror_flag" || test ! -s conftest.err
configure:4045: $? = 0
configure:4052: test -s conftest.o
configure:4055: $? = 0
configure:4185: result: yes
configure:4210: checking dependency style of g++
configure:4300: result: gcc3
configure:4368: checking for ar
configure:4384: found /usr/bin/ar
configure:4395: result: ar
configure:4464: checking for ranlib
configure:4480: found /usr/bin/ranlib
configure:4491: result: ranlib
configure:4531: checking for a BSD-compatible install
configure:4587: result: /usr/bin/install -c
configure:4599: checking whether to enable maintainer-specific portions of Makefiles
configure:4608: result: no
configure:4633: checking for thread model used by GCC
configure:4639: result: posix
configure:4943: checking for xlc
configure:4971: gcc -c -g -O2  conftest.c >&5
conftest.c: In function 'main':
conftest.c:21:4: error: #error 
configure:4977: $? = 1
configure: failed program was:
| /* confdefs.h.  */
| #define PACKAGE_NAME "gc"
| #define PACKAGE_TARNAME "gc"
| #define PACKAGE_VERSION "6.8"
| #define PACKAGE_STRING "gc 6.8"
| #define PACKAGE_BUGREPORT "Hans.Boehm@hp.com"
| #define GC_VERSION_MAJOR 6
| #define GC_VERSION_MINOR 8
| #define PACKAGE "gc"
| #define VERSION "6.8"
| #define GC_LINUX_THREADS 1
| #define _REENTRANT 1
| #define THREAD_LOCAL_ALLOC 1
| /* end confdefs.h.  */
| 
| int
| main ()
| {
| 
|  #ifndef __xlC__
|  # error
|  #endif
| 
|   ;
|   return 0;
| }
configure:5008: result: no
configure:5033: checking for dlopen in -ldl
configure:5068: gcc -o conftest -g -O2   conftest.c -ldl   >&5
configure:5074: $? = 0
configure:5081: test -z "$ac_c_werror_flag" || test ! -s conftest.err
configure:5084: $? = 0
configure:5091: test -s conftest
configure:5094: $? = 0
configure:5108: result: yes
configure:5172: checking whether to build shared libraries
configure:5206: result: yes
configure:5213: checking which machine-dependent code should be used
configure:5276: result: 
configure:5334: checking for a sed that does not truncate output
configure:5388: result: /bin/sed
configure:5391: checking for grep that handles long lines and -e
configure:5465: result: /bin/grep
configure:5470: checking for egrep
configure:5548: result: /bin/grep -E
configure:5564: checking for ld used by gcc
configure:5631: result: /usr/bin/ld
configure:5640: checking if the linker (/usr/bin/ld) is GNU ld
configure:5655: result: yes
configure:5660: checking for /usr/bin/ld option to reload object files
configure:5667: result: -r
configure:5685: checking for BSD-compatible nm
configure:5734: result: /usr/bin/nm -B
configure:5738: checking whether ln -s works
configure:5742: result: yes
configure:5749: checking how to recognise dependent libraries
configure:5925: result: pass_all
configure:6174: checking how to run the C preprocessor
configure:6214: gcc -E  conftest.c
configure:6220: $? = 0
configure:6258: gcc -E  conftest.c
conftest.c:15:28: fatal error: ac_nonexistent.h: No such file or directory
compilation terminated.
configure:6264: $? = 1
configure: failed program was:
| /* confdefs.h.  */
| #define PACKAGE_NAME "gc"
| #define PACKAGE_TARNAME "gc"
| #define PACKAGE_VERSION "6.8"
| #define PACKAGE_STRING "gc 6.8"
| #define PACKAGE_BUGREPORT "Hans.Boehm@hp.com"
| #define GC_VERSION_MAJOR 6
| #define GC_VERSION_MINOR 8
| #define PACKAGE "gc"
| #define VERSION "6.8"
| #define GC_LINUX_THREADS 1
| #define _REENTRANT 1
| #define THREAD_LOCAL_ALLOC 1
| /* end confdefs.h.  */
| #include <ac_nonexistent.h>
configure:6304: result: gcc -E
configure:6333: gcc -E  conftest.c
configure:6339: $? = 0
configure:6377: gcc -E  conftest.c
conftest.c:15:28: fatal error: ac_nonexistent.h: No such file or directory
compilation terminated.
configure:6383: $? = 1
configure: failed program was:
| /* confdefs.h.  */
| #define PACKAGE_NAME "gc"
| #define PACKAGE_TARNAME "gc"
| #define PACKAGE_VERSION "6.8"
| #define PACKAGE_STRING "gc 6.8"
| #define PACKAGE_BUGREPORT "Hans.Boehm@hp.com"
| #define GC_VERSION_MAJOR 6
| #define GC_VERSION_MINOR 8
| #define PACKAGE "gc"
| #define VERSION "6.8"
| #define GC_LINUX_THREADS 1
| #define _REENTRANT 1
| #define THREAD_LOCAL_ALLOC 1
| /* end confdefs.h.  */
| #include <ac_nonexistent.h>
configure:6428: checking for ANSI C header files
configure:6458: gcc -c -g -O2  conftest.c >&5
configure:6464: $? = 0
configure:6471: test -z "$ac_c_werror_flag" || test ! -s conftest.err
configure:6474: $? = 0
configure:6481: test -s conftest.o
configure:6484: $? = 0
configure:6580: gcc -o conftest -g -O2   conftest.c  >&5
configure:6583: $? = 0
configure:6589: ./conftest
configure:6592: $? = 0
configure:6609: result: yes
configure:6633: checking for sys/types.h
configure:6654: gcc -c -g -O2  conftest.c >&5
configure:6660: $? = 0
configure:6667: test -z "$ac_c_werror_flag" || test ! -s conftest.err
configure:6670: $? = 0
configure:6677: test -s conftest.o
configure:6680: $? = 0
configure:6693: result: yes
configure:6633: checking for sys/stat.h
configure:6654: gcc -c -g -O2  conftest.c >&5
configure:6660: $? = 0
configure:6667: test -z "$ac_c_werror_flag" || test ! -s conftest.err
configure:6670: $? = 0
configure:6677: test -s conftest.o
configure:6680: $? = 0
configure:6693: result: yes
configure:6633: checking for stdlib.h
configure:6654: gcc -c -g -O2  conftest.c >&5
configure:6660: $? = 0
configure:6667: test -z "$ac_c_werror_flag" || test ! -s conftest.err
configure:6670: $? = 0
configure:6677: test -s conftest.o
configure:6680: $? = 0
configure:6693: result: yes
configure:6633: checking for string.h
configure:6654: gcc -c -g -O2  conftest.c >&5
configure:6660: $? = 0
configure:6667: test -z "$ac_c_werror_flag" || test ! -s conftest.err
configure:6670: $? = 0
configure:6677: test -s conftest.o
configure:6680: $? = 0
configure:6693: result: yes
configure:6633: checking for memory.h
configure:6654: gcc -c -g -O2  conftest.c >&5
configure:6660: $? = 0
configure:6667: test -z "$ac_c_werror_flag" || test ! -s conftest.err
configure:6670: $? = 0
configure:6677: test -s conftest.o
configure:6680: $? = 0
configure:6693: result: yes
configure:6633: checking for strings.h
configure:6654: gcc -c -g -O2  conftest.c >&5
configure:6660: $? = 0
configure:6667: test -z "$ac_c_werror_flag" || test ! -s conftest.err
configure:6670: $? = 0
configure:6677: test -s conftest.o
configure:6680: $? = 0
configure:6693: result: yes
configure:6633: checking for inttypes.h
configure:6654: gcc -c -g -O2  conftest.c >&5
configure:6660: $? = 0
configure:6667: test -z "$ac_c_werror_flag" || test ! -s conftest.err
configure:6670: $? = 0
configure:6677: test -s conftest.o
configure:6680: $? = 0
configure:6693: result: yes
configure:6633: checking for stdint.h
configure:6654: gcc -c -g -O2  conftest.c >&5
configure:6660: $? = 0
configure:6667: test -z "$ac_c_werror_flag" || test ! -s conftest.err
configure:6670: $? = 0
configure:6677: test -s conftest.o
configure:6680: $? = 0
configure:6693: result: yes
configure:6633: checking for unistd.h
configure:6654: gcc -c -g -O2  conftest.c >&5
configure:6660: $? = 0
configure:6667: test -z "$ac_c_werror_flag" || test ! -s conftest.err
configure:6670: $? = 0
configure:6677: test -s conftest.o
configure:6680: $? = 0
configure:6693: result: yes
configure:6720: checking dlfcn.h usability
configure:6737: gcc -c -g -O2  conftest.c >&5
configure:6743: $? = 0
configure:6750: test -z "$ac_c_werror_flag" || test ! -s conftest.err
configure:6753: $? = 0
configure:6760: test -s conftest.o
configure:6763: $? = 0
configure:6774: result: yes
configure:6778: checking dlfcn.h presence
configure:6793: gcc -E  conftest.c
configure:6799: $? = 0
configure:6820: result: yes
configure:6853: checking for dlfcn.h
configure:6861: result: yes
configure:6884: checking how to run the C++ preprocessor
configure:6920: g++ -E  conftest.cpp
configure:6926: $? = 0
configure:6964: g++ -E  conftest.cpp
conftest.cpp:26:28: fatal error: ac_nonexistent.h: No such file or directory
compilation terminated.
configure:6970: $? = 1
configure: failed program was:
| /* confdefs.h.  */
| #define PACKAGE_NAME "gc"
| #define PACKAGE_TARNAME "gc"
| #define PACKAGE_VERSION "6.8"
| #define PACKAGE_STRING "gc 6.8"
| #define PACKAGE_BUGREPORT "Hans.Boehm@hp.com"
| #define GC_VERSION_MAJOR 6
| #define GC_VERSION_MINOR 8
| #define PACKAGE "gc"
| #define VERSION "6.8"
| #define GC_LINUX_THREADS 1
| #define _REENTRANT 1
| #define THREAD_LOCAL_ALLOC 1
| #define STDC_HEADERS 1
| #define HAVE_SYS_TYPES_H 1
| #define HAVE_SYS_STAT_H 1
| #define HAVE_STDLIB_H 1
| #define HAVE_STRING_H 1
| #define HAVE_MEMORY_H 1
| #define HAVE_STRINGS_H 1
| #define HAVE_INTTYPES_H 1
| #define HAVE_STDINT_H 1
| #define HAVE_UNISTD_H 1
| #define HAVE_DLFCN_H 1
| /* end confdefs.h.  */
| #include <ac_nonexistent.h>
configure:7010: result: g++ -E
configure:7039: g++ -E  conftest.cpp
configure:7045: $? = 0
configure:7083: g++ -E  conftest.cpp
conftest.cpp:26:28: fatal error: ac_nonexistent.h: No such file or directory
compilation terminated.
configure:7089: $? = 1
configure: failed program was:
| /* confdefs.h.  */
| #define PACKAGE_NAME "gc"
| #define PACKAGE_TARNAME "gc"
| #define PACKAGE_VERSION "6.8"
| #define PACKAGE_STRING "gc 6.8"
| #define PACKAGE_BUGREPORT "Hans.Boehm@hp.com"
| #define GC_VERSION_MAJOR 6
| #define GC_VERSION_MINOR 8
| #define PACKAGE "gc"
| #define VERSION "6.8"
| #define GC_LINUX_THREADS 1
| #define _REENTRANT 1
| #define THREAD_LOCAL_ALLOC 1
| #define STDC_HEADERS 1
| #define HAVE_SYS_TYPES_H 1
| #define HAVE_SYS_STAT_H 1
| #define HAVE_STDLIB_H 1
| #define HAVE_STRING_H 1
| #define HAVE_MEMORY_H 1
| #define HAVE_STRINGS_H 1
| #define HAVE_INTTYPES_H 1
| #define HAVE_STDINT_H 1
| #define HAVE_UNISTD_H 1
| #define HAVE_DLFCN_H 1
| /* end confdefs.h.  */
| #include <ac_nonexistent.h>
configure:7189: checking for g77
configure:7219: result: no
configure:7189: checking for f77
configure:7219: result: no
configure:7189: checking for xlf
configure:7219: result: no
configure:7189: checking for frt
configure:7219: result: no
configure:7189: checking for pgf77
configure:7219: result: no
configure:7189: checking for cf77
configure:7219: result: no
configure:7189: checking for fort77
configure:7219: result: no
configure:7189: checking for fl32
configure:7219: result: no
configure:7189: checking for af77
configure:7219: result: no
configure:7189: checking for f90
configure:7219: result: no
configure:7189: checking for xlf90
configure:7219: result: no
configure:7189: checking for pgf90
configure:7219: result: no
configure:7189: checking for pghpf
configure:7219: result: no
configure:7189: checking for epcf90
configure:7219: result: no
configure:7189: checking for gfortran
configure:7219: result: no
configure:7189: checking for g95
configure:7219: result: no
configure:7189: checking for f95
configure:7219: result: no
configure:7189: checking for fort
configure:7219: result: no
configure:7189: checking for xlf95
configure:7219: result: no
configure:7189: checking for ifort
configure:7219: result: no
configure:7189: checking for ifc
configure:7219: result: no
configure:7189: checking for efc
configure:7219: result: no
configure:7189: checking for pgf95
configure:7219: result: no
configure:7189: checking for lf95
configure:7219: result: no
configure:7189: checking for ftn
configure:7219: result: no
configure:7246: checking for Fortran 77 compiler version
configure:7253:  --version >&5
./configure: line 7254: --version: command not found
configure:7256: $? = 127
configure:7263:  -v >&5
./configure: line 7264: -v: command not found
configure:7266: $? = 127
configure:7273:  -V >&5
./configure: line 7274: -V: command not found
configure:7276: $? = 127
configure:7284: checking whether we are using the GNU Fortran 77 compiler
configure:7303:  -c  conftest.F >&5
./configure: line 7304: -c: command not found
configure:7309: $? = 127
configure: failed program was:
|       program main
| #ifndef __GNUC__
|        choke me
| #endif
| 
|       end
configure:7343: result: no
configure:7349: checking whether  accepts -g
configure:7366:  -c -g conftest.f >&5
./configure: line 7367: -c: command not found
configure:7372: $? = 127
configure: failed program was:
|       program main
| 
|       end
configure:7405: result: no
configure:7435: checking the maximum length of command line arguments
configure:7544: result: 32768
configure:7555: checking command to parse /usr/bin/nm -B output from gcc object
configure:7660: gcc -c -g -O2  conftest.c >&5
configure:7663: $? = 0
configure:7667: /usr/bin/nm -B conftest.o \| sed -n -e 's/^.*[ 	]\([ABCDGIRSTW][ABCDGIRSTW]*\)[ 	][ 	]*\([_A-Za-z][_A-Za-z0-9]*\)$/\1 \2 \2/p' \> conftest.nm
configure:7670: $? = 0
configure:7722: gcc -o conftest -g -O2   conftest.c conftstm.o >&5
configure:7725: $? = 0
configure:7763: result: ok
configure:7767: checking for objdir
configure:7782: result: .libs
configure:7874: checking for ar
configure:7901: result: ar
configure:7970: checking for ranlib
configure:7997: result: ranlib
configure:8066: checking for strip
configure:8082: found /usr/bin/strip
configure:8093: result: strip
configure:8379: checking if gcc supports -fno-rtti -fno-exceptions
configure:8397: gcc -c -g -O2  -fno-rtti -fno-exceptions conftest.c >&5
cc1: warning: command line option '-fno-rtti' is valid for C++/ObjC++ but not for C [enabled by default]
configure:8401: $? = 0
configure:8414: result: no
configure:8429: checking for gcc option to produce PIC
configure:8639: result: -fPIC
configure:8647: checking if gcc PIC flag -fPIC works
configure:8665: gcc -c -g -O2  -fPIC -DPIC conftest.c >&5
configure:8669: $? = 0
configure:8682: result: yes
configure:8710: checking if gcc static flag -static works
configure:8738: result: yes
configure:8748: checking if gcc supports -c -o file.o
configure:8769: gcc -c -g -O2  -o out/conftest2.o conftest.c >&5
configure:8773: $? = 0
configure:8795: result: yes
configure:8821: checking whether the gcc linker (/usr/bin/ld) supports shared libraries
configure:9807: result: yes
configure:9828: checking whether -lc should be explicitly linked in
configure:9833: gcc -c -g -O2  conftest.c >&5
configure:9836: $? = 0
configure:9851: gcc -shared conftest.o  -v -Wl,-soname -Wl,conftest -o conftest 2\>\&1 \| grep  -lc  \>/dev/null 2\>\&1
configure:9854: $? = 0
configure:9866: result: no
configure:9874: checking dynamic linker characteristics
configure:10462: result: GNU/Linux ld.so
configure:10471: checking how to hardcode library paths into programs
configure:10496: result: immediate
configure:10510: checking whether stripping libraries is possible
configure:10515: result: yes
configure:11428: checking if libtool supports shared libraries
configure:11430: result: yes
configure:11433: checking whether to build shared libraries
configure:11454: result: yes
configure:11457: checking whether to build static libraries
configure:11461: result: yes
configure:11553: creating libtool
configure:12141: checking for ld used by g++
configure:12208: result: /usr/bin/ld
configure:12217: checking if the linker (/usr/bin/ld) is GNU ld
configure:12232: result: yes
configure:12283: checking whether the g++ linker (/usr/bin/ld) supports shared libraries
configure:13249: result: yes
configure:13267: g++ -c -g -O2  conftest.cpp >&5
configure:13270: $? = 0
configure:13389: checking for g++ option to produce PIC
configure:13663: result: -fPIC
configure:13671: checking if g++ PIC flag -fPIC works
configure:13689: g++ -c -g -O2  -fPIC -DPIC conftest.cpp >&5
configure:13693: $? = 0
configure:13706: result: yes
configure:13734: checking if g++ static flag -static works
configure:13762: result: yes
configure:13772: checking if g++ supports -c -o file.o
configure:13793: g++ -c -g -O2  -o out/conftest2.o conftest.cpp >&5
configure:13797: $? = 0
configure:13819: result: yes
configure:13845: checking whether the g++ linker (/usr/bin/ld) supports shared libraries
configure:13870: result: yes
configure:13937: checking dynamic linker characteristics
configure:14525: result: GNU/Linux ld.so
configure:14534: checking how to hardcode library paths into programs
configure:14559: result: immediate
configure:20778: checking sys/dg_sys_info.h usability
configure:20795: gcc -c -g -O2  conftest.c >&5
conftest.c:59:29: fatal error: sys/dg_sys_info.h: No such file or directory
compilation terminated.
configure:20801: $? = 1
configure: failed program was:
| /* confdefs.h.  */
| #define PACKAGE_NAME "gc"
| #define PACKAGE_TARNAME "gc"
| #define PACKAGE_VERSION "6.8"
| #define PACKAGE_STRING "gc 6.8"
| #define PACKAGE_BUGREPORT "Hans.Boehm@hp.com"
| #define GC_VERSION_MAJOR 6
| #define GC_VERSION_MINOR 8
| #define PACKAGE "gc"
| #define VERSION "6.8"
| #define GC_LINUX_THREADS 1
| #define _REENTRANT 1
| #define THREAD_LOCAL_ALLOC 1
| #define STDC_HEADERS 1
| #define HAVE_SYS_TYPES_H 1
| #define HAVE_SYS_STAT_H 1
| #define HAVE_STDLIB_H 1
| #define HAVE_STRING_H 1
| #define HAVE_MEMORY_H 1
| #define HAVE_STRINGS_H 1
| #define HAVE_INTTYPES_H 1
| #define HAVE_STDINT_H 1
| #define HAVE_UNISTD_H 1
| #define HAVE_DLFCN_H 1
| /* end confdefs.h.  */
| #include <stdio.h>
| #if HAVE_SYS_TYPES_H
| # include <sys/types.h>
| #endif
| #if HAVE_SYS_STAT_H
| # include <sys/stat.h>
| #endif
| #if STDC_HEADERS
| # include <stdlib.h>
| # include <stddef.h>
| #else
| # if HAVE_STDLIB_H
| #  include <stdlib.h>
| # endif
| #endif
| #if HAVE_STRING_H
| # if !STDC_HEADERS && HAVE_MEMORY_H
| #  include <memory.h>
| # endif
| # include <string.h>
| #endif
| #if HAVE_STRINGS_H
| # include <strings.h>
| #endif
| #if HAVE_INTTYPES_H
| # include <inttypes.h>
| #endif
| #if HAVE_STDINT_H
| # include <stdint.h>
| #endif
| #if HAVE_UNISTD_H
| # include <unistd.h>
| #endif
| #include <sys/dg_sys_info.h>
configure:20832: result: no
configure:20836: checking sys/dg_sys_info.h presence
configure:20851: gcc -E  conftest.c
conftest.c:26:29: fatal error: sys/dg_sys_info.h: No such file or directory
compilation terminated.
configure:20857: $? = 1
configure: failed program was:
| /* confdefs.h.  */
| #define PACKAGE_NAME "gc"
| #define PACKAGE_TARNAME "gc"
| #define PACKAGE_VERSION "6.8"
| #define PACKAGE_STRING "gc 6.8"
| #define PACKAGE_BUGREPORT "Hans.Boehm@hp.com"
| #define GC_VERSION_MAJOR 6
| #define GC_VERSION_MINOR 8
| #define PACKAGE "gc"
| #define VERSION "6.8"
| #define GC_LINUX_THREADS 1
| #define _REENTRANT 1
| #define THREAD_LOCAL_ALLOC 1
| #define STDC_HEADERS 1
| #define HAVE_SYS_TYPES_H 1
| #define HAVE_SYS_STAT_H 1
| #define HAVE_STDLIB_H 1
| #define HAVE_STRING_H 1
| #define HAVE_MEMORY_H 1
| #define HAVE_STRINGS_H 1
| #define HAVE_INTTYPES_H 1
| #define HAVE_STDINT_H 1
| #define HAVE_UNISTD_H 1
| #define HAVE_DLFCN_H 1
| /* end confdefs.h.  */
| #include <sys/dg_sys_info.h>
configure:20878: result: no
configure:20911: checking for sys/dg_sys_info.h
configure:20918: result: no
configure:20965: checking whether Solaris gcc optimization fix is necessary
configure:20988: result: no
configure:21424: creating ./config.status

## ---------------------- ##
## Running config.status. ##
## ---------------------- ##

This file was extended by gc config.status 6.8, which was
generated by GNU Autoconf 2.60.  Invocation command line was

  CONFIG_FILES    = 
  CONFIG_HEADERS  = 
  CONFIG_LINKS    = 
  CONFIG_COMMANDS = 
  $ ./config.status 

on jeff

config.status:668: creating Makefile
config.status:668: creating doc/Makefile
config.status:668: creating include/Makefile
config.status:853: executing depfiles commands
config.status:853: executing default commands

## ---------------- ##
## Cache variables. ##
## ---------------- ##

ac_cv_build=i686-pc-linux-gnu
ac_cv_c_compiler_gnu=yes
ac_cv_cxx_compiler_gnu=yes
ac_cv_env_CCASFLAGS_set=
ac_cv_env_CCASFLAGS_value=
ac_cv_env_CCAS_set=
ac_cv_env_CCAS_value=
ac_cv_env_CCC_set=
ac_cv_env_CCC_value=
ac_cv_env_CC_set=
ac_cv_env_CC_value=
ac_cv_env_CFLAGS_set=
ac_cv_env_CFLAGS_value=
ac_cv_env_CPPFLAGS_set=
ac_cv_env_CPPFLAGS_value=
ac_cv_env_CPP_set=
ac_cv_env_CPP_value=
ac_cv_env_CXXCPP_set=
ac_cv_env_CXXCPP_value=
ac_cv_env_CXXFLAGS_set=
ac_cv_env_CXXFLAGS_value=
ac_cv_env_CXX_set=
ac_cv_env_CXX_value=
ac_cv_env_F77_set=
ac_cv_env_F77_value=
ac_cv_env_FFLAGS_set=
ac_cv_env_FFLAGS_value=
ac_cv_env_LDFLAGS_set=
ac_cv_env_LDFLAGS_value=
ac_cv_env_build_alias_set=
ac_cv_env_build_alias_value=
ac_cv_env_host_alias_set=
ac_cv_env_host_alias_value=
ac_cv_env_target_alias_set=
ac_cv_env_target_alias_value=
ac_cv_f77_compiler_gnu=no
ac_cv_header_dlfcn_h=yes
ac_cv_header_inttypes_h=yes
ac_cv_header_memory_h=yes
ac_cv_header_stdc=yes
ac_cv_header_stdint_h=yes
ac_cv_header_stdlib_h=yes
ac_cv_header_string_h=yes
ac_cv_header_strings_h=yes
ac_cv_header_sys_dg_sys_info_h=no
ac_cv_header_sys_stat_h=yes
ac_cv_header_sys_types_h=yes
ac_cv_header_unistd_h=yes
ac_cv_host=i686-pc-linux-gnu
ac_cv_lib_dl_dlopen=yes
ac_cv_objext=o
ac_cv_path_EGREP='/bin/grep -E'
ac_cv_path_GREP=/bin/grep
ac_cv_path_install='/usr/bin/install -c'
ac_cv_prog_AWK=gawk
ac_cv_prog_CPP='gcc -E'
ac_cv_prog_CXXCPP='g++ -E'
ac_cv_prog_ac_ct_AR=ar
ac_cv_prog_ac_ct_CC=gcc
ac_cv_prog_ac_ct_CXX=g++
ac_cv_prog_ac_ct_RANLIB=ranlib
ac_cv_prog_ac_ct_STRIP=strip
ac_cv_prog_cc_c89=
ac_cv_prog_cc_g=yes
ac_cv_prog_cxx_g=yes
ac_cv_prog_f77_g=no
ac_cv_prog_make_make_set=yes
ac_cv_target=i686-pc-linux-gnu
am_cv_CC_dependencies_compiler_type=gcc3
am_cv_CXX_dependencies_compiler_type=gcc3
lt_cv_deplibs_check_method=pass_all
lt_cv_file_magic_cmd='$MAGIC_CMD'
lt_cv_file_magic_test_file=
lt_cv_ld_reload_flag=-r
lt_cv_objdir=.libs
lt_cv_path_LD=/usr/bin/ld
lt_cv_path_LDCXX=/usr/bin/ld
lt_cv_path_NM='/usr/bin/nm -B'
lt_cv_path_SED=/bin/sed
lt_cv_prog_compiler_c_o=yes
lt_cv_prog_compiler_c_o_CXX=yes
lt_cv_prog_compiler_rtti_exceptions=no
lt_cv_prog_gnu_ld=yes
lt_cv_prog_gnu_ldcxx=yes
lt_cv_sys_global_symbol_pipe='sed -n -e '\''s/^.*[ 	]\([ABCDGIRSTW][ABCDGIRSTW]*\)[ 	][ 	]*\([_A-Za-z][_A-Za-z0-9]*\)$/\1 \2 \2/p'\'''
lt_cv_sys_global_symbol_to_c_name_address='sed -n -e '\''s/^: \([^ ]*\) $/  {\"\1\", (lt_ptr) 0},/p'\'' -e '\''s/^[BCDEGRST] \([^ ]*\) \([^ ]*\)$/  {"\2", (lt_ptr) \&\2},/p'\'''
lt_cv_sys_global_symbol_to_cdecl='sed -n -e '\''s/^. .* \(.*\)$/extern int \1;/p'\'''
lt_cv_sys_max_cmd_len=32768
lt_lt_cv_prog_compiler_c_o='"yes"'
lt_lt_cv_prog_compiler_c_o_CXX='"yes"'
lt_lt_cv_sys_global_symbol_pipe='"sed -n -e '\''s/^.*[ 	]\\([ABCDGIRSTW][ABCDGIRSTW]*\\)[ 	][ 	]*\\([_A-Za-z][_A-Za-z0-9]*\\)\$/\\1 \\2 \\2/p'\''"'
lt_lt_cv_sys_global_symbol_to_c_name_address='"sed -n -e '\''s/^: \\([^ ]*\\) \$/  {\\\"\\1\\\", (lt_ptr) 0},/p'\'' -e '\''s/^[BCDEGRST] \\([^ ]*\\) \\([^ ]*\\)\$/  {\"\\2\", (lt_ptr) \\&\\2},/p'\''"'
lt_lt_cv_sys_global_symbol_to_cdecl='"sed -n -e '\''s/^. .* \\(.*\\)\$/extern int \\1;/p'\''"'

## ----------------- ##
## Output variables. ##
## ----------------- ##

ACLOCAL='${SHELL} /home/jeff/dev/dev_apps/sand/qca_designer/lib/pnet-0.8.0/libgc/missing --run aclocal-1.9'
AMDEPBACKSLASH='\'
AMDEP_FALSE='#'
AMDEP_TRUE=''
AMTAR='${SHELL} /home/jeff/dev/dev_apps/sand/qca_designer/lib/pnet-0.8.0/libgc/missing --run tar'
AR='ar'
AUTOCONF='${SHELL} /home/jeff/dev/dev_apps/sand/qca_designer/lib/pnet-0.8.0/libgc/missing --run autoconf'
AUTOHEADER='${SHELL} /home/jeff/dev/dev_apps/sand/qca_designer/lib/pnet-0.8.0/libgc/missing --run autoheader'
AUTOMAKE='${SHELL} /home/jeff/dev/dev_apps/sand/qca_designer/lib/pnet-0.8.0/libgc/missing --run automake-1.9'
AWK='gawk'
CC='gcc'
CCAS='gcc'
CCASFLAGS='-g -O2'
CCDEPMODE='depmode=gcc3'
CFLAGS='-g -O2'
COMPILER_XLC_FALSE=''
COMPILER_XLC_TRUE='#'
CPLUSPLUS_FALSE=''
CPLUSPLUS_TRUE='#'
CPP='gcc -E'
CPPFLAGS=''
CXX='g++'
CXXCPP='g++ -E'
CXXDEPMODE='depmode=gcc3'
CXXFLAGS='-g -O2'
CXXINCLUDES=''
CYGPATH_W='echo'
DEFS='-DPACKAGE_NAME=\"gc\" -DPACKAGE_TARNAME=\"gc\" -DPACKAGE_VERSION=\"6.8\" -DPACKAGE_STRING=\"gc\ 6.8\" -DPACKAGE_BUGREPORT=\"Hans.Boehm@hp.com\" -DGC_VERSION_MAJOR=6 -DGC_VERSION_MINOR=8 -DPACKAGE=\"gc\" -DVERSION=\"6.8\" -DGC_LINUX_THREADS=1 -D_REENTRANT=1 -DTHREAD_LOCAL_ALLOC=1 -DSTDC_HEADERS=1 -DHAVE_SYS_TYPES_H=1 -DHAVE_SYS_STAT_H=1 -DHAVE_STDLIB_H=1 -DHAVE_STRING_H=1 -DHAVE_MEMORY_H=1 -DHAVE_STRINGS_H=1 -DHAVE_INTTYPES_H=1 -DHAVE_STDINT_H=1 -DHAVE_UNISTD_H=1 -DHAVE_DLFCN_H=1 -DSILENT=1 -DNO_SIGNALS=1 -DNO_EXECUTE_PERMISSION=1 -DALL_INTERIOR_POINTERS=1 -DJAVA_FINALIZATION=1 -DGC_GCJ_SUPPORT=1 -DATOMIC_UNCOLLECTABLE=1'
DEPDIR='.deps'
ECHO='echo'
ECHO_C=''
ECHO_N='-n'
ECHO_T=''
EGREP='/bin/grep -E'
EXEEXT=''
EXTRA_TEST_LIBS=''
F77=''
FFLAGS=''
GC_CFLAGS=' -fexceptions'
GC_VERSION=''
GREP='/bin/grep'
INCLUDES='-I./include'
INSTALL_DATA='${INSTALL} -m 644'
INSTALL_PROGRAM='${INSTALL}'
INSTALL_SCRIPT='${INSTALL}'
INSTALL_STRIP_PROGRAM='${SHELL} $(install_sh) -c -s'
LDFLAGS=''
LIBOBJS=''
LIBS=''
LIBTOOL='$(SHELL) $(top_builddir)/libtool'
LN_S='ln -s'
LTLIBOBJS=''
MAINT='#'
MAINTAINER_MODE_FALSE=''
MAINTAINER_MODE_TRUE='#'
MAKEINFO='${SHELL} /home/jeff/dev/dev_apps/sand/qca_designer/lib/pnet-0.8.0/libgc/missing --run makeinfo'
MY_CFLAGS='-g -O2'
OBJEXT='o'
PACKAGE='gc'
PACKAGE_BUGREPORT='Hans.Boehm@hp.com'
PACKAGE_NAME='gc'
PACKAGE_STRING='gc 6.8'
PACKAGE_TARNAME='gc'
PACKAGE_VERSION='6.8'
PATH_SEPARATOR=':'
POWERPC_DARWIN_FALSE=''
POWERPC_DARWIN_TRUE='#'
RANLIB='ranlib'
SET_MAKE=''
SHELL='/bin/bash'
STRIP='strip'
THREADDLLIBS='-lpthread -ldl'
UNWINDLIBS=''
USE_LIBDIR_FALSE='#'
USE_LIBDIR_TRUE=''
VERSION='6.8'
ac_ct_CC='gcc'
ac_ct_CXX='g++'
ac_ct_F77=''
addincludes=''
addlibs=''
addobjs=' mach_dep.lo'
addtests=''
am__fastdepCC_FALSE='#'
am__fastdepCC_TRUE=''
am__fastdepCXX_FALSE='#'
am__fastdepCXX_TRUE=''
am__include='include'
am__leading_dot='.'
am__quote=''
am__tar='${AMTAR} chof - "$$tardir"'
am__untar='${AMTAR} xf -'
bindir='${exec_prefix}/bin'
build='i686-pc-linux-gnu'
build_alias=''
build_cpu='i686'
build_os='linux-gnu'
build_vendor='pc'
datadir='${datarootdir}'
datarootdir='${prefix}/share'
docdir='${datarootdir}/doc/${PACKAGE_TARNAME}'
dvidir='${docdir}'
exec_prefix='${prefix}'
host='i686-pc-linux-gnu'
host_alias=''
host_cpu='i686'
host_os='linux-gnu'
host_vendor='pc'
htmldir='${docdir}'
includedir='${prefix}/include'
infodir='${datarootdir}/info'
install_sh='/home/jeff/dev/dev_apps/sand/qca_designer/lib/pnet-0.8.0/libgc/install-sh'
libdir='${exec_prefix}/lib'
libexecdir='${exec_prefix}/libexec'
localedir='${datarootdir}/locale'
localstatedir='${prefix}/var'
mandir='${datarootdir}/man'
mkdir_p='mkdir -p --'
oldincludedir='/usr/include'
pdfdir='${docdir}'
prefix='/usr/local'
program_transform_name='s,x,x,'
psdir='${docdir}'
sbindir='${exec_prefix}/sbin'
sharedstatedir='${prefix}/com'
sysconfdir='${prefix}/etc'
target='i686-pc-linux-gnu'
target_alias=''
target_all='libgc.la'
target_cpu='i686'
target_os='linux-gnu'
target_vendor='pc'

## ----------- ##
## confdefs.h. ##
## ----------- ##

#define PACKAGE_NAME "gc"
#define PACKAGE_TARNAME "gc"
#define PACKAGE_VERSION "6.8"
#define PACKAGE_STRING "gc 6.8"
#define PACKAGE_BUGREPORT "Hans.Boehm@hp.com"
#define GC_VERSION_MAJOR 6
#define GC_VERSION_MINOR 8
#define PACKAGE "gc"
#define VERSION "6.8"
#define GC_LINUX_THREADS 1
#define _REENTRANT 1
#define THREAD_LOCAL_ALLOC 1
#define STDC_HEADERS 1
#define HAVE_SYS_TYPES_H 1
#define HAVE_SYS_STAT_H 1
#define HAVE_STDLIB_H 1
#define HAVE_STRING_H 1
#define HAVE_MEMORY_H 1
#define HAVE_STRINGS_H 1
#define HAVE_INTTYPES_H 1
#define HAVE_STDINT_H 1
#define HAVE_UNISTD_H 1
#define HAVE_DLFCN_H 1
#define SILENT 1
#define NO_SIGNALS 1
#define NO_EXECUTE_PERMISSION 1
#define ALL_INTERIOR_POINTERS 1
#define JAVA_FINALIZATION 1
#define GC_GCJ_SUPPORT 1
#define ATOMIC_UNCOLLECTABLE 1

configure: exit 0
