This file contains any messages produced by compilers while
running configure, to aid debugging if configure makes a mistake.

It was created by libffi configure 2.1, which was
generated by GNU Autoconf 2.60.  Invocation command line was

  $ ./configure --prefix=/usr/local --cache-file=/dev/null --srcdir=.

## --------- ##
## Platform. ##
## --------- ##

hostname = jeff
uname -m = i686
uname -r = 3.5.0-45-generic
uname -s = Linux
uname -v = #68~precise1-Ubuntu SMP Wed Dec 4 16:19:28 UTC 2013

/usr/bin/uname -p = unknown
/bin/uname -X     = unknown

/bin/arch              = unknown
/usr/bin/arch -k       = unknown
/usr/convex/getsysinfo = unknown
/usr/bin/hostinfo      = unknown
/bin/machine           = unknown
/usr/bin/oslevel       = unknown
/bin/universe          = unknown

PATH: /usr/lib/lightdm/lightdm
PATH: /usr/local/sbin
PATH: /usr/local/bin
PATH: /usr/sbin
PATH: /usr/bin
PATH: /sbin
PATH: /bin
PATH: /usr/games


## ----------- ##
## Core tests. ##
## ----------- ##

configure:2024: checking build system type
configure:2042: result: i686-pc-linux-gnu
configure:2064: checking host system type
configure:2079: result: i686-pc-linux-gnu
configure:2101: checking target system type
configure:2116: result: i686-pc-linux-gnu
configure:2162: checking for a BSD-compatible install
configure:2218: result: /usr/bin/install -c
configure:2229: checking whether build environment is sane
configure:2272: result: yes
configure:2337: checking for gawk
configure:2353: found /usr/bin/gawk
configure:2364: result: gawk
configure:2375: checking whether make sets $(MAKE)
configure:2396: result: yes
configure:2636: checking for gcc
configure:2652: found /usr/bin/gcc
configure:2663: result: gcc
configure:2901: checking for C compiler version
configure:2908: gcc --version >&5
gcc (Ubuntu/Linaro 4.6.3-1ubuntu5) 4.6.3
Copyright (C) 2011 Free Software Foundation, Inc.
This is free software; see the source for copying conditions.  There is NO
warranty; not even for MERCHANTABILITY or FITNESS FOR A PARTICULAR PURPOSE.

configure:2911: $? = 0
configure:2918: gcc -v >&5
Using built-in specs.
COLLECT_GCC=gcc
COLLECT_LTO_WRAPPER=/usr/lib/gcc/i686-linux-gnu/4.6/lto-wrapper
Target: i686-linux-gnu
Configured with: ../src/configure -v --with-pkgversion='Ubuntu/Linaro 4.6.3-1ubuntu5' --with-bugurl=file:///usr/share/doc/gcc-4.6/README.Bugs --enable-languages=c,c++,fortran,objc,obj-c++ --prefix=/usr --program-suffix=-4.6 --enable-shared --enable-linker-build-id --with-system-zlib --libexecdir=/usr/lib --without-included-gettext --enable-threads=posix --with-gxx-include-dir=/usr/include/c++/4.6 --libdir=/usr/lib --enable-nls --with-sysroot=/ --enable-clocale=gnu --enable-libstdcxx-debug --enable-libstdcxx-time=yes --enable-gnu-unique-object --enable-plugin --enable-objc-gc --enable-targets=all --disable-werror --with-arch-32=i686 --with-tune=generic --enable-checking=release --build=i686-linux-gnu --host=i686-linux-gnu --target=i686-linux-gnu
Thread model: posix
gcc version 4.6.3 (Ubuntu/Linaro 4.6.3-1ubuntu5) 
configure:2921: $? = 0
configure:2928: gcc -V >&5
gcc: error: unrecognized option '-V'
gcc: fatal error: no input files
compilation terminated.
configure:2931: $? = 4
configure:2954: checking for C compiler default output file name
configure:2981: gcc    conftest.c  >&5
configure:2984: $? = 0
configure:3030: result: a.out
configure:3035: checking whether the C compiler works
configure:3045: ./a.out
configure:3048: $? = 0
configure:3065: result: yes
configure:3072: checking whether we are cross compiling
configure:3074: result: no
configure:3077: checking for suffix of executables
configure:3084: gcc -o conftest    conftest.c  >&5
configure:3087: $? = 0
configure:3111: result: 
configure:3117: checking for suffix of object files
configure:3143: gcc -c   conftest.c >&5
configure:3146: $? = 0
configure:3169: result: o
configure:3173: checking whether we are using the GNU C compiler
configure:3202: gcc -c   conftest.c >&5
configure:3208: $? = 0
configure:3215: test -z "$ac_c_werror_flag" || test ! -s conftest.err
configure:3218: $? = 0
configure:3225: test -s conftest.o
configure:3228: $? = 0
configure:3242: result: yes
configure:3247: checking whether gcc accepts -g
configure:3277: gcc -c -g  conftest.c >&5
configure:3283: $? = 0
configure:3290: test -z "$ac_c_werror_flag" || test ! -s conftest.err
configure:3293: $? = 0
configure:3300: test -s conftest.o
configure:3303: $? = 0
configure:3433: result: yes
configure:3450: checking for gcc option to accept ISO C89
configure:3524: gcc  -c -g -O2  conftest.c >&5
configure:3530: $? = 0
configure:3537: test -z "$ac_c_werror_flag" || test ! -s conftest.err
configure:3540: $? = 0
configure:3547: test -s conftest.o
configure:3550: $? = 0
configure:3570: result: none needed
configure:3599: checking for style of include used by make
configure:3627: result: GNU
configure:3655: checking dependency style of gcc
configure:3745: result: gcc3
configure:3774: checking whether gcc and cc understand -c and -o together
configure:3809: gcc -c conftest.c -o conftest2.o >&5
configure:3812: $? = 0
configure:3818: gcc -c conftest.c -o conftest2.o >&5
configure:3821: $? = 0
configure:3832: cc -c conftest.c >&5
configure:3835: $? = 0
configure:3843: cc -c conftest.c -o conftest2.o >&5
configure:3846: $? = 0
configure:3852: cc -c conftest.c -o conftest2.o >&5
configure:3855: $? = 0
configure:3873: result: yes
configure:3970: checking for a sed that does not truncate output
configure:4024: result: /bin/sed
configure:4027: checking for grep that handles long lines and -e
configure:4101: result: /bin/grep
configure:4106: checking for egrep
configure:4184: result: /bin/grep -E
configure:4200: checking for ld used by gcc
configure:4267: result: /usr/bin/ld
configure:4276: checking if the linker (/usr/bin/ld) is GNU ld
configure:4291: result: yes
configure:4296: checking for /usr/bin/ld option to reload object files
configure:4303: result: -r
configure:4321: checking for BSD-compatible nm
configure:4370: result: /usr/bin/nm -B
configure:4374: checking whether ln -s works
configure:4378: result: yes
configure:4385: checking how to recognise dependent libraries
configure:4561: result: pass_all
configure:4811: checking how to run the C preprocessor
configure:4851: gcc -E  conftest.c
configure:4857: $? = 0
configure:4895: gcc -E  conftest.c
conftest.c:10:28: fatal error: ac_nonexistent.h: No such file or directory
compilation terminated.
configure:4901: $? = 1
configure: failed program was:
| /* confdefs.h.  */
| #define PACKAGE_NAME "libffi"
| #define PACKAGE_TARNAME "libffi"
| #define PACKAGE_VERSION "2.1"
| #define PACKAGE_STRING "libffi 2.1"
| #define PACKAGE_BUGREPORT "http://gcc.gnu.org/bugs.html"
| #define PACKAGE "libffi"
| #define VERSION "2.1"
| /* end confdefs.h.  */
| #include <ac_nonexistent.h>
configure:4941: result: gcc -E
configure:4970: gcc -E  conftest.c
configure:4976: $? = 0
configure:5014: gcc -E  conftest.c
conftest.c:10:28: fatal error: ac_nonexistent.h: No such file or directory
compilation terminated.
configure:5020: $? = 1
configure: failed program was:
| /* confdefs.h.  */
| #define PACKAGE_NAME "libffi"
| #define PACKAGE_TARNAME "libffi"
| #define PACKAGE_VERSION "2.1"
| #define PACKAGE_STRING "libffi 2.1"
| #define PACKAGE_BUGREPORT "http://gcc.gnu.org/bugs.html"
| #define PACKAGE "libffi"
| #define VERSION "2.1"
| /* end confdefs.h.  */
| #include <ac_nonexistent.h>
configure:5065: checking for ANSI C header files
configure:5095: gcc -c -g -O2  conftest.c >&5
configure:5101: $? = 0
configure:5108: test -z "$ac_c_werror_flag" || test ! -s conftest.err
configure:5111: $? = 0
configure:5118: test -s conftest.o
configure:5121: $? = 0
configure:5217: gcc -o conftest -g -O2   conftest.c  >&5
configure:5220: $? = 0
configure:5226: ./conftest
configure:5229: $? = 0
configure:5246: result: yes
configure:5270: checking for sys/types.h
configure:5291: gcc -c -g -O2  conftest.c >&5
configure:5297: $? = 0
configure:5304: test -z "$ac_c_werror_flag" || test ! -s conftest.err
configure:5307: $? = 0
configure:5314: test -s conftest.o
configure:5317: $? = 0
configure:5330: result: yes
configure:5270: checking for sys/stat.h
configure:5291: gcc -c -g -O2  conftest.c >&5
configure:5297: $? = 0
configure:5304: test -z "$ac_c_werror_flag" || test ! -s conftest.err
configure:5307: $? = 0
configure:5314: test -s conftest.o
configure:5317: $? = 0
configure:5330: result: yes
configure:5270: checking for stdlib.h
configure:5291: gcc -c -g -O2  conftest.c >&5
configure:5297: $? = 0
configure:5304: test -z "$ac_c_werror_flag" || test ! -s conftest.err
configure:5307: $? = 0
configure:5314: test -s conftest.o
configure:5317: $? = 0
configure:5330: result: yes
configure:5270: checking for string.h
configure:5291: gcc -c -g -O2  conftest.c >&5
configure:5297: $? = 0
configure:5304: test -z "$ac_c_werror_flag" || test ! -s conftest.err
configure:5307: $? = 0
configure:5314: test -s conftest.o
configure:5317: $? = 0
configure:5330: result: yes
configure:5270: checking for memory.h
configure:5291: gcc -c -g -O2  conftest.c >&5
configure:5297: $? = 0
configure:5304: test -z "$ac_c_werror_flag" || test ! -s conftest.err
configure:5307: $? = 0
configure:5314: test -s conftest.o
configure:5317: $? = 0
configure:5330: result: yes
configure:5270: checking for strings.h
configure:5291: gcc -c -g -O2  conftest.c >&5
configure:5297: $? = 0
configure:5304: test -z "$ac_c_werror_flag" || test ! -s conftest.err
configure:5307: $? = 0
configure:5314: test -s conftest.o
configure:5317: $? = 0
configure:5330: result: yes
configure:5270: checking for inttypes.h
configure:5291: gcc -c -g -O2  conftest.c >&5
configure:5297: $? = 0
configure:5304: test -z "$ac_c_werror_flag" || test ! -s conftest.err
configure:5307: $? = 0
configure:5314: test -s conftest.o
configure:5317: $? = 0
configure:5330: result: yes
configure:5270: checking for stdint.h
configure:5291: gcc -c -g -O2  conftest.c >&5
configure:5297: $? = 0
configure:5304: test -z "$ac_c_werror_flag" || test ! -s conftest.err
configure:5307: $? = 0
configure:5314: test -s conftest.o
configure:5317: $? = 0
configure:5330: result: yes
configure:5270: checking for unistd.h
configure:5291: gcc -c -g -O2  conftest.c >&5
configure:5297: $? = 0
configure:5304: test -z "$ac_c_werror_flag" || test ! -s conftest.err
configure:5307: $? = 0
configure:5314: test -s conftest.o
configure:5317: $? = 0
configure:5330: result: yes
configure:5357: checking dlfcn.h usability
configure:5374: gcc -c -g -O2  conftest.c >&5
configure:5380: $? = 0
configure:5387: test -z "$ac_c_werror_flag" || test ! -s conftest.err
configure:5390: $? = 0
configure:5397: test -s conftest.o
configure:5400: $? = 0
configure:5411: result: yes
configure:5415: checking dlfcn.h presence
configure:5430: gcc -E  conftest.c
configure:5436: $? = 0
configure:5457: result: yes
configure:5490: checking for dlfcn.h
configure:5498: result: yes
configure:5569: checking for g++
configure:5585: found /usr/bin/g++
configure:5596: result: g++
configure:5627: checking for C++ compiler version
configure:5634: g++ --version >&5
g++ (Ubuntu/Linaro 4.6.3-1ubuntu5) 4.6.3
Copyright (C) 2011 Free Software Foundation, Inc.
This is free software; see the source for copying conditions.  There is NO
warranty; not even for MERCHANTABILITY or FITNESS FOR A PARTICULAR PURPOSE.

configure:5637: $? = 0
configure:5644: g++ -v >&5
Using built-in specs.
COLLECT_GCC=g++
COLLECT_LTO_WRAPPER=/usr/lib/gcc/i686-linux-gnu/4.6/lto-wrapper
Target: i686-linux-gnu
Configured with: ../src/configure -v --with-pkgversion='Ubuntu/Linaro 4.6.3-1ubuntu5' --with-bugurl=file:///usr/share/doc/gcc-4.6/README.Bugs --enable-languages=c,c++,fortran,objc,obj-c++ --prefix=/usr --program-suffix=-4.6 --enable-shared --enable-linker-build-id --with-system-zlib --libexecdir=/usr/lib --without-included-gettext --enable-threads=posix --with-gxx-include-dir=/usr/include/c++/4.6 --libdir=/usr/lib --enable-nls --with-sysroot=/ --enable-clocale=gnu --enable-libstdcxx-debug --enable-libstdcxx-time=yes --enable-gnu-unique-object --enable-plugin --enable-objc-gc --enable-targets=all --disable-werror --with-arch-32=i686 --with-tune=generic --enable-checking=release --build=i686-linux-gnu --host=i686-linux-gnu --target=i686-linux-gnu
Thread model: posix
gcc version 4.6.3 (Ubuntu/Linaro 4.6.3-1ubuntu5) 
configure:5647: $? = 0
configure:5654: g++ -V >&5
g++: error: unrecognized option '-V'
g++: fatal error: no input files
compilation terminated.
configure:5657: $? = 4
configure:5660: checking whether we are using the GNU C++ compiler
configure:5689: g++ -c   conftest.cpp >&5
configure:5695: $? = 0
configure:5702: test -z "$ac_cxx_werror_flag" || test ! -s conftest.err
configure:5705: $? = 0
configure:5712: test -s conftest.o
configure:5715: $? = 0
configure:5729: result: yes
configure:5734: checking whether g++ accepts -g
configure:5764: g++ -c -g  conftest.cpp >&5
configure:5770: $? = 0
configure:5777: test -z "$ac_cxx_werror_flag" || test ! -s conftest.err
configure:5780: $? = 0
configure:5787: test -s conftest.o
configure:5790: $? = 0
configure:5920: result: yes
configure:5945: checking dependency style of g++
configure:6035: result: gcc3
configure:6062: checking how to run the C++ preprocessor
configure:6098: g++ -E  conftest.cpp
configure:6104: $? = 0
configure:6142: g++ -E  conftest.cpp
conftest.cpp:21:28: fatal error: ac_nonexistent.h: No such file or directory
compilation terminated.
configure:6148: $? = 1
configure: failed program was:
| /* confdefs.h.  */
| #define PACKAGE_NAME "libffi"
| #define PACKAGE_TARNAME "libffi"
| #define PACKAGE_VERSION "2.1"
| #define PACKAGE_STRING "libffi 2.1"
| #define PACKAGE_BUGREPORT "http://gcc.gnu.org/bugs.html"
| #define PACKAGE "libffi"
| #define VERSION "2.1"
| #define STDC_HEADERS 1
| #define HAVE_SYS_TYPES_H 1
| #define HAVE_SYS_STAT_H 1
| #define HAVE_STDLIB_H 1
| #define HAVE_STRING_H 1
| #define HAVE_MEMORY_H 1
| #define HAVE_STRINGS_H 1
| #define HAVE_INTTYPES_H 1
| #define HAVE_STDINT_H 1
| #define HAVE_UNISTD_H 1
| #define HAVE_DLFCN_H 1
| /* end confdefs.h.  */
| #include <ac_nonexistent.h>
configure:6188: result: g++ -E
configure:6217: g++ -E  conftest.cpp
configure:6223: $? = 0
configure:6261: g++ -E  conftest.cpp
conftest.cpp:21:28: fatal error: ac_nonexistent.h: No such file or directory
compilation terminated.
configure:6267: $? = 1
configure: failed program was:
| /* confdefs.h.  */
| #define PACKAGE_NAME "libffi"
| #define PACKAGE_TARNAME "libffi"
| #define PACKAGE_VERSION "2.1"
| #define PACKAGE_STRING "libffi 2.1"
| #define PACKAGE_BUGREPORT "http://gcc.gnu.org/bugs.html"
| #define PACKAGE "libffi"
| #define VERSION "2.1"
| #define STDC_HEADERS 1
| #define HAVE_SYS_TYPES_H 1
| #define HAVE_SYS_STAT_H 1
| #define HAVE_STDLIB_H 1
| #define HAVE_STRING_H 1
| #define HAVE_MEMORY_H 1
| #define HAVE_STRINGS_H 1
| #define HAVE_INTTYPES_H 1
| #define HAVE_STDINT_H 1
| #define HAVE_UNISTD_H 1
| #define HAVE_DLFCN_H 1
| /* end confdefs.h.  */
| #include <ac_nonexistent.h>
configure:6367: checking for g77
configure:6397: result: no
configure:6367: checking for f77
configure:6397: result: no
configure:6367: checking for xlf
configure:6397: result: no
configure:6367: checking for frt
configure:6397: result: no
configure:6367: checking for pgf77
configure:6397: result: no
configure:6367: checking for cf77
configure:6397: result: no
configure:6367: checking for fort77
configure:6397: result: no
configure:6367: checking for fl32
configure:6397: result: no
configure:6367: checking for af77
configure:6397: result: no
configure:6367: checking for f90
configure:6397: result: no
configure:6367: checking for xlf90
configure:6397: result: no
configure:6367: checking for pgf90
configure:6397: result: no
configure:6367: checking for pghpf
configure:6397: result: no
configure:6367: checking for epcf90
configure:6397: result: no
configure:6367: checking for gfortran
configure:6397: result: no
configure:6367: checking for g95
configure:6397: result: no
configure:6367: checking for f95
configure:6397: result: no
configure:6367: checking for fort
configure:6397: result: no
configure:6367: checking for xlf95
configure:6397: result: no
configure:6367: checking for ifort
configure:6397: result: no
configure:6367: checking for ifc
configure:6397: result: no
configure:6367: checking for efc
configure:6397: result: no
configure:6367: checking for pgf95
configure:6397: result: no
configure:6367: checking for lf95
configure:6397: result: no
configure:6367: checking for ftn
configure:6397: result: no
configure:6424: checking for Fortran 77 compiler version
configure:6431:  --version >&5
./configure: line 6432: --version: command not found
configure:6434: $? = 127
configure:6441:  -v >&5
./configure: line 6442: -v: command not found
configure:6444: $? = 127
configure:6451:  -V >&5
./configure: line 6452: -V: command not found
configure:6454: $? = 127
configure:6462: checking whether we are using the GNU Fortran 77 compiler
configure:6481:  -c  conftest.F >&5
./configure: line 6482: -c: command not found
configure:6487: $? = 127
configure: failed program was:
|       program main
| #ifndef __GNUC__
|        choke me
| #endif
| 
|       end
configure:6521: result: no
configure:6527: checking whether  accepts -g
configure:6544:  -c -g conftest.f >&5
./configure: line 6545: -c: command not found
configure:6550: $? = 127
configure: failed program was:
|       program main
| 
|       end
configure:6583: result: no
configure:6613: checking the maximum length of command line arguments
configure:6722: result: 32768
configure:6733: checking command to parse /usr/bin/nm -B output from gcc object
configure:6838: gcc -c -g -O2  conftest.c >&5
configure:6841: $? = 0
configure:6845: /usr/bin/nm -B conftest.o \| sed -n -e 's/^.*[ 	]\([ABCDGIRSTW][ABCDGIRSTW]*\)[ 	][ 	]*\([_A-Za-z][_A-Za-z0-9]*\)$/\1 \2 \2/p' \> conftest.nm
configure:6848: $? = 0
configure:6900: gcc -o conftest -g -O2   conftest.c conftstm.o >&5
configure:6903: $? = 0
configure:6941: result: ok
configure:6945: checking for objdir
configure:6960: result: .libs
configure:7052: checking for ar
configure:7068: found /usr/bin/ar
configure:7079: result: ar
configure:7148: checking for ranlib
configure:7164: found /usr/bin/ranlib
configure:7175: result: ranlib
configure:7244: checking for strip
configure:7260: found /usr/bin/strip
configure:7271: result: strip
configure:7557: checking if gcc supports -fno-rtti -fno-exceptions
configure:7575: gcc -c -g -O2  -fno-rtti -fno-exceptions conftest.c >&5
cc1: warning: command line option '-fno-rtti' is valid for C++/ObjC++ but not for C [enabled by default]
configure:7579: $? = 0
configure:7592: result: no
configure:7607: checking for gcc option to produce PIC
configure:7817: result: -fPIC
configure:7825: checking if gcc PIC flag -fPIC works
configure:7843: gcc -c -g -O2  -fPIC -DPIC conftest.c >&5
configure:7847: $? = 0
configure:7860: result: yes
configure:7888: checking if gcc static flag -static works
configure:7916: result: yes
configure:7926: checking if gcc supports -c -o file.o
configure:7947: gcc -c -g -O2  -o out/conftest2.o conftest.c >&5
configure:7951: $? = 0
configure:7973: result: yes
configure:7999: checking whether the gcc linker (/usr/bin/ld) supports shared libraries
configure:8985: result: yes
configure:9006: checking whether -lc should be explicitly linked in
configure:9011: gcc -c -g -O2  conftest.c >&5
configure:9014: $? = 0
configure:9029: gcc -shared conftest.o  -v -Wl,-soname -Wl,conftest -o conftest 2\>\&1 \| grep  -lc  \>/dev/null 2\>\&1
configure:9032: $? = 0
configure:9044: result: no
configure:9052: checking dynamic linker characteristics
configure:9640: result: GNU/Linux ld.so
configure:9649: checking how to hardcode library paths into programs
configure:9674: result: immediate
configure:9688: checking whether stripping libraries is possible
configure:9693: result: yes
configure:10606: checking if libtool supports shared libraries
configure:10608: result: yes
configure:10611: checking whether to build shared libraries
configure:10632: result: yes
configure:10635: checking whether to build static libraries
configure:10639: result: yes
configure:10731: creating libtool
configure:11319: checking for ld used by g++
configure:11386: result: /usr/bin/ld
configure:11395: checking if the linker (/usr/bin/ld) is GNU ld
configure:11410: result: yes
configure:11461: checking whether the g++ linker (/usr/bin/ld) supports shared libraries
configure:12427: result: yes
configure:12445: g++ -c -g -O2  conftest.cpp >&5
configure:12448: $? = 0
configure:12567: checking for g++ option to produce PIC
configure:12841: result: -fPIC
configure:12849: checking if g++ PIC flag -fPIC works
configure:12867: g++ -c -g -O2  -fPIC -DPIC conftest.cpp >&5
configure:12871: $? = 0
configure:12884: result: yes
configure:12912: checking if g++ static flag -static works
configure:12940: result: yes
configure:12950: checking if g++ supports -c -o file.o
configure:12971: g++ -c -g -O2  -o out/conftest2.o conftest.cpp >&5
configure:12975: $? = 0
configure:12997: result: yes
configure:13023: checking whether the g++ linker (/usr/bin/ld) supports shared libraries
configure:13048: result: yes
configure:13115: checking dynamic linker characteristics
configure:13703: result: GNU/Linux ld.so
configure:13712: checking how to hardcode library paths into programs
configure:13737: result: immediate
configure:19942: checking whether to enable maintainer-specific portions of Makefiles
configure:19951: result: no
configure:19982: checking sys/mman.h usability
configure:19999: gcc -c -g -O2  conftest.c >&5
configure:20005: $? = 0
configure:20012: test -z "$ac_c_werror_flag" || test ! -s conftest.err
configure:20015: $? = 0
configure:20022: test -s conftest.o
configure:20025: $? = 0
configure:20036: result: yes
configure:20040: checking sys/mman.h presence
configure:20055: gcc -E  conftest.c
configure:20061: $? = 0
configure:20082: result: yes
configure:20115: checking for sys/mman.h
configure:20123: result: yes
configure:20140: checking for mmap
configure:20196: gcc -o conftest -g -O2   conftest.c  >&5
configure:20202: $? = 0
configure:20209: test -z "$ac_c_werror_flag" || test ! -s conftest.err
configure:20212: $? = 0
configure:20219: test -s conftest
configure:20222: $? = 0
configure:20236: result: yes
configure:20248: checking for sys/mman.h
configure:20253: result: yes
configure:20408: checking for mmap
configure:20503: result: yes
configure:20517: checking whether read-only mmap of a plain file works
configure:20534: result: yes
configure:20536: checking whether mmap from /dev/zero works
configure:20558: result: yes
configure:20562: checking for MAP_ANON(YMOUS)
configure:20595: gcc -c -g -O2  conftest.c >&5
configure:20601: $? = 0
configure:20608: test -z "$ac_c_werror_flag" || test ! -s conftest.err
configure:20611: $? = 0
configure:20618: test -s conftest.o
configure:20621: $? = 0
configure:20633: result: yes
configure:20639: checking whether mmap with MAP_ANON(YMOUS) works
configure:20656: result: yes
configure:20965: checking for ANSI C header files
configure:21146: result: yes
configure:21160: checking for memcpy
configure:21216: gcc -o conftest -g -O2   conftest.c  >&5
conftest.c:50:6: warning: conflicting types for built-in function 'memcpy' [enabled by default]
configure:21222: $? = 0
configure:21229: test -z "$ac_c_werror_flag" || test ! -s conftest.err
configure:21232: $? = 0
configure:21239: test -s conftest
configure:21242: $? = 0
configure:21256: result: yes
configure:21268: checking for working alloca.h
configure:21295: gcc -o conftest -g -O2   conftest.c  >&5
configure:21301: $? = 0
configure:21308: test -z "$ac_c_werror_flag" || test ! -s conftest.err
configure:21311: $? = 0
configure:21318: test -s conftest
configure:21321: $? = 0
configure:21334: result: yes
configure:21344: checking for alloca
configure:21391: gcc -o conftest -g -O2   conftest.c  >&5
configure:21397: $? = 0
configure:21404: test -z "$ac_c_werror_flag" || test ! -s conftest.err
configure:21407: $? = 0
configure:21414: test -s conftest
configure:21417: $? = 0
configure:21430: result: yes
configure:21674: checking for double
configure:21704: gcc -c -g -O2  conftest.c >&5
configure:21710: $? = 0
configure:21717: test -z "$ac_c_werror_flag" || test ! -s conftest.err
configure:21720: $? = 0
configure:21727: test -s conftest.o
configure:21730: $? = 0
configure:21742: result: yes
configure:21745: checking size of double
configure:22133: gcc -o conftest -g -O2   conftest.c  >&5
configure:22136: $? = 0
configure:22142: ./conftest
configure:22145: $? = 0
configure:22167: result: 8
configure:22174: checking for long double
configure:22204: gcc -c -g -O2  conftest.c >&5
configure:22210: $? = 0
configure:22217: test -z "$ac_c_werror_flag" || test ! -s conftest.err
configure:22220: $? = 0
configure:22227: test -s conftest.o
configure:22230: $? = 0
configure:22242: result: yes
configure:22245: checking size of long double
configure:22633: gcc -o conftest -g -O2   conftest.c  >&5
configure:22636: $? = 0
configure:22642: ./conftest
configure:22645: $? = 0
configure:22667: result: 12
configure:22689: checking whether byte ordering is bigendian
configure:22721: gcc -c -g -O2  conftest.c >&5
configure:22727: $? = 0
configure:22734: test -z "$ac_c_werror_flag" || test ! -s conftest.err
configure:22737: $? = 0
configure:22744: test -s conftest.o
configure:22747: $? = 0
configure:22776: gcc -c -g -O2  conftest.c >&5
conftest.c: In function 'main':
conftest.c:40:2: error: unknown type name 'not'
conftest.c:40:10: error: expected '=', ',', ';', 'asm' or '__attribute__' before 'endian'
configure:22782: $? = 1
configure: failed program was:
| /* confdefs.h.  */
| #define PACKAGE_NAME "libffi"
| #define PACKAGE_TARNAME "libffi"
| #define PACKAGE_VERSION "2.1"
| #define PACKAGE_STRING "libffi 2.1"
| #define PACKAGE_BUGREPORT "http://gcc.gnu.org/bugs.html"
| #define PACKAGE "libffi"
| #define VERSION "2.1"
| #define STDC_HEADERS 1
| #define HAVE_SYS_TYPES_H 1
| #define HAVE_SYS_STAT_H 1
| #define HAVE_STDLIB_H 1
| #define HAVE_STRING_H 1
| #define HAVE_MEMORY_H 1
| #define HAVE_STRINGS_H 1
| #define HAVE_INTTYPES_H 1
| #define HAVE_STDINT_H 1
| #define HAVE_UNISTD_H 1
| #define HAVE_DLFCN_H 1
| #define HAVE_SYS_MMAN_H 1
| #define HAVE_MMAP 1
| #define HAVE_MMAP_FILE 1
| #define HAVE_MMAP_DEV_ZERO 1
| #define HAVE_MMAP_ANON 1
| #define STDC_HEADERS 1
| #define HAVE_MEMCPY 1
| #define HAVE_ALLOCA_H 1
| #define HAVE_ALLOCA 1
| #define SIZEOF_DOUBLE 8
| #define SIZEOF_LONG_DOUBLE 12
| #define HAVE_LONG_DOUBLE 1
| /* end confdefs.h.  */
| #include <sys/types.h>
| #include <sys/param.h>
| 
| int
| main ()
| {
| #if BYTE_ORDER != BIG_ENDIAN
|  not big endian
| #endif
| 
|   ;
|   return 0;
| }
configure:22956: result: no
configure:23138: checking whether .eh_frame section should be read-only
configure:23157: result: no
configure:23178: checking for __attribute__((visibility("hidden")))
configure:23187: gcc -Werror -S conftest.c -o conftest.s 1>&5
configure:23190: $? = 0
configure:23199: result: yes
configure:23580: creating ./config.status

## ---------------------- ##
## Running config.status. ##
## ---------------------- ##

This file was extended by libffi config.status 2.1, which was
generated by GNU Autoconf 2.60.  Invocation command line was

  CONFIG_FILES    = 
  CONFIG_HEADERS  = 
  CONFIG_LINKS    = 
  CONFIG_COMMANDS = 
  $ ./config.status 

on jeff

config.status:717: creating include/Makefile
config.status:717: creating include/ffi.h
config.status:717: creating Makefile
config.status:717: creating fficonfig.h
config.status:1002: linking ./src/x86/ffitarget.h to include/ffitarget.h
config.status:1024: executing depfiles commands
config.status:1024: executing include commands
config.status:1024: executing src commands

## ---------------- ##
## Cache variables. ##
## ---------------- ##

ac_cv_build=i686-pc-linux-gnu
ac_cv_c_bigendian=no
ac_cv_c_compiler_gnu=yes
ac_cv_cxx_compiler_gnu=yes
ac_cv_decl_map_anon=yes
ac_cv_env_CCASFLAGS_set=
ac_cv_env_CCASFLAGS_value=
ac_cv_env_CCAS_set=
ac_cv_env_CCAS_value=
ac_cv_env_CCC_set=
ac_cv_env_CCC_value=
ac_cv_env_CPPFLAGS_set=
ac_cv_env_CPPFLAGS_value=
ac_cv_env_CPP_set=
ac_cv_env_CPP_value=
ac_cv_env_CXXCPP_set=
ac_cv_env_CXXCPP_value=
ac_cv_env_CXXFLAGS_set=
ac_cv_env_CXXFLAGS_value=
ac_cv_env_CXX_set=
ac_cv_env_CXX_value=
ac_cv_env_F77_set=
ac_cv_env_F77_value=
ac_cv_env_FFLAGS_set=
ac_cv_env_FFLAGS_value=
ac_cv_env_LDFLAGS_set=
ac_cv_env_LDFLAGS_value=
ac_cv_env_build_alias_set=
ac_cv_env_build_alias_value=
ac_cv_env_host_alias_set=
ac_cv_env_host_alias_value=
ac_cv_env_target_alias_set=
ac_cv_env_target_alias_value=
ac_cv_f77_compiler_gnu=no
ac_cv_func_alloca_works=yes
ac_cv_func_memcpy=yes
ac_cv_func_mmap=yes
ac_cv_func_mmap_anon=yes
ac_cv_func_mmap_dev_zero=yes
ac_cv_func_mmap_file=yes
ac_cv_header_dlfcn_h=yes
ac_cv_header_inttypes_h=yes
ac_cv_header_memory_h=yes
ac_cv_header_stdc=yes
ac_cv_header_stdint_h=yes
ac_cv_header_stdlib_h=yes
ac_cv_header_string_h=yes
ac_cv_header_strings_h=yes
ac_cv_header_sys_mman_h=yes
ac_cv_header_sys_stat_h=yes
ac_cv_header_sys_types_h=yes
ac_cv_header_unistd_h=yes
ac_cv_host=i686-pc-linux-gnu
ac_cv_objext=o
ac_cv_path_EGREP='/bin/grep -E'
ac_cv_path_GREP=/bin/grep
ac_cv_path_install='/usr/bin/install -c'
ac_cv_prog_AWK=gawk
ac_cv_prog_CPP='gcc -E'
ac_cv_prog_CXXCPP='g++ -E'
ac_cv_prog_ac_ct_AR=ar
ac_cv_prog_ac_ct_CC=gcc
ac_cv_prog_ac_ct_CXX=g++
ac_cv_prog_ac_ct_RANLIB=ranlib
ac_cv_prog_ac_ct_STRIP=strip
ac_cv_prog_cc_c89=
ac_cv_prog_cc_g=yes
ac_cv_prog_cc_gcc_c_o=yes
ac_cv_prog_cxx_g=yes
ac_cv_prog_f77_g=no
ac_cv_prog_make_make_set=yes
ac_cv_sizeof_double=8
ac_cv_sizeof_long_double=12
ac_cv_target=i686-pc-linux-gnu
ac_cv_type_double=yes
ac_cv_type_long_double=yes
ac_cv_working_alloca_h=yes
am_cv_CC_dependencies_compiler_type=gcc3
am_cv_CXX_dependencies_compiler_type=gcc3
libffi_cv_hidden_visibility_attribute=yes
libffi_cv_ro_eh_frame=no
lt_cv_deplibs_check_method=pass_all
lt_cv_file_magic_cmd='$MAGIC_CMD'
lt_cv_file_magic_test_file=
lt_cv_ld_reload_flag=-r
lt_cv_objdir=.libs
lt_cv_path_LD=/usr/bin/ld
lt_cv_path_LDCXX=/usr/bin/ld
lt_cv_path_NM='/usr/bin/nm -B'
lt_cv_path_SED=/bin/sed
lt_cv_prog_compiler_c_o=yes
lt_cv_prog_compiler_c_o_CXX=yes
lt_cv_prog_compiler_rtti_exceptions=no
lt_cv_prog_gnu_ld=yes
lt_cv_prog_gnu_ldcxx=yes
lt_cv_sys_global_symbol_pipe='sed -n -e '\''s/^.*[ 	]\([ABCDGIRSTW][ABCDGIRSTW]*\)[ 	][ 	]*\([_A-Za-z][_A-Za-z0-9]*\)$/\1 \2 \2/p'\'''
lt_cv_sys_global_symbol_to_c_name_address='sed -n -e '\''s/^: \([^ ]*\) $/  {\"\1\", (lt_ptr) 0},/p'\'' -e '\''s/^[BCDEGRST] \([^ ]*\) \([^ ]*\)$/  {"\2", (lt_ptr) \&\2},/p'\'''
lt_cv_sys_global_symbol_to_cdecl='sed -n -e '\''s/^. .* \(.*\)$/extern int \1;/p'\'''
lt_cv_sys_max_cmd_len=32768
lt_lt_cv_prog_compiler_c_o='"yes"'
lt_lt_cv_prog_compiler_c_o_CXX='"yes"'
lt_lt_cv_sys_global_symbol_pipe='"sed -n -e '\''s/^.*[ 	]\\([ABCDGIRSTW][ABCDGIRSTW]*\\)[ 	][ 	]*\\([_A-Za-z][_A-Za-z0-9]*\\)\$/\\1 \\2 \\2/p'\''"'
lt_lt_cv_sys_global_symbol_to_c_name_address='"sed -n -e '\''s/^: \\([^ ]*\\) \$/  {\\\"\\1\\\", (lt_ptr) 0},/p'\'' -e '\''s/^[BCDEGRST] \\([^ ]*\\) \\([^ ]*\\)\$/  {\"\\2\", (lt_ptr) \\&\\2},/p'\''"'
lt_lt_cv_sys_global_symbol_to_cdecl='"sed -n -e '\''s/^. .* \\(.*\\)\$/extern int \\1;/p'\''"'

## ----------------- ##
## Output variables. ##
## ----------------- ##

ACLOCAL='${SHELL} /home/jeff/dev/dev_apps/sand/qca_designer/lib/pnet-0.8.0/missing --run aclocal-1.9'
ALLOCA=''
ALPHA_FALSE=''
ALPHA_TRUE='#'
AMDEPBACKSLASH='\'
AMDEP_FALSE='#'
AMDEP_TRUE=''
AMTAR='${SHELL} /home/jeff/dev/dev_apps/sand/qca_designer/lib/pnet-0.8.0/missing --run tar'
AM_RUNTESTFLAGS=''
AR='ar'
ARM_FALSE=''
ARM_TRUE='#'
AUTOCONF='${SHELL} /home/jeff/dev/dev_apps/sand/qca_designer/lib/pnet-0.8.0/missing --run autoconf'
AUTOHEADER='${SHELL} /home/jeff/dev/dev_apps/sand/qca_designer/lib/pnet-0.8.0/missing --run autoheader'
AUTOMAKE='${SHELL} /home/jeff/dev/dev_apps/sand/qca_designer/lib/pnet-0.8.0/missing --run automake-1.9'
AWK='gawk'
CC='gcc'
CCAS='gcc'
CCASFLAGS='-g -O2'
CCDEPMODE='depmode=gcc3'
CFLAGS='-g -O2'
CPP='gcc -E'
CPPFLAGS=''
CXX='g++'
CXXCPP='g++ -E'
CXXDEPMODE='depmode=gcc3'
CXXFLAGS='-g -O2'
CYGPATH_W='echo'
DEFS='-DHAVE_CONFIG_H'
DEPDIR='.deps'
ECHO='echo'
ECHO_C=''
ECHO_N='-n'
ECHO_T=''
EGREP='/bin/grep -E'
EXEEXT=''
F77=''
FFLAGS=''
FRV_FALSE=''
FRV_TRUE='#'
GREP='/bin/grep'
HAVE_LONG_DOUBLE='1'
IA64_FALSE=''
IA64_TRUE='#'
INSTALL_DATA='${INSTALL} -m 644'
INSTALL_PROGRAM='${INSTALL}'
INSTALL_SCRIPT='${INSTALL}'
INSTALL_STRIP_PROGRAM='${SHELL} $(install_sh) -c -s'
LDFLAGS=''
LIBFFI_CRIS_FALSE=''
LIBFFI_CRIS_TRUE='#'
LIBOBJS=''
LIBS=''
LIBTOOL='$(SHELL) $(top_builddir)/libtool'
LN_S='ln -s'
LTLIBOBJS=''
M32R_FALSE=''
M32R_TRUE='#'
M68K_FALSE=''
M68K_TRUE='#'
MAINT='#'
MAINTAINER_MODE_FALSE=''
MAINTAINER_MODE_TRUE='#'
MAKEINFO='${SHELL} /home/jeff/dev/dev_apps/sand/qca_designer/lib/pnet-0.8.0/missing --run makeinfo'
MIPS_IRIX_FALSE=''
MIPS_IRIX_TRUE='#'
MIPS_LINUX_FALSE=''
MIPS_LINUX_TRUE='#'
OBJEXT='o'
PACKAGE='libffi'
PACKAGE_BUGREPORT='http://gcc.gnu.org/bugs.html'
PACKAGE_NAME='libffi'
PACKAGE_STRING='libffi 2.1'
PACKAGE_TARNAME='libffi'
PACKAGE_VERSION='2.1'
PATH_SEPARATOR=':'
PA_FALSE=''
PA_TRUE='#'
POWERPC_AIX_FALSE=''
POWERPC_AIX_TRUE='#'
POWERPC_DARWIN_FALSE=''
POWERPC_DARWIN_TRUE='#'
POWERPC_FALSE=''
POWERPC_FREEBSD_FALSE=''
POWERPC_FREEBSD_TRUE='#'
POWERPC_TRUE='#'
RANLIB='ranlib'
S390_FALSE=''
S390_TRUE='#'
SET_MAKE=''
SH64_FALSE=''
SH64_TRUE='#'
SHELL='/bin/bash'
SH_FALSE=''
SH_TRUE='#'
SPARC_FALSE=''
SPARC_TRUE='#'
STRIP='strip'
TARGET='X86'
TARGETDIR='x86'
TESTSUBDIR_FALSE=''
TESTSUBDIR_TRUE='#'
VERSION='2.1'
X86_64_FALSE=''
X86_64_TRUE='#'
X86_FALSE='#'
X86_TRUE=''
X86_WIN32_FALSE=''
X86_WIN32_TRUE='#'
ac_ct_CC='gcc'
ac_ct_CXX='g++'
ac_ct_F77=''
am__fastdepCC_FALSE='#'
am__fastdepCC_TRUE=''
am__fastdepCXX_FALSE='#'
am__fastdepCXX_TRUE=''
am__include='include'
am__leading_dot='.'
am__quote=''
am__tar='${AMTAR} chof - "$$tardir"'
am__untar='${AMTAR} xf -'
bindir='${exec_prefix}/bin'
build='i686-pc-linux-gnu'
build_alias=''
build_cpu='i686'
build_os='linux-gnu'
build_vendor='pc'
datadir='${datarootdir}'
datarootdir='${prefix}/share'
docdir='${datarootdir}/doc/${PACKAGE_TARNAME}'
dvidir='${docdir}'
exec_prefix='${prefix}'
host='i686-pc-linux-gnu'
host_alias=''
host_cpu='i686'
host_os='linux-gnu'
host_vendor='pc'
htmldir='${docdir}'
includedir='${prefix}/include'
infodir='${datarootdir}/info'
install_sh='/home/jeff/dev/dev_apps/sand/qca_designer/lib/pnet-0.8.0/install-sh'
libdir='${exec_prefix}/lib'
libexecdir='${exec_prefix}/libexec'
localedir='${datarootdir}/locale'
localstatedir='${prefix}/var'
mandir='${datarootdir}/man'
mkdir_p='mkdir -p --'
oldincludedir='/usr/include'
pdfdir='${docdir}'
prefix='/usr/local'
program_transform_name='s,x,x,'
psdir='${docdir}'
sbindir='${exec_prefix}/sbin'
sharedstatedir='${prefix}/com'
sysconfdir='${prefix}/etc'
target='i686-pc-linux-gnu'
target_alias=''
target_cpu='i686'
target_os='linux-gnu'
target_vendor='pc'
toolexecdir='$(libdir)/gcc-lib/$(target_alias)'
toolexeclibdir='$(libdir)/../lib'

## ----------- ##
## confdefs.h. ##
## ----------- ##

#define PACKAGE_NAME "libffi"
#define PACKAGE_TARNAME "libffi"
#define PACKAGE_VERSION "2.1"
#define PACKAGE_STRING "libffi 2.1"
#define PACKAGE_BUGREPORT "http://gcc.gnu.org/bugs.html"
#define PACKAGE "libffi"
#define VERSION "2.1"
#define STDC_HEADERS 1
#define HAVE_SYS_TYPES_H 1
#define HAVE_SYS_STAT_H 1
#define HAVE_STDLIB_H 1
#define HAVE_STRING_H 1
#define HAVE_MEMORY_H 1
#define HAVE_STRINGS_H 1
#define HAVE_INTTYPES_H 1
#define HAVE_STDINT_H 1
#define HAVE_UNISTD_H 1
#define HAVE_DLFCN_H 1
#define HAVE_SYS_MMAN_H 1
#define HAVE_MMAP 1
#define HAVE_MMAP_FILE 1
#define HAVE_MMAP_DEV_ZERO 1
#define HAVE_MMAP_ANON 1
#define STDC_HEADERS 1
#define HAVE_MEMCPY 1
#define HAVE_ALLOCA_H 1
#define HAVE_ALLOCA 1
#define SIZEOF_DOUBLE 8
#define SIZEOF_LONG_DOUBLE 12
#define HAVE_LONG_DOUBLE 1
#define EH_FRAME_FLAGS "aw"
#define HAVE_HIDDEN_VISIBILITY_ATTRIBUTE 1

configure: exit 0
