The system is: Linux - 3.5.0-45-generic - i686
Compiling the C compiler identification source file "CMakeCCompilerId.c" succeeded.
Compiler: /usr/bin/cc 
Build flags: 
Id flags: 

The output was:
0


Compilation of the C compiler identification source "CMakeCCompilerId.c" produced "a.out"

The C compiler identification is GNU, found in "/home/jeff/dev/dev_apps/sand/ogre/ogre_src_v1-8-1/build/CMakeFiles/2.8.12/CompilerIdC/a.out"

Compiling the CXX compiler identification source file "CMakeCXXCompilerId.cpp" succeeded.
Compiler: /usr/bin/c++ 
Build flags: 
Id flags: 

The output was:
0


Compilation of the CXX compiler identification source "CMakeCXXCompilerId.cpp" produced "a.out"

The CXX compiler identification is GNU, found in "/home/jeff/dev/dev_apps/sand/ogre/ogre_src_v1-8-1/build/CMakeFiles/2.8.12/CompilerIdCXX/a.out"

Determining if the C compiler works passed with the following output:
Change Dir: /home/jeff/dev/dev_apps/sand/ogre/ogre_src_v1-8-1/build/CMakeFiles/CMakeTmp

Run Build Command:/usr/bin/make "cmTryCompileExec1560999800/fast"
/usr/bin/make -f CMakeFiles/cmTryCompileExec1560999800.dir/build.make CMakeFiles/cmTryCompileExec1560999800.dir/build
make[1]: Entering directory `/home/jeff/dev/dev_apps/sand/ogre/ogre_src_v1-8-1/build/CMakeFiles/CMakeTmp'
/usr/local/bin/cmake -E cmake_progress_report /home/jeff/dev/dev_apps/sand/ogre/ogre_src_v1-8-1/build/CMakeFiles/CMakeTmp/CMakeFiles 1
Building C object CMakeFiles/cmTryCompileExec1560999800.dir/testCCompiler.c.o
/usr/bin/cc    -o CMakeFiles/cmTryCompileExec1560999800.dir/testCCompiler.c.o   -c /home/jeff/dev/dev_apps/sand/ogre/ogre_src_v1-8-1/build/CMakeFiles/CMakeTmp/testCCompiler.c
Linking C executable cmTryCompileExec1560999800
/usr/local/bin/cmake -E cmake_link_script CMakeFiles/cmTryCompileExec1560999800.dir/link.txt --verbose=1
/usr/bin/cc       CMakeFiles/cmTryCompileExec1560999800.dir/testCCompiler.c.o  -o cmTryCompileExec1560999800 -rdynamic 
make[1]: Leaving directory `/home/jeff/dev/dev_apps/sand/ogre/ogre_src_v1-8-1/build/CMakeFiles/CMakeTmp'


Detecting C compiler ABI info compiled with the following output:
Change Dir: /home/jeff/dev/dev_apps/sand/ogre/ogre_src_v1-8-1/build/CMakeFiles/CMakeTmp

Run Build Command:/usr/bin/make "cmTryCompileExec3171397252/fast"
/usr/bin/make -f CMakeFiles/cmTryCompileExec3171397252.dir/build.make CMakeFiles/cmTryCompileExec3171397252.dir/build
make[1]: Entering directory `/home/jeff/dev/dev_apps/sand/ogre/ogre_src_v1-8-1/build/CMakeFiles/CMakeTmp'
/usr/local/bin/cmake -E cmake_progress_report /home/jeff/dev/dev_apps/sand/ogre/ogre_src_v1-8-1/build/CMakeFiles/CMakeTmp/CMakeFiles 1
Building C object CMakeFiles/cmTryCompileExec3171397252.dir/CMakeCCompilerABI.c.o
/usr/bin/cc    -o CMakeFiles/cmTryCompileExec3171397252.dir/CMakeCCompilerABI.c.o   -c /usr/local/share/cmake-2.8/Modules/CMakeCCompilerABI.c
Linking C executable cmTryCompileExec3171397252
/usr/local/bin/cmake -E cmake_link_script CMakeFiles/cmTryCompileExec3171397252.dir/link.txt --verbose=1
/usr/bin/cc     -v CMakeFiles/cmTryCompileExec3171397252.dir/CMakeCCompilerABI.c.o  -o cmTryCompileExec3171397252 -rdynamic  
Using built-in specs.
COLLECT_GCC=/usr/bin/cc
COLLECT_LTO_WRAPPER=/usr/lib/gcc/i686-linux-gnu/4.6/lto-wrapper
Target: i686-linux-gnu
Configured with: ../src/configure -v --with-pkgversion='Ubuntu/Linaro 4.6.3-1ubuntu5' --with-bugurl=file:///usr/share/doc/gcc-4.6/README.Bugs --enable-languages=c,c++,fortran,objc,obj-c++ --prefix=/usr --program-suffix=-4.6 --enable-shared --enable-linker-build-id --with-system-zlib --libexecdir=/usr/lib --without-included-gettext --enable-threads=posix --with-gxx-include-dir=/usr/include/c++/4.6 --libdir=/usr/lib --enable-nls --with-sysroot=/ --enable-clocale=gnu --enable-libstdcxx-debug --enable-libstdcxx-time=yes --enable-gnu-unique-object --enable-plugin --enable-objc-gc --enable-targets=all --disable-werror --with-arch-32=i686 --with-tune=generic --enable-checking=release --build=i686-linux-gnu --host=i686-linux-gnu --target=i686-linux-gnu
Thread model: posix
gcc version 4.6.3 (Ubuntu/Linaro 4.6.3-1ubuntu5) 
COMPILER_PATH=/usr/lib/gcc/i686-linux-gnu/4.6/:/usr/lib/gcc/i686-linux-gnu/4.6/:/usr/lib/gcc/i686-linux-gnu/:/usr/lib/gcc/i686-linux-gnu/4.6/:/usr/lib/gcc/i686-linux-gnu/
LIBRARY_PATH=/usr/lib/gcc/i686-linux-gnu/4.6/:/usr/lib/gcc/i686-linux-gnu/4.6/../../../i386-linux-gnu/:/usr/lib/gcc/i686-linux-gnu/4.6/../../../../lib/:/lib/i386-linux-gnu/:/lib/../lib/:/usr/lib/i386-linux-gnu/:/usr/lib/../lib/:/usr/lib/gcc/i686-linux-gnu/4.6/../../../:/lib/:/usr/lib/
COLLECT_GCC_OPTIONS='-v' '-o' 'cmTryCompileExec3171397252' '-rdynamic' '-mtune=generic' '-march=i686'
 /usr/lib/gcc/i686-linux-gnu/4.6/collect2 --sysroot=/ --build-id --no-add-needed --as-needed --eh-frame-hdr -m elf_i386 --hash-style=gnu -export-dynamic -dynamic-linker /lib/ld-linux.so.2 -z relro -o cmTryCompileExec3171397252 /usr/lib/gcc/i686-linux-gnu/4.6/../../../i386-linux-gnu/crt1.o /usr/lib/gcc/i686-linux-gnu/4.6/../../../i386-linux-gnu/crti.o /usr/lib/gcc/i686-linux-gnu/4.6/crtbegin.o -L/usr/lib/gcc/i686-linux-gnu/4.6 -L/usr/lib/gcc/i686-linux-gnu/4.6/../../../i386-linux-gnu -L/usr/lib/gcc/i686-linux-gnu/4.6/../../../../lib -L/lib/i386-linux-gnu -L/lib/../lib -L/usr/lib/i386-linux-gnu -L/usr/lib/../lib -L/usr/lib/gcc/i686-linux-gnu/4.6/../../.. CMakeFiles/cmTryCompileExec3171397252.dir/CMakeCCompilerABI.c.o -lgcc --as-needed -lgcc_s --no-as-needed -lc -lgcc --as-needed -lgcc_s --no-as-needed /usr/lib/gcc/i686-linux-gnu/4.6/crtend.o /usr/lib/gcc/i686-linux-gnu/4.6/../../../i386-linux-gnu/crtn.o
make[1]: Leaving directory `/home/jeff/dev/dev_apps/sand/ogre/ogre_src_v1-8-1/build/CMakeFiles/CMakeTmp'


Parsed C implicit link information from above output:
  link line regex: [^( *|.*[/\])(ld|([^/\]+-)?ld|collect2)[^/\]*( |$)]
  ignore line: [Change Dir: /home/jeff/dev/dev_apps/sand/ogre/ogre_src_v1-8-1/build/CMakeFiles/CMakeTmp]
  ignore line: []
  ignore line: [Run Build Command:/usr/bin/make "cmTryCompileExec3171397252/fast"]
  ignore line: [/usr/bin/make -f CMakeFiles/cmTryCompileExec3171397252.dir/build.make CMakeFiles/cmTryCompileExec3171397252.dir/build]
  ignore line: [make[1]: Entering directory `/home/jeff/dev/dev_apps/sand/ogre/ogre_src_v1-8-1/build/CMakeFiles/CMakeTmp']
  ignore line: [/usr/local/bin/cmake -E cmake_progress_report /home/jeff/dev/dev_apps/sand/ogre/ogre_src_v1-8-1/build/CMakeFiles/CMakeTmp/CMakeFiles 1]
  ignore line: [Building C object CMakeFiles/cmTryCompileExec3171397252.dir/CMakeCCompilerABI.c.o]
  ignore line: [/usr/bin/cc    -o CMakeFiles/cmTryCompileExec3171397252.dir/CMakeCCompilerABI.c.o   -c /usr/local/share/cmake-2.8/Modules/CMakeCCompilerABI.c]
  ignore line: [Linking C executable cmTryCompileExec3171397252]
  ignore line: [/usr/local/bin/cmake -E cmake_link_script CMakeFiles/cmTryCompileExec3171397252.dir/link.txt --verbose=1]
  ignore line: [/usr/bin/cc     -v CMakeFiles/cmTryCompileExec3171397252.dir/CMakeCCompilerABI.c.o  -o cmTryCompileExec3171397252 -rdynamic  ]
  ignore line: [Using built-in specs.]
  ignore line: [COLLECT_GCC=/usr/bin/cc]
  ignore line: [COLLECT_LTO_WRAPPER=/usr/lib/gcc/i686-linux-gnu/4.6/lto-wrapper]
  ignore line: [Target: i686-linux-gnu]
  ignore line: [Configured with: ../src/configure -v --with-pkgversion='Ubuntu/Linaro 4.6.3-1ubuntu5' --with-bugurl=file:///usr/share/doc/gcc-4.6/README.Bugs --enable-languages=c,c++,fortran,objc,obj-c++ --prefix=/usr --program-suffix=-4.6 --enable-shared --enable-linker-build-id --with-system-zlib --libexecdir=/usr/lib --without-included-gettext --enable-threads=posix --with-gxx-include-dir=/usr/include/c++/4.6 --libdir=/usr/lib --enable-nls --with-sysroot=/ --enable-clocale=gnu --enable-libstdcxx-debug --enable-libstdcxx-time=yes --enable-gnu-unique-object --enable-plugin --enable-objc-gc --enable-targets=all --disable-werror --with-arch-32=i686 --with-tune=generic --enable-checking=release --build=i686-linux-gnu --host=i686-linux-gnu --target=i686-linux-gnu]
  ignore line: [Thread model: posix]
  ignore line: [gcc version 4.6.3 (Ubuntu/Linaro 4.6.3-1ubuntu5) ]
  ignore line: [COMPILER_PATH=/usr/lib/gcc/i686-linux-gnu/4.6/:/usr/lib/gcc/i686-linux-gnu/4.6/:/usr/lib/gcc/i686-linux-gnu/:/usr/lib/gcc/i686-linux-gnu/4.6/:/usr/lib/gcc/i686-linux-gnu/]
  ignore line: [LIBRARY_PATH=/usr/lib/gcc/i686-linux-gnu/4.6/:/usr/lib/gcc/i686-linux-gnu/4.6/../../../i386-linux-gnu/:/usr/lib/gcc/i686-linux-gnu/4.6/../../../../lib/:/lib/i386-linux-gnu/:/lib/../lib/:/usr/lib/i386-linux-gnu/:/usr/lib/../lib/:/usr/lib/gcc/i686-linux-gnu/4.6/../../../:/lib/:/usr/lib/]
  ignore line: [COLLECT_GCC_OPTIONS='-v' '-o' 'cmTryCompileExec3171397252' '-rdynamic' '-mtune=generic' '-march=i686']
  link line: [ /usr/lib/gcc/i686-linux-gnu/4.6/collect2 --sysroot=/ --build-id --no-add-needed --as-needed --eh-frame-hdr -m elf_i386 --hash-style=gnu -export-dynamic -dynamic-linker /lib/ld-linux.so.2 -z relro -o cmTryCompileExec3171397252 /usr/lib/gcc/i686-linux-gnu/4.6/../../../i386-linux-gnu/crt1.o /usr/lib/gcc/i686-linux-gnu/4.6/../../../i386-linux-gnu/crti.o /usr/lib/gcc/i686-linux-gnu/4.6/crtbegin.o -L/usr/lib/gcc/i686-linux-gnu/4.6 -L/usr/lib/gcc/i686-linux-gnu/4.6/../../../i386-linux-gnu -L/usr/lib/gcc/i686-linux-gnu/4.6/../../../../lib -L/lib/i386-linux-gnu -L/lib/../lib -L/usr/lib/i386-linux-gnu -L/usr/lib/../lib -L/usr/lib/gcc/i686-linux-gnu/4.6/../../.. CMakeFiles/cmTryCompileExec3171397252.dir/CMakeCCompilerABI.c.o -lgcc --as-needed -lgcc_s --no-as-needed -lc -lgcc --as-needed -lgcc_s --no-as-needed /usr/lib/gcc/i686-linux-gnu/4.6/crtend.o /usr/lib/gcc/i686-linux-gnu/4.6/../../../i386-linux-gnu/crtn.o]
    arg [/usr/lib/gcc/i686-linux-gnu/4.6/collect2] ==> ignore
    arg [--sysroot=/] ==> ignore
    arg [--build-id] ==> ignore
    arg [--no-add-needed] ==> ignore
    arg [--as-needed] ==> ignore
    arg [--eh-frame-hdr] ==> ignore
    arg [-m] ==> ignore
    arg [elf_i386] ==> ignore
    arg [--hash-style=gnu] ==> ignore
    arg [-export-dynamic] ==> ignore
    arg [-dynamic-linker] ==> ignore
    arg [/lib/ld-linux.so.2] ==> ignore
    arg [-zrelro] ==> ignore
    arg [-o] ==> ignore
    arg [cmTryCompileExec3171397252] ==> ignore
    arg [/usr/lib/gcc/i686-linux-gnu/4.6/../../../i386-linux-gnu/crt1.o] ==> ignore
    arg [/usr/lib/gcc/i686-linux-gnu/4.6/../../../i386-linux-gnu/crti.o] ==> ignore
    arg [/usr/lib/gcc/i686-linux-gnu/4.6/crtbegin.o] ==> ignore
    arg [-L/usr/lib/gcc/i686-linux-gnu/4.6] ==> dir [/usr/lib/gcc/i686-linux-gnu/4.6]
    arg [-L/usr/lib/gcc/i686-linux-gnu/4.6/../../../i386-linux-gnu] ==> dir [/usr/lib/gcc/i686-linux-gnu/4.6/../../../i386-linux-gnu]
    arg [-L/usr/lib/gcc/i686-linux-gnu/4.6/../../../../lib] ==> dir [/usr/lib/gcc/i686-linux-gnu/4.6/../../../../lib]
    arg [-L/lib/i386-linux-gnu] ==> dir [/lib/i386-linux-gnu]
    arg [-L/lib/../lib] ==> dir [/lib/../lib]
    arg [-L/usr/lib/i386-linux-gnu] ==> dir [/usr/lib/i386-linux-gnu]
    arg [-L/usr/lib/../lib] ==> dir [/usr/lib/../lib]
    arg [-L/usr/lib/gcc/i686-linux-gnu/4.6/../../..] ==> dir [/usr/lib/gcc/i686-linux-gnu/4.6/../../..]
    arg [CMakeFiles/cmTryCompileExec3171397252.dir/CMakeCCompilerABI.c.o] ==> ignore
    arg [-lgcc] ==> lib [gcc]
    arg [--as-needed] ==> ignore
    arg [-lgcc_s] ==> lib [gcc_s]
    arg [--no-as-needed] ==> ignore
    arg [-lc] ==> lib [c]
    arg [-lgcc] ==> lib [gcc]
    arg [--as-needed] ==> ignore
    arg [-lgcc_s] ==> lib [gcc_s]
    arg [--no-as-needed] ==> ignore
    arg [/usr/lib/gcc/i686-linux-gnu/4.6/crtend.o] ==> ignore
    arg [/usr/lib/gcc/i686-linux-gnu/4.6/../../../i386-linux-gnu/crtn.o] ==> ignore
  remove lib [gcc]
  remove lib [gcc_s]
  remove lib [gcc]
  remove lib [gcc_s]
  collapse library dir [/usr/lib/gcc/i686-linux-gnu/4.6] ==> [/usr/lib/gcc/i686-linux-gnu/4.6]
  collapse library dir [/usr/lib/gcc/i686-linux-gnu/4.6/../../../i386-linux-gnu] ==> [/usr/lib/i386-linux-gnu]
  collapse library dir [/usr/lib/gcc/i686-linux-gnu/4.6/../../../../lib] ==> [/usr/lib]
  collapse library dir [/lib/i386-linux-gnu] ==> [/lib/i386-linux-gnu]
  collapse library dir [/lib/../lib] ==> [/lib]
  collapse library dir [/usr/lib/i386-linux-gnu] ==> [/usr/lib/i386-linux-gnu]
  collapse library dir [/usr/lib/../lib] ==> [/usr/lib]
  collapse library dir [/usr/lib/gcc/i686-linux-gnu/4.6/../../..] ==> [/usr/lib]
  implicit libs: [c]
  implicit dirs: [/usr/lib/gcc/i686-linux-gnu/4.6;/usr/lib/i386-linux-gnu;/usr/lib;/lib/i386-linux-gnu;/lib]
  implicit fwks: []


Determining if the CXX compiler works passed with the following output:
Change Dir: /home/jeff/dev/dev_apps/sand/ogre/ogre_src_v1-8-1/build/CMakeFiles/CMakeTmp

Run Build Command:/usr/bin/make "cmTryCompileExec338531812/fast"
/usr/bin/make -f CMakeFiles/cmTryCompileExec338531812.dir/build.make CMakeFiles/cmTryCompileExec338531812.dir/build
make[1]: Entering directory `/home/jeff/dev/dev_apps/sand/ogre/ogre_src_v1-8-1/build/CMakeFiles/CMakeTmp'
/usr/local/bin/cmake -E cmake_progress_report /home/jeff/dev/dev_apps/sand/ogre/ogre_src_v1-8-1/build/CMakeFiles/CMakeTmp/CMakeFiles 1
Building CXX object CMakeFiles/cmTryCompileExec338531812.dir/testCXXCompiler.cxx.o
/usr/bin/c++     -o CMakeFiles/cmTryCompileExec338531812.dir/testCXXCompiler.cxx.o -c /home/jeff/dev/dev_apps/sand/ogre/ogre_src_v1-8-1/build/CMakeFiles/CMakeTmp/testCXXCompiler.cxx
Linking CXX executable cmTryCompileExec338531812
/usr/local/bin/cmake -E cmake_link_script CMakeFiles/cmTryCompileExec338531812.dir/link.txt --verbose=1
/usr/bin/c++        CMakeFiles/cmTryCompileExec338531812.dir/testCXXCompiler.cxx.o  -o cmTryCompileExec338531812 -rdynamic 
make[1]: Leaving directory `/home/jeff/dev/dev_apps/sand/ogre/ogre_src_v1-8-1/build/CMakeFiles/CMakeTmp'


Detecting CXX compiler ABI info compiled with the following output:
Change Dir: /home/jeff/dev/dev_apps/sand/ogre/ogre_src_v1-8-1/build/CMakeFiles/CMakeTmp

Run Build Command:/usr/bin/make "cmTryCompileExec4016707640/fast"
/usr/bin/make -f CMakeFiles/cmTryCompileExec4016707640.dir/build.make CMakeFiles/cmTryCompileExec4016707640.dir/build
make[1]: Entering directory `/home/jeff/dev/dev_apps/sand/ogre/ogre_src_v1-8-1/build/CMakeFiles/CMakeTmp'
/usr/local/bin/cmake -E cmake_progress_report /home/jeff/dev/dev_apps/sand/ogre/ogre_src_v1-8-1/build/CMakeFiles/CMakeTmp/CMakeFiles 1
Building CXX object CMakeFiles/cmTryCompileExec4016707640.dir/CMakeCXXCompilerABI.cpp.o
/usr/bin/c++     -o CMakeFiles/cmTryCompileExec4016707640.dir/CMakeCXXCompilerABI.cpp.o -c /usr/local/share/cmake-2.8/Modules/CMakeCXXCompilerABI.cpp
Linking CXX executable cmTryCompileExec4016707640
/usr/local/bin/cmake -E cmake_link_script CMakeFiles/cmTryCompileExec4016707640.dir/link.txt --verbose=1
/usr/bin/c++      -v CMakeFiles/cmTryCompileExec4016707640.dir/CMakeCXXCompilerABI.cpp.o  -o cmTryCompileExec4016707640 -rdynamic  
Using built-in specs.
COLLECT_GCC=/usr/bin/c++
COLLECT_LTO_WRAPPER=/usr/lib/gcc/i686-linux-gnu/4.6/lto-wrapper
Target: i686-linux-gnu
Configured with: ../src/configure -v --with-pkgversion='Ubuntu/Linaro 4.6.3-1ubuntu5' --with-bugurl=file:///usr/share/doc/gcc-4.6/README.Bugs --enable-languages=c,c++,fortran,objc,obj-c++ --prefix=/usr --program-suffix=-4.6 --enable-shared --enable-linker-build-id --with-system-zlib --libexecdir=/usr/lib --without-included-gettext --enable-threads=posix --with-gxx-include-dir=/usr/include/c++/4.6 --libdir=/usr/lib --enable-nls --with-sysroot=/ --enable-clocale=gnu --enable-libstdcxx-debug --enable-libstdcxx-time=yes --enable-gnu-unique-object --enable-plugin --enable-objc-gc --enable-targets=all --disable-werror --with-arch-32=i686 --with-tune=generic --enable-checking=release --build=i686-linux-gnu --host=i686-linux-gnu --target=i686-linux-gnu
Thread model: posix
gcc version 4.6.3 (Ubuntu/Linaro 4.6.3-1ubuntu5) 
COMPILER_PATH=/usr/lib/gcc/i686-linux-gnu/4.6/:/usr/lib/gcc/i686-linux-gnu/4.6/:/usr/lib/gcc/i686-linux-gnu/:/usr/lib/gcc/i686-linux-gnu/4.6/:/usr/lib/gcc/i686-linux-gnu/
LIBRARY_PATH=/usr/lib/gcc/i686-linux-gnu/4.6/:/usr/lib/gcc/i686-linux-gnu/4.6/../../../i386-linux-gnu/:/usr/lib/gcc/i686-linux-gnu/4.6/../../../../lib/:/lib/i386-linux-gnu/:/lib/../lib/:/usr/lib/i386-linux-gnu/:/usr/lib/../lib/:/usr/lib/gcc/i686-linux-gnu/4.6/../../../:/lib/:/usr/lib/
COLLECT_GCC_OPTIONS='-v' '-o' 'cmTryCompileExec4016707640' '-rdynamic' '-shared-libgcc' '-mtune=generic' '-march=i686'
 /usr/lib/gcc/i686-linux-gnu/4.6/collect2 --sysroot=/ --build-id --no-add-needed --as-needed --eh-frame-hdr -m elf_i386 --hash-style=gnu -export-dynamic -dynamic-linker /lib/ld-linux.so.2 -z relro -o cmTryCompileExec4016707640 /usr/lib/gcc/i686-linux-gnu/4.6/../../../i386-linux-gnu/crt1.o /usr/lib/gcc/i686-linux-gnu/4.6/../../../i386-linux-gnu/crti.o /usr/lib/gcc/i686-linux-gnu/4.6/crtbegin.o -L/usr/lib/gcc/i686-linux-gnu/4.6 -L/usr/lib/gcc/i686-linux-gnu/4.6/../../../i386-linux-gnu -L/usr/lib/gcc/i686-linux-gnu/4.6/../../../../lib -L/lib/i386-linux-gnu -L/lib/../lib -L/usr/lib/i386-linux-gnu -L/usr/lib/../lib -L/usr/lib/gcc/i686-linux-gnu/4.6/../../.. CMakeFiles/cmTryCompileExec4016707640.dir/CMakeCXXCompilerABI.cpp.o -lstdc++ -lm -lgcc_s -lgcc -lc -lgcc_s -lgcc /usr/lib/gcc/i686-linux-gnu/4.6/crtend.o /usr/lib/gcc/i686-linux-gnu/4.6/../../../i386-linux-gnu/crtn.o
make[1]: Leaving directory `/home/jeff/dev/dev_apps/sand/ogre/ogre_src_v1-8-1/build/CMakeFiles/CMakeTmp'


Parsed CXX implicit link information from above output:
  link line regex: [^( *|.*[/\])(ld|([^/\]+-)?ld|collect2)[^/\]*( |$)]
  ignore line: [Change Dir: /home/jeff/dev/dev_apps/sand/ogre/ogre_src_v1-8-1/build/CMakeFiles/CMakeTmp]
  ignore line: []
  ignore line: [Run Build Command:/usr/bin/make "cmTryCompileExec4016707640/fast"]
  ignore line: [/usr/bin/make -f CMakeFiles/cmTryCompileExec4016707640.dir/build.make CMakeFiles/cmTryCompileExec4016707640.dir/build]
  ignore line: [make[1]: Entering directory `/home/jeff/dev/dev_apps/sand/ogre/ogre_src_v1-8-1/build/CMakeFiles/CMakeTmp']
  ignore line: [/usr/local/bin/cmake -E cmake_progress_report /home/jeff/dev/dev_apps/sand/ogre/ogre_src_v1-8-1/build/CMakeFiles/CMakeTmp/CMakeFiles 1]
  ignore line: [Building CXX object CMakeFiles/cmTryCompileExec4016707640.dir/CMakeCXXCompilerABI.cpp.o]
  ignore line: [/usr/bin/c++     -o CMakeFiles/cmTryCompileExec4016707640.dir/CMakeCXXCompilerABI.cpp.o -c /usr/local/share/cmake-2.8/Modules/CMakeCXXCompilerABI.cpp]
  ignore line: [Linking CXX executable cmTryCompileExec4016707640]
  ignore line: [/usr/local/bin/cmake -E cmake_link_script CMakeFiles/cmTryCompileExec4016707640.dir/link.txt --verbose=1]
  ignore line: [/usr/bin/c++      -v CMakeFiles/cmTryCompileExec4016707640.dir/CMakeCXXCompilerABI.cpp.o  -o cmTryCompileExec4016707640 -rdynamic  ]
  ignore line: [Using built-in specs.]
  ignore line: [COLLECT_GCC=/usr/bin/c++]
  ignore line: [COLLECT_LTO_WRAPPER=/usr/lib/gcc/i686-linux-gnu/4.6/lto-wrapper]
  ignore line: [Target: i686-linux-gnu]
  ignore line: [Configured with: ../src/configure -v --with-pkgversion='Ubuntu/Linaro 4.6.3-1ubuntu5' --with-bugurl=file:///usr/share/doc/gcc-4.6/README.Bugs --enable-languages=c,c++,fortran,objc,obj-c++ --prefix=/usr --program-suffix=-4.6 --enable-shared --enable-linker-build-id --with-system-zlib --libexecdir=/usr/lib --without-included-gettext --enable-threads=posix --with-gxx-include-dir=/usr/include/c++/4.6 --libdir=/usr/lib --enable-nls --with-sysroot=/ --enable-clocale=gnu --enable-libstdcxx-debug --enable-libstdcxx-time=yes --enable-gnu-unique-object --enable-plugin --enable-objc-gc --enable-targets=all --disable-werror --with-arch-32=i686 --with-tune=generic --enable-checking=release --build=i686-linux-gnu --host=i686-linux-gnu --target=i686-linux-gnu]
  ignore line: [Thread model: posix]
  ignore line: [gcc version 4.6.3 (Ubuntu/Linaro 4.6.3-1ubuntu5) ]
  ignore line: [COMPILER_PATH=/usr/lib/gcc/i686-linux-gnu/4.6/:/usr/lib/gcc/i686-linux-gnu/4.6/:/usr/lib/gcc/i686-linux-gnu/:/usr/lib/gcc/i686-linux-gnu/4.6/:/usr/lib/gcc/i686-linux-gnu/]
  ignore line: [LIBRARY_PATH=/usr/lib/gcc/i686-linux-gnu/4.6/:/usr/lib/gcc/i686-linux-gnu/4.6/../../../i386-linux-gnu/:/usr/lib/gcc/i686-linux-gnu/4.6/../../../../lib/:/lib/i386-linux-gnu/:/lib/../lib/:/usr/lib/i386-linux-gnu/:/usr/lib/../lib/:/usr/lib/gcc/i686-linux-gnu/4.6/../../../:/lib/:/usr/lib/]
  ignore line: [COLLECT_GCC_OPTIONS='-v' '-o' 'cmTryCompileExec4016707640' '-rdynamic' '-shared-libgcc' '-mtune=generic' '-march=i686']
  link line: [ /usr/lib/gcc/i686-linux-gnu/4.6/collect2 --sysroot=/ --build-id --no-add-needed --as-needed --eh-frame-hdr -m elf_i386 --hash-style=gnu -export-dynamic -dynamic-linker /lib/ld-linux.so.2 -z relro -o cmTryCompileExec4016707640 /usr/lib/gcc/i686-linux-gnu/4.6/../../../i386-linux-gnu/crt1.o /usr/lib/gcc/i686-linux-gnu/4.6/../../../i386-linux-gnu/crti.o /usr/lib/gcc/i686-linux-gnu/4.6/crtbegin.o -L/usr/lib/gcc/i686-linux-gnu/4.6 -L/usr/lib/gcc/i686-linux-gnu/4.6/../../../i386-linux-gnu -L/usr/lib/gcc/i686-linux-gnu/4.6/../../../../lib -L/lib/i386-linux-gnu -L/lib/../lib -L/usr/lib/i386-linux-gnu -L/usr/lib/../lib -L/usr/lib/gcc/i686-linux-gnu/4.6/../../.. CMakeFiles/cmTryCompileExec4016707640.dir/CMakeCXXCompilerABI.cpp.o -lstdc++ -lm -lgcc_s -lgcc -lc -lgcc_s -lgcc /usr/lib/gcc/i686-linux-gnu/4.6/crtend.o /usr/lib/gcc/i686-linux-gnu/4.6/../../../i386-linux-gnu/crtn.o]
    arg [/usr/lib/gcc/i686-linux-gnu/4.6/collect2] ==> ignore
    arg [--sysroot=/] ==> ignore
    arg [--build-id] ==> ignore
    arg [--no-add-needed] ==> ignore
    arg [--as-needed] ==> ignore
    arg [--eh-frame-hdr] ==> ignore
    arg [-m] ==> ignore
    arg [elf_i386] ==> ignore
    arg [--hash-style=gnu] ==> ignore
    arg [-export-dynamic] ==> ignore
    arg [-dynamic-linker] ==> ignore
    arg [/lib/ld-linux.so.2] ==> ignore
    arg [-zrelro] ==> ignore
    arg [-o] ==> ignore
    arg [cmTryCompileExec4016707640] ==> ignore
    arg [/usr/lib/gcc/i686-linux-gnu/4.6/../../../i386-linux-gnu/crt1.o] ==> ignore
    arg [/usr/lib/gcc/i686-linux-gnu/4.6/../../../i386-linux-gnu/crti.o] ==> ignore
    arg [/usr/lib/gcc/i686-linux-gnu/4.6/crtbegin.o] ==> ignore
    arg [-L/usr/lib/gcc/i686-linux-gnu/4.6] ==> dir [/usr/lib/gcc/i686-linux-gnu/4.6]
    arg [-L/usr/lib/gcc/i686-linux-gnu/4.6/../../../i386-linux-gnu] ==> dir [/usr/lib/gcc/i686-linux-gnu/4.6/../../../i386-linux-gnu]
    arg [-L/usr/lib/gcc/i686-linux-gnu/4.6/../../../../lib] ==> dir [/usr/lib/gcc/i686-linux-gnu/4.6/../../../../lib]
    arg [-L/lib/i386-linux-gnu] ==> dir [/lib/i386-linux-gnu]
    arg [-L/lib/../lib] ==> dir [/lib/../lib]
    arg [-L/usr/lib/i386-linux-gnu] ==> dir [/usr/lib/i386-linux-gnu]
    arg [-L/usr/lib/../lib] ==> dir [/usr/lib/../lib]
    arg [-L/usr/lib/gcc/i686-linux-gnu/4.6/../../..] ==> dir [/usr/lib/gcc/i686-linux-gnu/4.6/../../..]
    arg [CMakeFiles/cmTryCompileExec4016707640.dir/CMakeCXXCompilerABI.cpp.o] ==> ignore
    arg [-lstdc++] ==> lib [stdc++]
    arg [-lm] ==> lib [m]
    arg [-lgcc_s] ==> lib [gcc_s]
    arg [-lgcc] ==> lib [gcc]
    arg [-lc] ==> lib [c]
    arg [-lgcc_s] ==> lib [gcc_s]
    arg [-lgcc] ==> lib [gcc]
    arg [/usr/lib/gcc/i686-linux-gnu/4.6/crtend.o] ==> ignore
    arg [/usr/lib/gcc/i686-linux-gnu/4.6/../../../i386-linux-gnu/crtn.o] ==> ignore
  remove lib [gcc_s]
  remove lib [gcc]
  remove lib [gcc_s]
  remove lib [gcc]
  collapse library dir [/usr/lib/gcc/i686-linux-gnu/4.6] ==> [/usr/lib/gcc/i686-linux-gnu/4.6]
  collapse library dir [/usr/lib/gcc/i686-linux-gnu/4.6/../../../i386-linux-gnu] ==> [/usr/lib/i386-linux-gnu]
  collapse library dir [/usr/lib/gcc/i686-linux-gnu/4.6/../../../../lib] ==> [/usr/lib]
  collapse library dir [/lib/i386-linux-gnu] ==> [/lib/i386-linux-gnu]
  collapse library dir [/lib/../lib] ==> [/lib]
  collapse library dir [/usr/lib/i386-linux-gnu] ==> [/usr/lib/i386-linux-gnu]
  collapse library dir [/usr/lib/../lib] ==> [/usr/lib]
  collapse library dir [/usr/lib/gcc/i686-linux-gnu/4.6/../../..] ==> [/usr/lib]
  implicit libs: [stdc++;m;c]
  implicit dirs: [/usr/lib/gcc/i686-linux-gnu/4.6;/usr/lib/i386-linux-gnu;/usr/lib;/lib/i386-linux-gnu;/lib]
  implicit fwks: []


Determining size of void* passed with the following output:
Change Dir: /home/jeff/dev/dev_apps/sand/ogre/ogre_src_v1-8-1/build/CMakeFiles/CMakeTmp

Run Build Command:/usr/bin/make "cmTryCompileExec2043276175/fast"
/usr/bin/make -f CMakeFiles/cmTryCompileExec2043276175.dir/build.make CMakeFiles/cmTryCompileExec2043276175.dir/build
make[1]: Entering directory `/home/jeff/dev/dev_apps/sand/ogre/ogre_src_v1-8-1/build/CMakeFiles/CMakeTmp'
/usr/local/bin/cmake -E cmake_progress_report /home/jeff/dev/dev_apps/sand/ogre/ogre_src_v1-8-1/build/CMakeFiles/CMakeTmp/CMakeFiles 1
Building C object CMakeFiles/cmTryCompileExec2043276175.dir/OGRE_PTR_SIZE.c.o
/usr/bin/cc    -o CMakeFiles/cmTryCompileExec2043276175.dir/OGRE_PTR_SIZE.c.o   -c /home/jeff/dev/dev_apps/sand/ogre/ogre_src_v1-8-1/build/CMakeFiles/CheckTypeSize/OGRE_PTR_SIZE.c
Linking C executable cmTryCompileExec2043276175
/usr/local/bin/cmake -E cmake_link_script CMakeFiles/cmTryCompileExec2043276175.dir/link.txt --verbose=1
/usr/bin/cc       CMakeFiles/cmTryCompileExec2043276175.dir/OGRE_PTR_SIZE.c.o  -o cmTryCompileExec2043276175 -rdynamic 
make[1]: Leaving directory `/home/jeff/dev/dev_apps/sand/ogre/ogre_src_v1-8-1/build/CMakeFiles/CMakeTmp'


Performing C++ SOURCE FILE Test OGRE_GCC_HAS_SSE succeded with the following output:
Change Dir: /home/jeff/dev/dev_apps/sand/ogre/ogre_src_v1-8-1/build/CMakeFiles/CMakeTmp

Run Build Command:/usr/bin/make "cmTryCompileExec3300114342/fast"
/usr/bin/make -f CMakeFiles/cmTryCompileExec3300114342.dir/build.make CMakeFiles/cmTryCompileExec3300114342.dir/build
make[1]: Entering directory `/home/jeff/dev/dev_apps/sand/ogre/ogre_src_v1-8-1/build/CMakeFiles/CMakeTmp'
/usr/local/bin/cmake -E cmake_progress_report /home/jeff/dev/dev_apps/sand/ogre/ogre_src_v1-8-1/build/CMakeFiles/CMakeTmp/CMakeFiles 1
Building CXX object CMakeFiles/cmTryCompileExec3300114342.dir/src.cxx.o
/usr/bin/c++    -DOGRE_GCC_HAS_SSE   -msse -o CMakeFiles/cmTryCompileExec3300114342.dir/src.cxx.o -c /home/jeff/dev/dev_apps/sand/ogre/ogre_src_v1-8-1/build/CMakeFiles/CMakeTmp/src.cxx
Linking CXX executable cmTryCompileExec3300114342
/usr/local/bin/cmake -E cmake_link_script CMakeFiles/cmTryCompileExec3300114342.dir/link.txt --verbose=1
/usr/bin/c++    -DOGRE_GCC_HAS_SSE    CMakeFiles/cmTryCompileExec3300114342.dir/src.cxx.o  -o cmTryCompileExec3300114342 -rdynamic 
make[1]: Leaving directory `/home/jeff/dev/dev_apps/sand/ogre/ogre_src_v1-8-1/build/CMakeFiles/CMakeTmp'

Source file was:
int main() { return 0;}
Performing C++ SOURCE FILE Test OGRE_GCC_VISIBILITY succeded with the following output:
Change Dir: /home/jeff/dev/dev_apps/sand/ogre/ogre_src_v1-8-1/build/CMakeFiles/CMakeTmp

Run Build Command:/usr/bin/make "cmTryCompileExec318768637/fast"
/usr/bin/make -f CMakeFiles/cmTryCompileExec318768637.dir/build.make CMakeFiles/cmTryCompileExec318768637.dir/build
make[1]: Entering directory `/home/jeff/dev/dev_apps/sand/ogre/ogre_src_v1-8-1/build/CMakeFiles/CMakeTmp'
/usr/local/bin/cmake -E cmake_progress_report /home/jeff/dev/dev_apps/sand/ogre/ogre_src_v1-8-1/build/CMakeFiles/CMakeTmp/CMakeFiles 1
Building CXX object CMakeFiles/cmTryCompileExec318768637.dir/src.cxx.o
/usr/bin/c++    -msse -Wno-deprecated -Wall -Wctor-dtor-privacy -Winit-self -Wno-overloaded-virtual -Wcast-qual -Wwrite-strings -Wextra -Wno-unused-parameter -pedantic -Wshadow -Wno-missing-field-initializers -Wno-long-long -Wno-unused-but-set-parameter -DOGRE_GCC_VISIBILITY   -fvisibility=hidden -o CMakeFiles/cmTryCompileExec318768637.dir/src.cxx.o -c /home/jeff/dev/dev_apps/sand/ogre/ogre_src_v1-8-1/build/CMakeFiles/CMakeTmp/src.cxx
Linking CXX executable cmTryCompileExec318768637
/usr/local/bin/cmake -E cmake_link_script CMakeFiles/cmTryCompileExec318768637.dir/link.txt --verbose=1
/usr/bin/c++    -msse -Wno-deprecated -Wall -Wctor-dtor-privacy -Winit-self -Wno-overloaded-virtual -Wcast-qual -Wwrite-strings -Wextra -Wno-unused-parameter -pedantic -Wshadow -Wno-missing-field-initializers -Wno-long-long -Wno-unused-but-set-parameter -DOGRE_GCC_VISIBILITY    CMakeFiles/cmTryCompileExec318768637.dir/src.cxx.o  -o cmTryCompileExec318768637 -rdynamic 
make[1]: Leaving directory `/home/jeff/dev/dev_apps/sand/ogre/ogre_src_v1-8-1/build/CMakeFiles/CMakeTmp'

Source file was:
int main() { return 0;}
Determining if the include file sys/types.h exists passed with the following output:
Change Dir: /home/jeff/dev/dev_apps/sand/ogre/ogre_src_v1-8-1/build/CMakeFiles/CMakeTmp

Run Build Command:/usr/bin/make "cmTryCompileExec2305048687/fast"
/usr/bin/make -f CMakeFiles/cmTryCompileExec2305048687.dir/build.make CMakeFiles/cmTryCompileExec2305048687.dir/build
make[1]: Entering directory `/home/jeff/dev/dev_apps/sand/ogre/ogre_src_v1-8-1/build/CMakeFiles/CMakeTmp'
/usr/local/bin/cmake -E cmake_progress_report /home/jeff/dev/dev_apps/sand/ogre/ogre_src_v1-8-1/build/CMakeFiles/CMakeTmp/CMakeFiles 1
Building C object CMakeFiles/cmTryCompileExec2305048687.dir/CheckIncludeFile.c.o
/usr/bin/cc    -o CMakeFiles/cmTryCompileExec2305048687.dir/CheckIncludeFile.c.o   -c /home/jeff/dev/dev_apps/sand/ogre/ogre_src_v1-8-1/build/CMakeFiles/CMakeTmp/CheckIncludeFile.c
Linking C executable cmTryCompileExec2305048687
/usr/local/bin/cmake -E cmake_link_script CMakeFiles/cmTryCompileExec2305048687.dir/link.txt --verbose=1
/usr/bin/cc       CMakeFiles/cmTryCompileExec2305048687.dir/CheckIncludeFile.c.o  -o cmTryCompileExec2305048687 -rdynamic 
make[1]: Leaving directory `/home/jeff/dev/dev_apps/sand/ogre/ogre_src_v1-8-1/build/CMakeFiles/CMakeTmp'


Determining if the include file stdint.h exists passed with the following output:
Change Dir: /home/jeff/dev/dev_apps/sand/ogre/ogre_src_v1-8-1/build/CMakeFiles/CMakeTmp

Run Build Command:/usr/bin/make "cmTryCompileExec3239334715/fast"
/usr/bin/make -f CMakeFiles/cmTryCompileExec3239334715.dir/build.make CMakeFiles/cmTryCompileExec3239334715.dir/build
make[1]: Entering directory `/home/jeff/dev/dev_apps/sand/ogre/ogre_src_v1-8-1/build/CMakeFiles/CMakeTmp'
/usr/local/bin/cmake -E cmake_progress_report /home/jeff/dev/dev_apps/sand/ogre/ogre_src_v1-8-1/build/CMakeFiles/CMakeTmp/CMakeFiles 1
Building C object CMakeFiles/cmTryCompileExec3239334715.dir/CheckIncludeFile.c.o
/usr/bin/cc    -o CMakeFiles/cmTryCompileExec3239334715.dir/CheckIncludeFile.c.o   -c /home/jeff/dev/dev_apps/sand/ogre/ogre_src_v1-8-1/build/CMakeFiles/CMakeTmp/CheckIncludeFile.c
Linking C executable cmTryCompileExec3239334715
/usr/local/bin/cmake -E cmake_link_script CMakeFiles/cmTryCompileExec3239334715.dir/link.txt --verbose=1
/usr/bin/cc       CMakeFiles/cmTryCompileExec3239334715.dir/CheckIncludeFile.c.o  -o cmTryCompileExec3239334715 -rdynamic 
make[1]: Leaving directory `/home/jeff/dev/dev_apps/sand/ogre/ogre_src_v1-8-1/build/CMakeFiles/CMakeTmp'


Determining if the include file stddef.h exists passed with the following output:
Change Dir: /home/jeff/dev/dev_apps/sand/ogre/ogre_src_v1-8-1/build/CMakeFiles/CMakeTmp

Run Build Command:/usr/bin/make "cmTryCompileExec2795815714/fast"
/usr/bin/make -f CMakeFiles/cmTryCompileExec2795815714.dir/build.make CMakeFiles/cmTryCompileExec2795815714.dir/build
make[1]: Entering directory `/home/jeff/dev/dev_apps/sand/ogre/ogre_src_v1-8-1/build/CMakeFiles/CMakeTmp'
/usr/local/bin/cmake -E cmake_progress_report /home/jeff/dev/dev_apps/sand/ogre/ogre_src_v1-8-1/build/CMakeFiles/CMakeTmp/CMakeFiles 1
Building C object CMakeFiles/cmTryCompileExec2795815714.dir/CheckIncludeFile.c.o
/usr/bin/cc    -o CMakeFiles/cmTryCompileExec2795815714.dir/CheckIncludeFile.c.o   -c /home/jeff/dev/dev_apps/sand/ogre/ogre_src_v1-8-1/build/CMakeFiles/CMakeTmp/CheckIncludeFile.c
Linking C executable cmTryCompileExec2795815714
/usr/local/bin/cmake -E cmake_link_script CMakeFiles/cmTryCompileExec2795815714.dir/link.txt --verbose=1
/usr/bin/cc       CMakeFiles/cmTryCompileExec2795815714.dir/CheckIncludeFile.c.o  -o cmTryCompileExec2795815714 -rdynamic 
make[1]: Leaving directory `/home/jeff/dev/dev_apps/sand/ogre/ogre_src_v1-8-1/build/CMakeFiles/CMakeTmp'


Determining size of unsigned short passed with the following output:
Change Dir: /home/jeff/dev/dev_apps/sand/ogre/ogre_src_v1-8-1/build/CMakeFiles/CMakeTmp

Run Build Command:/usr/bin/make "cmTryCompileExec3294319670/fast"
/usr/bin/make -f CMakeFiles/cmTryCompileExec3294319670.dir/build.make CMakeFiles/cmTryCompileExec3294319670.dir/build
make[1]: Entering directory `/home/jeff/dev/dev_apps/sand/ogre/ogre_src_v1-8-1/build/CMakeFiles/CMakeTmp'
/usr/local/bin/cmake -E cmake_progress_report /home/jeff/dev/dev_apps/sand/ogre/ogre_src_v1-8-1/build/CMakeFiles/CMakeTmp/CMakeFiles 1
Building C object CMakeFiles/cmTryCompileExec3294319670.dir/CMAKE_SIZEOF_UNSIGNED_SHORT.c.o
/usr/bin/cc    -o CMakeFiles/cmTryCompileExec3294319670.dir/CMAKE_SIZEOF_UNSIGNED_SHORT.c.o   -c /home/jeff/dev/dev_apps/sand/ogre/ogre_src_v1-8-1/build/CMakeFiles/CheckTypeSize/CMAKE_SIZEOF_UNSIGNED_SHORT.c
Linking C executable cmTryCompileExec3294319670
/usr/local/bin/cmake -E cmake_link_script CMakeFiles/cmTryCompileExec3294319670.dir/link.txt --verbose=1
/usr/bin/cc       CMakeFiles/cmTryCompileExec3294319670.dir/CMAKE_SIZEOF_UNSIGNED_SHORT.c.o  -o cmTryCompileExec3294319670 -rdynamic 
make[1]: Leaving directory `/home/jeff/dev/dev_apps/sand/ogre/ogre_src_v1-8-1/build/CMakeFiles/CMakeTmp'


Determining if the function XOpenDisplay exists in the /usr/lib/i386-linux-gnu/libX11.so;/usr/lib/i386-linux-gnu/libXext.so passed with the following output:
Change Dir: /home/jeff/dev/dev_apps/sand/ogre/ogre_src_v1-8-1/build/CMakeFiles/CMakeTmp

Run Build Command:/usr/bin/make "cmTryCompileExec1283270771/fast"
/usr/bin/make -f CMakeFiles/cmTryCompileExec1283270771.dir/build.make CMakeFiles/cmTryCompileExec1283270771.dir/build
make[1]: Entering directory `/home/jeff/dev/dev_apps/sand/ogre/ogre_src_v1-8-1/build/CMakeFiles/CMakeTmp'
/usr/local/bin/cmake -E cmake_progress_report /home/jeff/dev/dev_apps/sand/ogre/ogre_src_v1-8-1/build/CMakeFiles/CMakeTmp/CMakeFiles 1
Building C object CMakeFiles/cmTryCompileExec1283270771.dir/CheckFunctionExists.c.o
/usr/bin/cc   -DCHECK_FUNCTION_EXISTS=XOpenDisplay   -o CMakeFiles/cmTryCompileExec1283270771.dir/CheckFunctionExists.c.o   -c /usr/local/share/cmake-2.8/Modules/CheckFunctionExists.c
Linking C executable cmTryCompileExec1283270771
/usr/local/bin/cmake -E cmake_link_script CMakeFiles/cmTryCompileExec1283270771.dir/link.txt --verbose=1
/usr/bin/cc   -DCHECK_FUNCTION_EXISTS=XOpenDisplay    CMakeFiles/cmTryCompileExec1283270771.dir/CheckFunctionExists.c.o  -o cmTryCompileExec1283270771 -rdynamic -lX11 -lXext 
make[1]: Leaving directory `/home/jeff/dev/dev_apps/sand/ogre/ogre_src_v1-8-1/build/CMakeFiles/CMakeTmp'


Determining if the function gethostbyname exists passed with the following output:
Change Dir: /home/jeff/dev/dev_apps/sand/ogre/ogre_src_v1-8-1/build/CMakeFiles/CMakeTmp

Run Build Command:/usr/bin/make "cmTryCompileExec87031450/fast"
/usr/bin/make -f CMakeFiles/cmTryCompileExec87031450.dir/build.make CMakeFiles/cmTryCompileExec87031450.dir/build
make[1]: Entering directory `/home/jeff/dev/dev_apps/sand/ogre/ogre_src_v1-8-1/build/CMakeFiles/CMakeTmp'
/usr/local/bin/cmake -E cmake_progress_report /home/jeff/dev/dev_apps/sand/ogre/ogre_src_v1-8-1/build/CMakeFiles/CMakeTmp/CMakeFiles 1
Building C object CMakeFiles/cmTryCompileExec87031450.dir/CheckFunctionExists.c.o
/usr/bin/cc   -DCHECK_FUNCTION_EXISTS=gethostbyname   -o CMakeFiles/cmTryCompileExec87031450.dir/CheckFunctionExists.c.o   -c /usr/local/share/cmake-2.8/Modules/CheckFunctionExists.c
Linking C executable cmTryCompileExec87031450
/usr/local/bin/cmake -E cmake_link_script CMakeFiles/cmTryCompileExec87031450.dir/link.txt --verbose=1
/usr/bin/cc   -DCHECK_FUNCTION_EXISTS=gethostbyname    CMakeFiles/cmTryCompileExec87031450.dir/CheckFunctionExists.c.o  -o cmTryCompileExec87031450 -rdynamic 
make[1]: Leaving directory `/home/jeff/dev/dev_apps/sand/ogre/ogre_src_v1-8-1/build/CMakeFiles/CMakeTmp'


Determining if the function connect exists passed with the following output:
Change Dir: /home/jeff/dev/dev_apps/sand/ogre/ogre_src_v1-8-1/build/CMakeFiles/CMakeTmp

Run Build Command:/usr/bin/make "cmTryCompileExec3246861751/fast"
/usr/bin/make -f CMakeFiles/cmTryCompileExec3246861751.dir/build.make CMakeFiles/cmTryCompileExec3246861751.dir/build
make[1]: Entering directory `/home/jeff/dev/dev_apps/sand/ogre/ogre_src_v1-8-1/build/CMakeFiles/CMakeTmp'
/usr/local/bin/cmake -E cmake_progress_report /home/jeff/dev/dev_apps/sand/ogre/ogre_src_v1-8-1/build/CMakeFiles/CMakeTmp/CMakeFiles 1
Building C object CMakeFiles/cmTryCompileExec3246861751.dir/CheckFunctionExists.c.o
/usr/bin/cc   -DCHECK_FUNCTION_EXISTS=connect   -o CMakeFiles/cmTryCompileExec3246861751.dir/CheckFunctionExists.c.o   -c /usr/local/share/cmake-2.8/Modules/CheckFunctionExists.c
Linking C executable cmTryCompileExec3246861751
/usr/local/bin/cmake -E cmake_link_script CMakeFiles/cmTryCompileExec3246861751.dir/link.txt --verbose=1
/usr/bin/cc   -DCHECK_FUNCTION_EXISTS=connect    CMakeFiles/cmTryCompileExec3246861751.dir/CheckFunctionExists.c.o  -o cmTryCompileExec3246861751 -rdynamic 
make[1]: Leaving directory `/home/jeff/dev/dev_apps/sand/ogre/ogre_src_v1-8-1/build/CMakeFiles/CMakeTmp'


Determining if the function remove exists passed with the following output:
Change Dir: /home/jeff/dev/dev_apps/sand/ogre/ogre_src_v1-8-1/build/CMakeFiles/CMakeTmp

Run Build Command:/usr/bin/make "cmTryCompileExec2849390113/fast"
/usr/bin/make -f CMakeFiles/cmTryCompileExec2849390113.dir/build.make CMakeFiles/cmTryCompileExec2849390113.dir/build
make[1]: Entering directory `/home/jeff/dev/dev_apps/sand/ogre/ogre_src_v1-8-1/build/CMakeFiles/CMakeTmp'
/usr/local/bin/cmake -E cmake_progress_report /home/jeff/dev/dev_apps/sand/ogre/ogre_src_v1-8-1/build/CMakeFiles/CMakeTmp/CMakeFiles 1
Building C object CMakeFiles/cmTryCompileExec2849390113.dir/CheckFunctionExists.c.o
/usr/bin/cc   -DCHECK_FUNCTION_EXISTS=remove   -o CMakeFiles/cmTryCompileExec2849390113.dir/CheckFunctionExists.c.o   -c /usr/local/share/cmake-2.8/Modules/CheckFunctionExists.c
Linking C executable cmTryCompileExec2849390113
/usr/local/bin/cmake -E cmake_link_script CMakeFiles/cmTryCompileExec2849390113.dir/link.txt --verbose=1
/usr/bin/cc   -DCHECK_FUNCTION_EXISTS=remove    CMakeFiles/cmTryCompileExec2849390113.dir/CheckFunctionExists.c.o  -o cmTryCompileExec2849390113 -rdynamic 
make[1]: Leaving directory `/home/jeff/dev/dev_apps/sand/ogre/ogre_src_v1-8-1/build/CMakeFiles/CMakeTmp'


Determining if the function shmat exists passed with the following output:
Change Dir: /home/jeff/dev/dev_apps/sand/ogre/ogre_src_v1-8-1/build/CMakeFiles/CMakeTmp

Run Build Command:/usr/bin/make "cmTryCompileExec1349861992/fast"
/usr/bin/make -f CMakeFiles/cmTryCompileExec1349861992.dir/build.make CMakeFiles/cmTryCompileExec1349861992.dir/build
make[1]: Entering directory `/home/jeff/dev/dev_apps/sand/ogre/ogre_src_v1-8-1/build/CMakeFiles/CMakeTmp'
/usr/local/bin/cmake -E cmake_progress_report /home/jeff/dev/dev_apps/sand/ogre/ogre_src_v1-8-1/build/CMakeFiles/CMakeTmp/CMakeFiles 1
Building C object CMakeFiles/cmTryCompileExec1349861992.dir/CheckFunctionExists.c.o
/usr/bin/cc   -DCHECK_FUNCTION_EXISTS=shmat   -o CMakeFiles/cmTryCompileExec1349861992.dir/CheckFunctionExists.c.o   -c /usr/local/share/cmake-2.8/Modules/CheckFunctionExists.c
Linking C executable cmTryCompileExec1349861992
/usr/local/bin/cmake -E cmake_link_script CMakeFiles/cmTryCompileExec1349861992.dir/link.txt --verbose=1
/usr/bin/cc   -DCHECK_FUNCTION_EXISTS=shmat    CMakeFiles/cmTryCompileExec1349861992.dir/CheckFunctionExists.c.o  -o cmTryCompileExec1349861992 -rdynamic 
make[1]: Leaving directory `/home/jeff/dev/dev_apps/sand/ogre/ogre_src_v1-8-1/build/CMakeFiles/CMakeTmp'


Determining if the function IceConnectionNumber exists in the ICE passed with the following output:
Change Dir: /home/jeff/dev/dev_apps/sand/ogre/ogre_src_v1-8-1/build/CMakeFiles/CMakeTmp

Run Build Command:/usr/bin/make "cmTryCompileExec1110925252/fast"
/usr/bin/make -f CMakeFiles/cmTryCompileExec1110925252.dir/build.make CMakeFiles/cmTryCompileExec1110925252.dir/build
make[1]: Entering directory `/home/jeff/dev/dev_apps/sand/ogre/ogre_src_v1-8-1/build/CMakeFiles/CMakeTmp'
/usr/local/bin/cmake -E cmake_progress_report /home/jeff/dev/dev_apps/sand/ogre/ogre_src_v1-8-1/build/CMakeFiles/CMakeTmp/CMakeFiles 1
Building C object CMakeFiles/cmTryCompileExec1110925252.dir/CheckFunctionExists.c.o
/usr/bin/cc   -DCHECK_FUNCTION_EXISTS=IceConnectionNumber   -o CMakeFiles/cmTryCompileExec1110925252.dir/CheckFunctionExists.c.o   -c /usr/local/share/cmake-2.8/Modules/CheckFunctionExists.c
Linking C executable cmTryCompileExec1110925252
/usr/local/bin/cmake -E cmake_link_script CMakeFiles/cmTryCompileExec1110925252.dir/link.txt --verbose=1
/usr/bin/cc   -DCHECK_FUNCTION_EXISTS=IceConnectionNumber    CMakeFiles/cmTryCompileExec1110925252.dir/CheckFunctionExists.c.o  -o cmTryCompileExec1110925252 -rdynamic -lICE 
make[1]: Leaving directory `/home/jeff/dev/dev_apps/sand/ogre/ogre_src_v1-8-1/build/CMakeFiles/CMakeTmp'


