This file contains any messages produced by compilers while
running configure, to aid debugging if configure makes a mistake.

It was created by configure, which was
generated by GNU Autoconf 2.60.  Invocation command line was

  $ ./configure 

## --------- ##
## Platform. ##
## --------- ##

hostname = jeff
uname -m = i686
uname -r = 3.5.0-45-generic
uname -s = Linux
uname -v = #68~precise1-Ubuntu SMP Wed Dec 4 16:19:28 UTC 2013

/usr/bin/uname -p = unknown
/bin/uname -X     = unknown

/bin/arch              = unknown
/usr/bin/arch -k       = unknown
/usr/convex/getsysinfo = unknown
/usr/bin/hostinfo      = unknown
/bin/machine           = unknown
/usr/bin/oslevel       = unknown
/bin/universe          = unknown

PATH: /usr/lib/lightdm/lightdm
PATH: /usr/local/sbin
PATH: /usr/local/bin
PATH: /usr/sbin
PATH: /usr/bin
PATH: /sbin
PATH: /bin
PATH: /usr/games


## ----------- ##
## Core tests. ##
## ----------- ##

configure:2030: checking for a BSD-compatible install
configure:2086: result: /usr/bin/install -c
configure:2097: checking whether build environment is sane
configure:2140: result: yes
configure:2205: checking for gawk
configure:2221: found /usr/bin/gawk
configure:2232: result: gawk
configure:2243: checking whether make sets $(MAKE)
configure:2264: result: yes
configure:2448: checking whether to enable maintainer-specific portions of Makefiles
configure:2457: result: no
configure:2500: checking for gawk
configure:2527: result: gawk
configure:2586: checking for gcc
configure:2602: found /usr/bin/gcc
configure:2613: result: gcc
configure:2851: checking for C compiler version
configure:2858: gcc --version >&5
gcc (Ubuntu/Linaro 4.6.3-1ubuntu5) 4.6.3
Copyright (C) 2011 Free Software Foundation, Inc.
This is free software; see the source for copying conditions.  There is NO
warranty; not even for MERCHANTABILITY or FITNESS FOR A PARTICULAR PURPOSE.

configure:2861: $? = 0
configure:2868: gcc -v >&5
Using built-in specs.
COLLECT_GCC=gcc
COLLECT_LTO_WRAPPER=/usr/lib/gcc/i686-linux-gnu/4.6/lto-wrapper
Target: i686-linux-gnu
Configured with: ../src/configure -v --with-pkgversion='Ubuntu/Linaro 4.6.3-1ubuntu5' --with-bugurl=file:///usr/share/doc/gcc-4.6/README.Bugs --enable-languages=c,c++,fortran,objc,obj-c++ --prefix=/usr --program-suffix=-4.6 --enable-shared --enable-linker-build-id --with-system-zlib --libexecdir=/usr/lib --without-included-gettext --enable-threads=posix --with-gxx-include-dir=/usr/include/c++/4.6 --libdir=/usr/lib --enable-nls --with-sysroot=/ --enable-clocale=gnu --enable-libstdcxx-debug --enable-libstdcxx-time=yes --enable-gnu-unique-object --enable-plugin --enable-objc-gc --enable-targets=all --disable-werror --with-arch-32=i686 --with-tune=generic --enable-checking=release --build=i686-linux-gnu --host=i686-linux-gnu --target=i686-linux-gnu
Thread model: posix
gcc version 4.6.3 (Ubuntu/Linaro 4.6.3-1ubuntu5) 
configure:2871: $? = 0
configure:2878: gcc -V >&5
gcc: error: unrecognized option '-V'
gcc: fatal error: no input files
compilation terminated.
configure:2881: $? = 4
configure:2904: checking for C compiler default output file name
configure:2931: gcc    conftest.c  >&5
configure:2934: $? = 0
configure:2980: result: a.out
configure:2985: checking whether the C compiler works
configure:2995: ./a.out
configure:2998: $? = 0
configure:3015: result: yes
configure:3022: checking whether we are cross compiling
configure:3024: result: no
configure:3027: checking for suffix of executables
configure:3034: gcc -o conftest    conftest.c  >&5
configure:3037: $? = 0
configure:3061: result: 
configure:3067: checking for suffix of object files
configure:3093: gcc -c   conftest.c >&5
configure:3096: $? = 0
configure:3119: result: o
configure:3123: checking whether we are using the GNU C compiler
configure:3152: gcc -c   conftest.c >&5
configure:3158: $? = 0
configure:3165: test -z "$ac_c_werror_flag" || test ! -s conftest.err
configure:3168: $? = 0
configure:3175: test -s conftest.o
configure:3178: $? = 0
configure:3192: result: yes
configure:3197: checking whether gcc accepts -g
configure:3227: gcc -c -g  conftest.c >&5
configure:3233: $? = 0
configure:3240: test -z "$ac_c_werror_flag" || test ! -s conftest.err
configure:3243: $? = 0
configure:3250: test -s conftest.o
configure:3253: $? = 0
configure:3383: result: yes
configure:3400: checking for gcc option to accept ISO C89
configure:3474: gcc  -c -g -O2  conftest.c >&5
configure:3480: $? = 0
configure:3487: test -z "$ac_c_werror_flag" || test ! -s conftest.err
configure:3490: $? = 0
configure:3497: test -s conftest.o
configure:3500: $? = 0
configure:3520: result: none needed
configure:3549: checking for style of include used by make
configure:3577: result: GNU
configure:3605: checking dependency style of gcc
configure:3695: result: none
configure:3725: checking for a BSD-compatible install
configure:3781: result: /usr/bin/install -c
configure:3792: checking whether ln -s works
configure:3796: result: yes
configure:3803: checking whether make sets $(MAKE)
configure:3824: result: yes
configure:3913: checking build system type
configure:3931: result: i686-pc-linux-gnu
configure:3953: checking host system type
configure:3968: result: i686-pc-linux-gnu
configure:3990: checking for a sed that does not truncate output
configure:4044: result: /bin/sed
configure:4047: checking for grep that handles long lines and -e
configure:4121: result: /bin/grep
configure:4126: checking for egrep
configure:4204: result: /bin/grep -E
configure:4220: checking for ld used by gcc
configure:4287: result: /usr/bin/ld
configure:4296: checking if the linker (/usr/bin/ld) is GNU ld
configure:4311: result: yes
configure:4316: checking for /usr/bin/ld option to reload object files
configure:4323: result: -r
configure:4341: checking for BSD-compatible nm
configure:4390: result: /usr/bin/nm -B
configure:4394: checking how to recognise dependent libraries
configure:4570: result: pass_all
configure:5110: checking how to run the C preprocessor
configure:5150: gcc -E  conftest.c
configure:5156: $? = 0
configure:5194: gcc -E  conftest.c
conftest.c:10:28: fatal error: ac_nonexistent.h: No such file or directory
compilation terminated.
configure:5200: $? = 1
configure: failed program was:
| /* confdefs.h.  */
| #define PACKAGE_NAME ""
| #define PACKAGE_TARNAME ""
| #define PACKAGE_VERSION ""
| #define PACKAGE_STRING ""
| #define PACKAGE_BUGREPORT ""
| #define PACKAGE "pnetlib"
| #define VERSION "0.8.0"
| /* end confdefs.h.  */
| #include <ac_nonexistent.h>
configure:5240: result: gcc -E
configure:5269: gcc -E  conftest.c
configure:5275: $? = 0
configure:5313: gcc -E  conftest.c
conftest.c:10:28: fatal error: ac_nonexistent.h: No such file or directory
compilation terminated.
configure:5319: $? = 1
configure: failed program was:
| /* confdefs.h.  */
| #define PACKAGE_NAME ""
| #define PACKAGE_TARNAME ""
| #define PACKAGE_VERSION ""
| #define PACKAGE_STRING ""
| #define PACKAGE_BUGREPORT ""
| #define PACKAGE "pnetlib"
| #define VERSION "0.8.0"
| /* end confdefs.h.  */
| #include <ac_nonexistent.h>
configure:5364: checking for ANSI C header files
configure:5394: gcc -c -g -O2  conftest.c >&5
configure:5400: $? = 0
configure:5407: test -z "$ac_c_werror_flag" || test ! -s conftest.err
configure:5410: $? = 0
configure:5417: test -s conftest.o
configure:5420: $? = 0
configure:5516: gcc -o conftest -g -O2   conftest.c  >&5
configure:5519: $? = 0
configure:5525: ./conftest
configure:5528: $? = 0
configure:5545: result: yes
configure:5569: checking for sys/types.h
configure:5590: gcc -c -g -O2  conftest.c >&5
configure:5596: $? = 0
configure:5603: test -z "$ac_c_werror_flag" || test ! -s conftest.err
configure:5606: $? = 0
configure:5613: test -s conftest.o
configure:5616: $? = 0
configure:5629: result: yes
configure:5569: checking for sys/stat.h
configure:5590: gcc -c -g -O2  conftest.c >&5
configure:5596: $? = 0
configure:5603: test -z "$ac_c_werror_flag" || test ! -s conftest.err
configure:5606: $? = 0
configure:5613: test -s conftest.o
configure:5616: $? = 0
configure:5629: result: yes
configure:5569: checking for stdlib.h
configure:5590: gcc -c -g -O2  conftest.c >&5
configure:5596: $? = 0
configure:5603: test -z "$ac_c_werror_flag" || test ! -s conftest.err
configure:5606: $? = 0
configure:5613: test -s conftest.o
configure:5616: $? = 0
configure:5629: result: yes
configure:5569: checking for string.h
configure:5590: gcc -c -g -O2  conftest.c >&5
configure:5596: $? = 0
configure:5603: test -z "$ac_c_werror_flag" || test ! -s conftest.err
configure:5606: $? = 0
configure:5613: test -s conftest.o
configure:5616: $? = 0
configure:5629: result: yes
configure:5569: checking for memory.h
configure:5590: gcc -c -g -O2  conftest.c >&5
configure:5596: $? = 0
configure:5603: test -z "$ac_c_werror_flag" || test ! -s conftest.err
configure:5606: $? = 0
configure:5613: test -s conftest.o
configure:5616: $? = 0
configure:5629: result: yes
configure:5569: checking for strings.h
configure:5590: gcc -c -g -O2  conftest.c >&5
configure:5596: $? = 0
configure:5603: test -z "$ac_c_werror_flag" || test ! -s conftest.err
configure:5606: $? = 0
configure:5613: test -s conftest.o
configure:5616: $? = 0
configure:5629: result: yes
configure:5569: checking for inttypes.h
configure:5590: gcc -c -g -O2  conftest.c >&5
configure:5596: $? = 0
configure:5603: test -z "$ac_c_werror_flag" || test ! -s conftest.err
configure:5606: $? = 0
configure:5613: test -s conftest.o
configure:5616: $? = 0
configure:5629: result: yes
configure:5569: checking for stdint.h
configure:5590: gcc -c -g -O2  conftest.c >&5
configure:5596: $? = 0
configure:5603: test -z "$ac_c_werror_flag" || test ! -s conftest.err
configure:5606: $? = 0
configure:5613: test -s conftest.o
configure:5616: $? = 0
configure:5629: result: yes
configure:5569: checking for unistd.h
configure:5590: gcc -c -g -O2  conftest.c >&5
configure:5596: $? = 0
configure:5603: test -z "$ac_c_werror_flag" || test ! -s conftest.err
configure:5606: $? = 0
configure:5613: test -s conftest.o
configure:5616: $? = 0
configure:5629: result: yes
configure:5656: checking dlfcn.h usability
configure:5673: gcc -c -g -O2  conftest.c >&5
configure:5679: $? = 0
configure:5686: test -z "$ac_c_werror_flag" || test ! -s conftest.err
configure:5689: $? = 0
configure:5696: test -s conftest.o
configure:5699: $? = 0
configure:5710: result: yes
configure:5714: checking dlfcn.h presence
configure:5729: gcc -E  conftest.c
configure:5735: $? = 0
configure:5756: result: yes
configure:5784: checking for dlfcn.h
configure:5792: result: yes
configure:5863: checking for g++
configure:5879: found /usr/bin/g++
configure:5890: result: g++
configure:5921: checking for C++ compiler version
configure:5928: g++ --version >&5
g++ (Ubuntu/Linaro 4.6.3-1ubuntu5) 4.6.3
Copyright (C) 2011 Free Software Foundation, Inc.
This is free software; see the source for copying conditions.  There is NO
warranty; not even for MERCHANTABILITY or FITNESS FOR A PARTICULAR PURPOSE.

configure:5931: $? = 0
configure:5938: g++ -v >&5
Using built-in specs.
COLLECT_GCC=g++
COLLECT_LTO_WRAPPER=/usr/lib/gcc/i686-linux-gnu/4.6/lto-wrapper
Target: i686-linux-gnu
Configured with: ../src/configure -v --with-pkgversion='Ubuntu/Linaro 4.6.3-1ubuntu5' --with-bugurl=file:///usr/share/doc/gcc-4.6/README.Bugs --enable-languages=c,c++,fortran,objc,obj-c++ --prefix=/usr --program-suffix=-4.6 --enable-shared --enable-linker-build-id --with-system-zlib --libexecdir=/usr/lib --without-included-gettext --enable-threads=posix --with-gxx-include-dir=/usr/include/c++/4.6 --libdir=/usr/lib --enable-nls --with-sysroot=/ --enable-clocale=gnu --enable-libstdcxx-debug --enable-libstdcxx-time=yes --enable-gnu-unique-object --enable-plugin --enable-objc-gc --enable-targets=all --disable-werror --with-arch-32=i686 --with-tune=generic --enable-checking=release --build=i686-linux-gnu --host=i686-linux-gnu --target=i686-linux-gnu
Thread model: posix
gcc version 4.6.3 (Ubuntu/Linaro 4.6.3-1ubuntu5) 
configure:5941: $? = 0
configure:5948: g++ -V >&5
g++: error: unrecognized option '-V'
g++: fatal error: no input files
compilation terminated.
configure:5951: $? = 4
configure:5954: checking whether we are using the GNU C++ compiler
configure:5983: g++ -c   conftest.cpp >&5
configure:5989: $? = 0
configure:5996: test -z "$ac_cxx_werror_flag" || test ! -s conftest.err
configure:5999: $? = 0
configure:6006: test -s conftest.o
configure:6009: $? = 0
configure:6023: result: yes
configure:6028: checking whether g++ accepts -g
configure:6058: g++ -c -g  conftest.cpp >&5
configure:6064: $? = 0
configure:6071: test -z "$ac_cxx_werror_flag" || test ! -s conftest.err
configure:6074: $? = 0
configure:6081: test -s conftest.o
configure:6084: $? = 0
configure:6214: result: yes
configure:6239: checking dependency style of g++
configure:6329: result: none
configure:6356: checking how to run the C++ preprocessor
configure:6392: g++ -E  conftest.cpp
configure:6398: $? = 0
configure:6436: g++ -E  conftest.cpp
conftest.cpp:21:28: fatal error: ac_nonexistent.h: No such file or directory
compilation terminated.
configure:6442: $? = 1
configure: failed program was:
| /* confdefs.h.  */
| #define PACKAGE_NAME ""
| #define PACKAGE_TARNAME ""
| #define PACKAGE_VERSION ""
| #define PACKAGE_STRING ""
| #define PACKAGE_BUGREPORT ""
| #define PACKAGE "pnetlib"
| #define VERSION "0.8.0"
| #define STDC_HEADERS 1
| #define HAVE_SYS_TYPES_H 1
| #define HAVE_SYS_STAT_H 1
| #define HAVE_STDLIB_H 1
| #define HAVE_STRING_H 1
| #define HAVE_MEMORY_H 1
| #define HAVE_STRINGS_H 1
| #define HAVE_INTTYPES_H 1
| #define HAVE_STDINT_H 1
| #define HAVE_UNISTD_H 1
| #define HAVE_DLFCN_H 1
| /* end confdefs.h.  */
| #include <ac_nonexistent.h>
configure:6482: result: g++ -E
configure:6511: g++ -E  conftest.cpp
configure:6517: $? = 0
configure:6555: g++ -E  conftest.cpp
conftest.cpp:21:28: fatal error: ac_nonexistent.h: No such file or directory
compilation terminated.
configure:6561: $? = 1
configure: failed program was:
| /* confdefs.h.  */
| #define PACKAGE_NAME ""
| #define PACKAGE_TARNAME ""
| #define PACKAGE_VERSION ""
| #define PACKAGE_STRING ""
| #define PACKAGE_BUGREPORT ""
| #define PACKAGE "pnetlib"
| #define VERSION "0.8.0"
| #define STDC_HEADERS 1
| #define HAVE_SYS_TYPES_H 1
| #define HAVE_SYS_STAT_H 1
| #define HAVE_STDLIB_H 1
| #define HAVE_STRING_H 1
| #define HAVE_MEMORY_H 1
| #define HAVE_STRINGS_H 1
| #define HAVE_INTTYPES_H 1
| #define HAVE_STDINT_H 1
| #define HAVE_UNISTD_H 1
| #define HAVE_DLFCN_H 1
| /* end confdefs.h.  */
| #include <ac_nonexistent.h>
configure:6661: checking for g77
configure:6691: result: no
configure:6661: checking for f77
configure:6691: result: no
configure:6661: checking for xlf
configure:6691: result: no
configure:6661: checking for frt
configure:6691: result: no
configure:6661: checking for pgf77
configure:6691: result: no
configure:6661: checking for cf77
configure:6691: result: no
configure:6661: checking for fort77
configure:6691: result: no
configure:6661: checking for fl32
configure:6691: result: no
configure:6661: checking for af77
configure:6691: result: no
configure:6661: checking for f90
configure:6691: result: no
configure:6661: checking for xlf90
configure:6691: result: no
configure:6661: checking for pgf90
configure:6691: result: no
configure:6661: checking for pghpf
configure:6691: result: no
configure:6661: checking for epcf90
configure:6691: result: no
configure:6661: checking for gfortran
configure:6691: result: no
configure:6661: checking for g95
configure:6691: result: no
configure:6661: checking for f95
configure:6691: result: no
configure:6661: checking for fort
configure:6691: result: no
configure:6661: checking for xlf95
configure:6691: result: no
configure:6661: checking for ifort
configure:6691: result: no
configure:6661: checking for ifc
configure:6691: result: no
configure:6661: checking for efc
configure:6691: result: no
configure:6661: checking for pgf95
configure:6691: result: no
configure:6661: checking for lf95
configure:6691: result: no
configure:6661: checking for ftn
configure:6691: result: no
configure:6718: checking for Fortran 77 compiler version
configure:6725:  --version >&5
./configure: line 6726: --version: command not found
configure:6728: $? = 127
configure:6735:  -v >&5
./configure: line 6736: -v: command not found
configure:6738: $? = 127
configure:6745:  -V >&5
./configure: line 6746: -V: command not found
configure:6748: $? = 127
configure:6756: checking whether we are using the GNU Fortran 77 compiler
configure:6775:  -c  conftest.F >&5
./configure: line 6776: -c: command not found
configure:6781: $? = 127
configure: failed program was:
|       program main
| #ifndef __GNUC__
|        choke me
| #endif
| 
|       end
configure:6815: result: no
configure:6821: checking whether  accepts -g
configure:6838:  -c -g conftest.f >&5
./configure: line 6839: -c: command not found
configure:6844: $? = 127
configure: failed program was:
|       program main
| 
|       end
configure:6877: result: no
configure:6907: checking the maximum length of command line arguments
configure:7016: result: 32768
configure:7027: checking command to parse /usr/bin/nm -B output from gcc object
configure:7132: gcc -c -g -O2  conftest.c >&5
configure:7135: $? = 0
configure:7139: /usr/bin/nm -B conftest.o \| sed -n -e 's/^.*[ 	]\([ABCDGIRSTW][ABCDGIRSTW]*\)[ 	][ 	]*\([_A-Za-z][_A-Za-z0-9]*\)$/\1 \2 \2/p' \> conftest.nm
configure:7142: $? = 0
configure:7194: gcc -o conftest -g -O2   conftest.c conftstm.o >&5
configure:7197: $? = 0
configure:7235: result: ok
configure:7239: checking for objdir
configure:7254: result: .libs
configure:7346: checking for ar
configure:7362: found /usr/bin/ar
configure:7373: result: ar
configure:7442: checking for ranlib
configure:7458: found /usr/bin/ranlib
configure:7469: result: ranlib
configure:7538: checking for strip
configure:7554: found /usr/bin/strip
configure:7565: result: strip
configure:7851: checking if gcc supports -fno-rtti -fno-exceptions
configure:7869: gcc -c -g -O2  -fno-rtti -fno-exceptions conftest.c >&5
cc1: warning: command line option '-fno-rtti' is valid for C++/ObjC++ but not for C [enabled by default]
configure:7873: $? = 0
configure:7886: result: no
configure:7901: checking for gcc option to produce PIC
configure:8111: result: -fPIC
configure:8119: checking if gcc PIC flag -fPIC works
configure:8137: gcc -c -g -O2  -fPIC -DPIC conftest.c >&5
configure:8141: $? = 0
configure:8154: result: yes
configure:8182: checking if gcc static flag -static works
configure:8210: result: yes
configure:8220: checking if gcc supports -c -o file.o
configure:8241: gcc -c -g -O2  -o out/conftest2.o conftest.c >&5
configure:8245: $? = 0
configure:8267: result: yes
configure:8293: checking whether the gcc linker (/usr/bin/ld) supports shared libraries
configure:9279: result: yes
configure:9300: checking whether -lc should be explicitly linked in
configure:9305: gcc -c -g -O2  conftest.c >&5
configure:9308: $? = 0
configure:9323: gcc -shared conftest.o  -v -Wl,-soname -Wl,conftest -o conftest 2\>\&1 \| grep  -lc  \>/dev/null 2\>\&1
configure:9326: $? = 0
configure:9338: result: no
configure:9346: checking dynamic linker characteristics
configure:9934: result: GNU/Linux ld.so
configure:9943: checking how to hardcode library paths into programs
configure:9968: result: immediate
configure:9982: checking whether stripping libraries is possible
configure:9987: result: yes
configure:10900: checking if libtool supports shared libraries
configure:10902: result: yes
configure:10905: checking whether to build shared libraries
configure:10926: result: yes
configure:10929: checking whether to build static libraries
configure:10933: result: yes
configure:11025: creating libtool
configure:11613: checking for ld used by g++
configure:11680: result: /usr/bin/ld
configure:11689: checking if the linker (/usr/bin/ld) is GNU ld
configure:11704: result: yes
configure:11755: checking whether the g++ linker (/usr/bin/ld) supports shared libraries
configure:12721: result: yes
configure:12739: g++ -c -g -O2  conftest.cpp >&5
configure:12742: $? = 0
configure:12861: checking for g++ option to produce PIC
configure:13135: result: -fPIC
configure:13143: checking if g++ PIC flag -fPIC works
configure:13161: g++ -c -g -O2  -fPIC -DPIC conftest.cpp >&5
configure:13165: $? = 0
configure:13178: result: yes
configure:13206: checking if g++ static flag -static works
configure:13234: result: yes
configure:13244: checking if g++ supports -c -o file.o
configure:13265: g++ -c -g -O2  -o out/conftest2.o conftest.cpp >&5
configure:13269: $? = 0
configure:13291: result: yes
configure:13317: checking whether the g++ linker (/usr/bin/ld) supports shared libraries
configure:13342: result: yes
configure:13409: checking dynamic linker characteristics
configure:13997: result: GNU/Linux ld.so
configure:14006: checking how to hardcode library paths into programs
configure:14031: result: immediate
configure:20237: checking for cygpath
configure:20270: result: no
configure:20278: checking for treecc
configure:20297: found /usr/local/bin/treecc
configure:20309: result: /usr/local/bin/treecc
configure:20342: checking for X
configure:20457: gcc -E  conftest.c
configure:20463: $? = 0
configure:20519: gcc -o conftest -g -O2   conftest.c -lXt  >&5
/tmp/ccptc4MI.o: In function `main':
/home/jeff/dev/dev_apps/sand/qca_designer/lib/pnetlib-0.8.0/conftest.c:25: undefined reference to `XrmInitialize'
collect2: ld returned 1 exit status
configure:20525: $? = 1
configure: failed program was:
| /* confdefs.h.  */
| #define PACKAGE_NAME ""
| #define PACKAGE_TARNAME ""
| #define PACKAGE_VERSION ""
| #define PACKAGE_STRING ""
| #define PACKAGE_BUGREPORT ""
| #define PACKAGE "pnetlib"
| #define VERSION "0.8.0"
| #define STDC_HEADERS 1
| #define HAVE_SYS_TYPES_H 1
| #define HAVE_SYS_STAT_H 1
| #define HAVE_STDLIB_H 1
| #define HAVE_STRING_H 1
| #define HAVE_MEMORY_H 1
| #define HAVE_STRINGS_H 1
| #define HAVE_INTTYPES_H 1
| #define HAVE_STDINT_H 1
| #define HAVE_UNISTD_H 1
| #define HAVE_DLFCN_H 1
| /* end confdefs.h.  */
| #include <X11/Xlib.h>
| int
| main ()
| {
| XrmInitialize ()
|   ;
|   return 0;
| }
configure:20589: result: no
configure:21929: checking for ANSI C header files
configure:22110: result: yes
configure:22120: checking whether time.h and sys/time.h may both be included
configure:22150: gcc -c -g -O2  conftest.c >&5
configure:22156: $? = 0
configure:22163: test -z "$ac_c_werror_flag" || test ! -s conftest.err
configure:22166: $? = 0
configure:22173: test -s conftest.o
configure:22176: $? = 0
configure:22188: result: yes
configure:22217: checking time.h usability
configure:22234: gcc -c -g -O2  conftest.c >&5
configure:22240: $? = 0
configure:22247: test -z "$ac_c_werror_flag" || test ! -s conftest.err
configure:22250: $? = 0
configure:22257: test -s conftest.o
configure:22260: $? = 0
configure:22271: result: yes
configure:22275: checking time.h presence
configure:22290: gcc -E  conftest.c
configure:22296: $? = 0
configure:22317: result: yes
configure:22345: checking for time.h
configure:22353: result: yes
configure:22217: checking sys/time.h usability
configure:22234: gcc -c -g -O2  conftest.c >&5
configure:22240: $? = 0
configure:22247: test -z "$ac_c_werror_flag" || test ! -s conftest.err
configure:22250: $? = 0
configure:22257: test -s conftest.o
configure:22260: $? = 0
configure:22271: result: yes
configure:22275: checking sys/time.h presence
configure:22290: gcc -E  conftest.c
configure:22296: $? = 0
configure:22317: result: yes
configure:22345: checking for sys/time.h
configure:22353: result: yes
configure:22207: checking for sys/types.h
configure:22213: result: yes
configure:22217: checking sys/select.h usability
configure:22234: gcc -c -g -O2  conftest.c >&5
configure:22240: $? = 0
configure:22247: test -z "$ac_c_werror_flag" || test ! -s conftest.err
configure:22250: $? = 0
configure:22257: test -s conftest.o
configure:22260: $? = 0
configure:22271: result: yes
configure:22275: checking sys/select.h presence
configure:22290: gcc -E  conftest.c
configure:22296: $? = 0
configure:22317: result: yes
configure:22345: checking for sys/select.h
configure:22353: result: yes
configure:22207: checking for unistd.h
configure:22213: result: yes
configure:22371: checking for sys/stat.h
configure:22377: result: yes
configure:22534: checking for select
configure:22590: gcc -o conftest -g -O2   conftest.c  >&5
configure:22596: $? = 0
configure:22603: test -z "$ac_c_werror_flag" || test ! -s conftest.err
configure:22606: $? = 0
configure:22613: test -s conftest
configure:22616: $? = 0
configure:22630: result: yes
configure:22642: checking for xft-config
configure:22673: result: no
configure:22756: checking for csant
configure:22775: found /usr/local/bin/csant
configure:22787: result: /usr/local/bin/csant
configure:22806: checking for resgen
configure:22825: found /usr/local/bin/resgen
configure:22837: result: /usr/local/bin/resgen
configure:22948: checking for ilgac
configure:22967: found /usr/local/bin/ilgac
configure:22979: result: /usr/local/bin/ilgac
configure:22997: checking for clrwrap
configure:23016: found /usr/local/bin/clrwrap
configure:23028: result: /usr/local/bin/clrwrap
configure:23047: checking for cscc
configure:23066: found /usr/local/bin/cscc
configure:23078: result: /usr/local/bin/cscc
configure:23140: checking for cscc-cs
configure:23174: result: no
configure:23271: checking for ilrun
configure:23290: found /usr/local/bin/ilrun
configure:23302: result: /usr/local/bin/ilrun
configure:23320: checking for ilfind
configure:23339: found /usr/local/bin/ilfind
configure:23351: result: /usr/local/bin/ilfind
configure:23398: checking primary framework version
configure:23401: result: 2.0.0.0
configure:23403: checking secondary framework version
configure:23406: result: 8.0.50727.42
configure:23439: checking size of char
configure:23486: gcc -c -g -O2  conftest.c >&5
conftest.c: In function 'main':
conftest.c:55:20: error: duplicate case value
conftest.c:55:12: error: previously used here
configure:23492: $? = 1
configure: failed program was:
| /* confdefs.h.  */
| #define PACKAGE_NAME ""
| #define PACKAGE_TARNAME ""
| #define PACKAGE_VERSION ""
| #define PACKAGE_STRING ""
| #define PACKAGE_BUGREPORT ""
| #define PACKAGE "pnetlib"
| #define VERSION "0.8.0"
| #define STDC_HEADERS 1
| #define HAVE_SYS_TYPES_H 1
| #define HAVE_SYS_STAT_H 1
| #define HAVE_STDLIB_H 1
| #define HAVE_STRING_H 1
| #define HAVE_MEMORY_H 1
| #define HAVE_STRINGS_H 1
| #define HAVE_INTTYPES_H 1
| #define HAVE_STDINT_H 1
| #define HAVE_UNISTD_H 1
| #define HAVE_DLFCN_H 1
| #define X_DISPLAY_MISSING 1
| #define STDC_HEADERS 1
| #define TIME_WITH_SYS_TIME 1
| #define HAVE_TIME_H 1
| #define HAVE_SYS_TIME_H 1
| #define HAVE_SYS_TYPES_H 1
| #define HAVE_SYS_SELECT_H 1
| #define HAVE_UNISTD_H 1
| #define HAVE_SYS_STAT_H 1
| #define HAVE_SELECT 1
| /* end confdefs.h.  */
| #include "confdefs.h"
| #if TIME_WITH_SYS_TIME
| 	#include <sys/time.h>
|     #include <time.h>
| #else
|     #if HAVE_SYS_TIME_H
| 		#include <sys/time.h>
|     #else
|         #include <time.h>
|     #endif
| #endif
| #ifdef HAVE_SYS_TYPES_H
| #include <sys/types.h>
| #endif
| #ifdef HAVE_SYS_STAT_H
| #include <sys/stat.h>
| #endif
| #ifdef HAVE_UNISTD_H
| #include <unistd.h>
| #endif
| 
| int
| main ()
| {
| switch (0) case 0: case (sizeof (char) == 4):;
|   ;
|   return 0;
| }
configure:23486: gcc -c -g -O2  conftest.c >&5
conftest.c: In function 'main':
conftest.c:55:20: error: duplicate case value
conftest.c:55:12: error: previously used here
configure:23492: $? = 1
configure: failed program was:
| /* confdefs.h.  */
| #define PACKAGE_NAME ""
| #define PACKAGE_TARNAME ""
| #define PACKAGE_VERSION ""
| #define PACKAGE_STRING ""
| #define PACKAGE_BUGREPORT ""
| #define PACKAGE "pnetlib"
| #define VERSION "0.8.0"
| #define STDC_HEADERS 1
| #define HAVE_SYS_TYPES_H 1
| #define HAVE_SYS_STAT_H 1
| #define HAVE_STDLIB_H 1
| #define HAVE_STRING_H 1
| #define HAVE_MEMORY_H 1
| #define HAVE_STRINGS_H 1
| #define HAVE_INTTYPES_H 1
| #define HAVE_STDINT_H 1
| #define HAVE_UNISTD_H 1
| #define HAVE_DLFCN_H 1
| #define X_DISPLAY_MISSING 1
| #define STDC_HEADERS 1
| #define TIME_WITH_SYS_TIME 1
| #define HAVE_TIME_H 1
| #define HAVE_SYS_TIME_H 1
| #define HAVE_SYS_TYPES_H 1
| #define HAVE_SYS_SELECT_H 1
| #define HAVE_UNISTD_H 1
| #define HAVE_SYS_STAT_H 1
| #define HAVE_SELECT 1
| /* end confdefs.h.  */
| #include "confdefs.h"
| #if TIME_WITH_SYS_TIME
| 	#include <sys/time.h>
|     #include <time.h>
| #else
|     #if HAVE_SYS_TIME_H
| 		#include <sys/time.h>
|     #else
|         #include <time.h>
|     #endif
| #endif
| #ifdef HAVE_SYS_TYPES_H
| #include <sys/types.h>
| #endif
| #ifdef HAVE_SYS_STAT_H
| #include <sys/stat.h>
| #endif
| #ifdef HAVE_UNISTD_H
| #include <unistd.h>
| #endif
| 
| int
| main ()
| {
| switch (0) case 0: case (sizeof (char) == 8):;
|   ;
|   return 0;
| }
configure:23486: gcc -c -g -O2  conftest.c >&5
configure:23492: $? = 0
configure:23499: test -z "$ac_c_werror_flag" || test ! -s conftest.err
configure:23502: $? = 0
configure:23509: test -s conftest.o
configure:23512: $? = 0
configure:23531: result: 1
configure:23534: checking size of short
configure:23581: gcc -c -g -O2  conftest.c >&5
conftest.c: In function 'main':
conftest.c:55:20: error: duplicate case value
conftest.c:55:12: error: previously used here
configure:23587: $? = 1
configure: failed program was:
| /* confdefs.h.  */
| #define PACKAGE_NAME ""
| #define PACKAGE_TARNAME ""
| #define PACKAGE_VERSION ""
| #define PACKAGE_STRING ""
| #define PACKAGE_BUGREPORT ""
| #define PACKAGE "pnetlib"
| #define VERSION "0.8.0"
| #define STDC_HEADERS 1
| #define HAVE_SYS_TYPES_H 1
| #define HAVE_SYS_STAT_H 1
| #define HAVE_STDLIB_H 1
| #define HAVE_STRING_H 1
| #define HAVE_MEMORY_H 1
| #define HAVE_STRINGS_H 1
| #define HAVE_INTTYPES_H 1
| #define HAVE_STDINT_H 1
| #define HAVE_UNISTD_H 1
| #define HAVE_DLFCN_H 1
| #define X_DISPLAY_MISSING 1
| #define STDC_HEADERS 1
| #define TIME_WITH_SYS_TIME 1
| #define HAVE_TIME_H 1
| #define HAVE_SYS_TIME_H 1
| #define HAVE_SYS_TYPES_H 1
| #define HAVE_SYS_SELECT_H 1
| #define HAVE_UNISTD_H 1
| #define HAVE_SYS_STAT_H 1
| #define HAVE_SELECT 1
| /* end confdefs.h.  */
| #include "confdefs.h"
| #if TIME_WITH_SYS_TIME
| 	#include <sys/time.h>
|     #include <time.h>
| #else
|     #if HAVE_SYS_TIME_H
| 		#include <sys/time.h>
|     #else
|         #include <time.h>
|     #endif
| #endif
| #ifdef HAVE_SYS_TYPES_H
| #include <sys/types.h>
| #endif
| #ifdef HAVE_SYS_STAT_H
| #include <sys/stat.h>
| #endif
| #ifdef HAVE_UNISTD_H
| #include <unistd.h>
| #endif
| 
| int
| main ()
| {
| switch (0) case 0: case (sizeof (short) == 4):;
|   ;
|   return 0;
| }
configure:23581: gcc -c -g -O2  conftest.c >&5
conftest.c: In function 'main':
conftest.c:55:20: error: duplicate case value
conftest.c:55:12: error: previously used here
configure:23587: $? = 1
configure: failed program was:
| /* confdefs.h.  */
| #define PACKAGE_NAME ""
| #define PACKAGE_TARNAME ""
| #define PACKAGE_VERSION ""
| #define PACKAGE_STRING ""
| #define PACKAGE_BUGREPORT ""
| #define PACKAGE "pnetlib"
| #define VERSION "0.8.0"
| #define STDC_HEADERS 1
| #define HAVE_SYS_TYPES_H 1
| #define HAVE_SYS_STAT_H 1
| #define HAVE_STDLIB_H 1
| #define HAVE_STRING_H 1
| #define HAVE_MEMORY_H 1
| #define HAVE_STRINGS_H 1
| #define HAVE_INTTYPES_H 1
| #define HAVE_STDINT_H 1
| #define HAVE_UNISTD_H 1
| #define HAVE_DLFCN_H 1
| #define X_DISPLAY_MISSING 1
| #define STDC_HEADERS 1
| #define TIME_WITH_SYS_TIME 1
| #define HAVE_TIME_H 1
| #define HAVE_SYS_TIME_H 1
| #define HAVE_SYS_TYPES_H 1
| #define HAVE_SYS_SELECT_H 1
| #define HAVE_UNISTD_H 1
| #define HAVE_SYS_STAT_H 1
| #define HAVE_SELECT 1
| /* end confdefs.h.  */
| #include "confdefs.h"
| #if TIME_WITH_SYS_TIME
| 	#include <sys/time.h>
|     #include <time.h>
| #else
|     #if HAVE_SYS_TIME_H
| 		#include <sys/time.h>
|     #else
|         #include <time.h>
|     #endif
| #endif
| #ifdef HAVE_SYS_TYPES_H
| #include <sys/types.h>
| #endif
| #ifdef HAVE_SYS_STAT_H
| #include <sys/stat.h>
| #endif
| #ifdef HAVE_UNISTD_H
| #include <unistd.h>
| #endif
| 
| int
| main ()
| {
| switch (0) case 0: case (sizeof (short) == 8):;
|   ;
|   return 0;
| }
configure:23581: gcc -c -g -O2  conftest.c >&5
conftest.c: In function 'main':
conftest.c:55:20: error: duplicate case value
conftest.c:55:12: error: previously used here
configure:23587: $? = 1
configure: failed program was:
| /* confdefs.h.  */
| #define PACKAGE_NAME ""
| #define PACKAGE_TARNAME ""
| #define PACKAGE_VERSION ""
| #define PACKAGE_STRING ""
| #define PACKAGE_BUGREPORT ""
| #define PACKAGE "pnetlib"
| #define VERSION "0.8.0"
| #define STDC_HEADERS 1
| #define HAVE_SYS_TYPES_H 1
| #define HAVE_SYS_STAT_H 1
| #define HAVE_STDLIB_H 1
| #define HAVE_STRING_H 1
| #define HAVE_MEMORY_H 1
| #define HAVE_STRINGS_H 1
| #define HAVE_INTTYPES_H 1
| #define HAVE_STDINT_H 1
| #define HAVE_UNISTD_H 1
| #define HAVE_DLFCN_H 1
| #define X_DISPLAY_MISSING 1
| #define STDC_HEADERS 1
| #define TIME_WITH_SYS_TIME 1
| #define HAVE_TIME_H 1
| #define HAVE_SYS_TIME_H 1
| #define HAVE_SYS_TYPES_H 1
| #define HAVE_SYS_SELECT_H 1
| #define HAVE_UNISTD_H 1
| #define HAVE_SYS_STAT_H 1
| #define HAVE_SELECT 1
| /* end confdefs.h.  */
| #include "confdefs.h"
| #if TIME_WITH_SYS_TIME
| 	#include <sys/time.h>
|     #include <time.h>
| #else
|     #if HAVE_SYS_TIME_H
| 		#include <sys/time.h>
|     #else
|         #include <time.h>
|     #endif
| #endif
| #ifdef HAVE_SYS_TYPES_H
| #include <sys/types.h>
| #endif
| #ifdef HAVE_SYS_STAT_H
| #include <sys/stat.h>
| #endif
| #ifdef HAVE_UNISTD_H
| #include <unistd.h>
| #endif
| 
| int
| main ()
| {
| switch (0) case 0: case (sizeof (short) == 1):;
|   ;
|   return 0;
| }
configure:23581: gcc -c -g -O2  conftest.c >&5
configure:23587: $? = 0
configure:23594: test -z "$ac_c_werror_flag" || test ! -s conftest.err
configure:23597: $? = 0
configure:23604: test -s conftest.o
configure:23607: $? = 0
configure:23626: result: 2
configure:23629: checking size of int
configure:23676: gcc -c -g -O2  conftest.c >&5
configure:23682: $? = 0
configure:23689: test -z "$ac_c_werror_flag" || test ! -s conftest.err
configure:23692: $? = 0
configure:23699: test -s conftest.o
configure:23702: $? = 0
configure:23721: result: 4
configure:23724: checking size of long
configure:23771: gcc -c -g -O2  conftest.c >&5
configure:23777: $? = 0
configure:23784: test -z "$ac_c_werror_flag" || test ! -s conftest.err
configure:23787: $? = 0
configure:23794: test -s conftest.o
configure:23797: $? = 0
configure:23816: result: 4
configure:23819: checking size of long long
configure:23866: gcc -c -g -O2  conftest.c >&5
conftest.c: In function 'main':
conftest.c:55:20: error: duplicate case value
conftest.c:55:12: error: previously used here
configure:23872: $? = 1
configure: failed program was:
| /* confdefs.h.  */
| #define PACKAGE_NAME ""
| #define PACKAGE_TARNAME ""
| #define PACKAGE_VERSION ""
| #define PACKAGE_STRING ""
| #define PACKAGE_BUGREPORT ""
| #define PACKAGE "pnetlib"
| #define VERSION "0.8.0"
| #define STDC_HEADERS 1
| #define HAVE_SYS_TYPES_H 1
| #define HAVE_SYS_STAT_H 1
| #define HAVE_STDLIB_H 1
| #define HAVE_STRING_H 1
| #define HAVE_MEMORY_H 1
| #define HAVE_STRINGS_H 1
| #define HAVE_INTTYPES_H 1
| #define HAVE_STDINT_H 1
| #define HAVE_UNISTD_H 1
| #define HAVE_DLFCN_H 1
| #define X_DISPLAY_MISSING 1
| #define STDC_HEADERS 1
| #define TIME_WITH_SYS_TIME 1
| #define HAVE_TIME_H 1
| #define HAVE_SYS_TIME_H 1
| #define HAVE_SYS_TYPES_H 1
| #define HAVE_SYS_SELECT_H 1
| #define HAVE_UNISTD_H 1
| #define HAVE_SYS_STAT_H 1
| #define HAVE_SELECT 1
| /* end confdefs.h.  */
| #include "confdefs.h"
| #if TIME_WITH_SYS_TIME
| 	#include <sys/time.h>
|     #include <time.h>
| #else
|     #if HAVE_SYS_TIME_H
| 		#include <sys/time.h>
|     #else
|         #include <time.h>
|     #endif
| #endif
| #ifdef HAVE_SYS_TYPES_H
| #include <sys/types.h>
| #endif
| #ifdef HAVE_SYS_STAT_H
| #include <sys/stat.h>
| #endif
| #ifdef HAVE_UNISTD_H
| #include <unistd.h>
| #endif
| 
| int
| main ()
| {
| switch (0) case 0: case (sizeof (long long) == 4):;
|   ;
|   return 0;
| }
configure:23866: gcc -c -g -O2  conftest.c >&5
configure:23872: $? = 0
configure:23879: test -z "$ac_c_werror_flag" || test ! -s conftest.err
configure:23882: $? = 0
configure:23889: test -s conftest.o
configure:23892: $? = 0
configure:23911: result: 8
configure:23914: checking size of size_t
configure:23961: gcc -c -g -O2  conftest.c >&5
configure:23967: $? = 0
configure:23974: test -z "$ac_c_werror_flag" || test ! -s conftest.err
configure:23977: $? = 0
configure:23984: test -s conftest.o
configure:23987: $? = 0
configure:24006: result: 4
configure:24009: checking size of time_t
configure:24056: gcc -c -g -O2  conftest.c >&5
configure:24062: $? = 0
configure:24069: test -z "$ac_c_werror_flag" || test ! -s conftest.err
configure:24072: $? = 0
configure:24079: test -s conftest.o
configure:24082: $? = 0
configure:24101: result: 4
configure:24104: checking size of off_t
configure:24151: gcc -c -g -O2  conftest.c >&5
configure:24157: $? = 0
configure:24164: test -z "$ac_c_werror_flag" || test ! -s conftest.err
configure:24167: $? = 0
configure:24174: test -s conftest.o
configure:24177: $? = 0
configure:24196: result: 4
configure:24199: checking size of off64_t
configure:24246: gcc -c -g -O2  conftest.c >&5
conftest.c: In function 'main':
conftest.c:55:34: error: 'off64_t' undeclared (first use in this function)
conftest.c:55:34: note: each undeclared identifier is reported only once for each function it appears in
configure:24252: $? = 1
configure: failed program was:
| /* confdefs.h.  */
| #define PACKAGE_NAME ""
| #define PACKAGE_TARNAME ""
| #define PACKAGE_VERSION ""
| #define PACKAGE_STRING ""
| #define PACKAGE_BUGREPORT ""
| #define PACKAGE "pnetlib"
| #define VERSION "0.8.0"
| #define STDC_HEADERS 1
| #define HAVE_SYS_TYPES_H 1
| #define HAVE_SYS_STAT_H 1
| #define HAVE_STDLIB_H 1
| #define HAVE_STRING_H 1
| #define HAVE_MEMORY_H 1
| #define HAVE_STRINGS_H 1
| #define HAVE_INTTYPES_H 1
| #define HAVE_STDINT_H 1
| #define HAVE_UNISTD_H 1
| #define HAVE_DLFCN_H 1
| #define X_DISPLAY_MISSING 1
| #define STDC_HEADERS 1
| #define TIME_WITH_SYS_TIME 1
| #define HAVE_TIME_H 1
| #define HAVE_SYS_TIME_H 1
| #define HAVE_SYS_TYPES_H 1
| #define HAVE_SYS_SELECT_H 1
| #define HAVE_UNISTD_H 1
| #define HAVE_SYS_STAT_H 1
| #define HAVE_SELECT 1
| /* end confdefs.h.  */
| #include "confdefs.h"
| #if TIME_WITH_SYS_TIME
| 	#include <sys/time.h>
|     #include <time.h>
| #else
|     #if HAVE_SYS_TIME_H
| 		#include <sys/time.h>
|     #else
|         #include <time.h>
|     #endif
| #endif
| #ifdef HAVE_SYS_TYPES_H
| #include <sys/types.h>
| #endif
| #ifdef HAVE_SYS_STAT_H
| #include <sys/stat.h>
| #endif
| #ifdef HAVE_UNISTD_H
| #include <unistd.h>
| #endif
| 
| int
| main ()
| {
| switch (0) case 0: case (sizeof (off64_t) == 4):;
|   ;
|   return 0;
| }
configure:24246: gcc -c -g -O2  conftest.c >&5
conftest.c: In function 'main':
conftest.c:55:34: error: 'off64_t' undeclared (first use in this function)
conftest.c:55:34: note: each undeclared identifier is reported only once for each function it appears in
configure:24252: $? = 1
configure: failed program was:
| /* confdefs.h.  */
| #define PACKAGE_NAME ""
| #define PACKAGE_TARNAME ""
| #define PACKAGE_VERSION ""
| #define PACKAGE_STRING ""
| #define PACKAGE_BUGREPORT ""
| #define PACKAGE "pnetlib"
| #define VERSION "0.8.0"
| #define STDC_HEADERS 1
| #define HAVE_SYS_TYPES_H 1
| #define HAVE_SYS_STAT_H 1
| #define HAVE_STDLIB_H 1
| #define HAVE_STRING_H 1
| #define HAVE_MEMORY_H 1
| #define HAVE_STRINGS_H 1
| #define HAVE_INTTYPES_H 1
| #define HAVE_STDINT_H 1
| #define HAVE_UNISTD_H 1
| #define HAVE_DLFCN_H 1
| #define X_DISPLAY_MISSING 1
| #define STDC_HEADERS 1
| #define TIME_WITH_SYS_TIME 1
| #define HAVE_TIME_H 1
| #define HAVE_SYS_TIME_H 1
| #define HAVE_SYS_TYPES_H 1
| #define HAVE_SYS_SELECT_H 1
| #define HAVE_UNISTD_H 1
| #define HAVE_SYS_STAT_H 1
| #define HAVE_SELECT 1
| /* end confdefs.h.  */
| #include "confdefs.h"
| #if TIME_WITH_SYS_TIME
| 	#include <sys/time.h>
|     #include <time.h>
| #else
|     #if HAVE_SYS_TIME_H
| 		#include <sys/time.h>
|     #else
|         #include <time.h>
|     #endif
| #endif
| #ifdef HAVE_SYS_TYPES_H
| #include <sys/types.h>
| #endif
| #ifdef HAVE_SYS_STAT_H
| #include <sys/stat.h>
| #endif
| #ifdef HAVE_UNISTD_H
| #include <unistd.h>
| #endif
| 
| int
| main ()
| {
| switch (0) case 0: case (sizeof (off64_t) == 8):;
|   ;
|   return 0;
| }
configure:24246: gcc -c -g -O2  conftest.c >&5
conftest.c: In function 'main':
conftest.c:55:34: error: 'off64_t' undeclared (first use in this function)
conftest.c:55:34: note: each undeclared identifier is reported only once for each function it appears in
configure:24252: $? = 1
configure: failed program was:
| /* confdefs.h.  */
| #define PACKAGE_NAME ""
| #define PACKAGE_TARNAME ""
| #define PACKAGE_VERSION ""
| #define PACKAGE_STRING ""
| #define PACKAGE_BUGREPORT ""
| #define PACKAGE "pnetlib"
| #define VERSION "0.8.0"
| #define STDC_HEADERS 1
| #define HAVE_SYS_TYPES_H 1
| #define HAVE_SYS_STAT_H 1
| #define HAVE_STDLIB_H 1
| #define HAVE_STRING_H 1
| #define HAVE_MEMORY_H 1
| #define HAVE_STRINGS_H 1
| #define HAVE_INTTYPES_H 1
| #define HAVE_STDINT_H 1
| #define HAVE_UNISTD_H 1
| #define HAVE_DLFCN_H 1
| #define X_DISPLAY_MISSING 1
| #define STDC_HEADERS 1
| #define TIME_WITH_SYS_TIME 1
| #define HAVE_TIME_H 1
| #define HAVE_SYS_TIME_H 1
| #define HAVE_SYS_TYPES_H 1
| #define HAVE_SYS_SELECT_H 1
| #define HAVE_UNISTD_H 1
| #define HAVE_SYS_STAT_H 1
| #define HAVE_SELECT 1
| /* end confdefs.h.  */
| #include "confdefs.h"
| #if TIME_WITH_SYS_TIME
| 	#include <sys/time.h>
|     #include <time.h>
| #else
|     #if HAVE_SYS_TIME_H
| 		#include <sys/time.h>
|     #else
|         #include <time.h>
|     #endif
| #endif
| #ifdef HAVE_SYS_TYPES_H
| #include <sys/types.h>
| #endif
| #ifdef HAVE_SYS_STAT_H
| #include <sys/stat.h>
| #endif
| #ifdef HAVE_UNISTD_H
| #include <unistd.h>
| #endif
| 
| int
| main ()
| {
| switch (0) case 0: case (sizeof (off64_t) == 1):;
|   ;
|   return 0;
| }
configure:24246: gcc -c -g -O2  conftest.c >&5
conftest.c: In function 'main':
conftest.c:55:34: error: 'off64_t' undeclared (first use in this function)
conftest.c:55:34: note: each undeclared identifier is reported only once for each function it appears in
configure:24252: $? = 1
configure: failed program was:
| /* confdefs.h.  */
| #define PACKAGE_NAME ""
| #define PACKAGE_TARNAME ""
| #define PACKAGE_VERSION ""
| #define PACKAGE_STRING ""
| #define PACKAGE_BUGREPORT ""
| #define PACKAGE "pnetlib"
| #define VERSION "0.8.0"
| #define STDC_HEADERS 1
| #define HAVE_SYS_TYPES_H 1
| #define HAVE_SYS_STAT_H 1
| #define HAVE_STDLIB_H 1
| #define HAVE_STRING_H 1
| #define HAVE_MEMORY_H 1
| #define HAVE_STRINGS_H 1
| #define HAVE_INTTYPES_H 1
| #define HAVE_STDINT_H 1
| #define HAVE_UNISTD_H 1
| #define HAVE_DLFCN_H 1
| #define X_DISPLAY_MISSING 1
| #define STDC_HEADERS 1
| #define TIME_WITH_SYS_TIME 1
| #define HAVE_TIME_H 1
| #define HAVE_SYS_TIME_H 1
| #define HAVE_SYS_TYPES_H 1
| #define HAVE_SYS_SELECT_H 1
| #define HAVE_UNISTD_H 1
| #define HAVE_SYS_STAT_H 1
| #define HAVE_SELECT 1
| /* end confdefs.h.  */
| #include "confdefs.h"
| #if TIME_WITH_SYS_TIME
| 	#include <sys/time.h>
|     #include <time.h>
| #else
|     #if HAVE_SYS_TIME_H
| 		#include <sys/time.h>
|     #else
|         #include <time.h>
|     #endif
| #endif
| #ifdef HAVE_SYS_TYPES_H
| #include <sys/types.h>
| #endif
| #ifdef HAVE_SYS_STAT_H
| #include <sys/stat.h>
| #endif
| #ifdef HAVE_UNISTD_H
| #include <unistd.h>
| #endif
| 
| int
| main ()
| {
| switch (0) case 0: case (sizeof (off64_t) == 2):;
|   ;
|   return 0;
| }
configure:24246: gcc -c -g -O2  conftest.c >&5
conftest.c: In function 'main':
conftest.c:55:34: error: 'off64_t' undeclared (first use in this function)
conftest.c:55:34: note: each undeclared identifier is reported only once for each function it appears in
configure:24252: $? = 1
configure: failed program was:
| /* confdefs.h.  */
| #define PACKAGE_NAME ""
| #define PACKAGE_TARNAME ""
| #define PACKAGE_VERSION ""
| #define PACKAGE_STRING ""
| #define PACKAGE_BUGREPORT ""
| #define PACKAGE "pnetlib"
| #define VERSION "0.8.0"
| #define STDC_HEADERS 1
| #define HAVE_SYS_TYPES_H 1
| #define HAVE_SYS_STAT_H 1
| #define HAVE_STDLIB_H 1
| #define HAVE_STRING_H 1
| #define HAVE_MEMORY_H 1
| #define HAVE_STRINGS_H 1
| #define HAVE_INTTYPES_H 1
| #define HAVE_STDINT_H 1
| #define HAVE_UNISTD_H 1
| #define HAVE_DLFCN_H 1
| #define X_DISPLAY_MISSING 1
| #define STDC_HEADERS 1
| #define TIME_WITH_SYS_TIME 1
| #define HAVE_TIME_H 1
| #define HAVE_SYS_TIME_H 1
| #define HAVE_SYS_TYPES_H 1
| #define HAVE_SYS_SELECT_H 1
| #define HAVE_UNISTD_H 1
| #define HAVE_SYS_STAT_H 1
| #define HAVE_SELECT 1
| /* end confdefs.h.  */
| #include "confdefs.h"
| #if TIME_WITH_SYS_TIME
| 	#include <sys/time.h>
|     #include <time.h>
| #else
|     #if HAVE_SYS_TIME_H
| 		#include <sys/time.h>
|     #else
|         #include <time.h>
|     #endif
| #endif
| #ifdef HAVE_SYS_TYPES_H
| #include <sys/types.h>
| #endif
| #ifdef HAVE_SYS_STAT_H
| #include <sys/stat.h>
| #endif
| #ifdef HAVE_UNISTD_H
| #include <unistd.h>
| #endif
| 
| int
| main ()
| {
| switch (0) case 0: case (sizeof (off64_t) == 12):;
|   ;
|   return 0;
| }
configure:24246: gcc -c -g -O2  conftest.c >&5
conftest.c: In function 'main':
conftest.c:55:34: error: 'off64_t' undeclared (first use in this function)
conftest.c:55:34: note: each undeclared identifier is reported only once for each function it appears in
configure:24252: $? = 1
configure: failed program was:
| /* confdefs.h.  */
| #define PACKAGE_NAME ""
| #define PACKAGE_TARNAME ""
| #define PACKAGE_VERSION ""
| #define PACKAGE_STRING ""
| #define PACKAGE_BUGREPORT ""
| #define PACKAGE "pnetlib"
| #define VERSION "0.8.0"
| #define STDC_HEADERS 1
| #define HAVE_SYS_TYPES_H 1
| #define HAVE_SYS_STAT_H 1
| #define HAVE_STDLIB_H 1
| #define HAVE_STRING_H 1
| #define HAVE_MEMORY_H 1
| #define HAVE_STRINGS_H 1
| #define HAVE_INTTYPES_H 1
| #define HAVE_STDINT_H 1
| #define HAVE_UNISTD_H 1
| #define HAVE_DLFCN_H 1
| #define X_DISPLAY_MISSING 1
| #define STDC_HEADERS 1
| #define TIME_WITH_SYS_TIME 1
| #define HAVE_TIME_H 1
| #define HAVE_SYS_TIME_H 1
| #define HAVE_SYS_TYPES_H 1
| #define HAVE_SYS_SELECT_H 1
| #define HAVE_UNISTD_H 1
| #define HAVE_SYS_STAT_H 1
| #define HAVE_SELECT 1
| /* end confdefs.h.  */
| #include "confdefs.h"
| #if TIME_WITH_SYS_TIME
| 	#include <sys/time.h>
|     #include <time.h>
| #else
|     #if HAVE_SYS_TIME_H
| 		#include <sys/time.h>
|     #else
|         #include <time.h>
|     #endif
| #endif
| #ifdef HAVE_SYS_TYPES_H
| #include <sys/types.h>
| #endif
| #ifdef HAVE_SYS_STAT_H
| #include <sys/stat.h>
| #endif
| #ifdef HAVE_UNISTD_H
| #include <unistd.h>
| #endif
| 
| int
| main ()
| {
| switch (0) case 0: case (sizeof (off64_t) == 16):;
|   ;
|   return 0;
| }
configure:24246: gcc -c -g -O2  conftest.c >&5
conftest.c: In function 'main':
conftest.c:55:34: error: 'off64_t' undeclared (first use in this function)
conftest.c:55:34: note: each undeclared identifier is reported only once for each function it appears in
configure:24252: $? = 1
configure: failed program was:
| /* confdefs.h.  */
| #define PACKAGE_NAME ""
| #define PACKAGE_TARNAME ""
| #define PACKAGE_VERSION ""
| #define PACKAGE_STRING ""
| #define PACKAGE_BUGREPORT ""
| #define PACKAGE "pnetlib"
| #define VERSION "0.8.0"
| #define STDC_HEADERS 1
| #define HAVE_SYS_TYPES_H 1
| #define HAVE_SYS_STAT_H 1
| #define HAVE_STDLIB_H 1
| #define HAVE_STRING_H 1
| #define HAVE_MEMORY_H 1
| #define HAVE_STRINGS_H 1
| #define HAVE_INTTYPES_H 1
| #define HAVE_STDINT_H 1
| #define HAVE_UNISTD_H 1
| #define HAVE_DLFCN_H 1
| #define X_DISPLAY_MISSING 1
| #define STDC_HEADERS 1
| #define TIME_WITH_SYS_TIME 1
| #define HAVE_TIME_H 1
| #define HAVE_SYS_TIME_H 1
| #define HAVE_SYS_TYPES_H 1
| #define HAVE_SYS_SELECT_H 1
| #define HAVE_UNISTD_H 1
| #define HAVE_SYS_STAT_H 1
| #define HAVE_SELECT 1
| /* end confdefs.h.  */
| #include "confdefs.h"
| #if TIME_WITH_SYS_TIME
| 	#include <sys/time.h>
|     #include <time.h>
| #else
|     #if HAVE_SYS_TIME_H
| 		#include <sys/time.h>
|     #else
|         #include <time.h>
|     #endif
| #endif
| #ifdef HAVE_SYS_TYPES_H
| #include <sys/types.h>
| #endif
| #ifdef HAVE_SYS_STAT_H
| #include <sys/stat.h>
| #endif
| #ifdef HAVE_UNISTD_H
| #include <unistd.h>
| #endif
| 
| int
| main ()
| {
| switch (0) case 0: case (sizeof (off64_t) == 8):;
|   ;
|   return 0;
| }
configure:24291: result: 0
configure:24294: checking size of ino_t
configure:24341: gcc -c -g -O2  conftest.c >&5
configure:24347: $? = 0
configure:24354: test -z "$ac_c_werror_flag" || test ! -s conftest.err
configure:24357: $? = 0
configure:24364: test -s conftest.o
configure:24367: $? = 0
configure:24386: result: 4
configure:24389: checking size of ino64_t
configure:24436: gcc -c -g -O2  conftest.c >&5
conftest.c: In function 'main':
conftest.c:55:34: error: 'ino64_t' undeclared (first use in this function)
conftest.c:55:34: note: each undeclared identifier is reported only once for each function it appears in
configure:24442: $? = 1
configure: failed program was:
| /* confdefs.h.  */
| #define PACKAGE_NAME ""
| #define PACKAGE_TARNAME ""
| #define PACKAGE_VERSION ""
| #define PACKAGE_STRING ""
| #define PACKAGE_BUGREPORT ""
| #define PACKAGE "pnetlib"
| #define VERSION "0.8.0"
| #define STDC_HEADERS 1
| #define HAVE_SYS_TYPES_H 1
| #define HAVE_SYS_STAT_H 1
| #define HAVE_STDLIB_H 1
| #define HAVE_STRING_H 1
| #define HAVE_MEMORY_H 1
| #define HAVE_STRINGS_H 1
| #define HAVE_INTTYPES_H 1
| #define HAVE_STDINT_H 1
| #define HAVE_UNISTD_H 1
| #define HAVE_DLFCN_H 1
| #define X_DISPLAY_MISSING 1
| #define STDC_HEADERS 1
| #define TIME_WITH_SYS_TIME 1
| #define HAVE_TIME_H 1
| #define HAVE_SYS_TIME_H 1
| #define HAVE_SYS_TYPES_H 1
| #define HAVE_SYS_SELECT_H 1
| #define HAVE_UNISTD_H 1
| #define HAVE_SYS_STAT_H 1
| #define HAVE_SELECT 1
| /* end confdefs.h.  */
| #include "confdefs.h"
| #if TIME_WITH_SYS_TIME
| 	#include <sys/time.h>
|     #include <time.h>
| #else
|     #if HAVE_SYS_TIME_H
| 		#include <sys/time.h>
|     #else
|         #include <time.h>
|     #endif
| #endif
| #ifdef HAVE_SYS_TYPES_H
| #include <sys/types.h>
| #endif
| #ifdef HAVE_SYS_STAT_H
| #include <sys/stat.h>
| #endif
| #ifdef HAVE_UNISTD_H
| #include <unistd.h>
| #endif
| 
| int
| main ()
| {
| switch (0) case 0: case (sizeof (ino64_t) == 4):;
|   ;
|   return 0;
| }
configure:24436: gcc -c -g -O2  conftest.c >&5
conftest.c: In function 'main':
conftest.c:55:34: error: 'ino64_t' undeclared (first use in this function)
conftest.c:55:34: note: each undeclared identifier is reported only once for each function it appears in
configure:24442: $? = 1
configure: failed program was:
| /* confdefs.h.  */
| #define PACKAGE_NAME ""
| #define PACKAGE_TARNAME ""
| #define PACKAGE_VERSION ""
| #define PACKAGE_STRING ""
| #define PACKAGE_BUGREPORT ""
| #define PACKAGE "pnetlib"
| #define VERSION "0.8.0"
| #define STDC_HEADERS 1
| #define HAVE_SYS_TYPES_H 1
| #define HAVE_SYS_STAT_H 1
| #define HAVE_STDLIB_H 1
| #define HAVE_STRING_H 1
| #define HAVE_MEMORY_H 1
| #define HAVE_STRINGS_H 1
| #define HAVE_INTTYPES_H 1
| #define HAVE_STDINT_H 1
| #define HAVE_UNISTD_H 1
| #define HAVE_DLFCN_H 1
| #define X_DISPLAY_MISSING 1
| #define STDC_HEADERS 1
| #define TIME_WITH_SYS_TIME 1
| #define HAVE_TIME_H 1
| #define HAVE_SYS_TIME_H 1
| #define HAVE_SYS_TYPES_H 1
| #define HAVE_SYS_SELECT_H 1
| #define HAVE_UNISTD_H 1
| #define HAVE_SYS_STAT_H 1
| #define HAVE_SELECT 1
| /* end confdefs.h.  */
| #include "confdefs.h"
| #if TIME_WITH_SYS_TIME
| 	#include <sys/time.h>
|     #include <time.h>
| #else
|     #if HAVE_SYS_TIME_H
| 		#include <sys/time.h>
|     #else
|         #include <time.h>
|     #endif
| #endif
| #ifdef HAVE_SYS_TYPES_H
| #include <sys/types.h>
| #endif
| #ifdef HAVE_SYS_STAT_H
| #include <sys/stat.h>
| #endif
| #ifdef HAVE_UNISTD_H
| #include <unistd.h>
| #endif
| 
| int
| main ()
| {
| switch (0) case 0: case (sizeof (ino64_t) == 8):;
|   ;
|   return 0;
| }
configure:24436: gcc -c -g -O2  conftest.c >&5
conftest.c: In function 'main':
conftest.c:55:34: error: 'ino64_t' undeclared (first use in this function)
conftest.c:55:34: note: each undeclared identifier is reported only once for each function it appears in
configure:24442: $? = 1
configure: failed program was:
| /* confdefs.h.  */
| #define PACKAGE_NAME ""
| #define PACKAGE_TARNAME ""
| #define PACKAGE_VERSION ""
| #define PACKAGE_STRING ""
| #define PACKAGE_BUGREPORT ""
| #define PACKAGE "pnetlib"
| #define VERSION "0.8.0"
| #define STDC_HEADERS 1
| #define HAVE_SYS_TYPES_H 1
| #define HAVE_SYS_STAT_H 1
| #define HAVE_STDLIB_H 1
| #define HAVE_STRING_H 1
| #define HAVE_MEMORY_H 1
| #define HAVE_STRINGS_H 1
| #define HAVE_INTTYPES_H 1
| #define HAVE_STDINT_H 1
| #define HAVE_UNISTD_H 1
| #define HAVE_DLFCN_H 1
| #define X_DISPLAY_MISSING 1
| #define STDC_HEADERS 1
| #define TIME_WITH_SYS_TIME 1
| #define HAVE_TIME_H 1
| #define HAVE_SYS_TIME_H 1
| #define HAVE_SYS_TYPES_H 1
| #define HAVE_SYS_SELECT_H 1
| #define HAVE_UNISTD_H 1
| #define HAVE_SYS_STAT_H 1
| #define HAVE_SELECT 1
| /* end confdefs.h.  */
| #include "confdefs.h"
| #if TIME_WITH_SYS_TIME
| 	#include <sys/time.h>
|     #include <time.h>
| #else
|     #if HAVE_SYS_TIME_H
| 		#include <sys/time.h>
|     #else
|         #include <time.h>
|     #endif
| #endif
| #ifdef HAVE_SYS_TYPES_H
| #include <sys/types.h>
| #endif
| #ifdef HAVE_SYS_STAT_H
| #include <sys/stat.h>
| #endif
| #ifdef HAVE_UNISTD_H
| #include <unistd.h>
| #endif
| 
| int
| main ()
| {
| switch (0) case 0: case (sizeof (ino64_t) == 1):;
|   ;
|   return 0;
| }
configure:24436: gcc -c -g -O2  conftest.c >&5
conftest.c: In function 'main':
conftest.c:55:34: error: 'ino64_t' undeclared (first use in this function)
conftest.c:55:34: note: each undeclared identifier is reported only once for each function it appears in
configure:24442: $? = 1
configure: failed program was:
| /* confdefs.h.  */
| #define PACKAGE_NAME ""
| #define PACKAGE_TARNAME ""
| #define PACKAGE_VERSION ""
| #define PACKAGE_STRING ""
| #define PACKAGE_BUGREPORT ""
| #define PACKAGE "pnetlib"
| #define VERSION "0.8.0"
| #define STDC_HEADERS 1
| #define HAVE_SYS_TYPES_H 1
| #define HAVE_SYS_STAT_H 1
| #define HAVE_STDLIB_H 1
| #define HAVE_STRING_H 1
| #define HAVE_MEMORY_H 1
| #define HAVE_STRINGS_H 1
| #define HAVE_INTTYPES_H 1
| #define HAVE_STDINT_H 1
| #define HAVE_UNISTD_H 1
| #define HAVE_DLFCN_H 1
| #define X_DISPLAY_MISSING 1
| #define STDC_HEADERS 1
| #define TIME_WITH_SYS_TIME 1
| #define HAVE_TIME_H 1
| #define HAVE_SYS_TIME_H 1
| #define HAVE_SYS_TYPES_H 1
| #define HAVE_SYS_SELECT_H 1
| #define HAVE_UNISTD_H 1
| #define HAVE_SYS_STAT_H 1
| #define HAVE_SELECT 1
| /* end confdefs.h.  */
| #include "confdefs.h"
| #if TIME_WITH_SYS_TIME
| 	#include <sys/time.h>
|     #include <time.h>
| #else
|     #if HAVE_SYS_TIME_H
| 		#include <sys/time.h>
|     #else
|         #include <time.h>
|     #endif
| #endif
| #ifdef HAVE_SYS_TYPES_H
| #include <sys/types.h>
| #endif
| #ifdef HAVE_SYS_STAT_H
| #include <sys/stat.h>
| #endif
| #ifdef HAVE_UNISTD_H
| #include <unistd.h>
| #endif
| 
| int
| main ()
| {
| switch (0) case 0: case (sizeof (ino64_t) == 2):;
|   ;
|   return 0;
| }
configure:24436: gcc -c -g -O2  conftest.c >&5
conftest.c: In function 'main':
conftest.c:55:34: error: 'ino64_t' undeclared (first use in this function)
conftest.c:55:34: note: each undeclared identifier is reported only once for each function it appears in
configure:24442: $? = 1
configure: failed program was:
| /* confdefs.h.  */
| #define PACKAGE_NAME ""
| #define PACKAGE_TARNAME ""
| #define PACKAGE_VERSION ""
| #define PACKAGE_STRING ""
| #define PACKAGE_BUGREPORT ""
| #define PACKAGE "pnetlib"
| #define VERSION "0.8.0"
| #define STDC_HEADERS 1
| #define HAVE_SYS_TYPES_H 1
| #define HAVE_SYS_STAT_H 1
| #define HAVE_STDLIB_H 1
| #define HAVE_STRING_H 1
| #define HAVE_MEMORY_H 1
| #define HAVE_STRINGS_H 1
| #define HAVE_INTTYPES_H 1
| #define HAVE_STDINT_H 1
| #define HAVE_UNISTD_H 1
| #define HAVE_DLFCN_H 1
| #define X_DISPLAY_MISSING 1
| #define STDC_HEADERS 1
| #define TIME_WITH_SYS_TIME 1
| #define HAVE_TIME_H 1
| #define HAVE_SYS_TIME_H 1
| #define HAVE_SYS_TYPES_H 1
| #define HAVE_SYS_SELECT_H 1
| #define HAVE_UNISTD_H 1
| #define HAVE_SYS_STAT_H 1
| #define HAVE_SELECT 1
| /* end confdefs.h.  */
| #include "confdefs.h"
| #if TIME_WITH_SYS_TIME
| 	#include <sys/time.h>
|     #include <time.h>
| #else
|     #if HAVE_SYS_TIME_H
| 		#include <sys/time.h>
|     #else
|         #include <time.h>
|     #endif
| #endif
| #ifdef HAVE_SYS_TYPES_H
| #include <sys/types.h>
| #endif
| #ifdef HAVE_SYS_STAT_H
| #include <sys/stat.h>
| #endif
| #ifdef HAVE_UNISTD_H
| #include <unistd.h>
| #endif
| 
| int
| main ()
| {
| switch (0) case 0: case (sizeof (ino64_t) == 12):;
|   ;
|   return 0;
| }
configure:24436: gcc -c -g -O2  conftest.c >&5
conftest.c: In function 'main':
conftest.c:55:34: error: 'ino64_t' undeclared (first use in this function)
conftest.c:55:34: note: each undeclared identifier is reported only once for each function it appears in
configure:24442: $? = 1
configure: failed program was:
| /* confdefs.h.  */
| #define PACKAGE_NAME ""
| #define PACKAGE_TARNAME ""
| #define PACKAGE_VERSION ""
| #define PACKAGE_STRING ""
| #define PACKAGE_BUGREPORT ""
| #define PACKAGE "pnetlib"
| #define VERSION "0.8.0"
| #define STDC_HEADERS 1
| #define HAVE_SYS_TYPES_H 1
| #define HAVE_SYS_STAT_H 1
| #define HAVE_STDLIB_H 1
| #define HAVE_STRING_H 1
| #define HAVE_MEMORY_H 1
| #define HAVE_STRINGS_H 1
| #define HAVE_INTTYPES_H 1
| #define HAVE_STDINT_H 1
| #define HAVE_UNISTD_H 1
| #define HAVE_DLFCN_H 1
| #define X_DISPLAY_MISSING 1
| #define STDC_HEADERS 1
| #define TIME_WITH_SYS_TIME 1
| #define HAVE_TIME_H 1
| #define HAVE_SYS_TIME_H 1
| #define HAVE_SYS_TYPES_H 1
| #define HAVE_SYS_SELECT_H 1
| #define HAVE_UNISTD_H 1
| #define HAVE_SYS_STAT_H 1
| #define HAVE_SELECT 1
| /* end confdefs.h.  */
| #include "confdefs.h"
| #if TIME_WITH_SYS_TIME
| 	#include <sys/time.h>
|     #include <time.h>
| #else
|     #if HAVE_SYS_TIME_H
| 		#include <sys/time.h>
|     #else
|         #include <time.h>
|     #endif
| #endif
| #ifdef HAVE_SYS_TYPES_H
| #include <sys/types.h>
| #endif
| #ifdef HAVE_SYS_STAT_H
| #include <sys/stat.h>
| #endif
| #ifdef HAVE_UNISTD_H
| #include <unistd.h>
| #endif
| 
| int
| main ()
| {
| switch (0) case 0: case (sizeof (ino64_t) == 16):;
|   ;
|   return 0;
| }
configure:24436: gcc -c -g -O2  conftest.c >&5
conftest.c: In function 'main':
conftest.c:55:34: error: 'ino64_t' undeclared (first use in this function)
conftest.c:55:34: note: each undeclared identifier is reported only once for each function it appears in
configure:24442: $? = 1
configure: failed program was:
| /* confdefs.h.  */
| #define PACKAGE_NAME ""
| #define PACKAGE_TARNAME ""
| #define PACKAGE_VERSION ""
| #define PACKAGE_STRING ""
| #define PACKAGE_BUGREPORT ""
| #define PACKAGE "pnetlib"
| #define VERSION "0.8.0"
| #define STDC_HEADERS 1
| #define HAVE_SYS_TYPES_H 1
| #define HAVE_SYS_STAT_H 1
| #define HAVE_STDLIB_H 1
| #define HAVE_STRING_H 1
| #define HAVE_MEMORY_H 1
| #define HAVE_STRINGS_H 1
| #define HAVE_INTTYPES_H 1
| #define HAVE_STDINT_H 1
| #define HAVE_UNISTD_H 1
| #define HAVE_DLFCN_H 1
| #define X_DISPLAY_MISSING 1
| #define STDC_HEADERS 1
| #define TIME_WITH_SYS_TIME 1
| #define HAVE_TIME_H 1
| #define HAVE_SYS_TIME_H 1
| #define HAVE_SYS_TYPES_H 1
| #define HAVE_SYS_SELECT_H 1
| #define HAVE_UNISTD_H 1
| #define HAVE_SYS_STAT_H 1
| #define HAVE_SELECT 1
| /* end confdefs.h.  */
| #include "confdefs.h"
| #if TIME_WITH_SYS_TIME
| 	#include <sys/time.h>
|     #include <time.h>
| #else
|     #if HAVE_SYS_TIME_H
| 		#include <sys/time.h>
|     #else
|         #include <time.h>
|     #endif
| #endif
| #ifdef HAVE_SYS_TYPES_H
| #include <sys/types.h>
| #endif
| #ifdef HAVE_SYS_STAT_H
| #include <sys/stat.h>
| #endif
| #ifdef HAVE_UNISTD_H
| #include <unistd.h>
| #endif
| 
| int
| main ()
| {
| switch (0) case 0: case (sizeof (ino64_t) == 8):;
|   ;
|   return 0;
| }
configure:24481: result: 0
configure:24484: checking size of uid_t
configure:24531: gcc -c -g -O2  conftest.c >&5
configure:24537: $? = 0
configure:24544: test -z "$ac_c_werror_flag" || test ! -s conftest.err
configure:24547: $? = 0
configure:24554: test -s conftest.o
configure:24557: $? = 0
configure:24576: result: 4
configure:24579: checking size of gid_t
configure:24626: gcc -c -g -O2  conftest.c >&5
configure:24632: $? = 0
configure:24639: test -z "$ac_c_werror_flag" || test ! -s conftest.err
configure:24642: $? = 0
configure:24649: test -s conftest.o
configure:24652: $? = 0
configure:24671: result: 4
configure:24674: checking size of pid_t
configure:24721: gcc -c -g -O2  conftest.c >&5
configure:24727: $? = 0
configure:24734: test -z "$ac_c_werror_flag" || test ! -s conftest.err
configure:24737: $? = 0
configure:24744: test -s conftest.o
configure:24747: $? = 0
configure:24766: result: 4
configure:24769: checking size of mode_t
configure:24816: gcc -c -g -O2  conftest.c >&5
configure:24822: $? = 0
configure:24829: test -z "$ac_c_werror_flag" || test ! -s conftest.err
configure:24832: $? = 0
configure:24839: test -s conftest.o
configure:24842: $? = 0
configure:24861: result: 4
configure:24864: checking size of dev_t
configure:24911: gcc -c -g -O2  conftest.c >&5
conftest.c: In function 'main':
conftest.c:55:20: error: duplicate case value
conftest.c:55:12: error: previously used here
configure:24917: $? = 1
configure: failed program was:
| /* confdefs.h.  */
| #define PACKAGE_NAME ""
| #define PACKAGE_TARNAME ""
| #define PACKAGE_VERSION ""
| #define PACKAGE_STRING ""
| #define PACKAGE_BUGREPORT ""
| #define PACKAGE "pnetlib"
| #define VERSION "0.8.0"
| #define STDC_HEADERS 1
| #define HAVE_SYS_TYPES_H 1
| #define HAVE_SYS_STAT_H 1
| #define HAVE_STDLIB_H 1
| #define HAVE_STRING_H 1
| #define HAVE_MEMORY_H 1
| #define HAVE_STRINGS_H 1
| #define HAVE_INTTYPES_H 1
| #define HAVE_STDINT_H 1
| #define HAVE_UNISTD_H 1
| #define HAVE_DLFCN_H 1
| #define X_DISPLAY_MISSING 1
| #define STDC_HEADERS 1
| #define TIME_WITH_SYS_TIME 1
| #define HAVE_TIME_H 1
| #define HAVE_SYS_TIME_H 1
| #define HAVE_SYS_TYPES_H 1
| #define HAVE_SYS_SELECT_H 1
| #define HAVE_UNISTD_H 1
| #define HAVE_SYS_STAT_H 1
| #define HAVE_SELECT 1
| /* end confdefs.h.  */
| #include "confdefs.h"
| #if TIME_WITH_SYS_TIME
| 	#include <sys/time.h>
|     #include <time.h>
| #else
|     #if HAVE_SYS_TIME_H
| 		#include <sys/time.h>
|     #else
|         #include <time.h>
|     #endif
| #endif
| #ifdef HAVE_SYS_TYPES_H
| #include <sys/types.h>
| #endif
| #ifdef HAVE_SYS_STAT_H
| #include <sys/stat.h>
| #endif
| #ifdef HAVE_UNISTD_H
| #include <unistd.h>
| #endif
| 
| int
| main ()
| {
| switch (0) case 0: case (sizeof (dev_t) == 4):;
|   ;
|   return 0;
| }
configure:24911: gcc -c -g -O2  conftest.c >&5
configure:24917: $? = 0
configure:24924: test -z "$ac_c_werror_flag" || test ! -s conftest.err
configure:24927: $? = 0
configure:24934: test -s conftest.o
configure:24937: $? = 0
configure:24956: result: 8
configure:24959: checking size of nlink_t
configure:25006: gcc -c -g -O2  conftest.c >&5
configure:25012: $? = 0
configure:25019: test -z "$ac_c_werror_flag" || test ! -s conftest.err
configure:25022: $? = 0
configure:25029: test -s conftest.o
configure:25032: $? = 0
configure:25051: result: 4
configure:25054: checking if char is unsigned
configure:25082: gcc -c -g -O2  conftest.c >&5
conftest.c: In function 'main':
conftest.c:37:20: error: duplicate case value
conftest.c:37:12: error: previously used here
configure:25088: $? = 1
configure: failed program was:
| /* confdefs.h.  */
| #define PACKAGE_NAME ""
| #define PACKAGE_TARNAME ""
| #define PACKAGE_VERSION ""
| #define PACKAGE_STRING ""
| #define PACKAGE_BUGREPORT ""
| #define PACKAGE "pnetlib"
| #define VERSION "0.8.0"
| #define STDC_HEADERS 1
| #define HAVE_SYS_TYPES_H 1
| #define HAVE_SYS_STAT_H 1
| #define HAVE_STDLIB_H 1
| #define HAVE_STRING_H 1
| #define HAVE_MEMORY_H 1
| #define HAVE_STRINGS_H 1
| #define HAVE_INTTYPES_H 1
| #define HAVE_STDINT_H 1
| #define HAVE_UNISTD_H 1
| #define HAVE_DLFCN_H 1
| #define X_DISPLAY_MISSING 1
| #define STDC_HEADERS 1
| #define TIME_WITH_SYS_TIME 1
| #define HAVE_TIME_H 1
| #define HAVE_SYS_TIME_H 1
| #define HAVE_SYS_TYPES_H 1
| #define HAVE_SYS_SELECT_H 1
| #define HAVE_UNISTD_H 1
| #define HAVE_SYS_STAT_H 1
| #define HAVE_SELECT 1
| /* end confdefs.h.  */
| #include "confdefs.h"
| #include <sys/types.h>
| 
| int
| main ()
| {
| switch (0) case 0: case (((char)255) != -1):;
|   ;
|   return 0;
| }
configure:25125: result: no
configure:25171: checking for the csharp char mapping
configure:25184: result: sbyte
configure:25188: checking for the csharp signed char mapping
configure:25201: result: sbyte
configure:25204: checking for the csharp unsigned char mapping
configure:25217: result: byte
configure:25220: checking for the csharp short mapping
configure:25233: result: short
configure:25236: checking for the csharp unsigned short mapping
configure:25249: result: ushort
configure:25252: checking for the csharp int mapping
configure:25265: result: int
configure:25268: checking for the csharp unsigned int mapping
configure:25281: result: uint
configure:25284: checking for the csharp long mapping
configure:25297: result: int
configure:25300: checking for the csharp unsigned long mapping
configure:25313: result: uint
configure:25316: checking for the csharp long long mapping
configure:25329: result: long
configure:25332: checking for the csharp unsigned long long mapping
configure:25345: result: ulong
configure:25348: checking for the csharp size_t mapping
configure:25361: result: uint
configure:25364: checking for the csharp ssize_t mapping
configure:25377: result: int
configure:25380: checking for the csharp time_t mapping
configure:25393: result: int
configure:25396: checking for the csharp off_t mapping
configure:25409: result: int
configure:25412: checking for the csharp off64_t mapping
configure:25425: result: long
configure:25428: checking for the csharp ino_t mapping
configure:25441: result: uint
configure:25444: checking for the csharp ino64_t mapping
configure:25457: result: ulong
configure:25460: checking for the csharp uid_t mapping
configure:25473: result: uint
configure:25476: checking for the csharp gid_t mapping
configure:25489: result: uint
configure:25492: checking for the csharp pid_t mapping
configure:25505: result: int
configure:25508: checking for the csharp mode_t mapping
configure:25521: result: uint
configure:25524: checking for the csharp dev_t mapping
configure:25537: result: ulong
configure:25540: checking for the csharp nlink_t mapping
configure:25553: result: uint
configure:25573: checking for objdump
configure:25591: found /usr/bin/objdump
configure:25603: result: /usr/bin/objdump
configure:25618: checking for full name of libICE.so
configure:25635: result: libICE.so
configure:25618: checking for full name of libX11.so
configure:25635: result: libX11.so
configure:25618: checking for full name of libXext.so
configure:25635: result: libXext.so
configure:25618: checking for full name of libssl.so
configure:25635: result: libssl.so
configure:25618: checking for full name of libgnutls.so
configure:25635: result: libgnutls.so
configure:25618: checking for full name of libjpeg.so
configure:25635: result: libjpeg.so
configure:25618: checking for full name of libart_lgpl.so
configure:25635: result: libart_lgpl.so
configure:25618: checking for full name of libatk-1.0.so
configure:25635: result: libatk-1.0.so
configure:25618: checking for full name of libgconf-2.so
configure:25635: result: libgconf-2.so
configure:25618: checking for full name of libgda-2.so
configure:25635: result: libgda-2.so
configure:25618: checking for full name of libgdk-x11-2.0.so
configure:25635: result: libgdk-x11-2.0.so
configure:25618: checking for full name of libgdk_pixbuf-2.0.so
configure:25635: result: libgdk_pixbuf-2.0.so
configure:25618: checking for full name of libglade-2.0.so
configure:25635: result: libglade-2.0.so
configure:25618: checking for full name of libglib-2.0.so
configure:25635: result: libglib-2.0.so
configure:25618: checking for full name of libgnome-2.so
configure:25635: result: libgnome-2.so
configure:25618: checking for full name of libgnomecanvas-2.so
configure:25635: result: libgnomecanvas-2.so
configure:25618: checking for full name of libgnomeprint-2-2.so
configure:25635: result: libgnomeprint-2-2.so
configure:25618: checking for full name of libgnomeprintui-2-2.so
configure:25635: result: libgnomeprintui-2-2.so
configure:25618: checking for full name of libgnomeui-2.so
configure:25635: result: libgnomeui-2.so
configure:25618: checking for full name of libgnomevfs-2.so
configure:25635: result: libgnomevfs-2.so
configure:25618: checking for full name of libgobject-2.0.so
configure:25635: result: libgobject-2.0.so
configure:25618: checking for full name of libgthread-2.0.so
configure:25635: result: libgthread-2.0.so
configure:25618: checking for full name of libgtk-html-3.0.so
configure:25635: result: libgtk-html-3.0.so
configure:25618: checking for full name of libgtk-x11-2.0.so
configure:25635: result: libgtk-x11-2.0.so
configure:25618: checking for full name of libpanel-applet-2.so
configure:25635: result: libpanel-applet-2.so
configure:25618: checking for full name of libpango-1.0.so
configure:25635: result: libpango-1.0.so
configure:25618: checking for full name of libvte.so
configure:25635: result: libvte.so
configure:25618: checking for full name of libgdksharpglue.so
configure:25635: result: libgdksharpglue.so
configure:25618: checking for full name of libgladesharpglue.so
configure:25635: result: libgladesharpglue.so
configure:25618: checking for full name of libglibsharpglue.so
configure:25635: result: libglibsharpglue.so
configure:25618: checking for full name of libgnomesharpglue.so
configure:25635: result: libgnomesharpglue.so
configure:25618: checking for full name of libgtksharpglue.so
configure:25635: result: libgtksharpglue.so
configure:25618: checking for full name of libpangosharpglue.so
configure:25635: result: libpangosharpglue.so
configure:25618: checking for full name of libgladesharpglue-2.so
configure:25635: result: libgladesharpglue-2.so
configure:25618: checking for full name of libglibsharpglue-2.so
configure:25635: result: libglibsharpglue-2.so
configure:25618: checking for full name of libgnomesharpglue-2.so
configure:25635: result: libgnomesharpglue-2.so
configure:25827: creating ./config.status

## ---------------------- ##
## Running config.status. ##
## ---------------------- ##

This file was extended by config.status, which was
generated by GNU Autoconf 2.60.  Invocation command line was

  CONFIG_FILES    = 
  CONFIG_HEADERS  = 
  CONFIG_LINKS    = 
  CONFIG_COMMANDS = 
  $ ./config.status 

on jeff

config.status:787: creating Makefile
config.status:787: creating tools/Makefile
config.status:787: creating config/Makefile
config.status:787: creating runtime/Makefile
config.status:787: creating I18N/Makefile
config.status:787: creating DotGNU.SSL/Makefile
config.status:787: creating System/Makefile
config.status:787: creating System.Xml/Makefile
config.status:787: creating System.Net.IrDA/Makefile
config.status:787: creating csunit/Makefile
config.status:787: creating csunit/TestVersion.cs
config.status:787: creating csupport/Makefile
config.status:787: creating compat/Makefile
config.status:787: creating ISymWrapper/Makefile
config.status:787: creating SharpZipLib/Makefile
config.status:787: creating System.Configuration.Install/Makefile
config.status:787: creating JScript/Makefile
config.status:787: creating Basic/Makefile
config.status:787: creating DotGNU.Images/Makefile
config.status:787: creating DotGNU.Misc/Makefile
config.status:787: creating Xsharp/Makefile
config.status:787: creating Xsharp/Xlib.cs
config.status:787: creating System.Drawing/Makefile
config.status:787: creating System.Drawing.Xsharp/Makefile
config.status:787: creating System.Drawing.Win32/Makefile
config.status:787: creating System.Drawing.Postscript/Makefile
config.status:787: creating System.EnterpriseServices/Makefile
config.status:787: creating System.Windows.Forms/Makefile
config.status:787: creating System.Design/Makefile
config.status:787: creating System.Deployment/Makefile
config.status:787: creating DotGNU.Terminal/Makefile
config.status:787: creating DotGNU.XmlRpc/Makefile
config.status:787: creating OpenSystem.Platform/Makefile
config.status:787: creating OpenSystem.Platform/Types.cs
config.status:787: creating Themes/Makefile
config.status:787: creating Themes/WinXP/Makefile
config.status:787: creating tests/Makefile
config.status:787: creating tests/System/Makefile
config.status:787: creating tests/System.Xml/Makefile
config.status:787: creating tests/System.Windows.Forms/Makefile
config.status:787: creating tests/runtime/Makefile
config.status:787: creating tests/JScript/Makefile
config.status:787: creating tests/Basic/Makefile
config.status:787: creating resources/Makefile
config.status:787: creating resources/en_US/Makefile
config.status:787: creating resources/en_US/runtime/Makefile
config.status:787: creating resources/en_US/I18N/Makefile
config.status:787: creating resources/en_US/System/Makefile
config.status:787: creating resources/en_US/System.Xml/Makefile
config.status:787: creating resources/en_US/System.Net.IrDA/Makefile
config.status:787: creating resources/en_US/Xsharp/Makefile
config.status:787: creating resources/en_US/System.Configuration.Install/Makefile
config.status:787: creating resources/en_US/System.Drawing/Makefile
config.status:787: creating resources/en_US/System.Windows.Forms/Makefile
config.status:787: creating resources/en_US/Basic/Makefile
config.status:787: creating resources/en_US/System.Deployment/Makefile
config.status:787: creating resources/de_DE/Makefile
config.status:787: creating resources/de_DE/Basic/Makefile
config.status:787: creating resources/de_DE/I18N/Makefile
config.status:787: creating resources/de_DE/System/Makefile
config.status:787: creating resources/de_DE/System.Configuration.Install/Makefile
config.status:787: creating resources/de_DE/System.Drawing/Makefile
config.status:787: creating resources/de_DE/System.Windows.Forms/Makefile
config.status:787: creating resources/de_DE/System.Xml/Makefile
config.status:787: creating resources/de_DE/System.Net.IrDA/Makefile
config.status:787: creating resources/de_DE/Xsharp/Makefile
config.status:787: creating resources/de_DE/runtime/Makefile
config.status:787: creating resources/ca_ES/Makefile
config.status:787: creating resources/ca_ES/Basic/Makefile
config.status:787: creating resources/ca_ES/I18N/Makefile
config.status:787: creating resources/ca_ES/System/Makefile
config.status:787: creating resources/ca_ES/System.Configuration.Install/Makefile
config.status:787: creating resources/ca_ES/System.Drawing/Makefile
config.status:787: creating resources/ca_ES/System.Windows.Forms/Makefile
config.status:787: creating resources/ca_ES/System.Xml/Makefile
config.status:787: creating resources/ca_ES/System.Net.IrDA/Makefile
config.status:787: creating resources/ca_ES/Xsharp/Makefile
config.status:787: creating resources/ca_ES/runtime/Makefile
config.status:787: creating samples/Makefile
config.status:787: creating samples/ilrun.sh
config.status:787: creating samples/simple/Makefile
config.status:787: creating samples/xsharp/Makefile
config.status:787: creating samples/dcop/Makefile
config.status:787: creating samples/forms/Makefile
config.status:787: creating samples/developers/Makefile
config.status:787: creating tools/run_test.sh
config.status:787: creating tools/link_res.sh
config.status:787: creating tools/wrapper.sh
config.status:787: creating pnetlib.spec
config.status:972: executing depfiles commands

## ---------------- ##
## Cache variables. ##
## ---------------- ##

ac_cv_build=i686-pc-linux-gnu
ac_cv_c_compiler_gnu=yes
ac_cv_compile_char_unsigned=no
ac_cv_cxx_compiler_gnu=yes
ac_cv_env_CCC_set=
ac_cv_env_CCC_value=
ac_cv_env_CC_set=
ac_cv_env_CC_value=
ac_cv_env_CFLAGS_set=
ac_cv_env_CFLAGS_value=
ac_cv_env_CPPFLAGS_set=
ac_cv_env_CPPFLAGS_value=
ac_cv_env_CPP_set=
ac_cv_env_CPP_value=
ac_cv_env_CXXCPP_set=
ac_cv_env_CXXCPP_value=
ac_cv_env_CXXFLAGS_set=
ac_cv_env_CXXFLAGS_value=
ac_cv_env_CXX_set=
ac_cv_env_CXX_value=
ac_cv_env_F77_set=
ac_cv_env_F77_value=
ac_cv_env_FFLAGS_set=
ac_cv_env_FFLAGS_value=
ac_cv_env_LDFLAGS_set=
ac_cv_env_LDFLAGS_value=
ac_cv_env_XMKMF_set=
ac_cv_env_XMKMF_value=
ac_cv_env_build_alias_set=
ac_cv_env_build_alias_value=
ac_cv_env_host_alias_set=
ac_cv_env_host_alias_value=
ac_cv_env_target_alias_set=
ac_cv_env_target_alias_value=
ac_cv_f77_compiler_gnu=no
ac_cv_func_select=yes
ac_cv_have_x=have_x=no
ac_cv_header_dlfcn_h=yes
ac_cv_header_inttypes_h=yes
ac_cv_header_memory_h=yes
ac_cv_header_stdc=yes
ac_cv_header_stdint_h=yes
ac_cv_header_stdlib_h=yes
ac_cv_header_string_h=yes
ac_cv_header_strings_h=yes
ac_cv_header_sys_select_h=yes
ac_cv_header_sys_stat_h=yes
ac_cv_header_sys_time_h=yes
ac_cv_header_sys_types_h=yes
ac_cv_header_time=yes
ac_cv_header_time_h=yes
ac_cv_header_unistd_h=yes
ac_cv_host=i686-pc-linux-gnu
ac_cv_objext=o
ac_cv_path_CLRWRAP=/usr/local/bin/clrwrap
ac_cv_path_CSANT=/usr/local/bin/csant
ac_cv_path_CSHARP_COMPILER=/usr/local/bin/cscc
ac_cv_path_EGREP='/bin/grep -E'
ac_cv_path_GREP=/bin/grep
ac_cv_path_ILFIND=/usr/local/bin/ilfind
ac_cv_path_ILGAC=/usr/local/bin/ilgac
ac_cv_path_ILRUN=/usr/local/bin/ilrun
ac_cv_path_OBJDUMP=/usr/bin/objdump
ac_cv_path_RESGEN=/usr/local/bin/resgen
ac_cv_path_TREECC=/usr/local/bin/treecc
ac_cv_path_XFT_CONFIG=no
ac_cv_path_install='/usr/bin/install -c'
ac_cv_prog_AWK=gawk
ac_cv_prog_CPP='gcc -E'
ac_cv_prog_CXXCPP='g++ -E'
ac_cv_prog_ac_ct_AR=ar
ac_cv_prog_ac_ct_CC=gcc
ac_cv_prog_ac_ct_CXX=g++
ac_cv_prog_ac_ct_RANLIB=ranlib
ac_cv_prog_ac_ct_STRIP=strip
ac_cv_prog_cc_c89=
ac_cv_prog_cc_g=yes
ac_cv_prog_cxx_g=yes
ac_cv_prog_f77_g=no
ac_cv_prog_make_make_set=yes
ac_cv_sizeof_char=1
ac_cv_sizeof_dev_t=8
ac_cv_sizeof_gid_t=4
ac_cv_sizeof_ino64_t=0
ac_cv_sizeof_ino_t=4
ac_cv_sizeof_int=4
ac_cv_sizeof_long=4
ac_cv_sizeof_long_long=8
ac_cv_sizeof_mode_t=4
ac_cv_sizeof_nlink_t=4
ac_cv_sizeof_off64_t=0
ac_cv_sizeof_off_t=4
ac_cv_sizeof_pid_t=4
ac_cv_sizeof_short=2
ac_cv_sizeof_size_t=4
ac_cv_sizeof_time_t=4
ac_cv_sizeof_uid_t=4
am_cv_CC_dependencies_compiler_type=none
am_cv_CXX_dependencies_compiler_type=none
lt_cv_deplibs_check_method=pass_all
lt_cv_file_magic_cmd='$MAGIC_CMD'
lt_cv_file_magic_test_file=
lt_cv_ld_reload_flag=-r
lt_cv_objdir=.libs
lt_cv_path_LD=/usr/bin/ld
lt_cv_path_LDCXX=/usr/bin/ld
lt_cv_path_NM='/usr/bin/nm -B'
lt_cv_path_SED=/bin/sed
lt_cv_prog_compiler_c_o=yes
lt_cv_prog_compiler_c_o_CXX=yes
lt_cv_prog_compiler_rtti_exceptions=no
lt_cv_prog_gnu_ld=yes
lt_cv_prog_gnu_ldcxx=yes
lt_cv_sys_global_symbol_pipe='sed -n -e '\''s/^.*[ 	]\([ABCDGIRSTW][ABCDGIRSTW]*\)[ 	][ 	]*\([_A-Za-z][_A-Za-z0-9]*\)$/\1 \2 \2/p'\'''
lt_cv_sys_global_symbol_to_c_name_address='sed -n -e '\''s/^: \([^ ]*\) $/  {\"\1\", (lt_ptr) 0},/p'\'' -e '\''s/^[BCDEGRST] \([^ ]*\) \([^ ]*\)$/  {"\2", (lt_ptr) \&\2},/p'\'''
lt_cv_sys_global_symbol_to_cdecl='sed -n -e '\''s/^. .* \(.*\)$/extern int \1;/p'\'''
lt_cv_sys_max_cmd_len=32768
lt_lt_cv_prog_compiler_c_o='"yes"'
lt_lt_cv_prog_compiler_c_o_CXX='"yes"'
lt_lt_cv_sys_global_symbol_pipe='"sed -n -e '\''s/^.*[ 	]\\([ABCDGIRSTW][ABCDGIRSTW]*\\)[ 	][ 	]*\\([_A-Za-z][_A-Za-z0-9]*\\)\$/\\1 \\2 \\2/p'\''"'
lt_lt_cv_sys_global_symbol_to_c_name_address='"sed -n -e '\''s/^: \\([^ ]*\\) \$/  {\\\"\\1\\\", (lt_ptr) 0},/p'\'' -e '\''s/^[BCDEGRST] \\([^ ]*\\) \\([^ ]*\\)\$/  {\"\\2\", (lt_ptr) \\&\\2},/p'\''"'
lt_lt_cv_sys_global_symbol_to_cdecl='"sed -n -e '\''s/^. .* \\(.*\\)\$/extern int \\1;/p'\''"'

## ----------------- ##
## Output variables. ##
## ----------------- ##

ACLOCAL='${SHELL} /home/jeff/dev/dev_apps/sand/qca_designer/lib/pnetlib-0.8.0/missing --run aclocal-1.9'
AMDEPBACKSLASH='\'
AMDEP_FALSE='#'
AMDEP_TRUE=''
AMTAR='${SHELL} /home/jeff/dev/dev_apps/sand/qca_designer/lib/pnetlib-0.8.0/missing --run tar'
AR='ar'
AS='as'
ASSEMBLY_LINKER='pnet'
AUTOCONF='${SHELL} /home/jeff/dev/dev_apps/sand/qca_designer/lib/pnetlib-0.8.0/missing --run autoconf'
AUTOHEADER='${SHELL} /home/jeff/dev/dev_apps/sand/qca_designer/lib/pnetlib-0.8.0/missing --run autoheader'
AUTOMAKE='${SHELL} /home/jeff/dev/dev_apps/sand/qca_designer/lib/pnetlib-0.8.0/missing --run automake-1.9'
AWK='gawk'
CC='gcc'
CCDEPMODE='depmode=none'
CFLAGS='-g -O2'
CLRWRAP='/usr/local/bin/clrwrap'
CPP='gcc -E'
CPPFLAGS=''
CSANT='/usr/local/bin/csant'
CSANT_FLAGS='--compiler cscc -Dcscc="$(CSHARP_COMPILER)" -Dcscc.plugins.cs="$(CSHARP_PLUGIN)" --profile "$(top_srcdir)/profiles/$(PROFILE_NAME)" -Dresgen="$(CYG_RESGEN)" -Dilgac="$(CYG_ILGAC)" --assembly-cache "$(DESTDIR)$(CYG_CACHE)"'
CSCC_FLAGS=''
CSHARP_COMPILER='/usr/local/bin/cscc'
CSHARP_COMPILER_CYGWIN='/usr/local/bin/cscc'
CSHARP_PLUGIN=''
CXX='g++'
CXXCPP='g++ -E'
CXXDEPMODE='depmode=none'
CXXFLAGS='-g -O2'
CYGPATH=''
CYGPATH_W='echo'
CYG_CACHE='${exec_prefix}/lib/cscc/lib'
CYG_ILGAC='/usr/local/bin/ilgac'
CYG_RESGEN='/usr/local/bin/resgen'
DEFS='-DPACKAGE_NAME=\"\" -DPACKAGE_TARNAME=\"\" -DPACKAGE_VERSION=\"\" -DPACKAGE_STRING=\"\" -DPACKAGE_BUGREPORT=\"\" -DPACKAGE=\"pnetlib\" -DVERSION=\"0.8.0\" -DSTDC_HEADERS=1 -DHAVE_SYS_TYPES_H=1 -DHAVE_SYS_STAT_H=1 -DHAVE_STDLIB_H=1 -DHAVE_STRING_H=1 -DHAVE_MEMORY_H=1 -DHAVE_STRINGS_H=1 -DHAVE_INTTYPES_H=1 -DHAVE_STDINT_H=1 -DHAVE_UNISTD_H=1 -DHAVE_DLFCN_H=1 -DX_DISPLAY_MISSING=1 -DSTDC_HEADERS=1 -DTIME_WITH_SYS_TIME=1 -DHAVE_TIME_H=1 -DHAVE_SYS_TIME_H=1 -DHAVE_SYS_TYPES_H=1 -DHAVE_SYS_SELECT_H=1 -DHAVE_UNISTD_H=1 -DHAVE_SYS_STAT_H=1 -DHAVE_SELECT=1'
DEPDIR='.deps'
DLLTOOL='dlltool'
ECHO='echo'
ECHO_C=''
ECHO_N='-n'
ECHO_T=''
EGREP='/bin/grep -E'
EXEEXT=''
F77=''
FFLAGS=''
FRAMEWORK_VERSION='2.0.0.0'
GREP='/bin/grep'
HAS_EXTENDED_NUMERICS_FALSE='#'
HAS_EXTENDED_NUMERICS_TRUE=''
HAS_REFLECTION_FALSE='#'
HAS_REFLECTION_TRUE=''
ILFIND='/usr/local/bin/ilfind'
ILGAC='/usr/local/bin/ilgac'
ILRUN='/usr/local/bin/ilrun'
INSTALL_AS_DEFAULT='true'
INSTALL_DATA='${INSTALL} -m 644'
INSTALL_PROGRAM='${INSTALL}'
INSTALL_SCRIPT='${INSTALL}'
INSTALL_STRIP_PROGRAM='${SHELL} $(install_sh) -c -s'
LDFLAGS=''
LIBOBJS=''
LIBS=''
LIBTOOL='$(SHELL) $(top_builddir)/libtool'
LN_S='ln -s'
LTLIBOBJS=''
MAINT='#'
MAINTAINER_MODE_FALSE=''
MAINTAINER_MODE_TRUE='#'
MAKEINFO='${SHELL} /home/jeff/dev/dev_apps/sand/qca_designer/lib/pnetlib-0.8.0/missing --run makeinfo'
OBJDUMP='/usr/bin/objdump'
OBJEXT='o'
PACKAGE='pnetlib'
PACKAGE_BUGREPORT=''
PACKAGE_NAME=''
PACKAGE_STRING=''
PACKAGE_TARNAME=''
PACKAGE_VERSION=''
PATH_SEPARATOR=':'
PNET_PATH='/home/jeff/dev/dev_apps/sand/qca_designer/lib/pnetlib-0.8.0/../pnet'
PNET_RESGEN_FALSE='#'
PNET_RESGEN_TRUE=''
PROFILE_NAME='full'
RANLIB='ranlib'
RESGEN='/usr/local/bin/resgen'
RESGEN_FLAGS='-tR'
RESGEN_LATIN1='-l'
SECONDARY_VERSION='8.0.50727.42'
SET_MAKE=''
SHELL='/bin/bash'
STRIP='strip'
TREECC='/usr/local/bin/treecc'
TREECC_VERSION='0.3.4'
VERSION='0.8.0'
X11_LIB=''
XFT_CONFIG='no'
XFT_INC=''
XFT_LIB=''
XMKMF=''
X_CFLAGS=''
X_EXTRA_LIBS=''
X_LIBS=''
X_PRE_LIBS=''
X_char='sbyte'
X_dev_t='ulong'
X_gid_t='uint'
X_ino64_t='ulong'
X_ino_t='uint'
X_int='int'
X_long='int'
X_longlong='long'
X_mode_t='uint'
X_nlink_t='uint'
X_off64_t='long'
X_off_t='int'
X_pid_t='int'
X_schar='sbyte'
X_short='short'
X_size_t='uint'
X_ssize_t='int'
X_time_t='int'
X_uchar='byte'
X_uid_t='uint'
X_uint='uint'
X_ulong='uint'
X_ulonglong='ulong'
X_ushort='ushort'
ac_ct_CC='gcc'
ac_ct_CXX='g++'
ac_ct_F77=''
am__fastdepCC_FALSE=''
am__fastdepCC_TRUE='#'
am__fastdepCXX_FALSE=''
am__fastdepCXX_TRUE='#'
am__include='include'
am__leading_dot='.'
am__quote=''
am__tar='${AMTAR} chof - "$$tardir"'
am__untar='${AMTAR} xf -'
bindir='${exec_prefix}/bin'
build='i686-pc-linux-gnu'
build_alias=''
build_cpu='i686'
build_os='linux-gnu'
build_vendor='pc'
datadir='${datarootdir}'
datarootdir='${prefix}/share'
docdir='${datarootdir}/doc/${PACKAGE}'
dvidir='${docdir}'
exec_prefix='${prefix}'
host='i686-pc-linux-gnu'
host_alias=''
host_cpu='i686'
host_os='linux-gnu'
host_vendor='pc'
htmldir='${docdir}'
includedir='${prefix}/include'
infodir='${datarootdir}/info'
install_sh='/home/jeff/dev/dev_apps/sand/qca_designer/lib/pnetlib-0.8.0/install-sh'
libdir='${exec_prefix}/lib'
libexecdir='${exec_prefix}/libexec'
localedir='${datarootdir}/locale'
localstatedir='${prefix}/var'
mandir='${datarootdir}/man'
mkdir_p='mkdir -p --'
oldincludedir='/usr/include'
pdfdir='${docdir}'
prefix='/usr/local'
program_transform_name='s,x,x,'
psdir='${docdir}'
sbindir='${exec_prefix}/sbin'
sharedstatedir='${prefix}/com'
sysconfdir='${prefix}/etc'
target_alias=''

## ----------- ##
## confdefs.h. ##
## ----------- ##

#define PACKAGE_NAME ""
#define PACKAGE_TARNAME ""
#define PACKAGE_VERSION ""
#define PACKAGE_STRING ""
#define PACKAGE_BUGREPORT ""
#define PACKAGE "pnetlib"
#define VERSION "0.8.0"
#define STDC_HEADERS 1
#define HAVE_SYS_TYPES_H 1
#define HAVE_SYS_STAT_H 1
#define HAVE_STDLIB_H 1
#define HAVE_STRING_H 1
#define HAVE_MEMORY_H 1
#define HAVE_STRINGS_H 1
#define HAVE_INTTYPES_H 1
#define HAVE_STDINT_H 1
#define HAVE_UNISTD_H 1
#define HAVE_DLFCN_H 1
#define X_DISPLAY_MISSING 1
#define STDC_HEADERS 1
#define TIME_WITH_SYS_TIME 1
#define HAVE_TIME_H 1
#define HAVE_SYS_TIME_H 1
#define HAVE_SYS_TYPES_H 1
#define HAVE_SYS_SELECT_H 1
#define HAVE_UNISTD_H 1
#define HAVE_SYS_STAT_H 1
#define HAVE_SELECT 1

configure: exit 0
