This file contains any messages produced by compilers while
running configure, to aid debugging if configure makes a mistake.

It was created by configure, which was
generated by GNU Autoconf 2.59.  Invocation command line was

  $ ./configure --prefix=/usr/local --cache-file=/dev/null --srcdir=.

## --------- ##
## Platform. ##
## --------- ##

hostname = jeff
uname -m = i686
uname -r = 3.5.0-45-generic
uname -s = Linux
uname -v = #68~precise1-Ubuntu SMP Wed Dec 4 16:19:28 UTC 2013

/usr/bin/uname -p = unknown
/bin/uname -X     = unknown

/bin/arch              = unknown
/usr/bin/arch -k       = unknown
/usr/convex/getsysinfo = unknown
hostinfo               = unknown
/bin/machine           = unknown
/usr/bin/oslevel       = unknown
/bin/universe          = unknown

PATH: /usr/lib/lightdm/lightdm
PATH: /usr/local/sbin
PATH: /usr/local/bin
PATH: /usr/sbin
PATH: /usr/bin
PATH: /sbin
PATH: /bin
PATH: /usr/games


## ----------- ##
## Core tests. ##
## ----------- ##

configure:1538: checking for a BSD-compatible install
configure:1593: result: /usr/bin/install -c
configure:1604: checking whether build environment is sane
configure:1647: result: yes
configure:1704: checking for gawk
configure:1720: found /usr/bin/gawk
configure:1730: result: gawk
configure:1740: checking whether make sets $(MAKE)
configure:1760: result: yes
configure:1971: checking for gcc
configure:1987: found /usr/bin/gcc
configure:1997: result: gcc
configure:2241: checking for C compiler version
configure:2244: gcc --version </dev/null >&5
gcc (Ubuntu/Linaro 4.6.3-1ubuntu5) 4.6.3
Copyright (C) 2011 Free Software Foundation, Inc.
This is free software; see the source for copying conditions.  There is NO
warranty; not even for MERCHANTABILITY or FITNESS FOR A PARTICULAR PURPOSE.

configure:2247: $? = 0
configure:2249: gcc -v </dev/null >&5
Using built-in specs.
COLLECT_GCC=gcc
COLLECT_LTO_WRAPPER=/usr/lib/gcc/i686-linux-gnu/4.6/lto-wrapper
Target: i686-linux-gnu
Configured with: ../src/configure -v --with-pkgversion='Ubuntu/Linaro 4.6.3-1ubuntu5' --with-bugurl=file:///usr/share/doc/gcc-4.6/README.Bugs --enable-languages=c,c++,fortran,objc,obj-c++ --prefix=/usr --program-suffix=-4.6 --enable-shared --enable-linker-build-id --with-system-zlib --libexecdir=/usr/lib --without-included-gettext --enable-threads=posix --with-gxx-include-dir=/usr/include/c++/4.6 --libdir=/usr/lib --enable-nls --with-sysroot=/ --enable-clocale=gnu --enable-libstdcxx-debug --enable-libstdcxx-time=yes --enable-gnu-unique-object --enable-plugin --enable-objc-gc --enable-targets=all --disable-werror --with-arch-32=i686 --with-tune=generic --enable-checking=release --build=i686-linux-gnu --host=i686-linux-gnu --target=i686-linux-gnu
Thread model: posix
gcc version 4.6.3 (Ubuntu/Linaro 4.6.3-1ubuntu5) 
configure:2252: $? = 0
configure:2254: gcc -V </dev/null >&5
gcc: error: unrecognized option '-V'
gcc: fatal error: no input files
compilation terminated.
configure:2257: $? = 4
configure:2280: checking for C compiler default output file name
configure:2283: gcc    conftest.c  >&5
configure:2286: $? = 0
configure:2332: result: a.out
configure:2337: checking whether the C compiler works
configure:2343: ./a.out
configure:2346: $? = 0
configure:2363: result: yes
configure:2370: checking whether we are cross compiling
configure:2372: result: no
configure:2375: checking for suffix of executables
configure:2377: gcc -o conftest    conftest.c  >&5
configure:2380: $? = 0
configure:2405: result: 
configure:2411: checking for suffix of object files
configure:2432: gcc -c   conftest.c >&5
configure:2435: $? = 0
configure:2457: result: o
configure:2461: checking whether we are using the GNU C compiler
configure:2485: gcc -c   conftest.c >&5
configure:2491: $? = 0
configure:2495: test -z 
			 || test ! -s conftest.err
configure:2498: $? = 0
configure:2501: test -s conftest.o
configure:2504: $? = 0
configure:2517: result: yes
configure:2523: checking whether gcc accepts -g
configure:2544: gcc -c -g  conftest.c >&5
configure:2550: $? = 0
configure:2554: test -z 
			 || test ! -s conftest.err
configure:2557: $? = 0
configure:2560: test -s conftest.o
configure:2563: $? = 0
configure:2574: result: yes
configure:2591: checking for gcc option to accept ANSI C
configure:2661: gcc  -c -g -O2  conftest.c >&5
configure:2667: $? = 0
configure:2671: test -z 
			 || test ! -s conftest.err
configure:2674: $? = 0
configure:2677: test -s conftest.o
configure:2680: $? = 0
configure:2698: result: none needed
configure:2716: gcc -c -g -O2  conftest.c >&5
conftest.c:2:3: error: unknown type name 'choke'
conftest.c:2:3: error: expected '=', ',', ';', 'asm' or '__attribute__' at end of input
configure:2722: $? = 1
configure: failed program was:
| #ifndef __cplusplus
|   choke me
| #endif
configure:2866: checking for style of include used by make
configure:2894: result: GNU
configure:2922: checking dependency style of gcc
configure:3005: result: none
configure:3035: checking for a BSD-compatible install
configure:3090: result: /usr/bin/install -c
configure:3108: checking build system type
configure:3126: result: i686-pc-linux-gnu
configure:3134: checking host system type
configure:3148: result: i686-pc-linux-gnu
configure:3235: checking for a sed that does not truncate output
configure:3289: result: /bin/sed
configure:3292: checking for egrep
configure:3302: result: grep -E
configure:3318: checking for ld used by gcc
configure:3385: result: /usr/bin/ld
configure:3394: checking if the linker (/usr/bin/ld) is GNU ld
configure:3409: result: yes
configure:3414: checking for /usr/bin/ld option to reload object files
configure:3421: result: -r
configure:3430: checking for BSD-compatible nm
configure:3472: result: /usr/bin/nm -B
configure:3476: checking whether ln -s works
configure:3480: result: yes
configure:3487: checking how to recognise dependent libraries
configure:3687: result: pass_all
configure:4141: checking how to run the C preprocessor
configure:4176: gcc -E  conftest.c
configure:4182: $? = 0
configure:4214: gcc -E  conftest.c
conftest.c:11:28: fatal error: ac_nonexistent.h: No such file or directory
compilation terminated.
configure:4220: $? = 1
configure: failed program was:
| /* confdefs.h.  */
| 
| #define PACKAGE_NAME ""
| #define PACKAGE_TARNAME ""
| #define PACKAGE_VERSION ""
| #define PACKAGE_STRING ""
| #define PACKAGE_BUGREPORT ""
| #define PACKAGE "autoconf-lib-link"
| #define VERSION "0.14"
| /* end confdefs.h.  */
| #include <ac_nonexistent.h>
configure:4259: result: gcc -E
configure:4283: gcc -E  conftest.c
configure:4289: $? = 0
configure:4321: gcc -E  conftest.c
conftest.c:11:28: fatal error: ac_nonexistent.h: No such file or directory
compilation terminated.
configure:4327: $? = 1
configure: failed program was:
| /* confdefs.h.  */
| 
| #define PACKAGE_NAME ""
| #define PACKAGE_TARNAME ""
| #define PACKAGE_VERSION ""
| #define PACKAGE_STRING ""
| #define PACKAGE_BUGREPORT ""
| #define PACKAGE "autoconf-lib-link"
| #define VERSION "0.14"
| /* end confdefs.h.  */
| #include <ac_nonexistent.h>
configure:4371: checking for ANSI C header files
configure:4396: gcc -c -g -O2  conftest.c >&5
configure:4402: $? = 0
configure:4406: test -z 
			 || test ! -s conftest.err
configure:4409: $? = 0
configure:4412: test -s conftest.o
configure:4415: $? = 0
configure:4504: gcc -o conftest -g -O2   conftest.c  >&5
conftest.c: In function 'main':
conftest.c:28:7: warning: incompatible implicit declaration of built-in function 'exit' [enabled by default]
configure:4507: $? = 0
configure:4509: ./conftest
configure:4512: $? = 0
configure:4527: result: yes
configure:4551: checking for sys/types.h
configure:4567: gcc -c -g -O2  conftest.c >&5
configure:4573: $? = 0
configure:4577: test -z 
			 || test ! -s conftest.err
configure:4580: $? = 0
configure:4583: test -s conftest.o
configure:4586: $? = 0
configure:4597: result: yes
configure:4551: checking for sys/stat.h
configure:4567: gcc -c -g -O2  conftest.c >&5
configure:4573: $? = 0
configure:4577: test -z 
			 || test ! -s conftest.err
configure:4580: $? = 0
configure:4583: test -s conftest.o
configure:4586: $? = 0
configure:4597: result: yes
configure:4551: checking for stdlib.h
configure:4567: gcc -c -g -O2  conftest.c >&5
configure:4573: $? = 0
configure:4577: test -z 
			 || test ! -s conftest.err
configure:4580: $? = 0
configure:4583: test -s conftest.o
configure:4586: $? = 0
configure:4597: result: yes
configure:4551: checking for string.h
configure:4567: gcc -c -g -O2  conftest.c >&5
configure:4573: $? = 0
configure:4577: test -z 
			 || test ! -s conftest.err
configure:4580: $? = 0
configure:4583: test -s conftest.o
configure:4586: $? = 0
configure:4597: result: yes
configure:4551: checking for memory.h
configure:4567: gcc -c -g -O2  conftest.c >&5
configure:4573: $? = 0
configure:4577: test -z 
			 || test ! -s conftest.err
configure:4580: $? = 0
configure:4583: test -s conftest.o
configure:4586: $? = 0
configure:4597: result: yes
configure:4551: checking for strings.h
configure:4567: gcc -c -g -O2  conftest.c >&5
configure:4573: $? = 0
configure:4577: test -z 
			 || test ! -s conftest.err
configure:4580: $? = 0
configure:4583: test -s conftest.o
configure:4586: $? = 0
configure:4597: result: yes
configure:4551: checking for inttypes.h
configure:4567: gcc -c -g -O2  conftest.c >&5
configure:4573: $? = 0
configure:4577: test -z 
			 || test ! -s conftest.err
configure:4580: $? = 0
configure:4583: test -s conftest.o
configure:4586: $? = 0
configure:4597: result: yes
configure:4551: checking for stdint.h
configure:4567: gcc -c -g -O2  conftest.c >&5
configure:4573: $? = 0
configure:4577: test -z 
			 || test ! -s conftest.err
configure:4580: $? = 0
configure:4583: test -s conftest.o
configure:4586: $? = 0
configure:4597: result: yes
configure:4551: checking for unistd.h
configure:4567: gcc -c -g -O2  conftest.c >&5
configure:4573: $? = 0
configure:4577: test -z 
			 || test ! -s conftest.err
configure:4580: $? = 0
configure:4583: test -s conftest.o
configure:4586: $? = 0
configure:4597: result: yes
configure:4623: checking dlfcn.h usability
configure:4635: gcc -c -g -O2  conftest.c >&5
configure:4641: $? = 0
configure:4645: test -z 
			 || test ! -s conftest.err
configure:4648: $? = 0
configure:4651: test -s conftest.o
configure:4654: $? = 0
configure:4664: result: yes
configure:4668: checking dlfcn.h presence
configure:4678: gcc -E  conftest.c
configure:4684: $? = 0
configure:4704: result: yes
configure:4739: checking for dlfcn.h
configure:4746: result: yes
configure:4811: checking for g++
configure:4827: found /usr/bin/g++
configure:4837: result: g++
configure:4853: checking for C++ compiler version
configure:4856: g++ --version </dev/null >&5
g++ (Ubuntu/Linaro 4.6.3-1ubuntu5) 4.6.3
Copyright (C) 2011 Free Software Foundation, Inc.
This is free software; see the source for copying conditions.  There is NO
warranty; not even for MERCHANTABILITY or FITNESS FOR A PARTICULAR PURPOSE.

configure:4859: $? = 0
configure:4861: g++ -v </dev/null >&5
Using built-in specs.
COLLECT_GCC=g++
COLLECT_LTO_WRAPPER=/usr/lib/gcc/i686-linux-gnu/4.6/lto-wrapper
Target: i686-linux-gnu
Configured with: ../src/configure -v --with-pkgversion='Ubuntu/Linaro 4.6.3-1ubuntu5' --with-bugurl=file:///usr/share/doc/gcc-4.6/README.Bugs --enable-languages=c,c++,fortran,objc,obj-c++ --prefix=/usr --program-suffix=-4.6 --enable-shared --enable-linker-build-id --with-system-zlib --libexecdir=/usr/lib --without-included-gettext --enable-threads=posix --with-gxx-include-dir=/usr/include/c++/4.6 --libdir=/usr/lib --enable-nls --with-sysroot=/ --enable-clocale=gnu --enable-libstdcxx-debug --enable-libstdcxx-time=yes --enable-gnu-unique-object --enable-plugin --enable-objc-gc --enable-targets=all --disable-werror --with-arch-32=i686 --with-tune=generic --enable-checking=release --build=i686-linux-gnu --host=i686-linux-gnu --target=i686-linux-gnu
Thread model: posix
gcc version 4.6.3 (Ubuntu/Linaro 4.6.3-1ubuntu5) 
configure:4864: $? = 0
configure:4866: g++ -V </dev/null >&5
g++: error: unrecognized option '-V'
g++: fatal error: no input files
compilation terminated.
configure:4869: $? = 4
configure:4872: checking whether we are using the GNU C++ compiler
configure:4896: g++ -c   conftest.cc >&5
configure:4902: $? = 0
configure:4906: test -z 
			 || test ! -s conftest.err
configure:4909: $? = 0
configure:4912: test -s conftest.o
configure:4915: $? = 0
configure:4928: result: yes
configure:4934: checking whether g++ accepts -g
configure:4955: g++ -c -g  conftest.cc >&5
configure:4961: $? = 0
configure:4965: test -z 
			 || test ! -s conftest.err
configure:4968: $? = 0
configure:4971: test -s conftest.o
configure:4974: $? = 0
configure:4985: result: yes
configure:5027: g++ -c -g -O2  conftest.cc >&5
configure:5033: $? = 0
configure:5037: test -z 
			 || test ! -s conftest.err
configure:5040: $? = 0
configure:5043: test -s conftest.o
configure:5046: $? = 0
configure:5072: g++ -c -g -O2  conftest.cc >&5
conftest.cc: In function 'int main()':
conftest.cc:26:9: error: 'exit' was not declared in this scope
configure:5078: $? = 1
configure: failed program was:
| /* confdefs.h.  */
| 
| #define PACKAGE_NAME ""
| #define PACKAGE_TARNAME ""
| #define PACKAGE_VERSION ""
| #define PACKAGE_STRING ""
| #define PACKAGE_BUGREPORT ""
| #define PACKAGE "autoconf-lib-link"
| #define VERSION "0.14"
| #define STDC_HEADERS 1
| #define HAVE_SYS_TYPES_H 1
| #define HAVE_SYS_STAT_H 1
| #define HAVE_STDLIB_H 1
| #define HAVE_STRING_H 1
| #define HAVE_MEMORY_H 1
| #define HAVE_STRINGS_H 1
| #define HAVE_INTTYPES_H 1
| #define HAVE_STDINT_H 1
| #define HAVE_UNISTD_H 1
| #define HAVE_DLFCN_H 1
| /* end confdefs.h.  */
| 
| int
| main ()
| {
| exit (42);
|   ;
|   return 0;
| }
configure:5027: g++ -c -g -O2  conftest.cc >&5
conftest.cc:22:40: error: 'void std::exit(int)' should have been declared inside 'std'
configure:5033: $? = 1
configure: failed program was:
| /* confdefs.h.  */
| 
| #define PACKAGE_NAME ""
| #define PACKAGE_TARNAME ""
| #define PACKAGE_VERSION ""
| #define PACKAGE_STRING ""
| #define PACKAGE_BUGREPORT ""
| #define PACKAGE "autoconf-lib-link"
| #define VERSION "0.14"
| #define STDC_HEADERS 1
| #define HAVE_SYS_TYPES_H 1
| #define HAVE_SYS_STAT_H 1
| #define HAVE_STDLIB_H 1
| #define HAVE_STRING_H 1
| #define HAVE_MEMORY_H 1
| #define HAVE_STRINGS_H 1
| #define HAVE_INTTYPES_H 1
| #define HAVE_STDINT_H 1
| #define HAVE_UNISTD_H 1
| #define HAVE_DLFCN_H 1
| /* end confdefs.h.  */
| extern "C" void std::exit (int) throw (); using std::exit;
| #include <stdlib.h>
| int
| main ()
| {
| exit (42);
|   ;
|   return 0;
| }
configure:5027: g++ -c -g -O2  conftest.cc >&5
conftest.cc:22:31: error: 'void std::exit(int)' should have been declared inside 'std'
In file included from conftest.cc:23:0:
/usr/include/stdlib.h:544:70: error: declaration of 'void std::exit(int) throw ()' has a different exception specifier
conftest.cc:22:17: error: from previous declaration 'void std::exit(int)'
configure:5033: $? = 1
configure: failed program was:
| /* confdefs.h.  */
| 
| #define PACKAGE_NAME ""
| #define PACKAGE_TARNAME ""
| #define PACKAGE_VERSION ""
| #define PACKAGE_STRING ""
| #define PACKAGE_BUGREPORT ""
| #define PACKAGE "autoconf-lib-link"
| #define VERSION "0.14"
| #define STDC_HEADERS 1
| #define HAVE_SYS_TYPES_H 1
| #define HAVE_SYS_STAT_H 1
| #define HAVE_STDLIB_H 1
| #define HAVE_STRING_H 1
| #define HAVE_MEMORY_H 1
| #define HAVE_STRINGS_H 1
| #define HAVE_INTTYPES_H 1
| #define HAVE_STDINT_H 1
| #define HAVE_UNISTD_H 1
| #define HAVE_DLFCN_H 1
| /* end confdefs.h.  */
| extern "C" void std::exit (int); using std::exit;
| #include <stdlib.h>
| int
| main ()
| {
| exit (42);
|   ;
|   return 0;
| }
configure:5027: g++ -c -g -O2  conftest.cc >&5
configure:5033: $? = 0
configure:5037: test -z 
			 || test ! -s conftest.err
configure:5040: $? = 0
configure:5043: test -s conftest.o
configure:5046: $? = 0
configure:5072: g++ -c -g -O2  conftest.cc >&5
configure:5078: $? = 0
configure:5082: test -z 
			 || test ! -s conftest.err
configure:5085: $? = 0
configure:5088: test -s conftest.o
configure:5091: $? = 0
configure:5116: checking dependency style of g++
configure:5199: result: none
configure:5221: checking how to run the C++ preprocessor
configure:5252: g++ -E  conftest.cc
configure:5258: $? = 0
configure:5290: g++ -E  conftest.cc
conftest.cc:25:28: fatal error: ac_nonexistent.h: No such file or directory
compilation terminated.
configure:5296: $? = 1
configure: failed program was:
| /* confdefs.h.  */
| 
| #define PACKAGE_NAME ""
| #define PACKAGE_TARNAME ""
| #define PACKAGE_VERSION ""
| #define PACKAGE_STRING ""
| #define PACKAGE_BUGREPORT ""
| #define PACKAGE "autoconf-lib-link"
| #define VERSION "0.14"
| #define STDC_HEADERS 1
| #define HAVE_SYS_TYPES_H 1
| #define HAVE_SYS_STAT_H 1
| #define HAVE_STDLIB_H 1
| #define HAVE_STRING_H 1
| #define HAVE_MEMORY_H 1
| #define HAVE_STRINGS_H 1
| #define HAVE_INTTYPES_H 1
| #define HAVE_STDINT_H 1
| #define HAVE_UNISTD_H 1
| #define HAVE_DLFCN_H 1
| #ifdef __cplusplus
| extern "C" void exit (int) throw ();
| #endif
| /* end confdefs.h.  */
| #include <ac_nonexistent.h>
configure:5335: result: g++ -E
configure:5359: g++ -E  conftest.cc
configure:5365: $? = 0
configure:5397: g++ -E  conftest.cc
conftest.cc:25:28: fatal error: ac_nonexistent.h: No such file or directory
compilation terminated.
configure:5403: $? = 1
configure: failed program was:
| /* confdefs.h.  */
| 
| #define PACKAGE_NAME ""
| #define PACKAGE_TARNAME ""
| #define PACKAGE_VERSION ""
| #define PACKAGE_STRING ""
| #define PACKAGE_BUGREPORT ""
| #define PACKAGE "autoconf-lib-link"
| #define VERSION "0.14"
| #define STDC_HEADERS 1
| #define HAVE_SYS_TYPES_H 1
| #define HAVE_SYS_STAT_H 1
| #define HAVE_STDLIB_H 1
| #define HAVE_STRING_H 1
| #define HAVE_MEMORY_H 1
| #define HAVE_STRINGS_H 1
| #define HAVE_INTTYPES_H 1
| #define HAVE_STDINT_H 1
| #define HAVE_UNISTD_H 1
| #define HAVE_DLFCN_H 1
| #ifdef __cplusplus
| extern "C" void exit (int) throw ();
| #endif
| /* end confdefs.h.  */
| #include <ac_nonexistent.h>
configure:5498: checking for g77
configure:5527: result: no
configure:5498: checking for f77
configure:5527: result: no
configure:5498: checking for xlf
configure:5527: result: no
configure:5498: checking for frt
configure:5527: result: no
configure:5498: checking for pgf77
configure:5527: result: no
configure:5498: checking for fort77
configure:5527: result: no
configure:5498: checking for fl32
configure:5527: result: no
configure:5498: checking for af77
configure:5527: result: no
configure:5498: checking for f90
configure:5527: result: no
configure:5498: checking for xlf90
configure:5527: result: no
configure:5498: checking for pgf90
configure:5527: result: no
configure:5498: checking for epcf90
configure:5527: result: no
configure:5498: checking for f95
configure:5527: result: no
configure:5498: checking for fort
configure:5527: result: no
configure:5498: checking for xlf95
configure:5527: result: no
configure:5498: checking for ifc
configure:5527: result: no
configure:5498: checking for efc
configure:5527: result: no
configure:5498: checking for pgf95
configure:5527: result: no
configure:5498: checking for lf95
configure:5527: result: no
configure:5498: checking for gfortran
configure:5527: result: no
configure:5539: checking for Fortran 77 compiler version
configure:5542:  --version </dev/null >&5
./configure: line 5543: --version: command not found
configure:5545: $? = 127
configure:5547:  -v </dev/null >&5
./configure: line 5548: -v: command not found
configure:5550: $? = 127
configure:5552:  -V </dev/null >&5
./configure: line 5553: -V: command not found
configure:5555: $? = 127
configure:5563: checking whether we are using the GNU Fortran 77 compiler
configure:5577:  -c  conftest.F >&5
./configure: line 5578: -c: command not found
configure:5583: $? = 127
configure: failed program was:
|       program main
| #ifndef __GNUC__
|        choke me
| #endif
| 
|       end
configure:5609: result: no
configure:5615: checking whether  accepts -g
configure:5627:  -c -g conftest.f >&5
./configure: line 5628: -c: command not found
configure:5633: $? = 127
configure: failed program was:
|       program main
| 
|       end
configure:5658: result: no
configure:5688: checking the maximum length of command line arguments
configure:5747: result: 32768
configure:5758: checking command to parse /usr/bin/nm -B output from gcc object
configure:5847: gcc -c -g -O2  conftest.c >&5
configure:5850: $? = 0
configure:5854: /usr/bin/nm -B conftest.o \| sed -n -e 's/^.*[ 	]\([ABCDGISTW][ABCDGISTW]*\)[ 	][ 	]*\(\)\([_A-Za-z][_A-Za-z0-9]*\)$/\1 \2\3 \3/p' \> conftest.nm
configure:5857: $? = 0
configure:5909: gcc -o conftest -g -O2   conftest.c conftstm.o >&5
configure:5912: $? = 0
configure:5950: result: ok
configure:5954: checking for objdir
configure:5969: result: .libs
configure:6059: checking for ar
configure:6075: found /usr/bin/ar
configure:6086: result: ar
configure:6139: checking for ranlib
configure:6155: found /usr/bin/ranlib
configure:6166: result: ranlib
configure:6219: checking for strip
configure:6235: found /usr/bin/strip
configure:6246: result: strip
configure:6508: checking if gcc static flag  works
configure:6531: result: yes
configure:6552: checking if gcc supports -fno-rtti -fno-exceptions
configure:6570: gcc -c -g -O2  -fno-rtti -fno-exceptions conftest.c >&5
cc1: warning: command line option '-fno-rtti' is valid for C++/ObjC++ but not for C [enabled by default]
configure:6574: $? = 0
configure:6585: result: no
configure:6600: checking for gcc option to produce PIC
configure:6777: result: -fPIC
configure:6784: checking if gcc PIC flag -fPIC works
configure:6802: gcc -c -g -O2  -fPIC -DPIC conftest.c >&5
configure:6806: $? = 0
configure:6817: result: yes
configure:6841: checking if gcc supports -c -o file.o
configure:6869: gcc -c -g -O2  -o out/conftest2.o conftest.c >&5
configure:6873: $? = 0
configure:6890: result: yes
configure:6916: checking whether the gcc linker (/usr/bin/ld) supports shared libraries
configure:7730: result: yes
configure:7756: checking whether -lc should be explicitly linked in
configure:7761: gcc -c -g -O2  conftest.c >&5
configure:7764: $? = 0
configure:7778: gcc -shared conftest.o  -v -Wl,-soname -Wl,conftest -o conftest 2\>\&1 \| grep  -lc  \>/dev/null 2\>\&1
configure:7781: $? = 0
configure:7793: result: no
configure:7801: checking how to hardcode library paths into programs
configure:7826: result: immediate
configure:7840: checking whether stripping libraries is possible
configure:7845: result: yes
configure:7867: checking dynamic linker characteristics
configure:8390: result: GNU/Linux ld.so
configure:9202: checking if libtool supports shared libraries
configure:9204: result: yes
configure:9207: checking whether to build shared libraries
configure:9256: result: yes
configure:9259: checking whether to build static libraries
configure:9263: result: yes
configure:9354: creating libtool
configure:9898: checking for ld used by g++
configure:9965: result: /usr/bin/ld
configure:9974: checking if the linker (/usr/bin/ld) is GNU ld
configure:9989: result: yes
configure:10040: checking whether the g++ linker (/usr/bin/ld) supports shared libraries
configure:10855: result: yes
configure:10877: g++ -c -g -O2  conftest.cc >&5
configure:10880: $? = 0
configure:10976: checking for g++ option to produce PIC
configure:11228: result: -fPIC
configure:11235: checking if g++ PIC flag -fPIC works
configure:11253: g++ -c -g -O2  -fPIC -DPIC conftest.cc >&5
configure:11257: $? = 0
configure:11268: result: yes
configure:11292: checking if g++ supports -c -o file.o
configure:11320: g++ -c -g -O2  -o out/conftest2.o conftest.cc >&5
configure:11324: $? = 0
configure:11341: result: yes
configure:11367: checking whether the g++ linker (/usr/bin/ld) supports shared libraries
configure:11392: result: yes
configure:11463: checking how to hardcode library paths into programs
configure:11488: result: immediate
configure:11502: checking whether stripping libraries is possible
configure:11507: result: yes
configure:11529: checking dynamic linker characteristics
configure:12052: result: GNU/Linux ld.so
configure:19327: creating ./config.status

## ---------------------- ##
## Running config.status. ##
## ---------------------- ##

This file was extended by config.status, which was
generated by GNU Autoconf 2.59.  Invocation command line was

  CONFIG_FILES    = 
  CONFIG_HEADERS  = 
  CONFIG_LINKS    = 
  CONFIG_COMMANDS = 
  $ ./config.status 

on jeff

config.status:716: creating Makefile
config.status:716: creating m4/Makefile
config.status:716: creating tests/Makefile
config.status:906: executing depfiles commands

## ---------------- ##
## Cache variables. ##
## ---------------- ##

ac_cv_build=i686-pc-linux-gnu
ac_cv_build_alias=i686-pc-linux-gnu
ac_cv_c_compiler_gnu=yes
ac_cv_cxx_compiler_gnu=yes
ac_cv_env_CC_set=
ac_cv_env_CC_value=
ac_cv_env_CFLAGS_set=
ac_cv_env_CFLAGS_value=
ac_cv_env_CPPFLAGS_set=
ac_cv_env_CPPFLAGS_value=
ac_cv_env_CPP_set=
ac_cv_env_CPP_value=
ac_cv_env_CXXCPP_set=
ac_cv_env_CXXCPP_value=
ac_cv_env_CXXFLAGS_set=
ac_cv_env_CXXFLAGS_value=
ac_cv_env_CXX_set=
ac_cv_env_CXX_value=
ac_cv_env_F77_set=
ac_cv_env_F77_value=
ac_cv_env_FFLAGS_set=
ac_cv_env_FFLAGS_value=
ac_cv_env_LDFLAGS_set=
ac_cv_env_LDFLAGS_value=
ac_cv_env_build_alias_set=
ac_cv_env_build_alias_value=
ac_cv_env_host_alias_set=
ac_cv_env_host_alias_value=
ac_cv_env_target_alias_set=
ac_cv_env_target_alias_value=
ac_cv_exeext=
ac_cv_f77_compiler_gnu=no
ac_cv_header_dlfcn_h=yes
ac_cv_header_inttypes_h=yes
ac_cv_header_memory_h=yes
ac_cv_header_stdc=yes
ac_cv_header_stdint_h=yes
ac_cv_header_stdlib_h=yes
ac_cv_header_string_h=yes
ac_cv_header_strings_h=yes
ac_cv_header_sys_stat_h=yes
ac_cv_header_sys_types_h=yes
ac_cv_header_unistd_h=yes
ac_cv_host=i686-pc-linux-gnu
ac_cv_host_alias=i686-pc-linux-gnu
ac_cv_objext=o
ac_cv_path_install='/usr/bin/install -c'
ac_cv_prog_AWK=gawk
ac_cv_prog_CPP='gcc -E'
ac_cv_prog_CXXCPP='g++ -E'
ac_cv_prog_ac_ct_AR=ar
ac_cv_prog_ac_ct_CC=gcc
ac_cv_prog_ac_ct_CXX=g++
ac_cv_prog_ac_ct_RANLIB=ranlib
ac_cv_prog_ac_ct_STRIP=strip
ac_cv_prog_cc_g=yes
ac_cv_prog_cc_stdc=
ac_cv_prog_cxx_g=yes
ac_cv_prog_egrep='grep -E'
ac_cv_prog_f77_g=no
ac_cv_prog_make_make_set=yes
am_cv_CC_dependencies_compiler_type=none
am_cv_CXX_dependencies_compiler_type=none
lt_cv_deplibs_check_method=pass_all
lt_cv_file_magic_cmd='$MAGIC_CMD'
lt_cv_file_magic_test_file='/lib/libc.so* /lib/libc-*.so'
lt_cv_ld_reload_flag=-r
lt_cv_objdir=.libs
lt_cv_path_LD=/usr/bin/ld
lt_cv_path_LDCXX=/usr/bin/ld
lt_cv_path_NM='/usr/bin/nm -B'
lt_cv_path_SED=/bin/sed
lt_cv_prog_compiler_c_o=yes
lt_cv_prog_compiler_c_o_CXX=yes
lt_cv_prog_compiler_rtti_exceptions=no
lt_cv_prog_gnu_ld=yes
lt_cv_prog_gnu_ldcxx=yes
lt_cv_sys_global_symbol_pipe='sed -n -e '\''s/^.*[ 	]\([ABCDGISTW][ABCDGISTW]*\)[ 	][ 	]*\(\)\([_A-Za-z][_A-Za-z0-9]*\)$/\1 \2\3 \3/p'\'''
lt_cv_sys_global_symbol_to_c_name_address='sed -n -e '\''s/^: \([^ ]*\) $/  {\"\1\", (lt_ptr) 0},/p'\'' -e '\''s/^[BCDEGRST] \([^ ]*\) \([^ ]*\)$/  {"\2", (lt_ptr) \&\2},/p'\'''
lt_cv_sys_global_symbol_to_cdecl='sed -n -e '\''s/^. .* \(.*\)$/extern int \1;/p'\'''
lt_cv_sys_max_cmd_len=32768
lt_lt_cv_prog_compiler_c_o='"yes"'
lt_lt_cv_prog_compiler_c_o_CXX='"yes"'
lt_lt_cv_sys_global_symbol_pipe='"sed -n -e '\''s/^.*[ 	]\\([ABCDGISTW][ABCDGISTW]*\\)[ 	][ 	]*\\(\\)\\([_A-Za-z][_A-Za-z0-9]*\\)\$/\\1 \\2\\3 \\3/p'\''"'
lt_lt_cv_sys_global_symbol_to_c_name_address='"sed -n -e '\''s/^: \\([^ ]*\\) \$/  {\\\"\\1\\\", (lt_ptr) 0},/p'\'' -e '\''s/^[BCDEGRST] \\([^ ]*\\) \\([^ ]*\\)\$/  {\"\\2\", (lt_ptr) \\&\\2},/p'\''"'
lt_lt_cv_sys_global_symbol_to_cdecl='"sed -n -e '\''s/^. .* \\(.*\\)\$/extern int \\1;/p'\''"'

## ----------------- ##
## Output variables. ##
## ----------------- ##

ACLOCAL='${SHELL} /home/jeff/dev/dev_apps/sand/qca_designer/lib/gettext-0.14/config/missing --run aclocal-1.8'
AMDEPBACKSLASH='\'
AMDEP_FALSE='#'
AMDEP_TRUE=''
AMTAR='${SHELL} /home/jeff/dev/dev_apps/sand/qca_designer/lib/gettext-0.14/config/missing --run tar'
AR='ar'
AS='as'
AUTOCONF='${SHELL} /home/jeff/dev/dev_apps/sand/qca_designer/lib/gettext-0.14/config/missing --run autoconf'
AUTOHEADER='${SHELL} /home/jeff/dev/dev_apps/sand/qca_designer/lib/gettext-0.14/config/missing --run autoheader'
AUTOMAKE='${SHELL} /home/jeff/dev/dev_apps/sand/qca_designer/lib/gettext-0.14/config/missing --run automake-1.8'
AWK='gawk'
CC='gcc'
CCDEPMODE='depmode=none'
CFLAGS='-g -O2'
CPP='gcc -E'
CPPFLAGS=''
CXX='g++'
CXXCPP='g++ -E'
CXXDEPMODE='depmode=none'
CXXFLAGS='-g -O2'
CYGPATH_W='echo'
DEFS='-DPACKAGE_NAME=\"\" -DPACKAGE_TARNAME=\"\" -DPACKAGE_VERSION=\"\" -DPACKAGE_STRING=\"\" -DPACKAGE_BUGREPORT=\"\" -DPACKAGE=\"autoconf-lib-link\" -DVERSION=\"0.14\" -DSTDC_HEADERS=1 -DHAVE_SYS_TYPES_H=1 -DHAVE_SYS_STAT_H=1 -DHAVE_STDLIB_H=1 -DHAVE_STRING_H=1 -DHAVE_MEMORY_H=1 -DHAVE_STRINGS_H=1 -DHAVE_INTTYPES_H=1 -DHAVE_STDINT_H=1 -DHAVE_UNISTD_H=1 -DHAVE_DLFCN_H=1 '
DEPDIR='.deps'
DLLTOOL='dlltool'
ECHO='echo'
ECHO_C=''
ECHO_N='-n'
ECHO_T=''
EGREP='grep -E'
EXEEXT=''
F77=''
FFLAGS=''
GCC='yes'
INSTALL_DATA='${INSTALL} -m 644'
INSTALL_PROGRAM='${INSTALL}'
INSTALL_SCRIPT='${INSTALL}'
INSTALL_STRIP_PROGRAM='${SHELL} $(install_sh) -c -s'
LD='/usr/bin/ld'
LDFLAGS=''
LIBOBJS=''
LIBS=''
LIBTOOL='$(SHELL) $(top_builddir)/libtool'
LN_S='ln -s'
LTLIBOBJS=''
MAKEINFO='${SHELL} /home/jeff/dev/dev_apps/sand/qca_designer/lib/gettext-0.14/config/missing --run makeinfo'
OBJDUMP='objdump'
OBJEXT='o'
PACKAGE='autoconf-lib-link'
PACKAGE_BUGREPORT=''
PACKAGE_NAME=''
PACKAGE_STRING=''
PACKAGE_TARNAME=''
PACKAGE_VERSION=''
PATH_SEPARATOR=':'
RANLIB='ranlib'
SET_MAKE=''
SHELL='/bin/bash'
STRIP='strip'
VERSION='0.14'
ac_ct_AR='ar'
ac_ct_AS=''
ac_ct_CC='gcc'
ac_ct_CXX='g++'
ac_ct_DLLTOOL=''
ac_ct_F77=''
ac_ct_OBJDUMP=''
ac_ct_RANLIB='ranlib'
ac_ct_STRIP='strip'
aclocaldir='${datadir}/aclocal'
am__fastdepCC_FALSE=''
am__fastdepCC_TRUE='#'
am__fastdepCXX_FALSE=''
am__fastdepCXX_TRUE='#'
am__include='include'
am__leading_dot='.'
am__quote=''
bindir='${exec_prefix}/bin'
build='i686-pc-linux-gnu'
build_alias=''
build_cpu='i686'
build_os='linux-gnu'
build_vendor='pc'
datadir='${prefix}/share'
exec_prefix='${prefix}'
host='i686-pc-linux-gnu'
host_alias=''
host_cpu='i686'
host_os='linux-gnu'
host_vendor='pc'
includedir='${prefix}/include'
infodir='${prefix}/info'
install_sh='/home/jeff/dev/dev_apps/sand/qca_designer/lib/gettext-0.14/config/install-sh'
libdir='${exec_prefix}/lib'
libexecdir='${exec_prefix}/libexec'
localstatedir='${prefix}/var'
mandir='${prefix}/man'
mkdir_p='mkdir -p -- .'
oldincludedir='/usr/include'
prefix='/usr/local'
program_transform_name='s,x,x,'
sbindir='${exec_prefix}/sbin'
sharedstatedir='${prefix}/com'
sysconfdir='${prefix}/etc'
target_alias=''
with_gnu_ld='yes'

## ----------- ##
## confdefs.h. ##
## ----------- ##

#define HAVE_DLFCN_H 1
#define HAVE_INTTYPES_H 1
#define HAVE_MEMORY_H 1
#define HAVE_STDINT_H 1
#define HAVE_STDLIB_H 1
#define HAVE_STRINGS_H 1
#define HAVE_STRING_H 1
#define HAVE_SYS_STAT_H 1
#define HAVE_SYS_TYPES_H 1
#define HAVE_UNISTD_H 1
#define PACKAGE "autoconf-lib-link"
#define PACKAGE_BUGREPORT ""
#define PACKAGE_NAME ""
#define PACKAGE_STRING ""
#define PACKAGE_TARNAME ""
#define PACKAGE_VERSION ""
#define STDC_HEADERS 1
#define VERSION "0.14"
#endif
#ifdef __cplusplus
extern "C" void exit (int) throw ();

configure: exit 0
