This file contains any messages produced by compilers while
running configure, to aid debugging if configure makes a mistake.

It was created by configure, which was
generated by GNU Autoconf 2.59.  Invocation command line was

  $ ./configure --prefix=/usr/local --prefix=/usr/local --cache-file=/dev/null --srcdir=. --cache-file=/dev/null --srcdir=.

## --------- ##
## Platform. ##
## --------- ##

hostname = jeff
uname -m = i686
uname -r = 3.5.0-45-generic
uname -s = Linux
uname -v = #68~precise1-Ubuntu SMP Wed Dec 4 16:19:28 UTC 2013

/usr/bin/uname -p = unknown
/bin/uname -X     = unknown

/bin/arch              = unknown
/usr/bin/arch -k       = unknown
/usr/convex/getsysinfo = unknown
hostinfo               = unknown
/bin/machine           = unknown
/usr/bin/oslevel       = unknown
/bin/universe          = unknown

PATH: /usr/lib/lightdm/lightdm
PATH: /usr/local/sbin
PATH: /usr/local/bin
PATH: /usr/sbin
PATH: /usr/bin
PATH: /sbin
PATH: /bin
PATH: /usr/games


## ----------- ##
## Core tests. ##
## ----------- ##

configure:1537: checking for a BSD-compatible install
configure:1592: result: /usr/bin/install -c
configure:1603: checking whether build environment is sane
configure:1646: result: yes
configure:1703: checking for gawk
configure:1719: found /usr/bin/gawk
configure:1729: result: gawk
configure:1739: checking whether make sets $(MAKE)
configure:1759: result: yes
configure:1972: checking for gcc
configure:1988: found /usr/bin/gcc
configure:1998: result: gcc
configure:2242: checking for C compiler version
configure:2245: gcc --version </dev/null >&5
gcc (Ubuntu/Linaro 4.6.3-1ubuntu5) 4.6.3
Copyright (C) 2011 Free Software Foundation, Inc.
This is free software; see the source for copying conditions.  There is NO
warranty; not even for MERCHANTABILITY or FITNESS FOR A PARTICULAR PURPOSE.

configure:2248: $? = 0
configure:2250: gcc -v </dev/null >&5
Using built-in specs.
COLLECT_GCC=gcc
COLLECT_LTO_WRAPPER=/usr/lib/gcc/i686-linux-gnu/4.6/lto-wrapper
Target: i686-linux-gnu
Configured with: ../src/configure -v --with-pkgversion='Ubuntu/Linaro 4.6.3-1ubuntu5' --with-bugurl=file:///usr/share/doc/gcc-4.6/README.Bugs --enable-languages=c,c++,fortran,objc,obj-c++ --prefix=/usr --program-suffix=-4.6 --enable-shared --enable-linker-build-id --with-system-zlib --libexecdir=/usr/lib --without-included-gettext --enable-threads=posix --with-gxx-include-dir=/usr/include/c++/4.6 --libdir=/usr/lib --enable-nls --with-sysroot=/ --enable-clocale=gnu --enable-libstdcxx-debug --enable-libstdcxx-time=yes --enable-gnu-unique-object --enable-plugin --enable-objc-gc --enable-targets=all --disable-werror --with-arch-32=i686 --with-tune=generic --enable-checking=release --build=i686-linux-gnu --host=i686-linux-gnu --target=i686-linux-gnu
Thread model: posix
gcc version 4.6.3 (Ubuntu/Linaro 4.6.3-1ubuntu5) 
configure:2253: $? = 0
configure:2255: gcc -V </dev/null >&5
gcc: error: unrecognized option '-V'
gcc: fatal error: no input files
compilation terminated.
configure:2258: $? = 4
configure:2281: checking for C compiler default output file name
configure:2284: gcc    conftest.c  >&5
configure:2287: $? = 0
configure:2333: result: a.out
configure:2338: checking whether the C compiler works
configure:2344: ./a.out
configure:2347: $? = 0
configure:2364: result: yes
configure:2371: checking whether we are cross compiling
configure:2373: result: no
configure:2376: checking for suffix of executables
configure:2378: gcc -o conftest    conftest.c  >&5
configure:2381: $? = 0
configure:2406: result: 
configure:2412: checking for suffix of object files
configure:2433: gcc -c   conftest.c >&5
configure:2436: $? = 0
configure:2458: result: o
configure:2462: checking whether we are using the GNU C compiler
configure:2486: gcc -c   conftest.c >&5
configure:2492: $? = 0
configure:2496: test -z 
			 || test ! -s conftest.err
configure:2499: $? = 0
configure:2502: test -s conftest.o
configure:2505: $? = 0
configure:2518: result: yes
configure:2524: checking whether gcc accepts -g
configure:2545: gcc -c -g  conftest.c >&5
configure:2551: $? = 0
configure:2555: test -z 
			 || test ! -s conftest.err
configure:2558: $? = 0
configure:2561: test -s conftest.o
configure:2564: $? = 0
configure:2575: result: yes
configure:2592: checking for gcc option to accept ANSI C
configure:2662: gcc  -c -g -O2  conftest.c >&5
configure:2668: $? = 0
configure:2672: test -z 
			 || test ! -s conftest.err
configure:2675: $? = 0
configure:2678: test -s conftest.o
configure:2681: $? = 0
configure:2699: result: none needed
configure:2717: gcc -c -g -O2  conftest.c >&5
conftest.c:2:3: error: unknown type name 'choke'
conftest.c:2:3: error: expected '=', ',', ';', 'asm' or '__attribute__' at end of input
configure:2723: $? = 1
configure: failed program was:
| #ifndef __cplusplus
|   choke me
| #endif
configure:2867: checking for style of include used by make
configure:2895: result: GNU
configure:2923: checking dependency style of gcc
configure:3006: result: none
configure:3075: checking for g++
configure:3091: found /usr/bin/g++
configure:3101: result: g++
configure:3117: checking for C++ compiler version
configure:3120: g++ --version </dev/null >&5
g++ (Ubuntu/Linaro 4.6.3-1ubuntu5) 4.6.3
Copyright (C) 2011 Free Software Foundation, Inc.
This is free software; see the source for copying conditions.  There is NO
warranty; not even for MERCHANTABILITY or FITNESS FOR A PARTICULAR PURPOSE.

configure:3123: $? = 0
configure:3125: g++ -v </dev/null >&5
Using built-in specs.
COLLECT_GCC=g++
COLLECT_LTO_WRAPPER=/usr/lib/gcc/i686-linux-gnu/4.6/lto-wrapper
Target: i686-linux-gnu
Configured with: ../src/configure -v --with-pkgversion='Ubuntu/Linaro 4.6.3-1ubuntu5' --with-bugurl=file:///usr/share/doc/gcc-4.6/README.Bugs --enable-languages=c,c++,fortran,objc,obj-c++ --prefix=/usr --program-suffix=-4.6 --enable-shared --enable-linker-build-id --with-system-zlib --libexecdir=/usr/lib --without-included-gettext --enable-threads=posix --with-gxx-include-dir=/usr/include/c++/4.6 --libdir=/usr/lib --enable-nls --with-sysroot=/ --enable-clocale=gnu --enable-libstdcxx-debug --enable-libstdcxx-time=yes --enable-gnu-unique-object --enable-plugin --enable-objc-gc --enable-targets=all --disable-werror --with-arch-32=i686 --with-tune=generic --enable-checking=release --build=i686-linux-gnu --host=i686-linux-gnu --target=i686-linux-gnu
Thread model: posix
gcc version 4.6.3 (Ubuntu/Linaro 4.6.3-1ubuntu5) 
configure:3128: $? = 0
configure:3130: g++ -V </dev/null >&5
g++: error: unrecognized option '-V'
g++: fatal error: no input files
compilation terminated.
configure:3133: $? = 4
configure:3136: checking whether we are using the GNU C++ compiler
configure:3160: g++ -c   conftest.cc >&5
configure:3166: $? = 0
configure:3170: test -z 
			 || test ! -s conftest.err
configure:3173: $? = 0
configure:3176: test -s conftest.o
configure:3179: $? = 0
configure:3192: result: yes
configure:3198: checking whether g++ accepts -g
configure:3219: g++ -c -g  conftest.cc >&5
configure:3225: $? = 0
configure:3229: test -z 
			 || test ! -s conftest.err
configure:3232: $? = 0
configure:3235: test -s conftest.o
configure:3238: $? = 0
configure:3249: result: yes
configure:3291: g++ -c -g -O2  conftest.cc >&5
configure:3297: $? = 0
configure:3301: test -z 
			 || test ! -s conftest.err
configure:3304: $? = 0
configure:3307: test -s conftest.o
configure:3310: $? = 0
configure:3336: g++ -c -g -O2  conftest.cc >&5
conftest.cc: In function 'int main()':
conftest.cc:15:9: error: 'exit' was not declared in this scope
configure:3342: $? = 1
configure: failed program was:
| /* confdefs.h.  */
| 
| #define PACKAGE_NAME ""
| #define PACKAGE_TARNAME ""
| #define PACKAGE_VERSION ""
| #define PACKAGE_STRING ""
| #define PACKAGE_BUGREPORT ""
| #define PACKAGE "libasprintf"
| #define VERSION "1.0"
| /* end confdefs.h.  */
| 
| int
| main ()
| {
| exit (42);
|   ;
|   return 0;
| }
configure:3291: g++ -c -g -O2  conftest.cc >&5
conftest.cc:11:40: error: 'void std::exit(int)' should have been declared inside 'std'
configure:3297: $? = 1
configure: failed program was:
| /* confdefs.h.  */
| 
| #define PACKAGE_NAME ""
| #define PACKAGE_TARNAME ""
| #define PACKAGE_VERSION ""
| #define PACKAGE_STRING ""
| #define PACKAGE_BUGREPORT ""
| #define PACKAGE "libasprintf"
| #define VERSION "1.0"
| /* end confdefs.h.  */
| extern "C" void std::exit (int) throw (); using std::exit;
| #include <stdlib.h>
| int
| main ()
| {
| exit (42);
|   ;
|   return 0;
| }
configure:3291: g++ -c -g -O2  conftest.cc >&5
conftest.cc:11:31: error: 'void std::exit(int)' should have been declared inside 'std'
In file included from conftest.cc:12:0:
/usr/include/stdlib.h:544:70: error: declaration of 'void std::exit(int) throw ()' has a different exception specifier
conftest.cc:11:17: error: from previous declaration 'void std::exit(int)'
configure:3297: $? = 1
configure: failed program was:
| /* confdefs.h.  */
| 
| #define PACKAGE_NAME ""
| #define PACKAGE_TARNAME ""
| #define PACKAGE_VERSION ""
| #define PACKAGE_STRING ""
| #define PACKAGE_BUGREPORT ""
| #define PACKAGE "libasprintf"
| #define VERSION "1.0"
| /* end confdefs.h.  */
| extern "C" void std::exit (int); using std::exit;
| #include <stdlib.h>
| int
| main ()
| {
| exit (42);
|   ;
|   return 0;
| }
configure:3291: g++ -c -g -O2  conftest.cc >&5
configure:3297: $? = 0
configure:3301: test -z 
			 || test ! -s conftest.err
configure:3304: $? = 0
configure:3307: test -s conftest.o
configure:3310: $? = 0
configure:3336: g++ -c -g -O2  conftest.cc >&5
configure:3342: $? = 0
configure:3346: test -z 
			 || test ! -s conftest.err
configure:3349: $? = 0
configure:3352: test -s conftest.o
configure:3355: $? = 0
configure:3380: checking dependency style of g++
configure:3463: result: none
configure:3493: checking for a BSD-compatible install
configure:3548: result: /usr/bin/install -c
configure:3566: checking build system type
configure:3584: result: i686-pc-linux-gnu
configure:3592: checking host system type
configure:3606: result: i686-pc-linux-gnu
configure:3692: checking for a sed that does not truncate output
configure:3746: result: /bin/sed
configure:3749: checking for egrep
configure:3759: result: grep -E
configure:3775: checking for ld used by gcc
configure:3842: result: /usr/bin/ld
configure:3851: checking if the linker (/usr/bin/ld) is GNU ld
configure:3866: result: yes
configure:3871: checking for /usr/bin/ld option to reload object files
configure:3878: result: -r
configure:3887: checking for BSD-compatible nm
configure:3929: result: /usr/bin/nm -B
configure:3933: checking whether ln -s works
configure:3937: result: yes
configure:3944: checking how to recognise dependent libraries
configure:4144: result: pass_all
configure:4598: checking how to run the C preprocessor
configure:4633: gcc -E  conftest.c
configure:4639: $? = 0
configure:4671: gcc -E  conftest.c
conftest.c:14:28: fatal error: ac_nonexistent.h: No such file or directory
compilation terminated.
configure:4677: $? = 1
configure: failed program was:
| /* confdefs.h.  */
| 
| #define PACKAGE_NAME ""
| #define PACKAGE_TARNAME ""
| #define PACKAGE_VERSION ""
| #define PACKAGE_STRING ""
| #define PACKAGE_BUGREPORT ""
| #define PACKAGE "libasprintf"
| #define VERSION "1.0"
| #ifdef __cplusplus
| extern "C" void exit (int) throw ();
| #endif
| /* end confdefs.h.  */
| #include <ac_nonexistent.h>
configure:4716: result: gcc -E
configure:4740: gcc -E  conftest.c
configure:4746: $? = 0
configure:4778: gcc -E  conftest.c
conftest.c:14:28: fatal error: ac_nonexistent.h: No such file or directory
compilation terminated.
configure:4784: $? = 1
configure: failed program was:
| /* confdefs.h.  */
| 
| #define PACKAGE_NAME ""
| #define PACKAGE_TARNAME ""
| #define PACKAGE_VERSION ""
| #define PACKAGE_STRING ""
| #define PACKAGE_BUGREPORT ""
| #define PACKAGE "libasprintf"
| #define VERSION "1.0"
| #ifdef __cplusplus
| extern "C" void exit (int) throw ();
| #endif
| /* end confdefs.h.  */
| #include <ac_nonexistent.h>
configure:4828: checking for ANSI C header files
configure:4853: gcc -c -g -O2  conftest.c >&5
configure:4859: $? = 0
configure:4863: test -z 
			 || test ! -s conftest.err
configure:4866: $? = 0
configure:4869: test -s conftest.o
configure:4872: $? = 0
configure:4961: gcc -o conftest -g -O2   conftest.c  >&5
conftest.c: In function 'main':
conftest.c:31:7: warning: incompatible implicit declaration of built-in function 'exit' [enabled by default]
configure:4964: $? = 0
configure:4966: ./conftest
configure:4969: $? = 0
configure:4984: result: yes
configure:5008: checking for sys/types.h
configure:5024: gcc -c -g -O2  conftest.c >&5
configure:5030: $? = 0
configure:5034: test -z 
			 || test ! -s conftest.err
configure:5037: $? = 0
configure:5040: test -s conftest.o
configure:5043: $? = 0
configure:5054: result: yes
configure:5008: checking for sys/stat.h
configure:5024: gcc -c -g -O2  conftest.c >&5
configure:5030: $? = 0
configure:5034: test -z 
			 || test ! -s conftest.err
configure:5037: $? = 0
configure:5040: test -s conftest.o
configure:5043: $? = 0
configure:5054: result: yes
configure:5008: checking for stdlib.h
configure:5024: gcc -c -g -O2  conftest.c >&5
configure:5030: $? = 0
configure:5034: test -z 
			 || test ! -s conftest.err
configure:5037: $? = 0
configure:5040: test -s conftest.o
configure:5043: $? = 0
configure:5054: result: yes
configure:5008: checking for string.h
configure:5024: gcc -c -g -O2  conftest.c >&5
configure:5030: $? = 0
configure:5034: test -z 
			 || test ! -s conftest.err
configure:5037: $? = 0
configure:5040: test -s conftest.o
configure:5043: $? = 0
configure:5054: result: yes
configure:5008: checking for memory.h
configure:5024: gcc -c -g -O2  conftest.c >&5
configure:5030: $? = 0
configure:5034: test -z 
			 || test ! -s conftest.err
configure:5037: $? = 0
configure:5040: test -s conftest.o
configure:5043: $? = 0
configure:5054: result: yes
configure:5008: checking for strings.h
configure:5024: gcc -c -g -O2  conftest.c >&5
configure:5030: $? = 0
configure:5034: test -z 
			 || test ! -s conftest.err
configure:5037: $? = 0
configure:5040: test -s conftest.o
configure:5043: $? = 0
configure:5054: result: yes
configure:5008: checking for inttypes.h
configure:5024: gcc -c -g -O2  conftest.c >&5
configure:5030: $? = 0
configure:5034: test -z 
			 || test ! -s conftest.err
configure:5037: $? = 0
configure:5040: test -s conftest.o
configure:5043: $? = 0
configure:5054: result: yes
configure:5008: checking for stdint.h
configure:5024: gcc -c -g -O2  conftest.c >&5
configure:5030: $? = 0
configure:5034: test -z 
			 || test ! -s conftest.err
configure:5037: $? = 0
configure:5040: test -s conftest.o
configure:5043: $? = 0
configure:5054: result: yes
configure:5008: checking for unistd.h
configure:5024: gcc -c -g -O2  conftest.c >&5
configure:5030: $? = 0
configure:5034: test -z 
			 || test ! -s conftest.err
configure:5037: $? = 0
configure:5040: test -s conftest.o
configure:5043: $? = 0
configure:5054: result: yes
configure:5080: checking dlfcn.h usability
configure:5092: gcc -c -g -O2  conftest.c >&5
configure:5098: $? = 0
configure:5102: test -z 
			 || test ! -s conftest.err
configure:5105: $? = 0
configure:5108: test -s conftest.o
configure:5111: $? = 0
configure:5121: result: yes
configure:5125: checking dlfcn.h presence
configure:5135: gcc -E  conftest.c
configure:5141: $? = 0
configure:5161: result: yes
configure:5196: checking for dlfcn.h
configure:5203: result: yes
configure:5221: checking how to run the C++ preprocessor
configure:5252: g++ -E  conftest.cc
configure:5258: $? = 0
configure:5290: g++ -E  conftest.cc
conftest.cc:25:28: fatal error: ac_nonexistent.h: No such file or directory
compilation terminated.
configure:5296: $? = 1
configure: failed program was:
| /* confdefs.h.  */
| 
| #define PACKAGE_NAME ""
| #define PACKAGE_TARNAME ""
| #define PACKAGE_VERSION ""
| #define PACKAGE_STRING ""
| #define PACKAGE_BUGREPORT ""
| #define PACKAGE "libasprintf"
| #define VERSION "1.0"
| #ifdef __cplusplus
| extern "C" void exit (int) throw ();
| #endif
| #define STDC_HEADERS 1
| #define HAVE_SYS_TYPES_H 1
| #define HAVE_SYS_STAT_H 1
| #define HAVE_STDLIB_H 1
| #define HAVE_STRING_H 1
| #define HAVE_MEMORY_H 1
| #define HAVE_STRINGS_H 1
| #define HAVE_INTTYPES_H 1
| #define HAVE_STDINT_H 1
| #define HAVE_UNISTD_H 1
| #define HAVE_DLFCN_H 1
| /* end confdefs.h.  */
| #include <ac_nonexistent.h>
configure:5335: result: g++ -E
configure:5359: g++ -E  conftest.cc
configure:5365: $? = 0
configure:5397: g++ -E  conftest.cc
conftest.cc:25:28: fatal error: ac_nonexistent.h: No such file or directory
compilation terminated.
configure:5403: $? = 1
configure: failed program was:
| /* confdefs.h.  */
| 
| #define PACKAGE_NAME ""
| #define PACKAGE_TARNAME ""
| #define PACKAGE_VERSION ""
| #define PACKAGE_STRING ""
| #define PACKAGE_BUGREPORT ""
| #define PACKAGE "libasprintf"
| #define VERSION "1.0"
| #ifdef __cplusplus
| extern "C" void exit (int) throw ();
| #endif
| #define STDC_HEADERS 1
| #define HAVE_SYS_TYPES_H 1
| #define HAVE_SYS_STAT_H 1
| #define HAVE_STDLIB_H 1
| #define HAVE_STRING_H 1
| #define HAVE_MEMORY_H 1
| #define HAVE_STRINGS_H 1
| #define HAVE_INTTYPES_H 1
| #define HAVE_STDINT_H 1
| #define HAVE_UNISTD_H 1
| #define HAVE_DLFCN_H 1
| /* end confdefs.h.  */
| #include <ac_nonexistent.h>
configure:5498: checking for g77
configure:5527: result: no
configure:5498: checking for f77
configure:5527: result: no
configure:5498: checking for xlf
configure:5527: result: no
configure:5498: checking for frt
configure:5527: result: no
configure:5498: checking for pgf77
configure:5527: result: no
configure:5498: checking for fort77
configure:5527: result: no
configure:5498: checking for fl32
configure:5527: result: no
configure:5498: checking for af77
configure:5527: result: no
configure:5498: checking for f90
configure:5527: result: no
configure:5498: checking for xlf90
configure:5527: result: no
configure:5498: checking for pgf90
configure:5527: result: no
configure:5498: checking for epcf90
configure:5527: result: no
configure:5498: checking for f95
configure:5527: result: no
configure:5498: checking for fort
configure:5527: result: no
configure:5498: checking for xlf95
configure:5527: result: no
configure:5498: checking for ifc
configure:5527: result: no
configure:5498: checking for efc
configure:5527: result: no
configure:5498: checking for pgf95
configure:5527: result: no
configure:5498: checking for lf95
configure:5527: result: no
configure:5498: checking for gfortran
configure:5527: result: no
configure:5539: checking for Fortran 77 compiler version
configure:5542:  --version </dev/null >&5
./configure: line 5543: --version: command not found
configure:5545: $? = 127
configure:5547:  -v </dev/null >&5
./configure: line 5548: -v: command not found
configure:5550: $? = 127
configure:5552:  -V </dev/null >&5
./configure: line 5553: -V: command not found
configure:5555: $? = 127
configure:5563: checking whether we are using the GNU Fortran 77 compiler
configure:5577:  -c  conftest.F >&5
./configure: line 5578: -c: command not found
configure:5583: $? = 127
configure: failed program was:
|       program main
| #ifndef __GNUC__
|        choke me
| #endif
| 
|       end
configure:5609: result: no
configure:5615: checking whether  accepts -g
configure:5627:  -c -g conftest.f >&5
./configure: line 5628: -c: command not found
configure:5633: $? = 127
configure: failed program was:
|       program main
| 
|       end
configure:5658: result: no
configure:5688: checking the maximum length of command line arguments
configure:5747: result: 32768
configure:5758: checking command to parse /usr/bin/nm -B output from gcc object
configure:5847: gcc -c -g -O2  conftest.c >&5
configure:5850: $? = 0
configure:5854: /usr/bin/nm -B conftest.o \| sed -n -e 's/^.*[ 	]\([ABCDGISTW][ABCDGISTW]*\)[ 	][ 	]*\(\)\([_A-Za-z][_A-Za-z0-9]*\)$/\1 \2\3 \3/p' \> conftest.nm
configure:5857: $? = 0
configure:5909: gcc -o conftest -g -O2   conftest.c conftstm.o >&5
configure:5912: $? = 0
configure:5950: result: ok
configure:5954: checking for objdir
configure:5969: result: .libs
configure:6059: checking for ar
configure:6075: found /usr/bin/ar
configure:6086: result: ar
configure:6139: checking for ranlib
configure:6155: found /usr/bin/ranlib
configure:6166: result: ranlib
configure:6219: checking for strip
configure:6235: found /usr/bin/strip
configure:6246: result: strip
configure:6508: checking if gcc static flag  works
configure:6531: result: yes
configure:6552: checking if gcc supports -fno-rtti -fno-exceptions
configure:6570: gcc -c -g -O2  -fno-rtti -fno-exceptions conftest.c >&5
cc1: warning: command line option '-fno-rtti' is valid for C++/ObjC++ but not for C [enabled by default]
configure:6574: $? = 0
configure:6585: result: no
configure:6600: checking for gcc option to produce PIC
configure:6777: result: -fPIC
configure:6784: checking if gcc PIC flag -fPIC works
configure:6802: gcc -c -g -O2  -fPIC -DPIC conftest.c >&5
configure:6806: $? = 0
configure:6817: result: yes
configure:6841: checking if gcc supports -c -o file.o
configure:6869: gcc -c -g -O2  -o out/conftest2.o conftest.c >&5
configure:6873: $? = 0
configure:6890: result: yes
configure:6916: checking whether the gcc linker (/usr/bin/ld) supports shared libraries
configure:7730: result: yes
configure:7756: checking whether -lc should be explicitly linked in
configure:7761: gcc -c -g -O2  conftest.c >&5
configure:7764: $? = 0
configure:7778: gcc -shared conftest.o  -v -Wl,-soname -Wl,conftest -o conftest 2\>\&1 \| grep  -lc  \>/dev/null 2\>\&1
configure:7781: $? = 0
configure:7793: result: no
configure:7801: checking how to hardcode library paths into programs
configure:7826: result: immediate
configure:7840: checking whether stripping libraries is possible
configure:7845: result: yes
configure:7867: checking dynamic linker characteristics
configure:8390: result: GNU/Linux ld.so
configure:9202: checking if libtool supports shared libraries
configure:9204: result: yes
configure:9207: checking whether to build shared libraries
configure:9256: result: yes
configure:9259: checking whether to build static libraries
configure:9263: result: yes
configure:9354: creating libtool
configure:9898: checking for ld used by g++
configure:9965: result: /usr/bin/ld
configure:9974: checking if the linker (/usr/bin/ld) is GNU ld
configure:9989: result: yes
configure:10040: checking whether the g++ linker (/usr/bin/ld) supports shared libraries
configure:10855: result: yes
configure:10877: g++ -c -g -O2  conftest.cc >&5
configure:10880: $? = 0
configure:10976: checking for g++ option to produce PIC
configure:11228: result: -fPIC
configure:11235: checking if g++ PIC flag -fPIC works
configure:11253: g++ -c -g -O2  -fPIC -DPIC conftest.cc >&5
configure:11257: $? = 0
configure:11268: result: yes
configure:11292: checking if g++ supports -c -o file.o
configure:11320: g++ -c -g -O2  -o out/conftest2.o conftest.cc >&5
configure:11324: $? = 0
configure:11341: result: yes
configure:11367: checking whether the g++ linker (/usr/bin/ld) supports shared libraries
configure:11392: result: yes
configure:11463: checking how to hardcode library paths into programs
configure:11488: result: immediate
configure:11502: checking whether stripping libraries is possible
configure:11507: result: yes
configure:11529: checking dynamic linker characteristics
configure:12052: result: GNU/Linux ld.so
configure:19162: checking for an ANSI C-conforming const
configure:19229: gcc -c -g -O2  conftest.c >&5
configure:19235: $? = 0
configure:19239: test -z 
			 || test ! -s conftest.err
configure:19242: $? = 0
configure:19245: test -s conftest.o
configure:19248: $? = 0
configure:19259: result: yes
configure:19269: checking for inline
configure:19290: gcc -c -g -O2  conftest.c >&5
configure:19296: $? = 0
configure:19300: test -z 
			 || test ! -s conftest.err
configure:19303: $? = 0
configure:19306: test -s conftest.o
configure:19309: $? = 0
configure:19321: result: inline
configure:19341: checking for signed
configure:19362: gcc -c -g -O2  conftest.c >&5
configure:19368: $? = 0
configure:19372: test -z 
			 || test ! -s conftest.err
configure:19375: $? = 0
configure:19378: test -s conftest.o
configure:19381: $? = 0
configure:19392: result: yes
configure:19402: checking for size_t
configure:19426: gcc -c -g -O2  conftest.c >&5
configure:19432: $? = 0
configure:19436: test -z 
			 || test ! -s conftest.err
configure:19439: $? = 0
configure:19442: test -s conftest.o
configure:19445: $? = 0
configure:19456: result: yes
configure:19469: checking for long long
configure:19491: gcc -o conftest -g -O2   conftest.c  >&5
configure:19497: $? = 0
configure:19501: test -z 
			 || test ! -s conftest.err
configure:19504: $? = 0
configure:19507: test -s conftest
configure:19510: $? = 0
configure:19522: result: yes
configure:19533: checking for long double
configure:19593: result: yes
configure:19604: checking for wchar_t
configure:19626: gcc -c -g -O2  conftest.c >&5
configure:19632: $? = 0
configure:19636: test -z 
			 || test ! -s conftest.err
configure:19639: $? = 0
configure:19642: test -s conftest.o
configure:19645: $? = 0
configure:19656: result: yes
configure:19667: checking for wint_t
configure:19689: gcc -c -g -O2  conftest.c >&5
configure:19695: $? = 0
configure:19699: test -z 
			 || test ! -s conftest.err
configure:19702: $? = 0
configure:19705: test -s conftest.o
configure:19708: $? = 0
configure:19719: result: yes
configure:19729: checking for ptrdiff_t
configure:19753: gcc -c -g -O2  conftest.c >&5
configure:19759: $? = 0
configure:19763: test -z 
			 || test ! -s conftest.err
configure:19766: $? = 0
configure:19769: test -s conftest.o
configure:19772: $? = 0
configure:19783: result: yes
configure:19797: checking for inttypes.h
configure:19819: gcc -c -g -O2  conftest.c >&5
configure:19825: $? = 0
configure:19829: test -z 
			 || test ! -s conftest.err
configure:19832: $? = 0
configure:19835: test -s conftest.o
configure:19838: $? = 0
configure:19849: result: yes
configure:19860: checking for stdint.h
configure:19882: gcc -c -g -O2  conftest.c >&5
configure:19888: $? = 0
configure:19892: test -z 
			 || test ! -s conftest.err
configure:19895: $? = 0
configure:19898: test -s conftest.o
configure:19901: $? = 0
configure:19912: result: yes
configure:19925: checking for intmax_t
configure:19955: gcc -c -g -O2  conftest.c >&5
configure:19961: $? = 0
configure:19965: test -z 
			 || test ! -s conftest.err
configure:19968: $? = 0
configure:19971: test -s conftest.o
configure:19974: $? = 0
configure:19985: result: yes
configure:20001: checking for stdint.h
configure:20006: result: yes
configure:20146: checking for SIZE_MAX
configure:21215: result: yes
configure:21232: checking for stdint.h
configure:21237: result: yes
configure:21382: checking for working alloca.h
configure:21403: gcc -o conftest -g -O2   conftest.c  >&5
configure:21409: $? = 0
configure:21413: test -z 
			 || test ! -s conftest.err
configure:21416: $? = 0
configure:21419: test -s conftest
configure:21422: $? = 0
configure:21434: result: yes
configure:21444: checking for alloca
configure:21485: gcc -o conftest -g -O2   conftest.c  >&5
configure:21491: $? = 0
configure:21495: test -z 
			 || test ! -s conftest.err
configure:21498: $? = 0
configure:21501: test -s conftest
configure:21504: $? = 0
configure:21516: result: yes
configure:21767: checking for snprintf
configure:21824: gcc -o conftest -g -O2   conftest.c  >&5
conftest.c:60:6: warning: conflicting types for built-in function 'snprintf' [enabled by default]
configure:21830: $? = 0
configure:21834: test -z 
			 || test ! -s conftest.err
configure:21837: $? = 0
configure:21840: test -s conftest
configure:21843: $? = 0
configure:21855: result: yes
configure:21767: checking for vasprintf
configure:21824: gcc -o conftest -g -O2   conftest.c  >&5
configure:21830: $? = 0
configure:21834: test -z 
			 || test ! -s conftest.err
configure:21837: $? = 0
configure:21840: test -s conftest
configure:21843: $? = 0
configure:21855: result: yes
configure:21767: checking for wcslen
configure:21824: gcc -o conftest -g -O2   conftest.c  >&5
configure:21830: $? = 0
configure:21834: test -z 
			 || test ! -s conftest.err
configure:21837: $? = 0
configure:21840: test -s conftest
configure:21843: $? = 0
configure:21855: result: yes
configure:21865: checking whether _snprintf is declared
configure:21889: gcc -c -g -O2  conftest.c >&5
conftest.c: In function 'main':
conftest.c:77:22: error: '_snprintf' undeclared (first use in this function)
conftest.c:77:22: note: each undeclared identifier is reported only once for each function it appears in
configure:21895: $? = 1
configure: failed program was:
| /* confdefs.h.  */
| 
| #define PACKAGE_NAME ""
| #define PACKAGE_TARNAME ""
| #define PACKAGE_VERSION ""
| #define PACKAGE_STRING ""
| #define PACKAGE_BUGREPORT ""
| #define PACKAGE "libasprintf"
| #define VERSION "1.0"
| #ifdef __cplusplus
| extern "C" void exit (int) throw ();
| #endif
| #define STDC_HEADERS 1
| #define HAVE_SYS_TYPES_H 1
| #define HAVE_SYS_STAT_H 1
| #define HAVE_STDLIB_H 1
| #define HAVE_STRING_H 1
| #define HAVE_MEMORY_H 1
| #define HAVE_STRINGS_H 1
| #define HAVE_INTTYPES_H 1
| #define HAVE_STDINT_H 1
| #define HAVE_UNISTD_H 1
| #define HAVE_DLFCN_H 1
| #define HAVE_LONG_LONG 1
| #define HAVE_LONG_DOUBLE 1
| #define HAVE_WCHAR_T 1
| #define HAVE_WINT_T 1
| #define HAVE_INTTYPES_H_WITH_UINTMAX 1
| #define HAVE_STDINT_H_WITH_UINTMAX 1
| #define HAVE_INTMAX_T 1
| #define HAVE_STDINT_H 1
| #define HAVE_STDINT_H 1
| #define HAVE_ALLOCA_H 1
| #define HAVE_ALLOCA 1
| #define HAVE_SNPRINTF 1
| #define HAVE_VASPRINTF 1
| #define HAVE_WCSLEN 1
| /* end confdefs.h.  */
| #include <stdio.h>
| #if HAVE_SYS_TYPES_H
| # include <sys/types.h>
| #endif
| #if HAVE_SYS_STAT_H
| # include <sys/stat.h>
| #endif
| #if STDC_HEADERS
| # include <stdlib.h>
| # include <stddef.h>
| #else
| # if HAVE_STDLIB_H
| #  include <stdlib.h>
| # endif
| #endif
| #if HAVE_STRING_H
| # if !STDC_HEADERS && HAVE_MEMORY_H
| #  include <memory.h>
| # endif
| # include <string.h>
| #endif
| #if HAVE_STRINGS_H
| # include <strings.h>
| #endif
| #if HAVE_INTTYPES_H
| # include <inttypes.h>
| #else
| # if HAVE_STDINT_H
| #  include <stdint.h>
| # endif
| #endif
| #if HAVE_UNISTD_H
| # include <unistd.h>
| #endif
| int
| main ()
| {
| #ifndef _snprintf
|   char *p = (char *) _snprintf;
| #endif
| 
|   ;
|   return 0;
| }
configure:21919: result: no
configure:21939: checking whether printf() supports POSIX/XSI format strings
configure:21989: gcc -o conftest -g -O2   conftest.c  >&5
configure:21992: $? = 0
configure:21994: ./conftest
configure:21997: $? = 0
configure:22012: result: yes
configure:22028: checking for dvips
configure:22046: found /usr/bin/dvips
configure:22059: result: /usr/bin/dvips
configure:22068: checking for texi2pdf
configure:22099: result: /home/jeff/dev/dev_apps/sand/qca_designer/lib/gettext-0.14/config/missing texi2pdf
configure:22108: checking for perl
configure:22126: found /usr/bin/perl
configure:22139: result: /usr/bin/perl
configure:22266: creating ./config.status

## ---------------------- ##
## Running config.status. ##
## ---------------------- ##

This file was extended by config.status, which was
generated by GNU Autoconf 2.59.  Invocation command line was

  CONFIG_FILES    = 
  CONFIG_HEADERS  = 
  CONFIG_LINKS    = 
  CONFIG_COMMANDS = 
  $ ./config.status 

on jeff

config.status:723: creating Makefile
config.status:838: creating config.h
config.status:976: config.h is unchanged
config.status:1156: executing depfiles commands

## ---------------- ##
## Cache variables. ##
## ---------------- ##

ac_cv_build=i686-pc-linux-gnu
ac_cv_build_alias=i686-pc-linux-gnu
ac_cv_c_compiler_gnu=yes
ac_cv_c_const=yes
ac_cv_c_inline=inline
ac_cv_cxx_compiler_gnu=yes
ac_cv_env_CC_set=
ac_cv_env_CC_value=
ac_cv_env_CFLAGS_set=
ac_cv_env_CFLAGS_value=
ac_cv_env_CPPFLAGS_set=
ac_cv_env_CPPFLAGS_value=
ac_cv_env_CPP_set=
ac_cv_env_CPP_value=
ac_cv_env_CXXCPP_set=
ac_cv_env_CXXCPP_value=
ac_cv_env_CXXFLAGS_set=
ac_cv_env_CXXFLAGS_value=
ac_cv_env_CXX_set=
ac_cv_env_CXX_value=
ac_cv_env_F77_set=
ac_cv_env_F77_value=
ac_cv_env_FFLAGS_set=
ac_cv_env_FFLAGS_value=
ac_cv_env_LDFLAGS_set=
ac_cv_env_LDFLAGS_value=
ac_cv_env_build_alias_set=
ac_cv_env_build_alias_value=
ac_cv_env_host_alias_set=
ac_cv_env_host_alias_value=
ac_cv_env_target_alias_set=
ac_cv_env_target_alias_value=
ac_cv_exeext=
ac_cv_f77_compiler_gnu=no
ac_cv_func_alloca_works=yes
ac_cv_func_snprintf=yes
ac_cv_func_vasprintf=yes
ac_cv_func_wcslen=yes
ac_cv_have_decl__snprintf=no
ac_cv_header_dlfcn_h=yes
ac_cv_header_inttypes_h=yes
ac_cv_header_memory_h=yes
ac_cv_header_stdc=yes
ac_cv_header_stdint_h=yes
ac_cv_header_stdlib_h=yes
ac_cv_header_string_h=yes
ac_cv_header_strings_h=yes
ac_cv_header_sys_stat_h=yes
ac_cv_header_sys_types_h=yes
ac_cv_header_unistd_h=yes
ac_cv_host=i686-pc-linux-gnu
ac_cv_host_alias=i686-pc-linux-gnu
ac_cv_objext=o
ac_cv_path_DVIPS=/usr/bin/dvips
ac_cv_path_PERL=/usr/bin/perl
ac_cv_path_TEXI2PDF='/home/jeff/dev/dev_apps/sand/qca_designer/lib/gettext-0.14/config/missing texi2pdf'
ac_cv_path_install='/usr/bin/install -c'
ac_cv_prog_AWK=gawk
ac_cv_prog_CPP='gcc -E'
ac_cv_prog_CXXCPP='g++ -E'
ac_cv_prog_ac_ct_AR=ar
ac_cv_prog_ac_ct_CC=gcc
ac_cv_prog_ac_ct_CXX=g++
ac_cv_prog_ac_ct_RANLIB=ranlib
ac_cv_prog_ac_ct_STRIP=strip
ac_cv_prog_cc_g=yes
ac_cv_prog_cc_stdc=
ac_cv_prog_cxx_g=yes
ac_cv_prog_egrep='grep -E'
ac_cv_prog_f77_g=no
ac_cv_prog_make_make_set=yes
ac_cv_type_long_long=yes
ac_cv_type_ptrdiff_t=yes
ac_cv_type_size_t=yes
ac_cv_working_alloca_h=yes
am_cv_CC_dependencies_compiler_type=none
am_cv_CXX_dependencies_compiler_type=none
bh_cv_c_signed=yes
gt_cv_c_intmax_t=yes
gt_cv_c_long_double=yes
gt_cv_c_wchar_t=yes
gt_cv_c_wint_t=yes
gt_cv_func_printf_posix=yes
jm_ac_cv_header_inttypes_h=yes
jm_ac_cv_header_stdint_h=yes
lt_cv_deplibs_check_method=pass_all
lt_cv_file_magic_cmd='$MAGIC_CMD'
lt_cv_file_magic_test_file='/lib/libc.so* /lib/libc-*.so'
lt_cv_ld_reload_flag=-r
lt_cv_objdir=.libs
lt_cv_path_LD=/usr/bin/ld
lt_cv_path_LDCXX=/usr/bin/ld
lt_cv_path_NM='/usr/bin/nm -B'
lt_cv_path_SED=/bin/sed
lt_cv_prog_compiler_c_o=yes
lt_cv_prog_compiler_c_o_CXX=yes
lt_cv_prog_compiler_rtti_exceptions=no
lt_cv_prog_gnu_ld=yes
lt_cv_prog_gnu_ldcxx=yes
lt_cv_sys_global_symbol_pipe='sed -n -e '\''s/^.*[ 	]\([ABCDGISTW][ABCDGISTW]*\)[ 	][ 	]*\(\)\([_A-Za-z][_A-Za-z0-9]*\)$/\1 \2\3 \3/p'\'''
lt_cv_sys_global_symbol_to_c_name_address='sed -n -e '\''s/^: \([^ ]*\) $/  {\"\1\", (lt_ptr) 0},/p'\'' -e '\''s/^[BCDEGRST] \([^ ]*\) \([^ ]*\)$/  {"\2", (lt_ptr) \&\2},/p'\'''
lt_cv_sys_global_symbol_to_cdecl='sed -n -e '\''s/^. .* \(.*\)$/extern int \1;/p'\'''
lt_cv_sys_max_cmd_len=32768
lt_lt_cv_prog_compiler_c_o='"yes"'
lt_lt_cv_prog_compiler_c_o_CXX='"yes"'
lt_lt_cv_sys_global_symbol_pipe='"sed -n -e '\''s/^.*[ 	]\\([ABCDGISTW][ABCDGISTW]*\\)[ 	][ 	]*\\(\\)\\([_A-Za-z][_A-Za-z0-9]*\\)\$/\\1 \\2\\3 \\3/p'\''"'
lt_lt_cv_sys_global_symbol_to_c_name_address='"sed -n -e '\''s/^: \\([^ ]*\\) \$/  {\\\"\\1\\\", (lt_ptr) 0},/p'\'' -e '\''s/^[BCDEGRST] \\([^ ]*\\) \\([^ ]*\\)\$/  {\"\\2\", (lt_ptr) \\&\\2},/p'\''"'
lt_lt_cv_sys_global_symbol_to_cdecl='"sed -n -e '\''s/^. .* \\(.*\\)\$/extern int \\1;/p'\''"'

## ----------------- ##
## Output variables. ##
## ----------------- ##

ACLOCAL='${SHELL} /home/jeff/dev/dev_apps/sand/qca_designer/lib/gettext-0.14/config/missing --run aclocal-1.8'
ALLOCA=''
ALLOCA_H='alloca.h'
AMDEPBACKSLASH='\'
AMDEP_FALSE='#'
AMDEP_TRUE=''
AMTAR='${SHELL} /home/jeff/dev/dev_apps/sand/qca_designer/lib/gettext-0.14/config/missing --run tar'
AR='ar'
AS='as'
AUTOCONF='${SHELL} /home/jeff/dev/dev_apps/sand/qca_designer/lib/gettext-0.14/config/missing --run autoconf'
AUTOHEADER='${SHELL} /home/jeff/dev/dev_apps/sand/qca_designer/lib/gettext-0.14/config/missing --run autoheader'
AUTOMAKE='${SHELL} /home/jeff/dev/dev_apps/sand/qca_designer/lib/gettext-0.14/config/missing --run automake-1.8'
AWK='gawk'
CC='gcc'
CCDEPMODE='depmode=none'
CFLAGS='-g -O2'
CPP='gcc -E'
CPPFLAGS=''
CXX='g++'
CXXCPP='g++ -E'
CXXDEPMODE='depmode=none'
CXXFLAGS='-g -O2'
CYGPATH_W='echo'
DEFS='-DHAVE_CONFIG_H'
DEPDIR='.deps'
DLLTOOL='dlltool'
DVIPS='/usr/bin/dvips'
ECHO='echo'
ECHO_C=''
ECHO_N='-n'
ECHO_T=''
EGREP='grep -E'
EXEEXT=''
F77=''
FFLAGS=''
INSTALL_DATA='${INSTALL} -m 644'
INSTALL_PROGRAM='${INSTALL}'
INSTALL_SCRIPT='${INSTALL}'
INSTALL_STRIP_PROGRAM='${SHELL} $(install_sh) -c -s'
LDFLAGS=''
LIBOBJS=''
LIBS=''
LIBTOOL='$(SHELL) $(top_builddir)/libtool'
LN_S='ln -s'
LTLIBOBJS=''
MAKEINFO='${SHELL} /home/jeff/dev/dev_apps/sand/qca_designer/lib/gettext-0.14/config/missing --run makeinfo'
OBJDUMP='objdump'
OBJEXT='o'
PACKAGE='libasprintf'
PACKAGE_BUGREPORT=''
PACKAGE_NAME=''
PACKAGE_STRING=''
PACKAGE_TARNAME=''
PACKAGE_VERSION=''
PATH_SEPARATOR=':'
PERL='/usr/bin/perl'
RANLIB='ranlib'
SET_MAKE=''
SHELL='/bin/bash'
STRIP='strip'
TEXI2PDF='/home/jeff/dev/dev_apps/sand/qca_designer/lib/gettext-0.14/config/missing texi2pdf'
VERSION='1.0'
ac_ct_AR='ar'
ac_ct_AS=''
ac_ct_CC='gcc'
ac_ct_CXX='g++'
ac_ct_DLLTOOL=''
ac_ct_F77=''
ac_ct_OBJDUMP=''
ac_ct_RANLIB='ranlib'
ac_ct_STRIP='strip'
am__fastdepCC_FALSE=''
am__fastdepCC_TRUE='#'
am__fastdepCXX_FALSE=''
am__fastdepCXX_TRUE='#'
am__include='include'
am__leading_dot='.'
am__quote=''
bindir='${exec_prefix}/bin'
build='i686-pc-linux-gnu'
build_alias=''
build_cpu='i686'
build_os='linux-gnu'
build_vendor='pc'
datadir='${prefix}/share'
exec_prefix='${prefix}'
host='i686-pc-linux-gnu'
host_alias=''
host_cpu='i686'
host_os='linux-gnu'
host_vendor='pc'
includedir='${prefix}/include'
infodir='${prefix}/info'
install_sh='/home/jeff/dev/dev_apps/sand/qca_designer/lib/gettext-0.14/config/install-sh'
libdir='${exec_prefix}/lib'
libexecdir='${exec_prefix}/libexec'
localstatedir='${prefix}/var'
mandir='${prefix}/man'
mkdir_p='mkdir -p -- .'
oldincludedir='/usr/include'
prefix='/usr/local'
program_transform_name='s,x,x,'
sbindir='${exec_prefix}/sbin'
sharedstatedir='${prefix}/com'
sysconfdir='${prefix}/etc'
target_alias=''

## ----------- ##
## confdefs.h. ##
## ----------- ##

#define HAVE_ALLOCA 1
#define HAVE_ALLOCA_H 1
#define HAVE_DECL__SNPRINTF 0
#define HAVE_DLFCN_H 1
#define HAVE_INTMAX_T 1
#define HAVE_INTTYPES_H 1
#define HAVE_INTTYPES_H_WITH_UINTMAX 1
#define HAVE_LONG_DOUBLE 1
#define HAVE_LONG_LONG 1
#define HAVE_MEMORY_H 1
#define HAVE_POSIX_PRINTF 1
#define HAVE_SNPRINTF 1
#define HAVE_STDINT_H 1
#define HAVE_STDINT_H 1
#define HAVE_STDINT_H 1
#define HAVE_STDINT_H_WITH_UINTMAX 1
#define HAVE_STDLIB_H 1
#define HAVE_STRINGS_H 1
#define HAVE_STRING_H 1
#define HAVE_SYS_STAT_H 1
#define HAVE_SYS_TYPES_H 1
#define HAVE_UNISTD_H 1
#define HAVE_VASPRINTF 1
#define HAVE_WCHAR_T 1
#define HAVE_WCSLEN 1
#define HAVE_WINT_T 1
#define PACKAGE "libasprintf"
#define PACKAGE_BUGREPORT ""
#define PACKAGE_NAME ""
#define PACKAGE_STRING ""
#define PACKAGE_TARNAME ""
#define PACKAGE_VERSION ""
#define STDC_HEADERS 1
#define VERSION "1.0"
#endif
#ifdef __cplusplus
extern "C" void exit (int) throw ();

configure: exit 0
