This file contains any messages produced by compilers while
running configure, to aid debugging if configure makes a mistake.

It was created by configure, which was
generated by GNU Autoconf 2.68.  Invocation command line was

  $ ./configure --prefix=/usr

## --------- ##
## Platform. ##
## --------- ##

hostname = jeff
uname -m = i686
uname -r = 3.5.0-45-generic
uname -s = Linux
uname -v = #68~precise1-Ubuntu SMP Wed Dec 4 16:19:28 UTC 2013

/usr/bin/uname -p = unknown
/bin/uname -X     = unknown

/bin/arch              = unknown
/usr/bin/arch -k       = unknown
/usr/convex/getsysinfo = unknown
/usr/bin/hostinfo      = unknown
/bin/machine           = unknown
/usr/bin/oslevel       = unknown
/bin/universe          = unknown

PATH: /usr/lib/lightdm/lightdm
PATH: /usr/local/sbin
PATH: /usr/local/bin
PATH: /usr/sbin
PATH: /usr/bin
PATH: /sbin
PATH: /bin
PATH: /usr/games


## ----------- ##
## Core tests. ##
## ----------- ##

configure:2234: checking for a BSD-compatible install
configure:2302: result: /usr/bin/install -c
configure:2313: checking whether build environment is sane
configure:2363: result: yes
configure:2504: checking for a thread-safe mkdir -p
configure:2543: result: /bin/mkdir -p
configure:2556: checking for gawk
configure:2572: found /usr/bin/gawk
configure:2583: result: gawk
configure:2594: checking whether make sets $(MAKE)
configure:2616: result: yes
configure:2697: checking whether to enable maintainer-specific portions of Makefiles
configure:2706: result: no
configure:2732: checking for style of include used by make
configure:2760: result: GNU
configure:2831: checking for gcc
configure:2847: found /usr/bin/gcc
configure:2858: result: gcc
configure:3087: checking for C compiler version
configure:3096: gcc --version >&5
gcc (Ubuntu/Linaro 4.6.3-1ubuntu5) 4.6.3
Copyright (C) 2011 Free Software Foundation, Inc.
This is free software; see the source for copying conditions.  There is NO
warranty; not even for MERCHANTABILITY or FITNESS FOR A PARTICULAR PURPOSE.

configure:3107: $? = 0
configure:3096: gcc -v >&5
Using built-in specs.
COLLECT_GCC=gcc
COLLECT_LTO_WRAPPER=/usr/lib/gcc/i686-linux-gnu/4.6/lto-wrapper
Target: i686-linux-gnu
Configured with: ../src/configure -v --with-pkgversion='Ubuntu/Linaro 4.6.3-1ubuntu5' --with-bugurl=file:///usr/share/doc/gcc-4.6/README.Bugs --enable-languages=c,c++,fortran,objc,obj-c++ --prefix=/usr --program-suffix=-4.6 --enable-shared --enable-linker-build-id --with-system-zlib --libexecdir=/usr/lib --without-included-gettext --enable-threads=posix --with-gxx-include-dir=/usr/include/c++/4.6 --libdir=/usr/lib --enable-nls --with-sysroot=/ --enable-clocale=gnu --enable-libstdcxx-debug --enable-libstdcxx-time=yes --enable-gnu-unique-object --enable-plugin --enable-objc-gc --enable-targets=all --disable-werror --with-arch-32=i686 --with-tune=generic --enable-checking=release --build=i686-linux-gnu --host=i686-linux-gnu --target=i686-linux-gnu
Thread model: posix
gcc version 4.6.3 (Ubuntu/Linaro 4.6.3-1ubuntu5) 
configure:3107: $? = 0
configure:3096: gcc -V >&5
gcc: error: unrecognized option '-V'
gcc: fatal error: no input files
compilation terminated.
configure:3107: $? = 4
configure:3096: gcc -qversion >&5
gcc: error: unrecognized option '-qversion'
gcc: fatal error: no input files
compilation terminated.
configure:3107: $? = 4
configure:3127: checking whether the C compiler works
configure:3149: gcc    conftest.c  >&5
configure:3153: $? = 0
configure:3201: result: yes
configure:3204: checking for C compiler default output file name
configure:3206: result: a.out
configure:3212: checking for suffix of executables
configure:3219: gcc -o conftest    conftest.c  >&5
configure:3223: $? = 0
configure:3245: result: 
configure:3267: checking whether we are cross compiling
configure:3275: gcc -o conftest    conftest.c  >&5
configure:3279: $? = 0
configure:3286: ./conftest
configure:3290: $? = 0
configure:3305: result: no
configure:3310: checking for suffix of object files
configure:3332: gcc -c   conftest.c >&5
configure:3336: $? = 0
configure:3357: result: o
configure:3361: checking whether we are using the GNU C compiler
configure:3380: gcc -c   conftest.c >&5
configure:3380: $? = 0
configure:3389: result: yes
configure:3398: checking whether gcc accepts -g
configure:3418: gcc -c -g  conftest.c >&5
configure:3418: $? = 0
configure:3459: result: yes
configure:3476: checking for gcc option to accept ISO C89
configure:3540: gcc  -c -g -O2  conftest.c >&5
configure:3540: $? = 0
configure:3553: result: none needed
configure:3575: checking dependency style of gcc
configure:3686: result: gcc3
configure:3702: checking for library containing strerror
configure:3733: gcc -o conftest -g -O2   conftest.c  >&5
configure:3733: $? = 0
configure:3750: result: none required
configure:3762: checking build system type
configure:3776: result: i686-pc-linux-gnu
configure:3796: checking host system type
configure:3809: result: i686-pc-linux-gnu
configure:3877: checking for gcc
configure:3904: result: gcc
configure:4133: checking for C compiler version
configure:4142: gcc --version >&5
gcc (Ubuntu/Linaro 4.6.3-1ubuntu5) 4.6.3
Copyright (C) 2011 Free Software Foundation, Inc.
This is free software; see the source for copying conditions.  There is NO
warranty; not even for MERCHANTABILITY or FITNESS FOR A PARTICULAR PURPOSE.

configure:4153: $? = 0
configure:4142: gcc -v >&5
Using built-in specs.
COLLECT_GCC=gcc
COLLECT_LTO_WRAPPER=/usr/lib/gcc/i686-linux-gnu/4.6/lto-wrapper
Target: i686-linux-gnu
Configured with: ../src/configure -v --with-pkgversion='Ubuntu/Linaro 4.6.3-1ubuntu5' --with-bugurl=file:///usr/share/doc/gcc-4.6/README.Bugs --enable-languages=c,c++,fortran,objc,obj-c++ --prefix=/usr --program-suffix=-4.6 --enable-shared --enable-linker-build-id --with-system-zlib --libexecdir=/usr/lib --without-included-gettext --enable-threads=posix --with-gxx-include-dir=/usr/include/c++/4.6 --libdir=/usr/lib --enable-nls --with-sysroot=/ --enable-clocale=gnu --enable-libstdcxx-debug --enable-libstdcxx-time=yes --enable-gnu-unique-object --enable-plugin --enable-objc-gc --enable-targets=all --disable-werror --with-arch-32=i686 --with-tune=generic --enable-checking=release --build=i686-linux-gnu --host=i686-linux-gnu --target=i686-linux-gnu
Thread model: posix
gcc version 4.6.3 (Ubuntu/Linaro 4.6.3-1ubuntu5) 
configure:4153: $? = 0
configure:4142: gcc -V >&5
gcc: error: unrecognized option '-V'
gcc: fatal error: no input files
compilation terminated.
configure:4153: $? = 4
configure:4142: gcc -qversion >&5
gcc: error: unrecognized option '-qversion'
gcc: fatal error: no input files
compilation terminated.
configure:4153: $? = 4
configure:4157: checking whether we are using the GNU C compiler
configure:4185: result: yes
configure:4194: checking whether gcc accepts -g
configure:4255: result: yes
configure:4272: checking for gcc option to accept ISO C89
configure:4349: result: none needed
configure:4371: checking dependency style of gcc
configure:4482: result: gcc3
configure:4545: checking for gcc
configure:4572: result: gcc
configure:4801: checking for C compiler version
configure:4810: gcc --version >&5
gcc (Ubuntu/Linaro 4.6.3-1ubuntu5) 4.6.3
Copyright (C) 2011 Free Software Foundation, Inc.
This is free software; see the source for copying conditions.  There is NO
warranty; not even for MERCHANTABILITY or FITNESS FOR A PARTICULAR PURPOSE.

configure:4821: $? = 0
configure:4810: gcc -v >&5
Using built-in specs.
COLLECT_GCC=gcc
COLLECT_LTO_WRAPPER=/usr/lib/gcc/i686-linux-gnu/4.6/lto-wrapper
Target: i686-linux-gnu
Configured with: ../src/configure -v --with-pkgversion='Ubuntu/Linaro 4.6.3-1ubuntu5' --with-bugurl=file:///usr/share/doc/gcc-4.6/README.Bugs --enable-languages=c,c++,fortran,objc,obj-c++ --prefix=/usr --program-suffix=-4.6 --enable-shared --enable-linker-build-id --with-system-zlib --libexecdir=/usr/lib --without-included-gettext --enable-threads=posix --with-gxx-include-dir=/usr/include/c++/4.6 --libdir=/usr/lib --enable-nls --with-sysroot=/ --enable-clocale=gnu --enable-libstdcxx-debug --enable-libstdcxx-time=yes --enable-gnu-unique-object --enable-plugin --enable-objc-gc --enable-targets=all --disable-werror --with-arch-32=i686 --with-tune=generic --enable-checking=release --build=i686-linux-gnu --host=i686-linux-gnu --target=i686-linux-gnu
Thread model: posix
gcc version 4.6.3 (Ubuntu/Linaro 4.6.3-1ubuntu5) 
configure:4821: $? = 0
configure:4810: gcc -V >&5
gcc: error: unrecognized option '-V'
gcc: fatal error: no input files
compilation terminated.
configure:4821: $? = 4
configure:4810: gcc -qversion >&5
gcc: error: unrecognized option '-qversion'
gcc: fatal error: no input files
compilation terminated.
configure:4821: $? = 4
configure:4825: checking whether we are using the GNU C compiler
configure:4853: result: yes
configure:4862: checking whether gcc accepts -g
configure:4923: result: yes
configure:4940: checking for gcc option to accept ISO C89
configure:5017: result: none needed
configure:5039: checking dependency style of gcc
configure:5150: result: gcc3
configure:5169: checking whether gcc and cc understand -c and -o together
configure:5200: gcc -c conftest.c -o conftest2.o >&5
configure:5204: $? = 0
configure:5210: gcc -c conftest.c -o conftest2.o >&5
configure:5214: $? = 0
configure:5225: cc -c conftest.c >&5
configure:5229: $? = 0
configure:5237: cc -c conftest.c -o conftest2.o >&5
configure:5241: $? = 0
configure:5247: cc -c conftest.c -o conftest2.o >&5
configure:5251: $? = 0
configure:5269: result: yes
configure:5299: checking how to run the C preprocessor
configure:5330: gcc -E  conftest.c
configure:5330: $? = 0
configure:5344: gcc -E  conftest.c
conftest.c:11:28: fatal error: ac_nonexistent.h: No such file or directory
compilation terminated.
configure:5344: $? = 1
configure: failed program was:
| /* confdefs.h */
| #define PACKAGE_NAME ""
| #define PACKAGE_TARNAME ""
| #define PACKAGE_VERSION ""
| #define PACKAGE_STRING ""
| #define PACKAGE_BUGREPORT ""
| #define PACKAGE_URL ""
| #define PACKAGE "QCADesigner"
| #define VERSION "2.0.3"
| /* end confdefs.h.  */
| #include <ac_nonexistent.h>
configure:5369: result: gcc -E
configure:5389: gcc -E  conftest.c
configure:5389: $? = 0
configure:5403: gcc -E  conftest.c
conftest.c:11:28: fatal error: ac_nonexistent.h: No such file or directory
compilation terminated.
configure:5403: $? = 1
configure: failed program was:
| /* confdefs.h */
| #define PACKAGE_NAME ""
| #define PACKAGE_TARNAME ""
| #define PACKAGE_VERSION ""
| #define PACKAGE_STRING ""
| #define PACKAGE_BUGREPORT ""
| #define PACKAGE_URL ""
| #define PACKAGE "QCADesigner"
| #define VERSION "2.0.3"
| /* end confdefs.h.  */
| #include <ac_nonexistent.h>
configure:5432: checking for grep that handles long lines and -e
configure:5490: result: /bin/grep
configure:5495: checking for egrep
configure:5557: result: /bin/grep -E
configure:5562: checking for ANSI C header files
configure:5582: gcc -c -g -O2  conftest.c >&5
configure:5582: $? = 0
configure:5655: gcc -o conftest -g -O2   conftest.c  >&5
configure:5655: $? = 0
configure:5655: ./conftest
configure:5655: $? = 0
configure:5666: result: yes
configure:5687: checking for pkg-config
configure:5705: found /usr/bin/pkg-config
configure:5718: result: /usr/bin/pkg-config
configure:5729: checking for librsvg
configure:5738: result: no
configure:5857: checking pkg-config is at least version 0.9.0
configure:5860: result: yes
configure:5870: checking for GTK
configure:5877: $PKG_CONFIG --exists --print-errors "$pkg_modules"
configure:5880: $? = 0
configure:5894: $PKG_CONFIG --exists --print-errors "$pkg_modules"
configure:5897: $? = 0
configure:5955: result: yes
configure:5968: checking for GTHREAD
configure:5975: $PKG_CONFIG --exists --print-errors "$pkg_modules"
configure:5978: $? = 0
configure:5992: $PKG_CONFIG --exists --print-errors "$pkg_modules"
configure:5995: $? = 0
configure:6053: result: yes
configure:6075: checking for GLIB
configure:6082: $PKG_CONFIG --exists --print-errors "$pkg_modules"
configure:6085: $? = 0
configure:6099: $PKG_CONFIG --exists --print-errors "$pkg_modules"
configure:6102: $? = 0
configure:6160: result: yes
configure:6168: checking for GOBJECT
configure:6175: $PKG_CONFIG --exists --print-errors "$pkg_modules"
configure:6178: $? = 0
configure:6192: $PKG_CONFIG --exists --print-errors "$pkg_modules"
configure:6195: $? = 0
configure:6253: result: yes
configure:6300: checking for sys/types.h
configure:6300: gcc -c -g -O2 -Wall  conftest.c >&5
configure:6300: $? = 0
configure:6300: result: yes
configure:6300: checking for sys/stat.h
configure:6300: gcc -c -g -O2 -Wall  conftest.c >&5
configure:6300: $? = 0
configure:6300: result: yes
configure:6300: checking for stdlib.h
configure:6300: gcc -c -g -O2 -Wall  conftest.c >&5
configure:6300: $? = 0
configure:6300: result: yes
configure:6300: checking for string.h
configure:6300: gcc -c -g -O2 -Wall  conftest.c >&5
configure:6300: $? = 0
configure:6300: result: yes
configure:6300: checking for memory.h
configure:6300: gcc -c -g -O2 -Wall  conftest.c >&5
configure:6300: $? = 0
configure:6300: result: yes
configure:6300: checking for strings.h
configure:6300: gcc -c -g -O2 -Wall  conftest.c >&5
configure:6300: $? = 0
configure:6300: result: yes
configure:6300: checking for inttypes.h
configure:6300: gcc -c -g -O2 -Wall  conftest.c >&5
configure:6300: $? = 0
configure:6300: result: yes
configure:6300: checking for stdint.h
configure:6300: gcc -c -g -O2 -Wall  conftest.c >&5
configure:6300: $? = 0
configure:6300: result: yes
configure:6300: checking for unistd.h
configure:6300: gcc -c -g -O2 -Wall  conftest.c >&5
configure:6300: $? = 0
configure:6300: result: yes
configure:6315: checking locale.h usability
configure:6315: gcc -c -g -O2 -Wall  conftest.c >&5
configure:6315: $? = 0
configure:6315: result: yes
configure:6315: checking locale.h presence
configure:6315: gcc -E  conftest.c
configure:6315: $? = 0
configure:6315: result: yes
configure:6315: checking for locale.h
configure:6315: result: yes
configure:6326: checking for LC_MESSAGES
configure:6342: gcc -o conftest -g -O2 -Wall   conftest.c  >&5
configure:6342: $? = 0
configure:6350: result: yes
configure:6367: checking libintl.h usability
configure:6367: gcc -c -g -O2 -Wall  conftest.c >&5
configure:6367: $? = 0
configure:6367: result: yes
configure:6367: checking libintl.h presence
configure:6367: gcc -E  conftest.c
configure:6367: $? = 0
configure:6367: result: yes
configure:6367: checking for libintl.h
configure:6367: result: yes
configure:6375: checking for ngettext in libc
configure:6393: gcc -o conftest -g -O2 -Wall   conftest.c  >&5
configure:6393: $? = 0
configure:6402: result: yes
configure:6406: checking for dgettext in libc
configure:6424: gcc -o conftest -g -O2 -Wall   conftest.c  >&5
configure:6424: $? = 0
configure:6433: result: yes
configure:6440: checking for bind_textdomain_codeset
configure:6440: gcc -o conftest -g -O2 -Wall   conftest.c  >&5
configure:6440: $? = 0
configure:6440: result: yes
configure:6716: checking for msgfmt
configure:6743: result: /usr/local/bin/msgfmt
configure:6754: checking for dcgettext
configure:6754: gcc -o conftest -g -O2 -Wall   conftest.c   >&5
conftest.c:50:6: warning: conflicting types for built-in function 'dcgettext' [enabled by default]
configure:6754: $? = 0
configure:6754: result: yes
configure:6764: checking if msgfmt accepts -c
configure:6779: $MSGFMT -c -o /dev/null conftest.foo
configure:6782: $? = 0
configure:6784: result: yes
configure:6794: checking for gmsgfmt
configure:6825: result: /usr/local/bin/msgfmt
configure:6835: checking for xgettext
configure:6862: result: /usr/local/bin/xgettext
configure:6881: gcc -o conftest -g -O2 -Wall   conftest.c   >&5
configure:6881: $? = 0
configure:6963: checking for catalogs to be installed
configure:6988: result:  de hu ro fr
configure:7212: creating ./config.status

## ---------------------- ##
## Running config.status. ##
## ---------------------- ##

This file was extended by config.status, which was
generated by GNU Autoconf 2.68.  Invocation command line was

  CONFIG_FILES    = 
  CONFIG_HEADERS  = 
  CONFIG_LINKS    = 
  CONFIG_COMMANDS = 
  $ ./config.status 

on jeff

config.status:841: creating Makefile
config.status:841: creating src/Makefile
config.status:841: creating po/Makefile.in
config.status:841: creating docs/Makefile
config.status:841: creating pixmaps/Makefile
config.status:841: creating QCADesigner.desktop
config.status:841: creating graph_dialog.desktop
config.status:841: creating QCADesigner.spec
config.status:841: creating QCADesigner-win32.iss
config.status:841: creating QCADesigner-win32-gtk.iss
config.status:1013: executing depfiles commands
config.status:1013: executing default-1 commands

## ---------------- ##
## Cache variables. ##
## ---------------- ##

ac_cv_build=i686-pc-linux-gnu
ac_cv_c_compiler_gnu=yes
ac_cv_env_CC_set=
ac_cv_env_CC_value=
ac_cv_env_CFLAGS_set=
ac_cv_env_CFLAGS_value=
ac_cv_env_CPPFLAGS_set=
ac_cv_env_CPPFLAGS_value=
ac_cv_env_CPP_set=
ac_cv_env_CPP_value=
ac_cv_env_GLIB_CFLAGS_set=
ac_cv_env_GLIB_CFLAGS_value=
ac_cv_env_GLIB_LIBS_set=
ac_cv_env_GLIB_LIBS_value=
ac_cv_env_GOBJECT_CFLAGS_set=
ac_cv_env_GOBJECT_CFLAGS_value=
ac_cv_env_GOBJECT_LIBS_set=
ac_cv_env_GOBJECT_LIBS_value=
ac_cv_env_GTHREAD_CFLAGS_set=
ac_cv_env_GTHREAD_CFLAGS_value=
ac_cv_env_GTHREAD_LIBS_set=
ac_cv_env_GTHREAD_LIBS_value=
ac_cv_env_GTK_CFLAGS_set=
ac_cv_env_GTK_CFLAGS_value=
ac_cv_env_GTK_LIBS_set=
ac_cv_env_GTK_LIBS_value=
ac_cv_env_LDFLAGS_set=
ac_cv_env_LDFLAGS_value=
ac_cv_env_LIBS_set=
ac_cv_env_LIBS_value=
ac_cv_env_PKG_CONFIG_LIBDIR_set=
ac_cv_env_PKG_CONFIG_LIBDIR_value=
ac_cv_env_PKG_CONFIG_PATH_set=
ac_cv_env_PKG_CONFIG_PATH_value=
ac_cv_env_PKG_CONFIG_set=
ac_cv_env_PKG_CONFIG_value=
ac_cv_env_build_alias_set=
ac_cv_env_build_alias_value=
ac_cv_env_host_alias_set=
ac_cv_env_host_alias_value=
ac_cv_env_target_alias_set=
ac_cv_env_target_alias_value=
ac_cv_func_bind_textdomain_codeset=yes
ac_cv_func_dcgettext=yes
ac_cv_header_inttypes_h=yes
ac_cv_header_libintl_h=yes
ac_cv_header_locale_h=yes
ac_cv_header_memory_h=yes
ac_cv_header_stdc=yes
ac_cv_header_stdint_h=yes
ac_cv_header_stdlib_h=yes
ac_cv_header_string_h=yes
ac_cv_header_strings_h=yes
ac_cv_header_sys_stat_h=yes
ac_cv_header_sys_types_h=yes
ac_cv_header_unistd_h=yes
ac_cv_host=i686-pc-linux-gnu
ac_cv_objext=o
ac_cv_path_EGREP='/bin/grep -E'
ac_cv_path_GMSGFMT=/usr/local/bin/msgfmt
ac_cv_path_GREP=/bin/grep
ac_cv_path_MSGFMT=/usr/local/bin/msgfmt
ac_cv_path_PKG_CONFIG=/usr/bin/pkg-config
ac_cv_path_XGETTEXT=/usr/local/bin/xgettext
ac_cv_path_install='/usr/bin/install -c'
ac_cv_path_mkdir=/bin/mkdir
ac_cv_prog_AWK=gawk
ac_cv_prog_CPP='gcc -E'
ac_cv_prog_ac_ct_CC=gcc
ac_cv_prog_cc_c89=
ac_cv_prog_cc_g=yes
ac_cv_prog_cc_gcc_c_o=yes
ac_cv_prog_make_make_set=yes
ac_cv_search_strerror='none required'
am_cv_CC_dependencies_compiler_type=gcc3
am_cv_prog_cc_stdc=
am_cv_val_LC_MESSAGES=yes
gt_cv_func_dgettext_libc=yes
gt_cv_func_dgettext_libintl=no
gt_cv_func_ngettext_libc=yes
gt_cv_have_gettext=yes
pkg_cv_GLIB_CFLAGS='-I/usr/include/glib-2.0 -I/usr/lib/i386-linux-gnu/glib-2.0/include  '
pkg_cv_GLIB_LIBS='-lglib-2.0  '
pkg_cv_GOBJECT_CFLAGS='-I/usr/include/glib-2.0 -I/usr/lib/i386-linux-gnu/glib-2.0/include  '
pkg_cv_GOBJECT_LIBS='-lgobject-2.0 -lglib-2.0  '
pkg_cv_GTHREAD_CFLAGS='-pthread -I/usr/include/glib-2.0 -I/usr/lib/i386-linux-gnu/glib-2.0/include  '
pkg_cv_GTHREAD_LIBS='-pthread -lgthread-2.0 -lrt -lglib-2.0  '
pkg_cv_GTK_CFLAGS='-pthread -I/usr/include/gtk-2.0 -I/usr/lib/i386-linux-gnu/gtk-2.0/include -I/usr/include/atk-1.0 -I/usr/include/cairo -I/usr/include/gdk-pixbuf-2.0 -I/usr/include/pango-1.0 -I/usr/include/gio-unix-2.0/ -I/usr/include/glib-2.0 -I/usr/lib/i386-linux-gnu/glib-2.0/include -I/usr/include/pixman-1 -I/usr/include/freetype2 -I/usr/include/libpng12  '
pkg_cv_GTK_LIBS='-lgtk-x11-2.0 -lgdk-x11-2.0 -latk-1.0 -lgio-2.0 -lpangoft2-1.0 -lpangocairo-1.0 -lgdk_pixbuf-2.0 -lcairo -lpango-1.0 -lfreetype -lfontconfig -lgobject-2.0 -lglib-2.0  '

## ----------------- ##
## Output variables. ##
## ----------------- ##

ACLOCAL='${SHELL} /home/jeff/dev/dev_apps/sand/qca_designer/QCADesigner-2.0.3/missing --run aclocal-1.11'
AMDEPBACKSLASH='\'
AMDEP_FALSE='#'
AMDEP_TRUE=''
AMTAR='$${TAR-tar}'
AUTOCONF='${SHELL} /home/jeff/dev/dev_apps/sand/qca_designer/QCADesigner-2.0.3/missing --run autoconf'
AUTOHEADER='${SHELL} /home/jeff/dev/dev_apps/sand/qca_designer/QCADesigner-2.0.3/missing --run autoheader'
AUTOMAKE='${SHELL} /home/jeff/dev/dev_apps/sand/qca_designer/QCADesigner-2.0.3/missing --run automake-1.11'
AWK='gawk'
CATALOGS=' de.gmo hu.gmo ro.gmo fr.gmo'
CATOBJEXT='.gmo'
CC='gcc'
CCDEPMODE='depmode=gcc3'
CFLAGS='-g -O2 -Wall'
CPP='gcc -E'
CPPFLAGS=''
CYGPATH_W='echo'
DATADIRNAME='share'
DEFS='-DPACKAGE_NAME=\"\" -DPACKAGE_TARNAME=\"\" -DPACKAGE_VERSION=\"\" -DPACKAGE_STRING=\"\" -DPACKAGE_BUGREPORT=\"\" -DPACKAGE_URL=\"\" -DPACKAGE=\"QCADesigner\" -DVERSION=\"2.0.3\" -DSTDC_HEADERS=1 -DGETTEXT_PACKAGE=\"QCADesigner\" -DPACKAGE_SOURCE_DIR=\"/home/jeff/dev/dev_apps/sand/qca_designer/QCADesigner-2.0.3\" -DHAVE_SYS_TYPES_H=1 -DHAVE_SYS_STAT_H=1 -DHAVE_STDLIB_H=1 -DHAVE_STRING_H=1 -DHAVE_MEMORY_H=1 -DHAVE_STRINGS_H=1 -DHAVE_INTTYPES_H=1 -DHAVE_STDINT_H=1 -DHAVE_UNISTD_H=1 -DHAVE_LOCALE_H=1 -DHAVE_LC_MESSAGES=1 -DHAVE_BIND_TEXTDOMAIN_CODESET=1 -DHAVE_GETTEXT=1 -DHAVE_DCGETTEXT=1 -DENABLE_NLS=1'
DEPDIR='.deps'
ECHO_C=''
ECHO_N='-n'
ECHO_T=''
EGREP='/bin/grep -E'
EXEEXT=''
GETTEXT_PACKAGE='QCADesigner'
GLIB_CFLAGS='-I/usr/include/glib-2.0 -I/usr/lib/i386-linux-gnu/glib-2.0/include  '
GLIB_LIBS='-lglib-2.0  '
GMOFILES=' de.gmo hu.gmo ro.gmo fr.gmo'
GMSGFMT='/usr/local/bin/msgfmt'
GOBJECT_CFLAGS='-I/usr/include/glib-2.0 -I/usr/lib/i386-linux-gnu/glib-2.0/include  '
GOBJECT_LIBS='-lgobject-2.0 -lglib-2.0  '
GREP='/bin/grep'
GTHREAD_CFLAGS='-pthread -I/usr/include/glib-2.0 -I/usr/lib/i386-linux-gnu/glib-2.0/include  '
GTHREAD_LIBS='-pthread -lgthread-2.0 -lrt -lglib-2.0  '
GTK_CFLAGS='-pthread -I/usr/include/gtk-2.0 -I/usr/lib/i386-linux-gnu/gtk-2.0/include -I/usr/include/atk-1.0 -I/usr/include/cairo -I/usr/include/gdk-pixbuf-2.0 -I/usr/include/pango-1.0 -I/usr/include/gio-unix-2.0/ -I/usr/include/glib-2.0 -I/usr/lib/i386-linux-gnu/glib-2.0/include -I/usr/include/pixman-1 -I/usr/include/freetype2 -I/usr/include/libpng12  '
GTK_LIBS='-lgtk-x11-2.0 -lgdk-x11-2.0 -latk-1.0 -lgio-2.0 -lpangoft2-1.0 -lpangocairo-1.0 -lgdk_pixbuf-2.0 -lcairo -lpango-1.0 -lfreetype -lfontconfig -lgobject-2.0 -lglib-2.0  '
ICON_EXT='_0_48x48x24a.png'
INSTALL_DATA='${INSTALL} -m 644'
INSTALL_PROGRAM='${INSTALL}'
INSTALL_SCRIPT='${INSTALL}'
INSTALL_STRIP_PROGRAM='$(install_sh) -c -s'
INSTOBJEXT='.mo'
INTLLIBS=''
LDFLAGS=''
LIBOBJS=''
LIBS=''
LTLIBOBJS=''
MAINT='#'
MAINTAINER_MODE_FALSE=''
MAINTAINER_MODE_TRUE='#'
MAKEINFO='${SHELL} /home/jeff/dev/dev_apps/sand/qca_designer/QCADesigner-2.0.3/missing --run makeinfo'
MKDIR_P='/bin/mkdir -p'
MKINSTALLDIRS='./mkinstalldirs'
MSGFMT='/usr/local/bin/msgfmt'
MSGFMT_OPTS='-c'
OBJEXT='o'
PACKAGE='QCADesigner'
PACKAGE_BUGREPORT=''
PACKAGE_NAME=''
PACKAGE_STRING=''
PACKAGE_TARNAME=''
PACKAGE_URL=''
PACKAGE_VERSION=''
PATH_SEPARATOR=':'
PKG_CONFIG='/usr/bin/pkg-config'
PKG_CONFIG_LIBDIR=''
PKG_CONFIG_PATH=''
POFILES=' de.po hu.po ro.po fr.po'
POSUB='po'
PO_IN_DATADIR_FALSE=''
PO_IN_DATADIR_TRUE=''
SET_MAKE=''
SHELL='/bin/bash'
STRIP=''
USE_NLS='yes'
VERSION='2.0.3'
XGETTEXT='/usr/local/bin/xgettext'
ac_ct_CC='gcc'
am__EXEEXT_FALSE=''
am__EXEEXT_TRUE='#'
am__fastdepCC_FALSE='#'
am__fastdepCC_TRUE=''
am__include='include'
am__isrc=''
am__leading_dot='.'
am__nodep='_no'
am__quote=''
am__tar='$${TAR-tar} chof - "$$tardir"'
am__untar='$${TAR-tar} xf -'
bindir='${exec_prefix}/bin'
build='i686-pc-linux-gnu'
build_alias=''
build_cpu='i686'
build_os='linux-gnu'
build_vendor='pc'
datadir='${datarootdir}'
datarootdir='${prefix}/share'
docdir='${datarootdir}/doc/${PACKAGE}'
dvidir='${docdir}'
exec_prefix='${prefix}'
host='i686-pc-linux-gnu'
host_alias=''
host_cpu='i686'
host_os='linux-gnu'
host_vendor='pc'
htmldir='${docdir}'
includedir='${prefix}/include'
infodir='${datarootdir}/info'
install_sh='${SHELL} /home/jeff/dev/dev_apps/sand/qca_designer/QCADesigner-2.0.3/install-sh'
libdir='${exec_prefix}/lib'
libexecdir='${exec_prefix}/libexec'
localedir='${datarootdir}/locale'
localstatedir='${prefix}/var'
mandir='${datarootdir}/man'
mkdir_p='/bin/mkdir -p'
oldincludedir='/usr/include'
packagesrcdir='/home/jeff/dev/dev_apps/sand/qca_designer/QCADesigner-2.0.3'
pdfdir='${docdir}'
prefix='/usr'
program_transform_name='s,x,x,'
psdir='${docdir}'
sbindir='${exec_prefix}/sbin'
sharedstatedir='${prefix}/com'
sysconfdir='${prefix}/etc'
target_alias=''

## ----------- ##
## confdefs.h. ##
## ----------- ##

/* confdefs.h */
#define PACKAGE_NAME ""
#define PACKAGE_TARNAME ""
#define PACKAGE_VERSION ""
#define PACKAGE_STRING ""
#define PACKAGE_BUGREPORT ""
#define PACKAGE_URL ""
#define PACKAGE "QCADesigner"
#define VERSION "2.0.3"
#define STDC_HEADERS 1
#define GETTEXT_PACKAGE "QCADesigner"
#define PACKAGE_SOURCE_DIR "/home/jeff/dev/dev_apps/sand/qca_designer/QCADesigner-2.0.3"
#define HAVE_SYS_TYPES_H 1
#define HAVE_SYS_STAT_H 1
#define HAVE_STDLIB_H 1
#define HAVE_STRING_H 1
#define HAVE_MEMORY_H 1
#define HAVE_STRINGS_H 1
#define HAVE_INTTYPES_H 1
#define HAVE_STDINT_H 1
#define HAVE_UNISTD_H 1
#define HAVE_LOCALE_H 1
#define HAVE_LC_MESSAGES 1
#define HAVE_BIND_TEXTDOMAIN_CODESET 1
#define HAVE_GETTEXT 1
#define HAVE_DCGETTEXT 1
#define ENABLE_NLS 1

configure: exit 0
